2025-08-25 13:40:57,671 - innolab - INFO - ExecutionServiceNoMongo initialized with:
2025-08-25 13:40:57,671 - innolab - INFO -   Max iterations: 5
2025-08-25 13:40:57,672 - innolab - INFO -   Project key: my-service
2025-08-25 13:40:57,672 - innolab - INFO -   Source code path: d:\InnoLab\SonarQ\source_bug
2025-08-25 13:40:57,672 - innolab - INFO -   Scan directory: source_bug
2025-08-25 13:40:57,672 - innolab - INFO -   Scan mode: bearer
2025-08-25 13:40:57,673 - innolab - INFO -   RAG available: True
2025-08-25 13:40:57,673 - innolab - INFO - Starting execution without RAG (mode: DifyMode.LOCAL)
2025-08-25 13:40:57,673 - innolab - INFO - 
=== ITERATION 1/5 ===
2025-08-25 13:40:57,673 - innolab - INFO - Starting Bearer scan for project: my-service
2025-08-25 13:40:57,674 - innolab - INFO - Project directory: d:\InnoLab\SonarQ\source_bug
2025-08-25 13:40:57,674 - innolab - INFO - Running Bearer scan: docker run --rm -v d:\InnoLab\SonarQ\source_bug:/scan bearer/bearer:latest bearer scan /scan
2025-08-25 13:40:58,659 - innolab - INFO - 
2025-08-25 13:40:58,668 - innolab - INFO - 
2025-08-25 13:40:58,668 - innolab - INFO - Scan your source code to discover, filter and prioritize security and privacy risks.
2025-08-25 13:40:58,669 - innolab - INFO - 
2025-08-25 13:40:58,669 - innolab - INFO - Usage: bearer <command> [flags]
2025-08-25 13:40:58,669 - innolab - INFO - 
2025-08-25 13:40:58,669 - innolab - INFO - Available Commands:
2025-08-25 13:40:58,669 - innolab - INFO - completion        Generate the autocompletion script for your shell
2025-08-25 13:40:58,669 - innolab - INFO - scan              Scan a directory or file
2025-08-25 13:40:58,670 - innolab - INFO - init              Write the default config to bearer.yml
2025-08-25 13:40:58,670 - innolab - INFO - ignore            Manage ignored fingerprints
2025-08-25 13:40:58,670 - innolab - INFO - version           Print the version
2025-08-25 13:40:58,670 - innolab - INFO - 
2025-08-25 13:40:58,670 - innolab - INFO - Examples:
2025-08-25 13:40:58,670 - innolab - INFO - # Scan local directory or file and output security risks
2025-08-25 13:40:58,671 - innolab - INFO - $ bearer scan <path> --scanner=sast,secrets
2025-08-25 13:40:58,671 - innolab - INFO - 
2025-08-25 13:40:58,671 - innolab - INFO - # Scan current directory and output the privacy report to a file
2025-08-25 13:40:58,671 - innolab - INFO - $ bearer scan --report privacy --output <output-path> .
2025-08-25 13:40:58,671 - innolab - INFO - 
2025-08-25 13:40:58,671 - innolab - INFO - # Scan local directory and output details about the underlying
2025-08-25 13:40:58,672 - innolab - INFO - # detections and classifications
2025-08-25 13:40:58,672 - innolab - INFO - $ bearer scan . --report dataflow
2025-08-25 13:40:58,672 - innolab - INFO - 
2025-08-25 13:40:58,672 - innolab - INFO - Learn More:
2025-08-25 13:40:58,672 - innolab - INFO - Bearer is a code security tool that scans your source code to
2025-08-25 13:40:58,673 - innolab - INFO - identify OWASP/CWE top security risks, privacy impact, and sensitive dataflows
2025-08-25 13:40:58,673 - innolab - INFO - 
2025-08-25 13:40:58,673 - innolab - INFO - For more examples, tutorials, and to learn more about the project
2025-08-25 13:40:58,673 - innolab - INFO - visit https://docs.bearer.com
2025-08-25 13:40:59,106 - innolab - INFO - Bearer scan completed successfully
2025-08-25 13:40:59,106 - innolab - INFO - Bearer scan output: 

                       
                     
                  
              

Scan your source code to discover, filter and prioritize security and privacy risks.

Usage: bearer <command> [flags]

Available Commands:
	completion        Generate the autocompletion script for your shell
	scan              Scan a directory or file
	init              Write the default config to bearer.yml
	ignore            Manage ignored fingerprints
	version           Print the version

Examples:
	# Scan loca...
2025-08-25 13:40:59,107 - innolab - WARNING - Bearer CLI Docker images are broken - all commands show help instead of executing
2025-08-25 13:40:59,108 - innolab - INFO - Tested versions: latest, v1.44.0 - all broken
2025-08-25 13:40:59,108 - innolab - INFO - Bearer integration framework is complete and ready
2025-08-25 13:40:59,109 - innolab - INFO - Recommendation: Replace with Semgrep, CodeQL, or other security scanner
2025-08-25 13:40:59,110 - innolab - INFO - Iteration 1: Found 0 open bugs (0 BUG, 0 CODE_SMELL) in BEARER scan
2025-08-25 13:40:59,110 - innolab - INFO - No bugs found - execution completed successfully
2025-08-25 13:40:59,110 - innolab - INFO - === EXECUTION RESULT ===
2025-08-25 13:40:59,111 - innolab - INFO - Mode: LOCAL
2025-08-25 13:40:59,111 - innolab - INFO - Project: my-service
2025-08-25 13:40:59,112 - innolab - INFO - Total bugs fixed: 0
2025-08-25 13:40:59,112 - innolab - INFO - Total iterations: 1
2025-08-25 13:40:59,112 - innolab - INFO - Start time: 2025-08-25T13:40:57.673337
2025-08-25 13:40:59,113 - innolab - INFO - End time: 2025-08-25T13:40:59.110923
2025-08-25 13:40:59,113 - innolab - INFO - Iteration 1: 0 bugs found, 0 fixed
