2025-08-19 14:38:51,411 - innolab - INFO - ExecutionServiceNoMongo initialized with:
2025-08-19 14:38:51,411 - innolab - INFO -   Max iterations: 5
2025-08-19 14:38:51,411 - innolab - INFO -   Project key: my-service
2025-08-19 14:38:51,411 - innolab - INFO -   Source code path: d:\InnoLab\SonarQ\source_bug
2025-08-19 14:38:51,411 - innolab - INFO -   RAG available: True
2025-08-19 14:38:51,412 - innolab - INFO - Starting execution without RAG (mode: DifyMode.LOCAL)
2025-08-19 14:38:51,412 - innolab - INFO - 
=== ITERATION 1/5 ===
2025-08-19 14:38:51,412 - innolab - INFO - Starting SonarQube scan for project: my-service
2025-08-19 14:38:51,412 - innolab - INFO - Step 1: Running SonarQube scan...
2025-08-19 14:38:51,413 - innolab - INFO - Ensuring sonar-scanner container is running...
2025-08-19 14:38:51,484 - innolab - INFO - sonar_scanner
2025-08-19 14:38:53,485 - innolab - INFO - Created sonar-project.properties for project: my-service
2025-08-19 14:38:53,486 - innolab - INFO - Running containerized scan: docker exec -w /usr/src -e SONAR_HOST_URL=http://sonarqube:9000 -e SONAR_TOKEN=sqa_4192a18c96af8a90d3fb300bcd538be788a23d00 sonar_scanner sonar-scanner
2025-08-19 14:38:53,642 - innolab - INFO - INFO: Scanner configuration file: /opt/sonar-scanner/conf/sonar-scanner.properties
2025-08-19 14:38:53,644 - innolab - INFO - INFO: Project root configuration file: /usr/src/sonar-project.properties
2025-08-19 14:38:53,681 - innolab - INFO - INFO: SonarScanner 5.0.1.3006
2025-08-19 14:38:53,682 - innolab - INFO - INFO: Java 17.0.10 Alpine (64-bit)
2025-08-19 14:38:53,682 - innolab - INFO - INFO: Linux 5.15.167.4-microsoft-standard-WSL2 amd64
2025-08-19 14:38:53,833 - innolab - INFO - INFO: User cache: /opt/sonar-scanner/.sonar/cache
2025-08-19 14:38:53,896 - innolab - INFO - INFO: Analyzing on SonarQube server 9.9.8.100196
2025-08-19 14:38:53,897 - innolab - INFO - INFO: Default locale: "en_US", source code encoding: "UTF-8" (analysis is platform dependent)
2025-08-19 14:38:54,235 - innolab - INFO - INFO: Load global settings
2025-08-19 14:38:54,285 - innolab - INFO - INFO: Load global settings (done) | time=51ms
2025-08-19 14:38:54,286 - innolab - INFO - INFO: Server id: 243B8A4D-AZicab4HpgA6QkPiXxB5
2025-08-19 14:38:54,289 - innolab - INFO - INFO: User cache: /opt/sonar-scanner/.sonar/cache
2025-08-19 14:38:54,291 - innolab - INFO - INFO: Load/download plugins
2025-08-19 14:38:54,291 - innolab - INFO - INFO: Load plugins index
2025-08-19 14:38:54,317 - innolab - INFO - INFO: Load plugins index (done) | time=26ms
2025-08-19 14:38:54,372 - innolab - INFO - INFO: Load/download plugins (done) | time=80ms
2025-08-19 14:38:54,701 - innolab - INFO - INFO: Process project properties
2025-08-19 14:38:54,708 - innolab - INFO - INFO: Process project properties (done) | time=6ms
2025-08-19 14:38:54,709 - innolab - INFO - INFO: Execute project builders
2025-08-19 14:38:54,710 - innolab - INFO - INFO: Execute project builders (done) | time=1ms
2025-08-19 14:38:54,723 - innolab - INFO - INFO: Project key: my-service
2025-08-19 14:38:54,724 - innolab - INFO - INFO: Base dir: /usr/src
2025-08-19 14:38:54,724 - innolab - INFO - INFO: Working dir: /usr/src/.scannerwork
2025-08-19 14:38:54,737 - innolab - INFO - INFO: Load project settings for component key: 'my-service'
2025-08-19 14:38:54,853 - innolab - INFO - WARN: SCM provider autodetection failed. Please use "sonar.scm.provider" to define SCM of your project, or disable the SCM Sensor in the project settings.
2025-08-19 14:38:54,860 - innolab - INFO - INFO: Load quality profiles
2025-08-19 14:38:54,909 - innolab - INFO - INFO: Load quality profiles (done) | time=49ms
2025-08-19 14:38:54,913 - innolab - INFO - INFO: Load active rules
2025-08-19 14:38:55,659 - innolab - INFO - INFO: Load active rules (done) | time=747ms
2025-08-19 14:38:55,662 - innolab - INFO - INFO: Load analysis cache
2025-08-19 14:38:55,666 - innolab - INFO - INFO: Load analysis cache (404) | time=3ms
2025-08-19 14:38:55,719 - innolab - INFO - INFO: Load project repositories
2025-08-19 14:38:55,721 - innolab - INFO - INFO: Load project repositories (done) | time=3ms
2025-08-19 14:38:55,749 - innolab - INFO - INFO: Indexing files...
2025-08-19 14:38:55,749 - innolab - INFO - INFO: Project configuration:
2025-08-19 14:38:55,750 - innolab - INFO - INFO:   Excluded sources: **/node_modules/**, **/dist/**, **/build/**, **/.git/**
2025-08-19 14:38:55,941 - innolab - INFO - INFO: 11 files indexed
2025-08-19 14:38:55,941 - innolab - INFO - INFO: 0 files ignored because of inclusion/exclusion patterns
2025-08-19 14:38:55,941 - innolab - INFO - INFO: Quality profile for css: Sonar way
2025-08-19 14:38:55,942 - innolab - INFO - INFO: Quality profile for py: Sonar way
2025-08-19 14:38:55,942 - innolab - INFO - INFO: Quality profile for web: Sonar way
2025-08-19 14:38:55,942 - innolab - INFO - INFO: ------------- Run sensors on module my-service
2025-08-19 14:38:56,000 - innolab - INFO - INFO: Load metrics repository
2025-08-19 14:38:56,021 - innolab - INFO - INFO: Load metrics repository (done) | time=21ms
2025-08-19 14:38:56,970 - innolab - INFO - INFO: Sensor Python Sensor [python]
2025-08-19 14:38:56,972 - innolab - INFO - WARN: Your code is analyzed as compatible with python 2 and 3 by default. This will prevent the detection of issues specific to python 2 or python 3. You can get a more precise analysis by setting a python version in your configuration via the parameter "sonar.python.version"
2025-08-19 14:38:56,984 - innolab - INFO - INFO: Starting global symbols computation
2025-08-19 14:38:56,987 - innolab - INFO - INFO: 1 source file to be analyzed
2025-08-19 14:38:57,170 - innolab - INFO - INFO: 1/1 source file has been analyzed
2025-08-19 14:38:57,202 - innolab - INFO - INFO: Starting rules execution
2025-08-19 14:38:57,202 - innolab - INFO - INFO: 1 source file to be analyzed
2025-08-19 14:38:57,447 - innolab - INFO - INFO: 1/1 source file has been analyzed
2025-08-19 14:38:57,447 - innolab - INFO - INFO: The Python analyzer was able to leverage cached data from previous analyses for 0 out of 1 files. These files were not parsed.
2025-08-19 14:38:57,448 - innolab - INFO - INFO: Sensor Python Sensor [python] (done) | time=478ms
2025-08-19 14:38:57,448 - innolab - INFO - INFO: Sensor Cobertura Sensor for Python coverage [python]
2025-08-19 14:38:57,537 - innolab - INFO - INFO: Sensor Cobertura Sensor for Python coverage [python] (done) | time=90ms
2025-08-19 14:38:57,538 - innolab - INFO - INFO: Sensor PythonXUnitSensor [python]
2025-08-19 14:38:57,610 - innolab - INFO - INFO: Sensor PythonXUnitSensor [python] (done) | time=72ms
2025-08-19 14:38:57,610 - innolab - INFO - INFO: Sensor JaCoCo XML Report Importer [jacoco]
2025-08-19 14:38:57,610 - innolab - INFO - INFO: 'sonar.coverage.jacoco.xmlReportPaths' is not defined. Using default locations: target/site/jacoco/jacoco.xml,target/site/jacoco-it/jacoco.xml,build/reports/jacoco/test/jacocoTestReport.xml
2025-08-19 14:38:57,612 - innolab - INFO - INFO: No report imported, no coverage information will be imported by JaCoCo XML Report Importer
2025-08-19 14:38:57,612 - innolab - INFO - INFO: Sensor JaCoCo XML Report Importer [jacoco] (done) | time=2ms
2025-08-19 14:38:57,612 - innolab - INFO - INFO: Sensor CSS Rules [javascript]
2025-08-19 14:49:09,674 - innolab - INFO - INFO: 8 source files to be analyzed
2025-08-19 14:49:19,674 - innolab - INFO - INFO: 0/8 files analyzed, current file: /usr/src/Flask App/Templates/administration.html
2025-08-19 14:49:24,641 - innolab - INFO - INFO: 8/8 source files have been analyzed
2025-08-19 14:49:24,641 - innolab - INFO - INFO: Hit the cache for 0 out of 0
2025-08-19 14:49:24,642 - innolab - INFO - INFO: Miss the cache for 0 out of 0
2025-08-19 14:49:24,643 - innolab - INFO - INFO: Sensor CSS Rules [javascript] (done) | time=627030ms
2025-08-19 14:49:24,643 - innolab - INFO - INFO: Sensor CSS Metrics [javascript]
2025-08-19 14:49:24,676 - innolab - INFO - INFO: Sensor CSS Metrics [javascript] (done) | time=34ms
2025-08-19 14:49:24,676 - innolab - INFO - INFO: Sensor C# Project Type Information [csharp]
2025-08-19 14:49:24,677 - innolab - INFO - INFO: Sensor C# Project Type Information [csharp] (done) | time=1ms
2025-08-19 14:49:24,677 - innolab - INFO - INFO: Sensor C# Analysis Log [csharp]
2025-08-19 14:49:24,688 - innolab - INFO - INFO: Sensor C# Analysis Log [csharp] (done) | time=11ms
2025-08-19 14:49:24,688 - innolab - INFO - INFO: Sensor C# Properties [csharp]
2025-08-19 14:49:24,689 - innolab - INFO - INFO: Sensor C# Properties [csharp] (done) | time=0ms
2025-08-19 14:49:24,689 - innolab - INFO - INFO: Sensor HTML [web]
2025-08-19 14:49:25,002 - innolab - INFO - INFO: Sensor HTML [web] (done) | time=314ms
2025-08-19 14:49:25,003 - innolab - INFO - INFO: Sensor TextAndSecretsSensor [text]
2025-08-19 14:49:25,010 - innolab - INFO - INFO: 9 source files to be analyzed
2025-08-19 14:49:25,081 - innolab - INFO - INFO: 9/9 source files have been analyzed
2025-08-19 14:49:25,081 - innolab - INFO - INFO: Sensor TextAndSecretsSensor [text] (done) | time=79ms
2025-08-19 14:49:25,081 - innolab - INFO - INFO: Sensor VB.NET Project Type Information [vbnet]
2025-08-19 14:49:25,081 - innolab - INFO - INFO: Sensor VB.NET Project Type Information [vbnet] (done) | time=1ms
2025-08-19 14:49:25,082 - innolab - INFO - INFO: Sensor VB.NET Analysis Log [vbnet]
2025-08-19 14:49:25,091 - innolab - INFO - INFO: Sensor VB.NET Analysis Log [vbnet] (done) | time=9ms
2025-08-19 14:49:25,091 - innolab - INFO - INFO: Sensor VB.NET Properties [vbnet]
2025-08-19 14:49:25,091 - innolab - INFO - INFO: Sensor VB.NET Properties [vbnet] (done) | time=0ms
2025-08-19 14:49:25,092 - innolab - INFO - INFO: Sensor IaC Docker Sensor [iac]
2025-08-19 14:49:25,093 - innolab - INFO - INFO: 0 source files to be analyzed
2025-08-19 14:49:25,135 - innolab - INFO - INFO: 0/0 source files have been analyzed
2025-08-19 14:49:25,135 - innolab - INFO - INFO: Sensor IaC Docker Sensor [iac] (done) | time=44ms
2025-08-19 14:49:25,141 - innolab - INFO - INFO: ------------- Run sensors on project
2025-08-19 14:49:25,191 - innolab - INFO - INFO: Sensor Analysis Warnings import [csharp]
2025-08-19 14:49:25,192 - innolab - INFO - INFO: Sensor Analysis Warnings import [csharp] (done) | time=1ms
2025-08-19 14:49:25,192 - innolab - INFO - INFO: Sensor Zero Coverage Sensor
2025-08-19 14:49:25,204 - innolab - INFO - INFO: Sensor Zero Coverage Sensor (done) | time=12ms
2025-08-19 14:49:25,205 - innolab - INFO - INFO: SCM Publisher No SCM system was detected. You can use the 'sonar.scm.provider' property to explicitly specify it.
2025-08-19 14:49:25,208 - innolab - INFO - INFO: CPD Executor 1 file had no CPD blocks
2025-08-19 14:49:25,208 - innolab - INFO - INFO: CPD Executor Calculating CPD for 7 files
2025-08-19 14:49:25,236 - innolab - INFO - INFO: CPD Executor CPD calculation finished (done) | time=28ms
2025-08-19 14:49:26,001 - innolab - INFO - INFO: Analysis report generated in 247ms, dir size=136.8 kB
2025-08-19 14:49:29,439 - innolab - INFO - INFO: Analysis report compressed in 3426ms, zip size=28.8 kB
2025-08-19 14:49:29,738 - innolab - INFO - INFO: Analysis report uploaded in 300ms
2025-08-19 14:49:29,745 - innolab - INFO - INFO: ANALYSIS SUCCESSFUL, you can find the results at: http://sonarqube:9000/dashboard?id=my-service
2025-08-19 14:49:29,745 - innolab - INFO - INFO: Note that you will be able to access the updated dashboard once the server has processed the submitted analysis report
2025-08-19 14:49:29,746 - innolab - INFO - INFO: More about the report processing at http://sonarqube:9000/api/ce/task?id=AZjBTfn8U3IzlPp-Rhb3
2025-08-19 14:51:10,684 - innolab - INFO - INFO: Analysis total time: 12:16.238 s
2025-08-19 14:51:10,693 - innolab - INFO - INFO: ------------------------------------------------------------------------
2025-08-19 14:51:10,693 - innolab - INFO - INFO: EXECUTION SUCCESS
2025-08-19 14:51:10,693 - innolab - INFO - INFO: ------------------------------------------------------------------------
2025-08-19 14:51:10,693 - innolab - INFO - INFO: Total time: 12:17.054s
2025-08-19 14:51:10,771 - innolab - INFO - INFO: Final Memory: 21M/74M
2025-08-19 14:51:10,772 - innolab - INFO - INFO: ------------------------------------------------------------------------
2025-08-19 14:51:11,117 - innolab - INFO - SonarQube scan completed successfully
2025-08-19 14:51:11,117 - innolab - INFO - Waiting for SonarQube to process results...
2025-08-19 14:51:14,118 - innolab - INFO - Step 2: Exporting issues...
2025-08-19 14:51:14,679 - innolab - INFO - Issues exported successfully to: d:\InnoLab\SonarQ\issues_my-service.json
Total issues found: 6

Issues by severity:
  MAJOR: 6
2025-08-19 14:51:14,717 - innolab - INFO - Found 6 total bugs, 6 bugs
2025-08-19 14:51:14,717 - innolab - INFO - Fixing 6 bugs using Dify
2025-08-19 14:51:14,718 - innolab - INFO - Running workflow with Dify API: app-21rA0wUAaR7PKPdmCX2WJxMo
2025-08-19 14:51:14,718 - innolab - INFO - User: hieult
2025-08-19 14:51:14,719 - innolab - INFO - Mode: DifyMode.LOCAL
2025-08-19 14:51:14,719 - innolab - INFO - Base URL: http://localhost:5001/v1
2025-08-19 14:51:14,719 - innolab - INFO - Generating Dify headers for api_key: app-21...
2025-08-19 14:51:14,721 - innolab - INFO - POST http://localhost:5001/v1/workflows/run with payload: {'inputs': {'is_use_rag': 'False', 'report': '[{"bug_id": "AZjBTfwcvvX4qckUW8aW", "bug_name": "Unexpected missing generic font family", "rule_key": "css:S4649", "severity": "MAJOR", "type": "BUG", "file_path": "Flask App/Static/style.css", "line": 9, "message": "Unexpected missing generic font family", "status": "OPEN", "resolution": null, "created_at": "2025-08-19T07:38:54+0000", "updated_at": "2025-08-19T07:38:54+0000", "rule_description": "If none of the font names defined in a font or font-family declaration are available on the browser of the user, the\\nbrowser will display the text using its default font. It’s recommended to always define a generic font family for each declaration of\\nfont or font-family to get a less degraded situation than relying on the default browser font. All browsers should implement\\na list of generic font matching these families: Serif, Sans-serif, cursive, fantasy,\\nMonospace.\\nNoncompliant Code Example\\n\\na {\\n  font-family: Helvetica, Arial, Verdana, Tahoma; /* Noncompliant; there is no generic font family in the list */\\n}\\n\\nCompliant Solution\\n\\na {\\n  font-family: Helvetica, Arial, Verdana, Tahoma, sans-serif;\\n}\\n\\nSee\\n\\n   CSS Specification - Generic font families", "code_excerpt": null}, {"bug_id": "AZjBTfwPvvX4qckUW8aR", "bug_name": "Insert a <!DOCTYPE> declaration to before this <html> tag.", "rule_key": "Web:DoctypePresenceCheck", "severity": "MAJOR", "type": "BUG", "file_path": "Flask App/Templates/administration.html", "line": 1, "message": "Insert a <!DOCTYPE> declaration to before this <html> tag.", "status": "OPEN", "resolution": null, "created_at": "2025-08-19T07:38:54+0000", "updated_at": "2025-08-19T07:38:54+0000", "rule_description": "The &lt;!DOCTYPE&gt; declaration tells the web browser which (X)HTML version is being used on the page, and therefore how to interpret\\nthe various elements.\\nValidators also rely on it to know which rules to enforce.\\nIt should always preceed the &lt;html&gt; tag.\\nNoncompliant Code Example\\n\\n&lt;html&gt;  &lt;!-- Noncompliant --&gt;\\n...\\n&lt;/html&gt;\\n\\nCompliant Solution\\n\\n&lt;!DOCTYPE html&gt;\\n&lt;html&gt;  &lt;!-- Compliant --&gt;\\n...\\n&lt;/html&gt;", "code_excerpt": null}, {"bug_id": "AZjBTfwPvvX4qckUW8aS", "bug_name": "Add \\"lang\\" and/or \\"xml:lang\\" attributes to this \\"<html>\\" element", "rule_key": "Web:S5254", "severity": "MAJOR", "type": "BUG", "file_path": "Flask App/Templates/administration.html", "line": 1, "message": "Add \\"lang\\" and/or \\"xml:lang\\" attributes to this \\"<html>\\" element", "status": "OPEN", "resolution": null, "created_at": "2025-08-19T07:38:54+0000", "updated_at": "2025-08-19T07:38:54+0000", "rule_description": "The &lt;html&gt;&nbsp;element should provide the lang and/or xml:lang attribute in order to identify the\\ndefault language of a document.\\nIt enables assistive technologies, such as screen readers,&nbsp;to provide a comfortable reading experience by adapting the pronunciation and\\naccent to the language. It also helps braille translation software, telling it to switch the control codes for accented characters for instance.\\nOther benefits of marking the language include:\\n\\n   assisting user agents in providing dictionary definitions or helping users benefit from translation tools. \\n   improving search engine ranking.\\n  \\n\\nBoth the lang and the xml:lang attributes can take only one value.\\n&nbsp;\\nNoncompliant Code Example\\n\\n&lt;!DOCTYPE html&gt;\\n&lt;html&gt; &lt;!-- Noncompliant --&gt;\\n&nbsp;&nbsp;&nbsp; &lt;head&gt;\\n &nbsp;&nbsp;&nbsp;&nbsp; &nbsp;&nbsp;&nbsp; &lt;title&gt;A page written in english&lt;/title&gt;\\n &nbsp;&nbsp;&nbsp;&nbsp; &nbsp;&nbsp;&nbsp; &lt;meta content=\\"text/html; charset=utf-8\\" /&gt;\\n&nbsp;&nbsp;&nbsp; &lt;/head&gt; &nbsp;\\n\\n\\n&nbsp;&nbsp;&nbsp; &lt;body&gt; &nbsp;&nbsp;&nbsp;&nbsp;\\n&nbsp;&nbsp;&nbsp; ... &nbsp;&nbsp;\\n&nbsp;&nbsp;&nbsp; &lt;/body&gt;\\n&lt;/html&gt;\\n\\nCompliant Solution\\n\\n&lt;!DOCTYPE html&gt;\\n&lt;html lang=\\"en\\"&gt;\\n&nbsp;&nbsp;&nbsp; &lt;head&gt;\\n &nbsp;&nbsp;&nbsp;&nbsp; &nbsp;&nbsp;&nbsp; &lt;title&gt;A page written in english&lt;/title&gt;\\n &nbsp;&nbsp;&nbsp;&nbsp; &nbsp;&nbsp;&nbsp; &lt;meta content=\\"text/html; charset=utf-8\\" /&gt;\\n&nbsp;&nbsp;&nbsp; &lt;/head&gt; &nbsp;\\n\\n\\n&nbsp;&nbsp;&nbsp; &lt;body&gt; &nbsp;&nbsp;&nbsp;&nbsp;\\n&nbsp;&nbsp;&nbsp; ... &nbsp;&nbsp;\\n&nbsp;&nbsp;&nbsp; &lt;/body&gt;\\n&lt;/html&gt;\\n\\n\\n&lt;!DOCTYPE html&gt;\\n&lt;html lang=\\"en\\" xml:lang=\\"en\\"&gt;\\n&nbsp;&nbsp;&nbsp; &lt;head&gt;\\n &nbsp;&nbsp;&nbsp;&nbsp; &nbsp;&nbsp;&nbsp; &lt;title&gt;A page written in english&lt;/title&gt;\\n &nbsp;&nbsp;&nbsp;&nbsp; &nbsp;&nbsp;&nbsp; &lt;meta content=\\"text/html; charset=utf-8\\" /&gt;\\n&nbsp;&nbsp;&nbsp; &lt;/head&gt; &nbsp;\\n\\n\\n&nbsp;&nbsp;&nbsp; &lt;body&gt; &nbsp;&nbsp;&nbsp;&nbsp;\\n&nbsp;&nbsp;&nbsp; ... &nbsp;&nbsp;\\n&nbsp;&nbsp;&nbsp; &lt;/body&gt;\\n&lt;/html&gt;\\n\\nSee\\n\\n   WCAG2, H57 - Using language attributes on the html element \\n   WCAG2, 3.1.1 - Language of Page", "code_excerpt": null}, {"bug_id": "AZjBTfwPvvX4qckUW8aT", "bug_name": "Remove this deprecated \\"marquee\\" element.", "rule_key": "Web:UnsupportedTagsInHtml5Check", "severity": "MAJOR", "type": "BUG", "file_path": "Flask App/Templates/administration.html", "line": 10, "message": "Remove this deprecated \\"marquee\\" element.", "status": "OPEN", "resolution": null, "created_at": "2025-08-19T07:38:54+0000", "updated_at": "2025-08-19T07:38:54+0000", "rule_description": "With the advent of HTML5, many old elements were deprecated. To ensure the best user experience, deprecated elements should not be used. This rule\\nchecks for the following deprecated elements:\\n\\n  \\n    \\n    \\n  \\n  \\n    \\n      Element\\n      Remediation Action\\n    \\n  \\n  \\n    \\n      basefont, big, blink, center, font, marquee,\\n      multicol, nobr, spacer, tt\\n      use CSS\\n    \\n    \\n      acronym\\n      use abbr\\n    \\n    \\n      applet\\n      use embed or object\\n    \\n    \\n      bgsound\\n      use audio\\n    \\n    \\n      frame, frameset, noframes\\n      restructure the page to remove frames\\n    \\n    \\n      isindex\\n      use form controls\\n    \\n    \\n      dir\\n      use ul\\n    \\n    \\n      hgroup\\n      use header or div\\n    \\n    \\n      listing\\n      use pre and code\\n    \\n    \\n      nextid\\n      use GUIDS\\n    \\n    \\n      noembed\\n      use object instead of embed when fallback is necessary\\n    \\n    \\n      plaintext\\n      use the \\"text/plain\\" MIME type\\n    \\n    \\n      strike\\n      use del or s\\n    \\n    \\n      xmp\\n      use pre or code, and escape \\"&lt;\\" and \\"&amp;\\" characters\\n    \\n  \\n\\nSee\\n\\n   W3C, Obsolete Features \\n   WHATWG, Obsolete Features", "code_excerpt": null}, {"bug_id": "AZjBTfwZvvX4qckUW8aU", "bug_name": "Insert a <!DOCTYPE> declaration to before this <html> tag.", "rule_key": "Web:DoctypePresenceCheck", "severity": "MAJOR", "type": "BUG", "file_path": "Flask App/Templates/readme.html", "line": 1, "message": "Insert a <!DOCTYPE> declaration to before this <html> tag.", "status": "OPEN", "resolution": null, "created_at": "2025-08-19T07:38:54+0000", "updated_at": "2025-08-19T07:38:54+0000", "rule_description": "The &lt;!DOCTYPE&gt; declaration tells the web browser which (X)HTML version is being used on the page, and therefore how to interpret\\nthe various elements.\\nValidators also rely on it to know which rules to enforce.\\nIt should always preceed the &lt;html&gt; tag.\\nNoncompliant Code Example\\n\\n&lt;html&gt;  &lt;!-- Noncompliant --&gt;\\n...\\n&lt;/html&gt;\\n\\nCompliant Solution\\n\\n&lt;!DOCTYPE html&gt;\\n&lt;html&gt;  &lt;!-- Compliant --&gt;\\n...\\n&lt;/html&gt;", "code_excerpt": null}, {"bug_id": "AZjBTfwZvvX4qckUW8aV", "bug_name": "Add \\"lang\\" and/or \\"xml:lang\\" attributes to this \\"<html>\\" element", "rule_key": "Web:S5254", "severity": "MAJOR", "type": "BUG", "file_path": "Flask App/Templates/readme.html", "line": 1, "message": "Add \\"lang\\" and/or \\"xml:lang\\" attributes to this \\"<html>\\" element", "status": "OPEN", "resolution": null, "created_at": "2025-08-19T07:38:54+0000", "updated_at": "2025-08-19T07:38:54+0000", "rule_description": "The &lt;html&gt;&nbsp;element should provide the lang and/or xml:lang attribute in order to identify the\\ndefault language of a document.\\nIt enables assistive technologies, such as screen readers,&nbsp;to provide a comfortable reading experience by adapting the pronunciation and\\naccent to the language. It also helps braille translation software, telling it to switch the control codes for accented characters for instance.\\nOther benefits of marking the language include:\\n\\n   assisting user agents in providing dictionary definitions or helping users benefit from translation tools. \\n   improving search engine ranking.\\n  \\n\\nBoth the lang and the xml:lang attributes can take only one value.\\n&nbsp;\\nNoncompliant Code Example\\n\\n&lt;!DOCTYPE html&gt;\\n&lt;html&gt; &lt;!-- Noncompliant --&gt;\\n&nbsp;&nbsp;&nbsp; &lt;head&gt;\\n &nbsp;&nbsp;&nbsp;&nbsp; &nbsp;&nbsp;&nbsp; &lt;title&gt;A page written in english&lt;/title&gt;\\n &nbsp;&nbsp;&nbsp;&nbsp; &nbsp;&nbsp;&nbsp; &lt;meta content=\\"text/html; charset=utf-8\\" /&gt;\\n&nbsp;&nbsp;&nbsp; &lt;/head&gt; &nbsp;\\n\\n\\n&nbsp;&nbsp;&nbsp; &lt;body&gt; &nbsp;&nbsp;&nbsp;&nbsp;\\n&nbsp;&nbsp;&nbsp; ... &nbsp;&nbsp;\\n&nbsp;&nbsp;&nbsp; &lt;/body&gt;\\n&lt;/html&gt;\\n\\nCompliant Solution\\n\\n&lt;!DOCTYPE html&gt;\\n&lt;html lang=\\"en\\"&gt;\\n&nbsp;&nbsp;&nbsp; &lt;head&gt;\\n &nbsp;&nbsp;&nbsp;&nbsp; &nbsp;&nbsp;&nbsp; &lt;title&gt;A page written in english&lt;/title&gt;\\n &nbsp;&nbsp;&nbsp;&nbsp; &nbsp;&nbsp;&nbsp; &lt;meta content=\\"text/html; charset=utf-8\\" /&gt;\\n&nbsp;&nbsp;&nbsp; &lt;/head&gt; &nbsp;\\n\\n\\n&nbsp;&nbsp;&nbsp; &lt;body&gt; &nbsp;&nbsp;&nbsp;&nbsp;\\n&nbsp;&nbsp;&nbsp; ... &nbsp;&nbsp;\\n&nbsp;&nbsp;&nbsp; &lt;/body&gt;\\n&lt;/html&gt;\\n\\n\\n&lt;!DOCTYPE html&gt;\\n&lt;html lang=\\"en\\" xml:lang=\\"en\\"&gt;\\n&nbsp;&nbsp;&nbsp; &lt;head&gt;\\n &nbsp;&nbsp;&nbsp;&nbsp; &nbsp;&nbsp;&nbsp; &lt;title&gt;A page written in english&lt;/title&gt;\\n &nbsp;&nbsp;&nbsp;&nbsp; &nbsp;&nbsp;&nbsp; &lt;meta content=\\"text/html; charset=utf-8\\" /&gt;\\n&nbsp;&nbsp;&nbsp; &lt;/head&gt; &nbsp;\\n\\n\\n&nbsp;&nbsp;&nbsp; &lt;body&gt; &nbsp;&nbsp;&nbsp;&nbsp;\\n&nbsp;&nbsp;&nbsp; ... &nbsp;&nbsp;\\n&nbsp;&nbsp;&nbsp; &lt;/body&gt;\\n&lt;/html&gt;\\n\\nSee\\n\\n   WCAG2, H57 - Using language attributes on the html element \\n   WCAG2, 3.1.1 - Language of Page", "code_excerpt": null}]'}, 'user': 'hieult', 'response_mode': 'blocking'}
2025-08-19 14:51:25,402 - innolab - INFO - Dify workflow run response status: 200
2025-08-19 14:51:25,403 - innolab - INFO - Dify workflow run response: {"task_id": "1189d7e2-3652-41f4-801a-44c8076cc695", "workflow_run_id": "1b47c1d2-5d14-44a2-8385-d7ddb3f9eef8", "data": {"id": "1b47c1d2-5d14-44a2-8385-d7ddb3f9eef8", "workflow_id": "ff7d653c-1432-4e08-9ed3-6375971797e8", "status": "succeeded", "outputs": {"list_bugs": {"bugs": [{"action": "Fix", "bug_id": "AZjBTfwPvvX4qckUW8aR", "classification": "True Positive", "reason": "The HTML document is missing a DOCTYPE declaration, which is essential for proper rendering and validation.", "rule_description": "Insert a <!DOCTYPE> declaration to before this <html> tag.", "rule_key": "Web:DoctypePresenceCheck", "type": "bug"}, {"action": "Fix", "bug_id": "AZjBTfwPvvX4qckUW8aS", "classification": "True Positive", "reason": "The <html> element lacks 'lang' and/or 'xml:lang' attributes, hindering accessibility and proper language identification.", "rule_description": "Add \"lang\" and/or \"xml:lang\" attributes to this \"<html>\" element", "rule_key": "Web:S5254", "type": "bug"}, {"action": "Fix", "bug_id": "AZjBTfwPvvX4qckUW8aT", "classification": "True Positive", "reason": "The \"marquee\" element is deprecated in HTML5 and should be removed for better user experience and modern web standards.", "rule_description": "Remove this deprecated \"marquee\" element.", "rule_key": "Web:UnsupportedTagsInHtml5Check", "type": "bug"}, {"action": "Fix", "bug_id": "AZjBTfwZvvX4qckUW8aU", "classification": "True Positive", "reason": "The HTML document is missing a DOCTYPE declaration, which is essential for proper rendering and validation.", "rule_description": "Insert a <!DOCTYPE> declaration to before this <html> tag.", "rule_key": "Web:DoctypePresenceCheck", "type": "bug"}, {"action": "Fix", "bug_id": "AZjBTfwZvvX4qckUW8aV", "classification": "True Positive", "reason": "The <html> element lacks 'lang' and/or 'xml:lang' attributes, hindering accessibility and proper language identification.", "rule_description": "Add \"lang\" and/or \"xml:lang\" attributes to this \"<html>\" element", "rule_key": "Web:S5254", "type": "bug"}, {"action": "Fix", "bug_id": "AZjBTfwcvvX4qckUW8aW", "classification": "True Positive", "reason": "The CSS rule is missing a generic font family, which can lead to unexpected font rendering issues.", "rule_description": "Unexpected missing generic font family", "rule_key": "css:S4649", "type": "bug"}], "bugs_to_fix": 6}, "bugs_to_fix": "{\n  \"bugs\": [\n    {\n      \"action\": \"Fix\",\n      \"bug_id\": \"AZjBTfwPvvX4qckUW8aR\",\n      \"classification\": \"True Positive\",\n      \"reason\": \"The HTML document is missing a DOCTYPE declaration, which is essential for proper rendering and validation.\",\n      \"rule_description\": \"Insert a <!DOCTYPE> declaration to before this <html> tag.\",\n      \"rule_key\": \"Web:DoctypePresenceCheck\",\n      \"type\": \"bug\"\n    },\n    {\n      \"action\": \"Fix\",\n      \"bug_id\": \"AZjBTfwPvvX4qckUW8aS\",\n      \"classification\": \"True Positive\",\n      \"reason\": \"The <html> element lacks 'lang' and/or 'xml:lang' attributes, hindering accessibility and proper language identification.\",\n      \"rule_description\": \"Add \\\"lang\\\" and/or \\\"xml:lang\\\" attributes to this \\\"<html>\\\" element\",\n      \"rule_key\": \"Web:S5254\",\n      \"type\": \"bug\"\n    },\n    {\n      \"action\": \"Fix\",\n      \"bug_id\": \"AZjBTfwPvvX4qckUW8aT\",\n      \"classification\": \"True Positive\",\n      \"reason\": \"The \\\"marquee\\\" element is deprecated in HTML5 and should be removed for better user experience and modern web standards.\",\n      \"rule_description\": \"Remove this deprecated \\\"marquee\\\" element.\",\n      \"rule_key\": \"Web:UnsupportedTagsInHtml5Check\",\n      \"type\": \"bug\"\n    },\n    {\n      \"action\": \"Fix\",\n      \"bug_id\": \"AZjBTfwZvvX4qckUW8aU\",\n      \"classification\": \"True Positive\",\n      \"reason\": \"The HTML document is missing a DOCTYPE declaration, which is essential for proper rendering and validation.\",\n      \"rule_description\": \"Insert a <!DOCTYPE> declaration to before this <html> tag.\",\n      \"rule_key\": \"Web:DoctypePresenceCheck\",\n      \"type\": \"bug\"\n    },\n    {\n      \"action\": \"Fix\",\n      \"bug_id\": \"AZjBTfwZvvX4qckUW8aV\",\n      \"classification\": \"True Positive\",\n      \"reason\": \"The <html> element lacks 'lang' and/or 'xml:lang' attributes, hindering accessibility and proper language identification.\",\n      \"rule_description\": \"Add \\\"lang\\\" and/or \\\"xml:lang\\\" attributes to this \\\"<html>\\\" element\",\n      \"rule_key\": \"Web:S5254\",\n      \"type\": \"bug\"\n    },\n    {\n      \"action\": \"Fix\",\n      \"bug_id\": \"AZjBTfwcvvX4qckUW8aW\",\n      \"classification\": \"True Positive\",\n      \"reason\": \"The CSS rule is missing a generic font family, which can lead to unexpected font rendering issues.\",\n      \"rule_description\": \"Unexpected missing generic font family\",\n      \"rule_key\": \"css:S4649\",\n      \"type\": \"bug\"\n    }\n  ],\n  \"bugs_to_fix\": 6\n}"}, "error": "", "elapsed_time": 10.342385, "total_tokens": 8905, "total_steps": 4, "created_at": 1755589874, "finished_at": 1755589885}}
2025-08-19 14:51:25,404 - innolab - INFO - Dify analysis_bug: 
2025-08-19 14:51:25,404 - innolab - INFO - Dify usage: 
2025-08-19 14:51:25,405 - innolab - INFO - bugs_to_fix: {
  "bugs": [
    {
      "action": "Fix",
      "bug_id": "AZjBTfwPvvX4qckUW8aR",
      "classification": "True Positive",
      "reason": "The HTML document is missing a DOCTYPE declaration, which is essential for proper rendering and validation.",
      "rule_description": "Insert a <!DOCTYPE> declaration to before this <html> tag.",
      "rule_key": "Web:DoctypePresenceCheck",
      "type": "bug"
    },
    {
      "action": "Fix",
      "bug_id": "AZjBTfwPvvX4qckUW8aS",
      "classification": "True Positive",
      "reason": "The <html> element lacks 'lang' and/or 'xml:lang' attributes, hindering accessibility and proper language identification.",
      "rule_description": "Add \"lang\" and/or \"xml:lang\" attributes to this \"<html>\" element",
      "rule_key": "Web:S5254",
      "type": "bug"
    },
    {
      "action": "Fix",
      "bug_id": "AZjBTfwPvvX4qckUW8aT",
      "classification": "True Positive",
      "reason": "The \"marquee\" element is deprecated in HTML5 and should be removed for better user experience and modern web standards.",
      "rule_description": "Remove this deprecated \"marquee\" element.",
      "rule_key": "Web:UnsupportedTagsInHtml5Check",
      "type": "bug"
    },
    {
      "action": "Fix",
      "bug_id": "AZjBTfwZvvX4qckUW8aU",
      "classification": "True Positive",
      "reason": "The HTML document is missing a DOCTYPE declaration, which is essential for proper rendering and validation.",
      "rule_description": "Insert a <!DOCTYPE> declaration to before this <html> tag.",
      "rule_key": "Web:DoctypePresenceCheck",
      "type": "bug"
    },
    {
      "action": "Fix",
      "bug_id": "AZjBTfwZvvX4qckUW8aV",
      "classification": "True Positive",
      "reason": "The <html> element lacks 'lang' and/or 'xml:lang' attributes, hindering accessibility and proper language identification.",
      "rule_description": "Add \"lang\" and/or \"xml:lang\" attributes to this \"<html>\" element",
      "rule_key": "Web:S5254",
      "type": "bug"
    },
    {
      "action": "Fix",
      "bug_id": "AZjBTfwcvvX4qckUW8aW",
      "classification": "True Positive",
      "reason": "The CSS rule is missing a generic font family, which can lead to unexpected font rendering issues.",
      "rule_description": "Unexpected missing generic font family",
      "rule_key": "css:S4649",
      "type": "bug"
    }
  ],
  "bugs_to_fix": 6
}
2025-08-19 14:51:25,405 - innolab - INFO - list_bugs: {'bugs': [{'action': 'Fix', 'bug_id': 'AZjBTfwPvvX4qckUW8aR', 'classification': 'True Positive', 'reason': 'The HTML document is missing a DOCTYPE declaration, which is essential for proper rendering and validation.', 'rule_description': 'Insert a <!DOCTYPE> declaration to before this <html> tag.', 'rule_key': 'Web:DoctypePresenceCheck', 'type': 'bug'}, {'action': 'Fix', 'bug_id': 'AZjBTfwPvvX4qckUW8aS', 'classification': 'True Positive', 'reason': "The <html> element lacks 'lang' and/or 'xml:lang' attributes, hindering accessibility and proper language identification.", 'rule_description': 'Add "lang" and/or "xml:lang" attributes to this "<html>" element', 'rule_key': 'Web:S5254', 'type': 'bug'}, {'action': 'Fix', 'bug_id': 'AZjBTfwPvvX4qckUW8aT', 'classification': 'True Positive', 'reason': 'The "marquee" element is deprecated in HTML5 and should be removed for better user experience and modern web standards.', 'rule_description': 'Remove this deprecated "marquee" element.', 'rule_key': 'Web:UnsupportedTagsInHtml5Check', 'type': 'bug'}, {'action': 'Fix', 'bug_id': 'AZjBTfwZvvX4qckUW8aU', 'classification': 'True Positive', 'reason': 'The HTML document is missing a DOCTYPE declaration, which is essential for proper rendering and validation.', 'rule_description': 'Insert a <!DOCTYPE> declaration to before this <html> tag.', 'rule_key': 'Web:DoctypePresenceCheck', 'type': 'bug'}, {'action': 'Fix', 'bug_id': 'AZjBTfwZvvX4qckUW8aV', 'classification': 'True Positive', 'reason': "The <html> element lacks 'lang' and/or 'xml:lang' attributes, hindering accessibility and proper language identification.", 'rule_description': 'Add "lang" and/or "xml:lang" attributes to this "<html>" element', 'rule_key': 'Web:S5254', 'type': 'bug'}, {'action': 'Fix', 'bug_id': 'AZjBTfwcvvX4qckUW8aW', 'classification': 'True Positive', 'reason': 'The CSS rule is missing a generic font family, which can lead to unexpected font rendering issues.', 'rule_description': 'Unexpected missing generic font family', 'rule_key': 'css:S4649', 'type': 'bug'}], 'bugs_to_fix': 6}
2025-08-19 14:51:25,406 - innolab - INFO - Iteration 1 completed: {
  "bugs": [
    {
      "action": "Fix",
      "bug_id": "AZjBTfwPvvX4qckUW8aR",
      "classification": "True Positive",
      "reason": "The HTML document is missing a DOCTYPE declaration, which is essential for proper rendering and validation.",
      "rule_description": "Insert a <!DOCTYPE> declaration to before this <html> tag.",
      "rule_key": "Web:DoctypePresenceCheck",
      "type": "bug"
    },
    {
      "action": "Fix",
      "bug_id": "AZjBTfwPvvX4qckUW8aS",
      "classification": "True Positive",
      "reason": "The <html> element lacks 'lang' and/or 'xml:lang' attributes, hindering accessibility and proper language identification.",
      "rule_description": "Add \"lang\" and/or \"xml:lang\" attributes to this \"<html>\" element",
      "rule_key": "Web:S5254",
      "type": "bug"
    },
    {
      "action": "Fix",
      "bug_id": "AZjBTfwPvvX4qckUW8aT",
      "classification": "True Positive",
      "reason": "The \"marquee\" element is deprecated in HTML5 and should be removed for better user experience and modern web standards.",
      "rule_description": "Remove this deprecated \"marquee\" element.",
      "rule_key": "Web:UnsupportedTagsInHtml5Check",
      "type": "bug"
    },
    {
      "action": "Fix",
      "bug_id": "AZjBTfwZvvX4qckUW8aU",
      "classification": "True Positive",
      "reason": "The HTML document is missing a DOCTYPE declaration, which is essential for proper rendering and validation.",
      "rule_description": "Insert a <!DOCTYPE> declaration to before this <html> tag.",
      "rule_key": "Web:DoctypePresenceCheck",
      "type": "bug"
    },
    {
      "action": "Fix",
      "bug_id": "AZjBTfwZvvX4qckUW8aV",
      "classification": "True Positive",
      "reason": "The <html> element lacks 'lang' and/or 'xml:lang' attributes, hindering accessibility and proper language identification.",
      "rule_description": "Add \"lang\" and/or \"xml:lang\" attributes to this \"<html>\" element",
      "rule_key": "Web:S5254",
      "type": "bug"
    },
    {
      "action": "Fix",
      "bug_id": "AZjBTfwcvvX4qckUW8aW",
      "classification": "True Positive",
      "reason": "The CSS rule is missing a generic font family, which can lead to unexpected font rendering issues.",
      "rule_description": "Unexpected missing generic font family",
      "rule_key": "css:S4649",
      "type": "bug"
    }
  ],
  "bugs_to_fix": 6
} bugs to fix
2025-08-19 14:51:25,406 - innolab - INFO - 
=== ITERATION 2/5 ===
2025-08-19 14:51:25,406 - innolab - INFO - Starting SonarQube scan for project: my-service
2025-08-19 14:51:25,407 - innolab - INFO - Step 1: Running SonarQube scan...
2025-08-19 14:51:25,407 - innolab - INFO - Ensuring sonar-scanner container is running...
2025-08-19 14:51:25,514 - innolab - INFO - sonar_scanner
2025-08-19 14:51:27,516 - innolab - INFO - Created sonar-project.properties for project: my-service
2025-08-19 14:51:27,516 - innolab - INFO - Running containerized scan: docker exec -w /usr/src -e SONAR_HOST_URL=http://sonarqube:9000 -e SONAR_TOKEN=sqa_4192a18c96af8a90d3fb300bcd538be788a23d00 sonar_scanner sonar-scanner
2025-08-19 14:51:27,667 - innolab - INFO - INFO: Scanner configuration file: /opt/sonar-scanner/conf/sonar-scanner.properties
2025-08-19 14:51:27,668 - innolab - INFO - INFO: Project root configuration file: /usr/src/sonar-project.properties
2025-08-19 14:51:27,706 - innolab - INFO - INFO: SonarScanner 5.0.1.3006
2025-08-19 14:51:27,706 - innolab - INFO - INFO: Java 17.0.10 Alpine (64-bit)
2025-08-19 14:51:27,706 - innolab - INFO - INFO: Linux 5.15.167.4-microsoft-standard-WSL2 amd64
2025-08-19 14:51:27,867 - innolab - INFO - INFO: User cache: /opt/sonar-scanner/.sonar/cache
2025-08-19 14:51:27,926 - innolab - INFO - INFO: Analyzing on SonarQube server 9.9.8.100196
2025-08-19 14:51:27,926 - innolab - INFO - INFO: Default locale: "en_US", source code encoding: "UTF-8" (analysis is platform dependent)
2025-08-19 14:51:28,274 - innolab - INFO - INFO: Load global settings
2025-08-19 14:51:28,330 - innolab - INFO - INFO: Load global settings (done) | time=56ms
2025-08-19 14:51:28,332 - innolab - INFO - INFO: Server id: 243B8A4D-AZicab4HpgA6QkPiXxB5
2025-08-19 14:51:28,335 - innolab - INFO - INFO: User cache: /opt/sonar-scanner/.sonar/cache
2025-08-19 14:51:28,338 - innolab - INFO - INFO: Load/download plugins
2025-08-19 14:51:28,338 - innolab - INFO - INFO: Load plugins index
2025-08-19 14:51:28,365 - innolab - INFO - INFO: Load plugins index (done) | time=27ms
2025-08-19 14:51:28,422 - innolab - INFO - INFO: Load/download plugins (done) | time=83ms
2025-08-19 14:51:28,786 - innolab - INFO - INFO: Process project properties
2025-08-19 14:51:28,793 - innolab - INFO - INFO: Process project properties (done) | time=7ms
2025-08-19 14:51:28,795 - innolab - INFO - INFO: Execute project builders
2025-08-19 14:51:28,796 - innolab - INFO - INFO: Execute project builders (done) | time=1ms
2025-08-19 14:51:28,810 - innolab - INFO - INFO: Project key: my-service
2025-08-19 14:51:28,811 - innolab - INFO - INFO: Base dir: /usr/src
2025-08-19 14:51:28,811 - innolab - INFO - INFO: Working dir: /usr/src/.scannerwork
2025-08-19 14:51:28,820 - innolab - INFO - INFO: Load project settings for component key: 'my-service'
2025-08-19 14:51:28,865 - innolab - INFO - INFO: Load project settings for component key: 'my-service' (done) | time=45ms
2025-08-19 14:51:28,990 - innolab - INFO - WARN: SCM provider autodetection failed. Please use "sonar.scm.provider" to define SCM of your project, or disable the SCM Sensor in the project settings.
2025-08-19 14:51:28,996 - innolab - INFO - INFO: Load quality profiles
2025-08-19 14:51:29,036 - innolab - INFO - INFO: Load quality profiles (done) | time=40ms
2025-08-19 14:51:29,039 - innolab - INFO - INFO: Load active rules
2025-08-19 14:51:29,854 - innolab - INFO - INFO: Load active rules (done) | time=813ms
2025-08-19 14:51:29,858 - innolab - INFO - INFO: Load analysis cache
2025-08-19 14:51:29,881 - innolab - INFO - INFO: Load analysis cache (962 bytes) | time=23ms
2025-08-19 14:51:29,944 - innolab - INFO - INFO: Load project repositories
2025-08-19 14:51:29,974 - innolab - INFO - INFO: Load project repositories (done) | time=31ms
2025-08-19 14:51:29,998 - innolab - INFO - INFO: Indexing files...
2025-08-19 14:51:29,998 - innolab - INFO - INFO: Project configuration:
2025-08-19 14:51:29,998 - innolab - INFO - INFO:   Excluded sources: **/node_modules/**, **/dist/**, **/build/**, **/.git/**
2025-08-19 14:51:30,178 - innolab - INFO - INFO: 11 files indexed
2025-08-19 14:51:30,178 - innolab - INFO - INFO: 0 files ignored because of inclusion/exclusion patterns
2025-08-19 14:51:30,179 - innolab - INFO - INFO: Quality profile for css: Sonar way
2025-08-19 14:51:30,179 - innolab - INFO - INFO: Quality profile for py: Sonar way
2025-08-19 14:51:30,179 - innolab - INFO - INFO: Quality profile for web: Sonar way
2025-08-19 14:51:30,179 - innolab - INFO - INFO: ------------- Run sensors on module my-service
2025-08-19 14:51:30,245 - innolab - INFO - INFO: Load metrics repository
2025-08-19 14:51:30,259 - innolab - INFO - INFO: Load metrics repository (done) | time=14ms
2025-08-19 14:51:31,223 - innolab - INFO - INFO: Sensor Python Sensor [python]
2025-08-19 14:51:31,226 - innolab - INFO - WARN: Your code is analyzed as compatible with python 2 and 3 by default. This will prevent the detection of issues specific to python 2 or python 3. You can get a more precise analysis by setting a python version in your configuration via the parameter "sonar.python.version"
2025-08-19 14:51:31,240 - innolab - INFO - INFO: Starting global symbols computation
2025-08-19 14:51:31,244 - innolab - INFO - INFO: 1 source file to be analyzed
2025-08-19 14:51:31,455 - innolab - INFO - INFO: 1/1 source file has been analyzed
2025-08-19 14:51:31,483 - innolab - INFO - INFO: Starting rules execution
2025-08-19 14:51:31,484 - innolab - INFO - INFO: 1 source file to be analyzed
2025-08-19 14:51:31,692 - innolab - INFO - INFO: 1/1 source file has been analyzed
2025-08-19 14:51:31,693 - innolab - INFO - INFO: The Python analyzer was able to leverage cached data from previous analyses for 0 out of 1 files. These files were not parsed.
2025-08-19 14:51:31,693 - innolab - INFO - INFO: Sensor Python Sensor [python] (done) | time=469ms
2025-08-19 14:51:31,693 - innolab - INFO - INFO: Sensor Cobertura Sensor for Python coverage [python]
2025-08-19 14:51:31,794 - innolab - INFO - INFO: Sensor Cobertura Sensor for Python coverage [python] (done) | time=100ms
2025-08-19 14:51:31,794 - innolab - INFO - INFO: Sensor PythonXUnitSensor [python]
2025-08-19 14:51:31,926 - innolab - INFO - INFO: Sensor PythonXUnitSensor [python] (done) | time=133ms
2025-08-19 14:51:31,927 - innolab - INFO - INFO: Sensor JaCoCo XML Report Importer [jacoco]
2025-08-19 14:51:31,928 - innolab - INFO - INFO: 'sonar.coverage.jacoco.xmlReportPaths' is not defined. Using default locations: target/site/jacoco/jacoco.xml,target/site/jacoco-it/jacoco.xml,build/reports/jacoco/test/jacocoTestReport.xml
2025-08-19 14:51:31,933 - innolab - INFO - INFO: No report imported, no coverage information will be imported by JaCoCo XML Report Importer
2025-08-19 14:51:31,933 - innolab - INFO - INFO: Sensor JaCoCo XML Report Importer [jacoco] (done) | time=5ms
2025-08-19 14:51:31,934 - innolab - INFO - INFO: Sensor CSS Rules [javascript]
