2025-08-25 16:02:36,711 - innolab - INFO - ExecutionServiceNoMongo initialized with:
2025-08-25 16:02:36,711 - innolab - INFO -   Max iterations: 5
2025-08-25 16:02:36,711 - innolab - INFO -   Project key: my-service
2025-08-25 16:02:36,711 - innolab - INFO -   Source code path: d:\InnoLab\SonarQ\source_bug
2025-08-25 16:02:36,711 - innolab - INFO -   Scan directory: source_bug
2025-08-25 16:02:36,711 - innolab - INFO -   Scan mode: ['bearer']
2025-08-25 16:02:36,711 - innolab - INFO -   RAG available: True
2025-08-25 16:02:36,712 - innolab - INFO - Starting execution without RAG (mode: DifyMode.LOCAL)
2025-08-25 16:02:36,712 - innolab - INFO - 
=== ITERATION 1/5 ===
2025-08-25 16:02:36,712 - innolab - INFO - Loading Bearer scan results for project: my-service
2025-08-25 16:02:36,714 - innolab - INFO - Reading Bearer scan results from: d:\InnoLab\SonarQ\bearer_results\bearer_results_my-service.json
2025-08-25 16:02:36,714 - innolab - ERROR - Failed to parse Bearer JSON file: Expecting value: line 1 column 1 (char 0)
2025-08-25 16:02:36,714 - innolab - INFO - BEARER scanner found 0 bugs
2025-08-25 16:02:36,714 - innolab - INFO - Iteration 1: Found 0 open bugs (0 BUG, 0 CODE_SMELL) across scanners: BEARER
2025-08-25 16:02:36,715 - innolab - INFO - No bugs found - execution completed successfully
2025-08-25 16:02:36,715 - innolab - INFO - === EXECUTION RESULT ===
2025-08-25 16:02:36,715 - innolab - INFO - Mode: bearer
2025-08-25 16:02:36,715 - innolab - INFO - Project: my-service
2025-08-25 16:02:36,715 - innolab - INFO - Total bugs fixed: 0
2025-08-25 16:02:36,715 - innolab - INFO - Total iterations: 1
2025-08-25 16:02:36,715 - innolab - INFO - Start time: 2025-08-25T16:02:36.712353
2025-08-25 16:02:36,715 - innolab - INFO - End time: 2025-08-25T16:02:36.715214
2025-08-25 16:02:36,715 - innolab - INFO - Iteration 1: 0 bugs found, 0 fixed
