2025-08-25 13:56:07,785 - innolab - INFO - ExecutionServiceNoMongo initialized with:
2025-08-25 13:56:07,785 - innolab - INFO -   Max iterations: 5
2025-08-25 13:56:07,785 - innolab - INFO -   Project key: my-service
2025-08-25 13:56:07,785 - innolab - INFO -   Source code path: d:\InnoLab\SonarQ\source_bug
2025-08-25 13:56:07,785 - innolab - INFO -   Scan directory: source_bug
2025-08-25 13:56:07,785 - innolab - INFO -   Scan mode: bearer
2025-08-25 13:56:07,785 - innolab - INFO -   RAG available: True
2025-08-25 13:56:07,786 - innolab - INFO - Starting execution without RAG (mode: DifyMode.LOCAL)
2025-08-25 13:56:07,786 - innolab - INFO - 
=== ITERATION 1/5 ===
2025-08-25 13:56:07,786 - innolab - INFO - Starting Bearer scan for project: my-service
2025-08-25 13:56:07,786 - innolab - INFO - Project directory: d:\InnoLab\SonarQ\source_bug
2025-08-25 13:56:07,787 - innolab - INFO - Running Bearer scan: docker run --rm -v d:\InnoLab\SonarQ\source_bug:/scan -v d:\InnoLab\SonarQ\bearer_results:/output bearer/bearer:latest scan /scan --format json --output /output/bearer_results_my-service.json
2025-08-25 13:56:08,836 - innolab - INFO - Analyzing codebase
2025-08-25 13:56:09,040 - innolab - INFO -   (1/-) [0s]
2025-08-25 13:56:09,040 - innolab - INFO -   (307/-) [0s]
2025-08-25 13:56:10,198 - innolab - INFO - Loading rules
2025-08-25 13:56:11,065 - innolab - INFO - Scanning target /scan
2025-08-25 13:56:12,493 - innolab - INFO -    8% [>              ] (1/12) [0s:0s]
2025-08-25 13:56:12,505 - innolab - INFO -   16% [=>             ] (2/12) [0s:0s]
2025-08-25 13:56:12,528 - innolab - INFO -   25% [==>            ] (3/12) [0s:0s]
2025-08-25 13:56:12,531 - innolab - INFO -   33% [====>          ] (4/12) [0s:0s]
2025-08-25 13:56:12,569 - innolab - INFO -   41% [=====>         ] (5/12) [0s:0s]
2025-08-25 13:56:12,569 - innolab - INFO -   50% [======>        ] (6/12) [0s:0s]
2025-08-25 13:56:12,623 - innolab - INFO -   58% [=======>       ] (7/12) [0s:0s]
2025-08-25 13:56:12,624 - innolab - INFO -   66% [=========>     ] (8/12) [0s:0s]
2025-08-25 13:56:12,670 - innolab - INFO -   75% [==========>    ] (9/12) [0s:0s]
2025-08-25 13:56:12,679 - innolab - INFO -   83% [===========>   ] (10/12) [0s:0s]
2025-08-25 13:56:12,789 - innolab - INFO -   91% [============>  ] (11/12) [0s:0s]
2025-08-25 13:56:12,790 - innolab - INFO -  100% [===============] (12/12) [0s]
2025-08-25 13:56:12,796 - innolab - INFO - Running Detectors
2025-08-25 13:56:12,801 - innolab - INFO - Generating dataflow
2025-08-25 13:56:12,802 - innolab - INFO - Evaluating rules
2025-08-25 13:56:12,835 - innolab - INFO -    0% [               ] (1/234) [0s:0s]
2025-08-25 13:56:12,835 - innolab - INFO -    0% [               ] (2/234) [0s:1s]
2025-08-25 13:56:12,835 - innolab - INFO -    1% [               ] (3/234) [0s:0s]
2025-08-25 13:56:12,835 - innolab - INFO -    1% [               ] (4/234) [0s:0s]
2025-08-25 13:56:12,847 - innolab - INFO -    2% [               ] (5/234) [0s:0s]
2025-08-25 13:56:12,847 - innolab - INFO -    2% [               ] (6/234) [0s:0s]
2025-08-25 13:56:12,848 - innolab - INFO -    2% [               ] (7/234) [0s:0s]
2025-08-25 13:56:12,848 - innolab - INFO -    3% [               ] (8/234) [0s:0s]
2025-08-25 13:56:12,863 - innolab - INFO -    3% [               ] (9/234) [0s:0s]
2025-08-25 13:56:12,875 - innolab - INFO -    4% [               ] (10/234) [0s:0s]
2025-08-25 13:56:12,876 - innolab - INFO -    4% [               ] (11/234) [0s:1s]
2025-08-25 13:56:12,876 - innolab - INFO -    5% [               ] (12/234) [0s:0s]
2025-08-25 13:56:12,891 - innolab - INFO -    5% [               ] (13/234) [0s:0s]
2025-08-25 13:56:12,905 - innolab - INFO -    5% [               ] (14/234) [0s:1s]
2025-08-25 13:56:12,905 - innolab - INFO -    6% [               ] (15/234) [0s:1s]
2025-08-25 13:56:12,915 - innolab - INFO -    6% [>              ] (16/234) [0s:1s]
2025-08-25 13:56:12,915 - innolab - INFO -    7% [>              ] (17/234) [0s:1s]
2025-08-25 13:56:12,927 - innolab - INFO -    7% [>              ] (18/234) [0s:1s]
2025-08-25 13:56:12,939 - innolab - INFO -    8% [>              ] (19/234) [0s:1s]
2025-08-25 13:56:12,940 - innolab - INFO -    8% [>              ] (20/234) [0s:1s]
2025-08-25 13:56:12,953 - innolab - INFO -    8% [>              ] (21/234) [0s:1s]
2025-08-25 13:56:12,954 - innolab - INFO -    9% [>              ] (22/234) [0s:1s]
2025-08-25 13:56:12,964 - innolab - INFO -    9% [>              ] (23/234) [0s:1s]
2025-08-25 13:56:12,965 - innolab - INFO -   10% [>              ] (24/234) [0s:1s]
2025-08-25 13:56:12,976 - innolab - INFO -   10% [>              ] (25/234) [0s:1s]
2025-08-25 13:56:12,976 - innolab - INFO -   11% [>              ] (26/234) [0s:1s]
2025-08-25 13:56:12,990 - innolab - INFO -   11% [>              ] (27/234) [0s:1s]
2025-08-25 13:56:12,991 - innolab - INFO -   11% [>              ] (28/234) [0s:1s]
2025-08-25 13:56:13,004 - innolab - INFO -   12% [>              ] (29/234) [0s:1s]
2025-08-25 13:56:13,004 - innolab - INFO -   12% [>              ] (30/234) [0s:1s]
2025-08-25 13:56:13,015 - innolab - INFO -   13% [>              ] (31/234) [0s:1s]
2025-08-25 13:56:13,030 - innolab - INFO -   13% [=>             ] (32/234) [0s:1s]
2025-08-25 13:56:13,031 - innolab - INFO -   14% [=>             ] (33/234) [0s:1s]
2025-08-25 13:56:13,031 - innolab - INFO -   14% [=>             ] (34/234) [0s:1s]
2025-08-25 13:56:13,042 - innolab - INFO -   14% [=>             ] (35/234) [0s:1s]
2025-08-25 13:56:13,054 - innolab - INFO -   15% [=>             ] (36/234) [0s:1s]
2025-08-25 13:56:13,055 - innolab - INFO -   15% [=>             ] (37/234) [0s:1s]
2025-08-25 13:56:13,068 - innolab - INFO -   16% [=>             ] (38/234) [0s:1s]
2025-08-25 13:56:13,083 - innolab - INFO -   16% [=>             ] (39/234) [0s:1s]
2025-08-25 13:56:13,100 - innolab - INFO -   17% [=>             ] (40/234) [0s:1s]
2025-08-25 13:56:13,115 - innolab - INFO -   17% [=>             ] (41/234) [0s:1s]
2025-08-25 13:56:13,136 - innolab - INFO -   17% [=>             ] (42/234) [0s:1s]
2025-08-25 13:56:13,136 - innolab - INFO -   18% [=>             ] (43/234) [0s:1s]
2025-08-25 13:56:13,149 - innolab - INFO -   18% [=>             ] (44/234) [0s:1s]
2025-08-25 13:56:13,150 - innolab - INFO -   19% [=>             ] (45/234) [0s:1s]
2025-08-25 13:56:13,162 - innolab - INFO -   19% [=>             ] (46/234) [0s:1s]
2025-08-25 13:56:13,174 - innolab - INFO -   20% [==>            ] (47/234) [0s:1s]
2025-08-25 13:56:13,174 - innolab - INFO -   20% [==>            ] (48/234) [0s:1s]
2025-08-25 13:56:13,174 - innolab - INFO -   20% [==>            ] (49/234) [0s:1s]
2025-08-25 13:56:13,187 - innolab - INFO -   21% [==>            ] (50/234) [0s:1s]
2025-08-25 13:56:13,187 - innolab - INFO -   21% [==>            ] (51/234) [0s:1s]
2025-08-25 13:56:13,187 - innolab - INFO -   22% [==>            ] (52/234) [0s:1s]
2025-08-25 13:56:13,200 - innolab - INFO -   22% [==>            ] (53/234) [0s:1s]
2025-08-25 13:56:13,210 - innolab - INFO -   23% [==>            ] (54/234) [0s:1s]
2025-08-25 13:56:13,222 - innolab - INFO -   23% [==>            ] (55/234) [0s:1s]
2025-08-25 13:56:13,222 - innolab - INFO -   23% [==>            ] (56/234) [0s:1s]
2025-08-25 13:56:13,222 - innolab - INFO -   24% [==>            ] (57/234) [0s:1s]
2025-08-25 13:56:13,222 - innolab - INFO -   24% [==>            ] (58/234) [0s:1s]
2025-08-25 13:56:13,233 - innolab - INFO -   25% [==>            ] (59/234) [0s:1s]
2025-08-25 13:56:13,233 - innolab - INFO -   25% [==>            ] (60/234) [0s:1s]
2025-08-25 13:56:13,234 - innolab - INFO -   26% [==>            ] (61/234) [0s:1s]
2025-08-25 13:56:13,244 - innolab - INFO -   26% [==>            ] (62/234) [0s:1s]
2025-08-25 13:56:13,257 - innolab - INFO -   26% [===>           ] (63/234) [0s:1s]
2025-08-25 13:56:13,257 - innolab - INFO -   27% [===>           ] (64/234) [0s:1s]
2025-08-25 13:56:13,268 - innolab - INFO -   27% [===>           ] (65/234) [0s:1s]
2025-08-25 13:56:13,268 - innolab - INFO -   28% [===>           ] (66/234) [0s:1s]
2025-08-25 13:56:13,269 - innolab - INFO -   28% [===>           ] (67/234) [0s:1s]
2025-08-25 13:56:13,269 - innolab - INFO -   29% [===>           ] (68/234) [0s:1s]
2025-08-25 13:56:13,269 - innolab - INFO -   29% [===>           ] (69/234) [0s:1s]
2025-08-25 13:56:13,281 - innolab - INFO -   29% [===>           ] (70/234) [0s:1s]
2025-08-25 13:56:13,281 - innolab - INFO -   30% [===>           ] (71/234) [0s:1s]
2025-08-25 13:56:13,282 - innolab - INFO -   30% [===>           ] (72/234) [0s:1s]
2025-08-25 13:56:13,282 - innolab - INFO -   31% [===>           ] (73/234) [0s:1s]
2025-08-25 13:56:13,282 - innolab - INFO -   31% [===>           ] (74/234) [0s:0s]
2025-08-25 13:56:13,293 - innolab - INFO -   32% [===>           ] (75/234) [0s:0s]
2025-08-25 13:56:13,304 - innolab - INFO -   32% [===>           ] (76/234) [0s:0s]
2025-08-25 13:56:13,317 - innolab - INFO -   32% [===>           ] (77/234) [0s:0s]
2025-08-25 13:56:13,328 - innolab - INFO -   33% [====>          ] (78/234) [0s:0s]
2025-08-25 13:56:13,329 - innolab - INFO -   33% [====>          ] (79/234) [0s:0s]
2025-08-25 13:56:13,329 - innolab - INFO -   34% [====>          ] (80/234) [0s:0s]
2025-08-25 13:56:13,343 - innolab - INFO -   34% [====>          ] (81/234) [0s:0s]
2025-08-25 13:56:13,343 - innolab - INFO -   35% [====>          ] (82/234) [0s:0s]
2025-08-25 13:56:13,356 - innolab - INFO -   35% [====>          ] (83/234) [0s:0s]
2025-08-25 13:56:13,356 - innolab - INFO -   35% [====>          ] (84/234) [0s:0s]
2025-08-25 13:56:13,367 - innolab - INFO -   36% [====>          ] (85/234) [0s:0s]
2025-08-25 13:56:13,381 - innolab - INFO -   36% [====>          ] (86/234) [0s:0s]
2025-08-25 13:56:13,382 - innolab - INFO -   37% [====>          ] (87/234) [0s:0s]
2025-08-25 13:56:13,382 - innolab - INFO -   37% [====>          ] (88/234) [0s:0s]
2025-08-25 13:56:13,382 - innolab - INFO -   38% [====>          ] (89/234) [0s:0s]
2025-08-25 13:56:13,382 - innolab - INFO -   38% [====>          ] (90/234) [0s:0s]
2025-08-25 13:56:13,382 - innolab - INFO -   38% [====>          ] (91/234) [0s:0s]
2025-08-25 13:56:13,392 - innolab - INFO -   39% [====>          ] (92/234) [0s:0s]
2025-08-25 13:56:13,393 - innolab - INFO -   39% [====>          ] (93/234) [0s:0s]
2025-08-25 13:56:13,404 - innolab - INFO -   40% [=====>         ] (94/234) [0s:0s]
2025-08-25 13:56:13,404 - innolab - INFO -   40% [=====>         ] (95/234) [0s:0s]
2025-08-25 13:56:13,404 - innolab - INFO -   41% [=====>         ] (96/234) [0s:0s]
2025-08-25 13:56:13,404 - innolab - INFO -   41% [=====>         ] (97/234) [0s:0s]
2025-08-25 13:56:13,405 - innolab - INFO -   41% [=====>         ] (98/234) [0s:0s]
2025-08-25 13:56:13,405 - innolab - INFO -   42% [=====>         ] (99/234) [0s:0s]
2025-08-25 13:56:13,405 - innolab - INFO -   42% [=====>         ] (100/234) [0s:0s]
2025-08-25 13:56:13,415 - innolab - INFO -   43% [=====>         ] (101/234) [0s:0s]
2025-08-25 13:56:13,416 - innolab - INFO -   43% [=====>         ] (102/234) [0s:0s]
2025-08-25 13:56:13,416 - innolab - INFO -   44% [=====>         ] (103/234) [0s:0s]
2025-08-25 13:56:13,416 - innolab - INFO -   44% [=====>         ] (104/234) [0s:0s]
2025-08-25 13:56:13,426 - innolab - INFO -   44% [=====>         ] (105/234) [0s:0s]
2025-08-25 13:56:13,426 - innolab - INFO -   45% [=====>         ] (106/234) [0s:0s]
2025-08-25 13:56:13,437 - innolab - INFO -   45% [=====>         ] (107/234) [0s:0s]
2025-08-25 13:56:13,449 - innolab - INFO -   46% [=====>         ] (108/234) [0s:0s]
2025-08-25 13:56:13,449 - innolab - INFO -   46% [=====>         ] (109/234) [0s:0s]
2025-08-25 13:56:13,462 - innolab - INFO -   47% [======>        ] (110/234) [0s:0s]
2025-08-25 13:56:13,463 - innolab - INFO -   47% [======>        ] (111/234) [0s:0s]
2025-08-25 13:56:13,463 - innolab - INFO -   47% [======>        ] (112/234) [0s:0s]
2025-08-25 13:56:13,478 - innolab - INFO -   48% [======>        ] (113/234) [0s:0s]
2025-08-25 13:56:13,478 - innolab - INFO -   48% [======>        ] (114/234) [0s:0s]
2025-08-25 13:56:13,479 - innolab - INFO -   49% [======>        ] (115/234) [0s:0s]
2025-08-25 13:56:13,479 - innolab - INFO -   49% [======>        ] (116/234) [0s:0s]
2025-08-25 13:56:13,493 - innolab - INFO -   50% [======>        ] (117/234) [0s:0s]
2025-08-25 13:56:13,493 - innolab - INFO -   50% [======>        ] (118/234) [0s:0s]
2025-08-25 13:56:13,493 - innolab - INFO -   50% [======>        ] (119/234) [0s:0s]
2025-08-25 13:56:13,493 - innolab - INFO -   51% [======>        ] (120/234) [0s:0s]
2025-08-25 13:56:13,493 - innolab - INFO -   51% [======>        ] (121/234) [0s:0s]
2025-08-25 13:56:13,494 - innolab - INFO -   52% [======>        ] (122/234) [0s:0s]
2025-08-25 13:56:13,505 - innolab - INFO -   52% [======>        ] (123/234) [0s:0s]
2025-08-25 13:56:13,505 - innolab - INFO -   52% [======>        ] (124/234) [0s:0s]
2025-08-25 13:56:13,519 - innolab - INFO -   53% [=======>       ] (125/234) [0s:0s]
2025-08-25 13:56:13,519 - innolab - INFO -   53% [=======>       ] (126/234) [0s:0s]
2025-08-25 13:56:13,534 - innolab - INFO -   54% [=======>       ] (127/234) [0s:0s]
2025-08-25 13:56:13,546 - innolab - INFO -   54% [=======>       ] (128/234) [0s:0s]
2025-08-25 13:56:13,547 - innolab - INFO -   55% [=======>       ] (129/234) [0s:0s]
2025-08-25 13:56:13,558 - innolab - INFO -   55% [=======>       ] (130/234) [0s:0s]
2025-08-25 13:56:13,558 - innolab - INFO -   55% [=======>       ] (131/234) [0s:0s]
2025-08-25 13:56:13,558 - innolab - INFO -   56% [=======>       ] (132/234) [0s:0s]
2025-08-25 13:56:13,569 - innolab - INFO -   56% [=======>       ] (133/234) [0s:0s]
2025-08-25 13:56:13,580 - innolab - INFO -   57% [=======>       ] (134/234) [0s:0s]
2025-08-25 13:56:13,592 - innolab - INFO -   57% [=======>       ] (135/234) [0s:0s]
2025-08-25 13:56:13,593 - innolab - INFO -   58% [=======>       ] (136/234) [0s:0s]
2025-08-25 13:56:13,617 - innolab - INFO -   58% [=======>       ] (137/234) [0s:0s]
2025-08-25 13:56:13,618 - innolab - INFO -   58% [=======>       ] (138/234) [0s:0s]
2025-08-25 13:56:13,632 - innolab - INFO -   59% [=======>       ] (139/234) [0s:0s]
2025-08-25 13:56:13,632 - innolab - INFO -   59% [=======>       ] (140/234) [0s:0s]
2025-08-25 13:56:13,647 - innolab - INFO -   60% [========>      ] (141/234) [0s:0s]
2025-08-25 13:56:13,665 - innolab - INFO -   60% [========>      ] (142/234) [0s:0s]
2025-08-25 13:56:13,692 - innolab - INFO -   61% [========>      ] (143/234) [0s:0s]
2025-08-25 13:56:13,718 - innolab - INFO -   61% [========>      ] (144/234) [0s:0s]
2025-08-25 13:56:13,719 - innolab - INFO -   61% [========>      ] (145/234) [0s:0s]
2025-08-25 13:56:13,731 - innolab - INFO -   62% [========>      ] (146/234) [0s:0s]
2025-08-25 13:56:13,748 - innolab - INFO -   62% [========>      ] (147/234) [0s:0s]
2025-08-25 13:56:13,748 - innolab - INFO -   63% [========>      ] (148/234) [0s:0s]
2025-08-25 13:56:13,761 - innolab - INFO -   63% [========>      ] (149/234) [0s:0s]
2025-08-25 13:56:13,776 - innolab - INFO -   64% [========>      ] (150/234) [0s:0s]
2025-08-25 13:56:13,794 - innolab - INFO -   64% [========>      ] (151/234) [0s:0s]
2025-08-25 13:56:13,807 - innolab - INFO -   64% [========>      ] (152/234) [0s:0s]
2025-08-25 13:56:13,807 - innolab - INFO -   65% [========>      ] (153/234) [0s:0s]
2025-08-25 13:56:13,807 - innolab - INFO -   65% [========>      ] (154/234) [0s:0s]
2025-08-25 13:56:13,807 - innolab - INFO -   66% [========>      ] (155/234) [0s:0s]
2025-08-25 13:56:13,808 - innolab - INFO -   66% [=========>     ] (156/234) [0s:0s]
2025-08-25 13:56:13,808 - innolab - INFO -   67% [=========>     ] (157/234) [0s:0s]
2025-08-25 13:56:13,808 - innolab - INFO -   67% [=========>     ] (158/234) [0s:0s]
2025-08-25 13:56:13,808 - innolab - INFO -   67% [=========>     ] (159/234) [0s:0s]
2025-08-25 13:56:13,809 - innolab - INFO -   68% [=========>     ] (160/234) [0s:0s]
2025-08-25 13:56:13,809 - innolab - INFO -   68% [=========>     ] (161/234) [0s:0s]
2025-08-25 13:56:13,809 - innolab - INFO -   69% [=========>     ] (162/234) [0s:0s]
2025-08-25 13:56:13,809 - innolab - INFO -   69% [=========>     ] (163/234) [0s:0s]
2025-08-25 13:56:13,809 - innolab - INFO -   70% [=========>     ] (164/234) [0s:0s]
2025-08-25 13:56:13,810 - innolab - INFO -   70% [=========>     ] (165/234) [0s:0s]
2025-08-25 13:56:13,810 - innolab - INFO -   70% [=========>     ] (166/234) [0s:0s]
2025-08-25 13:56:13,810 - innolab - INFO -   71% [=========>     ] (167/234) [0s:0s]
2025-08-25 13:56:13,810 - innolab - INFO -   71% [=========>     ] (168/234) [0s:0s]
2025-08-25 13:56:13,810 - innolab - INFO -   72% [=========>     ] (169/234) [0s:0s]
2025-08-25 13:56:13,811 - innolab - INFO -   72% [=========>     ] (170/234) [0s:0s]
2025-08-25 13:56:13,811 - innolab - INFO -   73% [=========>     ] (171/234) [0s:0s]
2025-08-25 13:56:13,811 - innolab - INFO -   73% [==========>    ] (172/234) [0s:0s]
2025-08-25 13:56:13,811 - innolab - INFO -   73% [==========>    ] (173/234) [0s:0s]
2025-08-25 13:56:13,811 - innolab - INFO -   74% [==========>    ] (174/234) [0s:0s]
2025-08-25 13:56:13,811 - innolab - INFO -   74% [==========>    ] (175/234) [0s:0s]
2025-08-25 13:56:13,812 - innolab - INFO -   75% [==========>    ] (176/234) [0s:0s]
2025-08-25 13:56:13,812 - innolab - INFO -   75% [==========>    ] (177/234) [0s:0s]
2025-08-25 13:56:13,812 - innolab - INFO -   76% [==========>    ] (178/234) [0s:0s]
2025-08-25 13:56:13,812 - innolab - INFO -   76% [==========>    ] (179/234) [0s:0s]
2025-08-25 13:56:13,812 - innolab - INFO -   76% [==========>    ] (180/234) [0s:0s]
2025-08-25 13:56:13,812 - innolab - INFO -   77% [==========>    ] (181/234) [0s:0s]
2025-08-25 13:56:13,813 - innolab - INFO -   77% [==========>    ] (182/234) [0s:0s]
2025-08-25 13:56:13,813 - innolab - INFO -   78% [==========>    ] (183/234) [0s:0s]
2025-08-25 13:56:13,813 - innolab - INFO -   78% [==========>    ] (184/234) [0s:0s]
2025-08-25 13:56:13,813 - innolab - INFO -   79% [==========>    ] (185/234) [0s:0s]
2025-08-25 13:56:13,813 - innolab - INFO -   79% [==========>    ] (186/234) [0s:0s]
2025-08-25 13:56:13,813 - innolab - INFO -   79% [==========>    ] (187/234) [0s:0s]
2025-08-25 13:56:13,814 - innolab - INFO -   80% [===========>   ] (188/234) [0s:0s]
2025-08-25 13:56:13,814 - innolab - INFO -   80% [===========>   ] (189/234) [0s:0s]
2025-08-25 13:56:13,814 - innolab - INFO -   81% [===========>   ] (190/234) [0s:0s]
2025-08-25 13:56:13,814 - innolab - INFO -   81% [===========>   ] (191/234) [0s:0s]
2025-08-25 13:56:13,814 - innolab - INFO -   82% [===========>   ] (192/234) [0s:0s]
2025-08-25 13:56:13,814 - innolab - INFO -   82% [===========>   ] (193/234) [0s:0s]
2025-08-25 13:56:13,814 - innolab - INFO -   82% [===========>   ] (194/234) [0s:0s]
2025-08-25 13:56:13,815 - innolab - INFO -   83% [===========>   ] (195/234) [0s:0s]
2025-08-25 13:56:13,815 - innolab - INFO -   83% [===========>   ] (196/234) [0s:0s]
2025-08-25 13:56:13,815 - innolab - INFO -   84% [===========>   ] (197/234) [0s:0s]
2025-08-25 13:56:13,815 - innolab - INFO -   84% [===========>   ] (198/234) [0s:0s]
2025-08-25 13:56:13,815 - innolab - INFO -   85% [===========>   ] (199/234) [0s:0s]
2025-08-25 13:56:13,816 - innolab - INFO -   85% [===========>   ] (200/234) [0s:0s]
2025-08-25 13:56:13,816 - innolab - INFO -   85% [===========>   ] (201/234) [0s:0s]
2025-08-25 13:56:13,816 - innolab - INFO -   86% [===========>   ] (202/234) [0s:0s]
2025-08-25 13:56:13,821 - innolab - INFO -   86% [============>  ] (203/234) [0s:0s]
2025-08-25 13:56:13,821 - innolab - INFO -   87% [============>  ] (204/234) [0s:0s]
2025-08-25 13:56:13,821 - innolab - INFO -   87% [============>  ] (205/234) [0s:0s]
2025-08-25 13:56:13,842 - innolab - INFO -   88% [============>  ] (206/234) [0s:0s]
2025-08-25 13:56:13,843 - innolab - INFO -   88% [============>  ] (207/234) [1s:0s]
2025-08-25 13:56:13,843 - innolab - INFO -   88% [============>  ] (208/234) [1s:0s]
2025-08-25 13:56:13,859 - innolab - INFO -   89% [============>  ] (209/234) [1s:0s]
2025-08-25 13:56:13,860 - innolab - INFO -   89% [============>  ] (210/234) [1s:0s]
2025-08-25 13:56:13,860 - innolab - INFO -   90% [============>  ] (211/234) [1s:0s]
2025-08-25 13:56:13,860 - innolab - INFO -   90% [============>  ] (212/234) [1s:0s]
2025-08-25 13:56:13,861 - innolab - INFO -   91% [============>  ] (213/234) [1s:0s]
2025-08-25 13:56:13,861 - innolab - INFO -   91% [============>  ] (214/234) [1s:0s]
2025-08-25 13:56:13,873 - innolab - INFO -   91% [============>  ] (215/234) [1s:0s]
2025-08-25 13:56:13,873 - innolab - INFO -   92% [============>  ] (216/234) [1s:0s]
2025-08-25 13:56:13,884 - innolab - INFO -   92% [============>  ] (217/234) [1s:0s]
2025-08-25 13:56:13,896 - innolab - INFO -   93% [============>  ] (218/234) [1s:0s]
2025-08-25 13:56:13,913 - innolab - INFO -   93% [=============> ] (219/234) [1s:0s]
2025-08-25 13:56:13,913 - innolab - INFO -   94% [=============> ] (220/234) [1s:0s]
2025-08-25 13:56:13,924 - innolab - INFO -   94% [=============> ] (221/234) [1s:0s]
2025-08-25 13:56:13,935 - innolab - INFO -   94% [=============> ] (222/234) [1s:0s]
2025-08-25 13:56:13,947 - innolab - INFO -   95% [=============> ] (223/234) [1s:0s]
2025-08-25 13:56:13,957 - innolab - INFO -   95% [=============> ] (224/234) [1s:0s]
2025-08-25 13:56:13,972 - innolab - INFO -   96% [=============> ] (225/234) [1s:0s]
2025-08-25 13:56:13,972 - innolab - INFO -   96% [=============> ] (226/234) [1s:0s]
2025-08-25 13:56:13,973 - innolab - INFO -   97% [=============> ] (227/234) [1s:0s]
2025-08-25 13:56:13,995 - innolab - INFO -   97% [=============> ] (228/234) [1s:0s]
2025-08-25 13:56:14,011 - innolab - INFO -   97% [=============> ] (229/234) [1s:0s]
2025-08-25 13:56:14,024 - innolab - INFO -   98% [=============> ] (230/234) [1s:0s]
2025-08-25 13:56:14,024 - innolab - INFO -   98% [=============> ] (231/234) [1s:0s]
2025-08-25 13:56:14,037 - innolab - INFO -   99% [=============> ] (232/234) [1s:0s]
2025-08-25 13:56:14,038 - innolab - INFO -   99% [=============> ] (233/234) [1s:0s]
2025-08-25 13:56:14,038 - innolab - INFO -  100% [===============] (234/234) [1s]
2025-08-25 13:56:14,472 - innolab - ERROR - Command failed with return code 1
2025-08-25 13:56:14,472 - innolab - ERROR - Bearer scan failed. Output: Analyzing codebase

  (1/-) [0s] 
              

  (307/-) [0s] 
Loading rules
Scanning target /scan

    8% [>              ] (1/12) [0s:0s]
                                        

   16% [=>             ] (2/12) [0s:0s]
                                        

   25% [==>            ] (3/12) [0s:0s]
                                        

   33% [====>          ] (4/12) [0s:0s]
                                        

   41% [=====>         ] (5/12) [0s:0s]
                                        

   50% [======>        ] (6/12) [0s:0s]
                                        

   58% [=======>       ] (7/12) [0s:0s]
                                        

   66% [=========>     ] (8/12) [0s:0s]
                                        

   75% [==========>    ] (9/12) [0s:0s]
                                        

   83% [===========>   ] (10/12) [0s:0s]
                                         

   91% [============>  ] (11/12) [0s:0s]
                                         

  100% [===============] (12/12) [0s]
Running Detectors
Generating dataflow
Evaluating rules

    0% [               ] (1/234) [0s:0s]
                                         

    0% [               ] (2/234) [0s:1s]
                                         

    1% [               ] (3/234) [0s:0s]
                                         

    1% [               ] (4/234) [0s:0s]
                                         

    2% [               ] (5/234) [0s:0s]
                                         

    2% [               ] (6/234) [0s:0s]
                                         

    2% [               ] (7/234) [0s:0s]
                                         

    3% [               ] (8/234) [0s:0s]
                                         

    3% [               ] (9/234) [0s:0s]
                                         

    4% [               ] (10/234) [0s:0s]
                                          

    4% [               ] (11/234) [0s:1s]
                                          

    5% [               ] (12/234) [0s:0s]
                                          

    5% [               ] (13/234) [0s:0s]
                                          

    5% [               ] (14/234) [0s:1s]
                                          

    6% [               ] (15/234) [0s:1s]
                                          

    6% [>              ] (16/234) [0s:1s]
                                          

    7% [>              ] (17/234) [0s:1s]
                                          

    7% [>              ] (18/234) [0s:1s]
                                          

    8% [>              ] (19/234) [0s:1s]
                                          

    8% [>              ] (20/234) [0s:1s]
                                          

    8% [>              ] (21/234) [0s:1s]
                                          

    9% [>              ] (22/234) [0s:1s]
                                          

    9% [>              ] (23/234) [0s:1s]
                                          

   10% [>              ] (24/234) [0s:1s]
                                          

   10% [>              ] (25/234) [0s:1s]
                                          

   11% [>              ] (26/234) [0s:1s]
                                          

   11% [>              ] (27/234) [0s:1s]
                                          

   11% [>              ] (28/234) [0s:1s]
                                          

   12% [>              ] (29/234) [0s:1s]
                                          

   12% [>              ] (30/234) [0s:1s]
                                          

   13% [>              ] (31/234) [0s:1s]
                                          

   13% [=>             ] (32/234) [0s:1s]
                                          

   14% [=>             ] (33/234) [0s:1s]
                                          

   14% [=>             ] (34/234) [0s:1s]
                                          

   14% [=>             ] (35/234) [0s:1s]
                                          

   15% [=>             ] (36/234) [0s:1s]
                                          

   15% [=>             ] (37/234) [0s:1s]
                                          

   16% [=>             ] (38/234) [0s:1s]
                                          

   16% [=>             ] (39/234) [0s:1s]
                                          

   17% [=>             ] (40/234) [0s:1s]
                                          

   17% [=>             ] (41/234) [0s:1s]
                                          

   17% [=>             ] (42/234) [0s:1s]
                                          

   18% [=>             ] (43/234) [0s:1s]
                                          

   18% [=>             ] (44/234) [0s:1s]
                                          

   19% [=>             ] (45/234) [0s:1s]
                                          

   19% [=>             ] (46/234) [0s:1s]
                                          

   20% [==>            ] (47/234) [0s:1s]
                                          

   20% [==>            ] (48/234) [0s:1s]
                                          

   20% [==>            ] (49/234) [0s:1s]
                                          

   21% [==>            ] (50/234) [0s:1s]
                                          

   21% [==>            ] (51/234) [0s:1s]
                                          

   22% [==>            ] (52/234) [0s:1s]
                                          

   22% [==>            ] (53/234) [0s:1s]
                                          

   23% [==>            ] (54/234) [0s:1s]
                                          

   23% [==>            ] (55/234) [0s:1s]
                                          

   23% [==>            ] (56/234) [0s:1s]
                                          

   24% [==>            ] (57/234) [0s:1s]
                                          

   24% [==>            ] (58/234) [0s:1s]
                                          

   25% [==>            ] (59/234) [0s:1s]
                                          

   25% [==>            ] (60/234) [0s:1s]
                                          

   26% [==>            ] (61/234) [0s:1s]
                                          

   26% [==>            ] (62/234) [0s:1s]
                                          

   26% [===>           ] (63/234) [0s:1s]
                                          

   27% [===>           ] (64/234) [0s:1s]
                                          

   27% [===>           ] (65/234) [0s:1s]
                                          

   28% [===>           ] (66/234) [0s:1s]
                                          

   28% [===>           ] (67/234) [0s:1s]
                                          

   29% [===>           ] (68/234) [0s:1s]
                                          

   29% [===>           ] (69/234) [0s:1s]
                                          

   29% [===>           ] (70/234) [0s:1s]
                                          

   30% [===>           ] (71/234) [0s:1s]
                                          

   30% [===>           ] (72/234) [0s:1s]
                                          

   31% [===>           ] (73/234) [0s:1s]
                                          

   31% [===>           ] (74/234) [0s:0s]
                                          

   32% [===>           ] (75/234) [0s:0s]
                                          

   32% [===>           ] (76/234) [0s:0s]
                                          

   32% [===>           ] (77/234) [0s:0s]
                                          

   33% [====>          ] (78/234) [0s:0s]
                                          

   33% [====>          ] (79/234) [0s:0s]
                                          

   34% [====>          ] (80/234) [0s:0s]
                                          

   34% [====>          ] (81/234) [0s:0s]
                                          

   35% [====>          ] (82/234) [0s:0s]
                                          

   35% [====>          ] (83/234) [0s:0s]
                                          

   35% [====>          ] (84/234) [0s:0s]
                                          

   36% [====>          ] (85/234) [0s:0s]
                                          

   36% [====>          ] (86/234) [0s:0s]
                                          

   37% [====>          ] (87/234) [0s:0s]
                                          

   37% [====>          ] (88/234) [0s:0s]
                                          

   38% [====>          ] (89/234) [0s:0s]
                                          

   38% [====>          ] (90/234) [0s:0s]
                                          

   38% [====>          ] (91/234) [0s:0s]
                                          

   39% [====>          ] (92/234) [0s:0s]
                                          

   39% [====>          ] (93/234) [0s:0s]
                                          

   40% [=====>         ] (94/234) [0s:0s]
                                          

   40% [=====>         ] (95/234) [0s:0s]
                                          

   41% [=====>         ] (96/234) [0s:0s]
                                          

   41% [=====>         ] (97/234) [0s:0s]
                                          

   41% [=====>         ] (98/234) [0s:0s]
                                          

   42% [=====>         ] (99/234) [0s:0s]
                                          

   42% [=====>         ] (100/234) [0s:0s]
                                           

   43% [=====>         ] (101/234) [0s:0s]
                                           

   43% [=====>         ] (102/234) [0s:0s]
                                           

   44% [=====>         ] (103/234) [0s:0s]
                                           

   44% [=====>         ] (104/234) [0s:0s]
                                           

   44% [=====>         ] (105/234) [0s:0s]
                                           

   45% [=====>         ] (106/234) [0s:0s]
                                           

   45% [=====>         ] (107/234) [0s:0s]
                                           

   46% [=====>         ] (108/234) [0s:0s]
                                           

   46% [=====>         ] (109/234) [0s:0s]
                                           

   47% [======>        ] (110/234) [0s:0s]
                                           

   47% [======>        ] (111/234) [0s:0s]
                                           

   47% [======>        ] (112/234) [0s:0s]
                                           

   48% [======>        ] (113/234) [0s:0s]
                                           

   48% [======>        ] (114/234) [0s:0s]
                                           

   49% [======>        ] (115/234) [0s:0s]
                                           

   49% [======>        ] (116/234) [0s:0s]
                                           

   50% [======>        ] (117/234) [0s:0s]
                                           

   50% [======>        ] (118/234) [0s:0s]
                                           

   50% [======>        ] (119/234) [0s:0s]
                                           

   51% [======>        ] (120/234) [0s:0s]
                                           

   51% [======>        ] (121/234) [0s:0s]
                                           

   52% [======>        ] (122/234) [0s:0s]
                                           

   52% [======>        ] (123/234) [0s:0s]
                                           

   52% [======>        ] (124/234) [0s:0s]
                                           

   53% [=======>       ] (125/234) [0s:0s]
                                           

   53% [=======>       ] (126/234) [0s:0s]
                                           

   54% [=======>       ] (127/234) [0s:0s]
                                           

   54% [=======>       ] (128/234) [0s:0s]
                                           

   55% [=======>       ] (129/234) [0s:0s]
                                           

   55% [=======>       ] (130/234) [0s:0s]
                                           

   55% [=======>       ] (131/234) [0s:0s]
                                           

   56% [=======>       ] (132/234) [0s:0s]
                                           

   56% [=======>       ] (133/234) [0s:0s]
                                           

   57% [=======>       ] (134/234) [0s:0s]
                                           

   57% [=======>       ] (135/234) [0s:0s]
                                           

   58% [=======>       ] (136/234) [0s:0s]
                                           

   58% [=======>       ] (137/234) [0s:0s]
                                           

   58% [=======>       ] (138/234) [0s:0s]
                                           

   59% [=======>       ] (139/234) [0s:0s]
                                           

   59% [=======>       ] (140/234) [0s:0s]
                                           

   60% [========>      ] (141/234) [0s:0s]
                                           

   60% [========>      ] (142/234) [0s:0s]
                                           

   61% [========>      ] (143/234) [0s:0s]
                                           

   61% [========>      ] (144/234) [0s:0s]
                                           

   61% [========>      ] (145/234) [0s:0s]
                                           

   62% [========>      ] (146/234) [0s:0s]
                                           

   62% [========>      ] (147/234) [0s:0s]
                                           

   63% [========>      ] (148/234) [0s:0s]
                                           

   63% [========>      ] (149/234) [0s:0s]
                                           

   64% [========>      ] (150/234) [0s:0s]
                                           

   64% [========>      ] (151/234) [0s:0s]
                                           

   64% [========>      ] (152/234) [0s:0s]
                                           

   65% [========>      ] (153/234) [0s:0s]
                                           

   65% [========>      ] (154/234) [0s:0s]
                                           

   66% [========>      ] (155/234) [0s:0s]
                                           

   66% [=========>     ] (156/234) [0s:0s]
                                           

   67% [=========>     ] (157/234) [0s:0s]
                                           

   67% [=========>     ] (158/234) [0s:0s]
                                           

   67% [=========>     ] (159/234) [0s:0s]
                                           

   68% [=========>     ] (160/234) [0s:0s]
                                           

   68% [=========>     ] (161/234) [0s:0s]
                                           

   69% [=========>     ] (162/234) [0s:0s]
                                           

   69% [=========>     ] (163/234) [0s:0s]
                                           

   70% [=========>     ] (164/234) [0s:0s]
                                           

   70% [=========>     ] (165/234) [0s:0s]
                                           

   70% [=========>     ] (166/234) [0s:0s]
                                           

   71% [=========>     ] (167/234) [0s:0s]
                                           

   71% [=========>     ] (168/234) [0s:0s]
                                           

   72% [=========>     ] (169/234) [0s:0s]
                                           

   72% [=========>     ] (170/234) [0s:0s]
                                           

   73% [=========>     ] (171/234) [0s:0s]
                                           

   73% [==========>    ] (172/234) [0s:0s]
                                           

   73% [==========>    ] (173/234) [0s:0s]
                                           

   74% [==========>    ] (174/234) [0s:0s]
                                           

   74% [==========>    ] (175/234) [0s:0s]
                                           

   75% [==========>    ] (176/234) [0s:0s]
                                           

   75% [==========>    ] (177/234) [0s:0s]
                                           

   76% [==========>    ] (178/234) [0s:0s]
                                           

   76% [==========>    ] (179/234) [0s:0s]
                                           

   76% [==========>    ] (180/234) [0s:0s]
                                           

   77% [==========>    ] (181/234) [0s:0s]
                                           

   77% [==========>    ] (182/234) [0s:0s]
                                           

   78% [==========>    ] (183/234) [0s:0s]
                                           

   78% [==========>    ] (184/234) [0s:0s]
                                           

   79% [==========>    ] (185/234) [0s:0s]
                                           

   79% [==========>    ] (186/234) [0s:0s]
                                           

   79% [==========>    ] (187/234) [0s:0s]
                                           

   80% [===========>   ] (188/234) [0s:0s]
                                           

   80% [===========>   ] (189/234) [0s:0s]
                                           

   81% [===========>   ] (190/234) [0s:0s]
                                           

   81% [===========>   ] (191/234) [0s:0s]
                                           

   82% [===========>   ] (192/234) [0s:0s]
                                           

   82% [===========>   ] (193/234) [0s:0s]
                                           

   82% [===========>   ] (194/234) [0s:0s]
                                           

   83% [===========>   ] (195/234) [0s:0s]
                                           

   83% [===========>   ] (196/234) [0s:0s]
                                           

   84% [===========>   ] (197/234) [0s:0s]
                                           

   84% [===========>   ] (198/234) [0s:0s]
                                           

   85% [===========>   ] (199/234) [0s:0s]
                                           

   85% [===========>   ] (200/234) [0s:0s]
                                           

   85% [===========>   ] (201/234) [0s:0s]
                                           

   86% [===========>   ] (202/234) [0s:0s]
                                           

   86% [============>  ] (203/234) [0s:0s]
                                           

   87% [============>  ] (204/234) [0s:0s]
                                           

   87% [============>  ] (205/234) [0s:0s]
                                           

   88% [============>  ] (206/234) [0s:0s]
                                           

   88% [============>  ] (207/234) [1s:0s]
                                           

   88% [============>  ] (208/234) [1s:0s]
                                           

   89% [============>  ] (209/234) [1s:0s]
                                           

   89% [============>  ] (210/234) [1s:0s]
                                           

   90% [============>  ] (211/234) [1s:0s]
                                           

   90% [============>  ] (212/234) [1s:0s]
                                           

   91% [============>  ] (213/234) [1s:0s]
                                           

   91% [============>  ] (214/234) [1s:0s]
                                           

   91% [============>  ] (215/234) [1s:0s]
                                           

   92% [============>  ] (216/234) [1s:0s]
                                           

   92% [============>  ] (217/234) [1s:0s]
                                           

   93% [============>  ] (218/234) [1s:0s]
                                           

   93% [=============> ] (219/234) [1s:0s]
                                           

   94% [=============> ] (220/234) [1s:0s]
                                           

   94% [=============> ] (221/234) [1s:0s]
                                           

   94% [=============> ] (222/234) [1s:0s]
                                           

   95% [=============> ] (223/234) [1s:0s]
                                           

   95% [=============> ] (224/234) [1s:0s]
                                           

   96% [=============> ] (225/234) [1s:0s]
                                           

   96% [=============> ] (226/234) [1s:0s]
                                           

   97% [=============> ] (227/234) [1s:0s]
                                           

   97% [=============> ] (228/234) [1s:0s]
                                           

   97% [=============> ] (229/234) [1s:0s]
                                           

   98% [=============> ] (230/234) [1s:0s]
                                           

   98% [=============> ] (231/234) [1s:0s]
                                           

   99% [=============> ] (232/234) [1s:0s]
                                           

   99% [=============> ] (233/234) [1s:0s]
                                           

  100% [===============] (234/234) [1s]

2025-08-25 13:56:14,476 - innolab - INFO - Iteration 1: Found 0 open bugs (0 BUG, 0 CODE_SMELL) in BEARER scan
2025-08-25 13:56:14,477 - innolab - INFO - No bugs found - execution completed successfully
2025-08-25 13:56:14,477 - innolab - INFO - === EXECUTION RESULT ===
2025-08-25 13:56:14,477 - innolab - INFO - Mode: LOCAL
2025-08-25 13:56:14,477 - innolab - INFO - Project: my-service
2025-08-25 13:56:14,477 - innolab - INFO - Total bugs fixed: 0
2025-08-25 13:56:14,477 - innolab - INFO - Total iterations: 1
2025-08-25 13:56:14,477 - innolab - INFO - Start time: 2025-08-25T13:56:07.786219
2025-08-25 13:56:14,478 - innolab - INFO - End time: 2025-08-25T13:56:14.477242
2025-08-25 13:56:14,478 - innolab - INFO - Iteration 1: 0 bugs found, 0 fixed
