2025-08-25 16:02:20,423 - innolab - INFO - ExecutionServiceNoMongo initialized with:
2025-08-25 16:02:20,423 - innolab - INFO -   Max iterations: 5
2025-08-25 16:02:20,423 - innolab - INFO -   Project key: my-service
2025-08-25 16:02:20,423 - innolab - INFO -   Source code path: d:\InnoLab\SonarQ\source_bug
2025-08-25 16:02:20,424 - innolab - INFO -   Scan directory: source_bug
2025-08-25 16:02:20,424 - innolab - INFO -   Scan mode: ['bearer']
2025-08-25 16:02:20,424 - innolab - INFO -   RAG available: True
2025-08-25 16:02:20,424 - innolab - INFO - Starting execution without RAG (mode: DifyMode.LOCAL)
2025-08-25 16:02:20,424 - innolab - INFO - 
=== ITERATION 1/5 ===
2025-08-25 16:02:20,425 - innolab - INFO - Loading Bearer scan results for project: my-service
2025-08-25 16:02:20,426 - innolab - INFO - Reading Bearer scan results from: d:\InnoLab\SonarQ\bearer_results\bearer_results_my-service.json
2025-08-25 16:02:20,427 - innolab - INFO - Bearer scan results loaded successfully
2025-08-25 16:02:20,427 - innolab - INFO - Found 3 Bearer security issues
2025-08-25 16:02:20,427 - innolab - INFO - BEARER scanner found 3 bugs
2025-08-25 16:02:20,427 - innolab - INFO - Iteration 1: Found 3 open bugs (0 BUG, 0 CODE_SMELL) across scanners: BEARER
2025-08-25 16:02:20,427 - innolab - INFO - Need to fix 3 bugs using Dify
2025-08-25 16:02:20,428 - innolab - INFO - Running workflow with Dify API: app-21rA0wUAaR7PKPdmCX2WJxMo
2025-08-25 16:02:20,428 - innolab - INFO - User: hieult
2025-08-25 16:02:20,428 - innolab - INFO - Mode: bearer
2025-08-25 16:02:20,428 - innolab - INFO - Base URL: https://api.dify.ai/v1
2025-08-25 16:02:20,428 - innolab - INFO - Generating Dify headers for api_key: app-21...
2025-08-25 16:02:20,428 - innolab - INFO - POST https://api.dify.ai/v1/workflows/run with payload: {'inputs': {'is_use_rag': 'False', 'report': '[{"key": "bearer_python_lang_avoid_pickle_dacfec7a132bf64e199a6d2ad0d36a87_0", "rule": "python_lang_avoid_pickle", "severity": "BLOCKER", "component": "appy.py", "line": 48, "message": "Usage of unsafe Pickle libraries. ## Description\\n\\nUsing pickle, _pickle and cPickle can make your application vulnerable to unsafe code execution. This is because the deserialization logic of these libraries allows for arbitrary code ...", "status": "OPEN", "type": "VULNERABILITY", "effort": "15min", "debt": "15min", "tags": ["security", "bearer", "critical", "cwe-502"], "creationDate": "2025-08-25T16:02:20.427265", "updateDate": "2025-08-25T16:02:20.427269", "textRange": {"startLine": 48, "endLine": 48, "startOffset": 11, "endOffset": 29}}, {"key": "bearer_python_lang_ssl_verification_d44c2edc9454db162c25339b54563d42_0", "rule": "python_lang_ssl_verification", "severity": "CRITICAL", "component": "appy.py", "line": 64, "message": "Missing SSL certificate verification. ## Description\\n\\nMissing or optional SSL certificate verification can compromise the security of sensitive data. This vulnerability arises when an application fails to check for valid SSL certificates ...", "status": "OPEN", "type": "VULNERABILITY", "effort": "15min", "debt": "15min", "tags": ["security", "bearer", "high", "cwe-295"], "creationDate": "2025-08-25T16:02:20.427291", "updateDate": "2025-08-25T16:02:20.427292", "textRange": {"startLine": 64, "endLine": 64, "startOffset": 9, "endOffset": 40}}, {"key": "bearer_python_lang_weak_hash_md5_403b9d8f405ebbdf90685e618477f370_0", "rule": "python_lang_weak_hash_md5", "severity": "MAJOR", "component": "appy.py", "line": 55, "message": "Usage of weak hashing library (MDx). ## Description\\n\\nUsing a weak hashing library, such as MD5, increases the risk of data breaches. MD5 itself is vulnerable to collision attacks, where two different inputs can produce the same hash valu...", "status": "OPEN", "type": "VULNERABILITY", "effort": "10min", "debt": "10min", "tags": ["security", "bearer", "medium", "cwe-328"], "creationDate": "2025-08-25T16:02:20.427306", "updateDate": "2025-08-25T16:02:20.427307", "textRange": {"startLine": 55, "endLine": 55, "startOffset": 9, "endOffset": 39}}]'}, 'user': 'hieult', 'response_mode': 'blocking'}
2025-08-25 16:02:20,925 - innolab - INFO - Dify workflow run response status: 401
2025-08-25 16:02:20,926 - innolab - INFO - Dify workflow run response: {"code": "unauthorized", "message": "Access token is invalid", "status": 401}

2025-08-25 16:02:20,926 - innolab - ERROR - Failed to run workflow via Dify: 401 Client Error: UNAUTHORIZED for url: https://api.dify.ai/v1/workflows/run
2025-08-25 16:02:20,927 - innolab - ERROR - DIFY:Error in analysis_bugs_with_dify: 401 Client Error: UNAUTHORIZED for url: https://api.dify.ai/v1/workflows/run
2025-08-25 16:02:20,928 - innolab - INFO - No real bugs to fix after analysis
2025-08-25 16:02:20,928 - innolab - INFO - === EXECUTION RESULT ===
2025-08-25 16:02:20,929 - innolab - INFO - Mode: bearer
2025-08-25 16:02:20,929 - innolab - INFO - Project: my-service
2025-08-25 16:02:20,929 - innolab - INFO - Total bugs fixed: 0
2025-08-25 16:02:20,930 - innolab - INFO - Total iterations: 1
2025-08-25 16:02:20,930 - innolab - INFO - Start time: 2025-08-25T16:02:20.424682
2025-08-25 16:02:20,931 - innolab - INFO - End time: 2025-08-25T16:02:20.928716
2025-08-25 16:02:20,931 - innolab - INFO - Iteration 1: 3 bugs found, 0 fixed
