2025-08-19 15:09:00,081 - innolab - INFO - ExecutionServiceNoMongo initialized with:
2025-08-19 15:09:00,081 - innolab - INFO -   Max iterations: 5
2025-08-19 15:09:00,081 - innolab - INFO -   Project key: my-service
2025-08-19 15:09:00,081 - innolab - INFO -   Source code path: d:\InnoLab\SonarQ\source_bug
2025-08-19 15:09:00,081 - innolab - INFO -   RAG available: True
2025-08-19 15:09:00,082 - innolab - INFO - Starting execution without RAG (mode: DifyMode.LOCAL)
2025-08-19 15:09:00,082 - innolab - INFO - 
=== ITERATION 1/5 ===
2025-08-19 15:09:00,082 - innolab - INFO - Starting SonarQube scan for project: my-service
2025-08-19 15:09:00,082 - innolab - INFO - Step 1: Running SonarQube scan...
2025-08-19 15:09:00,083 - innolab - INFO - Ensuring sonar-scanner container is running...
2025-08-19 15:09:00,144 - innolab - INFO - sonar_scanner
2025-08-19 15:09:02,147 - innolab - INFO - Created sonar-project.properties for project: my-service
2025-08-19 15:09:02,148 - innolab - INFO - Running containerized scan: docker exec -w /usr/src -e SONAR_HOST_URL=http://sonarqube:9000 -e SONAR_TOKEN=sqa_4192a18c96af8a90d3fb300bcd538be788a23d00 sonar_scanner sonar-scanner
2025-08-19 15:09:02,410 - innolab - INFO - INFO: Scanner configuration file: /opt/sonar-scanner/conf/sonar-scanner.properties
2025-08-19 15:09:02,414 - innolab - INFO - INFO: Project root configuration file: /usr/src/sonar-project.properties
2025-08-19 15:09:02,437 - innolab - INFO - INFO: SonarScanner 5.0.1.3006
2025-08-19 15:09:02,437 - innolab - INFO - INFO: Java 17.0.10 Alpine (64-bit)
2025-08-19 15:09:02,437 - innolab - INFO - INFO: Linux 5.15.167.4-microsoft-standard-WSL2 amd64
2025-08-19 15:09:02,627 - innolab - INFO - INFO: User cache: /opt/sonar-scanner/.sonar/cache
2025-08-19 15:09:02,692 - innolab - INFO - INFO: Analyzing on SonarQube server 9.9.8.100196
2025-08-19 15:09:02,693 - innolab - INFO - INFO: Default locale: "en_US", source code encoding: "UTF-8" (analysis is platform dependent)
2025-08-19 15:09:03,059 - innolab - INFO - INFO: Load global settings
2025-08-19 15:09:03,116 - innolab - INFO - INFO: Load global settings (done) | time=52ms
2025-08-19 15:09:03,118 - innolab - INFO - INFO: Server id: 243B8A4D-AZicab4HpgA6QkPiXxB5
2025-08-19 15:09:03,118 - innolab - INFO - INFO: User cache: /opt/sonar-scanner/.sonar/cache
2025-08-19 15:09:03,119 - innolab - INFO - INFO: Load/download plugins
2025-08-19 15:09:03,119 - innolab - INFO - INFO: Load plugins index
2025-08-19 15:09:03,157 - innolab - INFO - INFO: Load plugins index (done) | time=39ms
2025-08-19 15:09:03,217 - innolab - INFO - INFO: Load/download plugins (done) | time=100ms
2025-08-19 15:09:03,572 - innolab - INFO - INFO: Process project properties
2025-08-19 15:09:03,578 - innolab - INFO - INFO: Process project properties (done) | time=6ms
2025-08-19 15:09:03,580 - innolab - INFO - INFO: Execute project builders
2025-08-19 15:09:03,581 - innolab - INFO - INFO: Execute project builders (done) | time=1ms
2025-08-19 15:09:03,595 - innolab - INFO - INFO: Project key: my-service
2025-08-19 15:09:03,596 - innolab - INFO - INFO: Base dir: /usr/src
2025-08-19 15:09:03,596 - innolab - INFO - INFO: Working dir: /usr/src/.scannerwork
2025-08-19 15:09:03,606 - innolab - INFO - INFO: Load project settings for component key: 'my-service'
2025-08-19 15:09:03,753 - innolab - INFO - WARN: SCM provider autodetection failed. Please use "sonar.scm.provider" to define SCM of your project, or disable the SCM Sensor in the project settings.
2025-08-19 15:09:03,762 - innolab - INFO - INFO: Load quality profiles
2025-08-19 15:09:03,801 - innolab - INFO - INFO: Load quality profiles (done) | time=39ms
2025-08-19 15:09:03,804 - innolab - INFO - INFO: Load active rules
2025-08-19 15:09:04,569 - innolab - INFO - INFO: Load active rules (done) | time=764ms
2025-08-19 15:09:04,573 - innolab - INFO - INFO: Load analysis cache
2025-08-19 15:09:04,576 - innolab - INFO - INFO: Load analysis cache (404) | time=4ms
2025-08-19 15:09:04,631 - innolab - INFO - INFO: Load project repositories
2025-08-19 15:09:04,634 - innolab - INFO - INFO: Load project repositories (done) | time=4ms
2025-08-19 15:09:04,661 - innolab - INFO - INFO: Indexing files...
2025-08-19 15:09:04,662 - innolab - INFO - INFO: Project configuration:
2025-08-19 15:09:04,663 - innolab - INFO - INFO:   Excluded sources: **/node_modules/**, **/dist/**, **/build/**, **/.git/**
2025-08-19 15:09:04,982 - innolab - INFO - INFO: 20 files indexed
2025-08-19 15:09:04,983 - innolab - INFO - INFO: 0 files ignored because of inclusion/exclusion patterns
2025-08-19 15:09:04,984 - innolab - INFO - INFO: Quality profile for css: Sonar way
2025-08-19 15:09:04,984 - innolab - INFO - INFO: Quality profile for py: Sonar way
2025-08-19 15:09:04,984 - innolab - INFO - INFO: Quality profile for web: Sonar way
2025-08-19 15:09:04,985 - innolab - INFO - INFO: ------------- Run sensors on module my-service
2025-08-19 15:09:05,063 - innolab - INFO - INFO: Load metrics repository
2025-08-19 15:09:05,078 - innolab - INFO - INFO: Load metrics repository (done) | time=15ms
2025-08-19 15:09:06,038 - innolab - INFO - INFO: Sensor Python Sensor [python]
2025-08-19 15:09:06,040 - innolab - INFO - WARN: Your code is analyzed as compatible with python 2 and 3 by default. This will prevent the detection of issues specific to python 2 or python 3. You can get a more precise analysis by setting a python version in your configuration via the parameter "sonar.python.version"
2025-08-19 15:09:06,058 - innolab - INFO - INFO: Starting global symbols computation
2025-08-19 15:09:06,061 - innolab - INFO - INFO: 2 source files to be analyzed
2025-08-19 15:09:06,302 - innolab - INFO - INFO: 2/2 source files have been analyzed
2025-08-19 15:09:06,335 - innolab - INFO - INFO: Starting rules execution
2025-08-19 15:09:06,335 - innolab - INFO - INFO: 2 source files to be analyzed
2025-08-19 15:09:06,660 - innolab - INFO - INFO: 2/2 source files have been analyzed
2025-08-19 15:09:06,661 - innolab - INFO - INFO: The Python analyzer was able to leverage cached data from previous analyses for 0 out of 2 files. These files were not parsed.
2025-08-19 15:09:06,661 - innolab - INFO - INFO: Sensor Python Sensor [python] (done) | time=623ms
2025-08-19 15:09:06,662 - innolab - INFO - INFO: Sensor Cobertura Sensor for Python coverage [python]
2025-08-19 15:09:06,796 - innolab - INFO - INFO: Sensor Cobertura Sensor for Python coverage [python] (done) | time=135ms
2025-08-19 15:09:06,796 - innolab - INFO - INFO: Sensor PythonXUnitSensor [python]
2025-08-19 15:09:06,968 - innolab - INFO - INFO: Sensor PythonXUnitSensor [python] (done) | time=173ms
2025-08-19 15:09:06,968 - innolab - INFO - INFO: Sensor JaCoCo XML Report Importer [jacoco]
2025-08-19 15:09:06,969 - innolab - INFO - INFO: 'sonar.coverage.jacoco.xmlReportPaths' is not defined. Using default locations: target/site/jacoco/jacoco.xml,target/site/jacoco-it/jacoco.xml,build/reports/jacoco/test/jacocoTestReport.xml
2025-08-19 15:09:06,971 - innolab - INFO - INFO: No report imported, no coverage information will be imported by JaCoCo XML Report Importer
2025-08-19 15:09:06,972 - innolab - INFO - INFO: Sensor JaCoCo XML Report Importer [jacoco] (done) | time=4ms
2025-08-19 15:09:06,972 - innolab - INFO - INFO: Sensor CSS Rules [javascript]
2025-08-19 15:19:27,086 - innolab - INFO - INFO: 16 source files to be analyzed
2025-08-19 15:19:37,087 - innolab - INFO - INFO: 0/16 files analyzed, current file: /usr/src/fixed/Flask App/Static/style.css
2025-08-19 15:19:43,009 - innolab - INFO - INFO: 16/16 source files have been analyzed
2025-08-19 15:19:43,010 - innolab - INFO - INFO: Hit the cache for 0 out of 0
2025-08-19 15:19:43,011 - innolab - INFO - INFO: Miss the cache for 0 out of 0
2025-08-19 15:19:43,011 - innolab - INFO - INFO: Sensor CSS Rules [javascript] (done) | time=636038ms
2025-08-19 15:19:43,012 - innolab - INFO - INFO: Sensor CSS Metrics [javascript]
2025-08-19 15:19:43,096 - innolab - INFO - INFO: Sensor CSS Metrics [javascript] (done) | time=85ms
2025-08-19 15:19:43,097 - innolab - INFO - INFO: Sensor C# Project Type Information [csharp]
2025-08-19 15:19:43,097 - innolab - INFO - INFO: Sensor C# Project Type Information [csharp] (done) | time=1ms
2025-08-19 15:19:43,097 - innolab - INFO - INFO: Sensor C# Analysis Log [csharp]
2025-08-19 15:19:43,108 - innolab - INFO - INFO: Sensor C# Analysis Log [csharp] (done) | time=11ms
2025-08-19 15:19:43,109 - innolab - INFO - INFO: Sensor C# Properties [csharp]
2025-08-19 15:19:43,109 - innolab - INFO - INFO: Sensor C# Properties [csharp] (done) | time=0ms
2025-08-19 15:19:43,109 - innolab - INFO - INFO: Sensor HTML [web]
2025-08-19 15:19:43,730 - innolab - INFO - INFO: Sensor HTML [web] (done) | time=621ms
2025-08-19 15:19:43,730 - innolab - INFO - INFO: Sensor TextAndSecretsSensor [text]
2025-08-19 15:19:43,736 - innolab - INFO - INFO: 18 source files to be analyzed
2025-08-19 15:19:43,872 - innolab - INFO - INFO: 18/18 source files have been analyzed
2025-08-19 15:19:43,873 - innolab - INFO - INFO: Sensor TextAndSecretsSensor [text] (done) | time=143ms
2025-08-19 15:19:43,873 - innolab - INFO - INFO: Sensor VB.NET Project Type Information [vbnet]
2025-08-19 15:19:43,874 - innolab - INFO - INFO: Sensor VB.NET Project Type Information [vbnet] (done) | time=0ms
2025-08-19 15:19:43,874 - innolab - INFO - INFO: Sensor VB.NET Analysis Log [vbnet]
2025-08-19 15:19:43,883 - innolab - INFO - INFO: Sensor VB.NET Analysis Log [vbnet] (done) | time=9ms
2025-08-19 15:19:43,883 - innolab - INFO - INFO: Sensor VB.NET Properties [vbnet]
2025-08-19 15:19:43,883 - innolab - INFO - INFO: Sensor VB.NET Properties [vbnet] (done) | time=0ms
2025-08-19 15:19:43,884 - innolab - INFO - INFO: Sensor IaC Docker Sensor [iac]
2025-08-19 15:19:43,886 - innolab - INFO - INFO: 0 source files to be analyzed
2025-08-19 15:19:43,924 - innolab - INFO - INFO: 0/0 source files have been analyzed
2025-08-19 15:19:43,925 - innolab - INFO - INFO: Sensor IaC Docker Sensor [iac] (done) | time=42ms
2025-08-19 15:19:43,929 - innolab - INFO - INFO: ------------- Run sensors on project
2025-08-19 15:19:43,964 - innolab - INFO - INFO: Sensor Analysis Warnings import [csharp]
2025-08-19 15:19:43,965 - innolab - INFO - INFO: Sensor Analysis Warnings import [csharp] (done) | time=0ms
2025-08-19 15:19:43,965 - innolab - INFO - INFO: Sensor Zero Coverage Sensor
2025-08-19 15:19:43,994 - innolab - INFO - INFO: Sensor Zero Coverage Sensor (done) | time=29ms
2025-08-19 15:19:43,994 - innolab - INFO - INFO: SCM Publisher No SCM system was detected. You can use the 'sonar.scm.provider' property to explicitly specify it.
2025-08-19 15:19:43,998 - innolab - INFO - INFO: CPD Executor 1 file had no CPD blocks
2025-08-19 15:19:43,999 - innolab - INFO - INFO: CPD Executor Calculating CPD for 15 files
2025-08-19 15:19:44,068 - innolab - INFO - INFO: CPD Executor CPD calculation finished (done) | time=69ms
2025-08-19 15:19:45,311 - innolab - INFO - INFO: Analysis report generated in 533ms, dir size=156.3 kB
2025-08-19 15:19:51,162 - innolab - INFO - INFO: Analysis report compressed in 5827ms, zip size=44.0 kB
2025-08-19 15:19:51,403 - innolab - INFO - INFO: Analysis report uploaded in 242ms
2025-08-19 15:19:51,412 - innolab - INFO - INFO: ANALYSIS SUCCESSFUL, you can find the results at: http://sonarqube:9000/dashboard?id=my-service
2025-08-19 15:19:51,413 - innolab - INFO - INFO: Note that you will be able to access the updated dashboard once the server has processed the submitted analysis report
2025-08-19 15:19:51,413 - innolab - INFO - INFO: More about the report processing at http://sonarqube:9000/api/ce/task?id=AZjBacXcU3IzlPp-RhcI
