2025-08-19 13:48:24,411 - innolab - INFO - ExecutionServiceNoMongo initialized with:
2025-08-19 13:48:24,411 - innolab - INFO -   Max iterations: 5
2025-08-19 13:48:24,411 - innolab - INFO -   Project key: my-service
2025-08-19 13:48:24,412 - innolab - INFO -   Source code path: d:\InnoLab\SonarQ\source_bug
2025-08-19 13:48:24,412 - innolab - INFO -   RAG available: True
2025-08-19 13:48:24,414 - innolab - INFO - Starting execution without RAG (mode: DifyMode.LOCAL)
2025-08-19 13:48:24,414 - innolab - INFO - 
=== ITERATION 1/5 ===
2025-08-19 13:48:24,415 - innolab - INFO - Starting SonarQube scan for project: my-service
2025-08-19 13:48:24,415 - innolab - INFO - Step 1: Running SonarQube scan...
2025-08-19 13:48:24,415 - innolab - INFO - Ensuring sonar-scanner container is running...
2025-08-19 13:48:40,321 - innolab - WARNING - sonar-scanner Pulling 
 abe98265d206 Pulling fs layer 
 4f4fb700ef54 Pulling fs layer 
 4f4fb700ef54 Pulling fs layer 
 3c854c8cbf46 Pulling fs layer 
 c49a83759257 Pulling fs layer 
 4f4fb700ef54 Already exists 
 4f4fb700ef54 Pull complete 
 abe98265d206 Downloading [>                                                  ]  2.097MB/119.9MB
 abe98265d206 Downloading [=>                                                 ]  4.194MB/119.9MB
 abe98265d206 Downloading [===>                                               ]   7.34MB/119.9MB
 abe98265d206 Downloading [====>                                              ]  10.49MB/119.9MB
 abe98265d206 Downloading [=====>                                             ]  12.58MB/119.9MB
 abe98265d206 Downloading [======>                                            ]  14.68MB/119.9MB
 c49a83759257 Downloading [==================================================>]     723B/723B
 c49a83759257 Download complete 
 abe98265d206 Downloading [======>                                            ]  16.78MB/119.9MB
 abe98265d206 Downloading [=======>                                           ]  18.87MB/119.9MB
 3c854c8cbf46 Downloading [===============>                                   ]  1.049MB/3.379MB
 abe98265d206 Downloading [========>                                          ]  19.92MB/119.9MB
 3c854c8cbf46 Downloading [===============================>                   ]  2.097MB/3.379MB
 3c854c8cbf46 Download complete 
 abe98265d206 Downloading [=========>                                         ]   22.4MB/119.9MB
 3c854c8cbf46 Extracting 1 s
 abe98265d206 Downloading [==========>                                        ]  25.17MB/119.9MB
 3c854c8cbf46 Pull complete 
 abe98265d206 Downloading [===========>                                       ]  28.31MB/119.9MB
 abe98265d206 Downloading [============>                                      ]  30.41MB/119.9MB
 abe98265d206 Downloading [=============>                                     ]  32.51MB/119.9MB
 abe98265d206 Downloading [==============>                                    ]  35.33MB/119.9MB
 abe98265d206 Downloading [===============>                                   ]  37.75MB/119.9MB
 abe98265d206 Downloading [================>                                  ]  39.85MB/119.9MB
 abe98265d206 Downloading [=================>                                 ]  41.94MB/119.9MB
 abe98265d206 Downloading [==================>                                ]  44.04MB/119.9MB
 abe98265d206 Downloading [===================>                               ]  47.19MB/119.9MB
 abe98265d206 Downloading [=====================>                             ]  51.38MB/119.9MB
 abe98265d206 Downloading [======================>                            ]  54.53MB/119.9MB
 abe98265d206 Downloading [=======================>                           ]  56.62MB/119.9MB
 abe98265d206 Downloading [=========================>                         ]  60.82MB/119.9MB
 abe98265d206 Downloading [==========================>                        ]  63.25MB/119.9MB
 abe98265d206 Downloading [===========================>                       ]  67.11MB/119.9MB
 abe98265d206 Downloading [=============================>                     ]  70.25MB/119.9MB
 abe98265d206 Downloading [==============================>                    ]  72.35MB/119.9MB
 abe98265d206 Downloading [===============================>                   ]  74.45MB/119.9MB
 abe98265d206 Downloading [===============================>                   ]  76.55MB/119.9MB
 abe98265d206 Downloading [=================================>                 ]  79.69MB/119.9MB
 abe98265d206 Downloading [==================================>                ]  82.76MB/119.9MB
 abe98265d206 Downloading [===================================>               ]  84.93MB/119.9MB
 abe98265d206 Downloading [====================================>              ]  88.08MB/119.9MB
 abe98265d206 Downloading [=====================================>             ]  90.18MB/119.9MB
 abe98265d206 Downloading [======================================>            ]  92.27MB/119.9MB
 abe98265d206 Downloading [=======================================>           ]  94.37MB/119.9MB
 abe98265d206 Downloading [========================================>          ]  96.47MB/119.9MB
 abe98265d206 Downloading [=========================================>         ]  98.57MB/119.9MB
 abe98265d206 Downloading [=========================================>         ]  100.7MB/119.9MB
 abe98265d206 Downloading [==========================================>        ]  102.8MB/119.9MB
 abe98265d206 Downloading [============================================>      ]  106.1MB/119.9MB
 abe98265d206 Downloading [=============================================>     ]  109.1MB/119.9MB
 abe98265d206 Downloading [==============================================>    ]  111.1MB/119.9MB
 abe98265d206 Downloading [===============================================>   ]  114.3MB/119.9MB
 abe98265d206 Downloading [================================================>  ]  116.4MB/119.9MB
 abe98265d206 Downloading [=================================================> ]  118.5MB/119.9MB
 abe98265d206 Downloading [==================================================>]  119.9MB/119.9MB
 abe98265d206 Downloading [==================================================>]  119.9MB/119.9MB
 abe98265d206 Download complete 
 abe98265d206 Extracting 1 s
 abe98265d206 Extracting 1 s
 abe98265d206 Extracting 1 s
 abe98265d206 Extracting 1 s
 abe98265d206 Extracting 1 s
 abe98265d206 Extracting 1 s
 abe98265d206 Extracting 1 s
 abe98265d206 Extracting 1 s
 abe98265d206 Extracting 1 s
 abe98265d206 Extracting 1 s
 abe98265d206 Extracting 1 s
 abe98265d206 Extracting 2 s
 abe98265d206 Extracting 2 s
 abe98265d206 Extracting 2 s
 abe98265d206 Extracting 2 s
 abe98265d206 Extracting 2 s
 abe98265d206 Extracting 2 s
 abe98265d206 Extracting 2 s
 abe98265d206 Extracting 2 s
 abe98265d206 Extracting 2 s
 abe98265d206 Extracting 2 s
 abe98265d206 Extracting 3 s
 abe98265d206 Extracting 3 s
 abe98265d206 Extracting 3 s
 abe98265d206 Extracting 3 s
 abe98265d206 Extracting 3 s
 abe98265d206 Extracting 3 s
 abe98265d206 Extracting 3 s
 abe98265d206 Extracting 3 s
 abe98265d206 Extracting 3 s
 abe98265d206 Extracting 3 s
 abe98265d206 Extracting 4 s
 abe98265d206 Extracting 4 s
 abe98265d206 Extracting 4 s
 abe98265d206 Extracting 4 s
 abe98265d206 Extracting 4 s
 abe98265d206 Extracting 4 s
 abe98265d206 Extracting 4 s
 abe98265d206 Extracting 4 s
 abe98265d206 Extracting 4 s
 abe98265d206 Extracting 4 s
 abe98265d206 Extracting 5 s
 abe98265d206 Extracting 5 s
 abe98265d206 Extracting 5 s
 abe98265d206 Extracting 5 s
 abe98265d206 Extracting 5 s
 abe98265d206 Extracting 5 s
 abe98265d206 Extracting 5 s
 abe98265d206 Extracting 5 s
 abe98265d206 Extracting 5 s
 abe98265d206 Extracting 5 s
 abe98265d206 Extracting 6 s
 c49a83759257 Pull complete 
 abe98265d206 Pull complete 
 sonar-scanner Pulled 
 Container sonar_db  Running
 Container sonarqube  Running
 Container sonar_scanner  Creating
 Container sonar_scanner  Created
 Container sonar_scanner  Starting
 Container sonar_scanner  Started
2025-08-19 13:48:42,324 - innolab - INFO - Created sonar-project.properties for project: my-service
2025-08-19 13:48:42,325 - innolab - INFO - Running containerized scan: docker exec -w /usr/src -e SONAR_HOST_URL=http://sonarqube:9000 -e SONAR_TOKEN=sqa_4192a18c96af8a90d3fb300bcd538be788a23d00 sonar_scanner sonar-scanner
2025-08-19 13:48:42,503 - innolab - INFO - INFO: Scanner configuration file: /opt/sonar-scanner/conf/sonar-scanner.properties
2025-08-19 13:48:42,504 - innolab - INFO - INFO: Project root configuration file: /usr/src/sonar-project.properties
2025-08-19 13:48:42,542 - innolab - INFO - INFO: SonarScanner 5.0.1.3006
2025-08-19 13:48:42,542 - innolab - INFO - INFO: Java 17.0.10 Alpine (64-bit)
2025-08-19 13:48:42,543 - innolab - INFO - INFO: Linux 5.15.167.4-microsoft-standard-WSL2 amd64
2025-08-19 13:48:42,700 - innolab - INFO - INFO: User cache: /opt/sonar-scanner/.sonar/cache
2025-08-19 13:48:43,318 - innolab - INFO - INFO: Analyzing on SonarQube server 9.9.8.100196
2025-08-19 13:48:43,318 - innolab - INFO - INFO: Default locale: "en_US", source code encoding: "UTF-8" (analysis is platform dependent)
2025-08-19 13:48:44,034 - innolab - INFO - INFO: Load global settings
2025-08-19 13:48:44,162 - innolab - INFO - INFO: Load global settings (done) | time=129ms
2025-08-19 13:48:44,165 - innolab - INFO - INFO: Server id: 243B8A4D-AZicab4HpgA6QkPiXxB5
2025-08-19 13:48:44,169 - innolab - INFO - INFO: User cache: /opt/sonar-scanner/.sonar/cache
2025-08-19 13:48:44,172 - innolab - INFO - INFO: Load/download plugins
2025-08-19 13:48:44,172 - innolab - INFO - INFO: Load plugins index
2025-08-19 13:48:44,240 - innolab - INFO - INFO: Load plugins index (done) | time=69ms
2025-08-19 13:48:47,457 - innolab - INFO - INFO: Load/download plugins (done) | time=3283ms
2025-08-19 13:48:48,227 - innolab - INFO - INFO: Process project properties
2025-08-19 13:48:48,239 - innolab - INFO - INFO: Process project properties (done) | time=12ms
2025-08-19 13:48:48,242 - innolab - INFO - INFO: Execute project builders
2025-08-19 13:48:48,244 - innolab - INFO - INFO: Execute project builders (done) | time=2ms
2025-08-19 13:48:48,260 - innolab - INFO - INFO: Project key: my-service
2025-08-19 13:48:48,261 - innolab - INFO - INFO: Base dir: /usr/src
2025-08-19 13:48:48,261 - innolab - INFO - INFO: Working dir: /usr/src/.scannerwork
2025-08-19 13:48:48,277 - innolab - INFO - INFO: Load project settings for component key: 'my-service'
2025-08-19 13:48:48,468 - innolab - INFO - WARN: SCM provider autodetection failed. Please use "sonar.scm.provider" to define SCM of your project, or disable the SCM Sensor in the project settings.
2025-08-19 13:48:48,477 - innolab - INFO - INFO: Load quality profiles
2025-08-19 13:48:48,623 - innolab - INFO - INFO: Load quality profiles (done) | time=147ms
2025-08-19 13:48:48,627 - innolab - INFO - INFO: Load active rules
2025-08-19 13:48:50,328 - innolab - INFO - INFO: Load active rules (done) | time=1701ms
2025-08-19 13:48:50,334 - innolab - INFO - INFO: Load analysis cache
2025-08-19 13:48:50,339 - innolab - INFO - INFO: Load analysis cache (404) | time=5ms
2025-08-19 13:48:50,429 - innolab - INFO - INFO: Load project repositories
2025-08-19 13:48:50,434 - innolab - INFO - INFO: Load project repositories (done) | time=6ms
2025-08-19 13:48:50,494 - innolab - INFO - INFO: Indexing files...
2025-08-19 13:48:50,494 - innolab - INFO - INFO: Project configuration:
2025-08-19 13:48:50,495 - innolab - INFO - INFO:   Excluded sources: **/node_modules/**, **/dist/**, **/build/**, **/.git/**
2025-08-19 13:48:53,528 - innolab - INFO - INFO: 96 files indexed
2025-08-19 13:48:53,528 - innolab - INFO - INFO: 0 files ignored because of inclusion/exclusion patterns
2025-08-19 13:48:53,531 - innolab - INFO - INFO: Quality profile for css: Sonar way
2025-08-19 13:48:53,531 - innolab - INFO - INFO: Quality profile for js: Sonar way
2025-08-19 13:48:53,532 - innolab - INFO - INFO: Quality profile for json: Sonar way
2025-08-19 13:48:53,532 - innolab - INFO - INFO: Quality profile for py: Sonar way
2025-08-19 13:48:53,533 - innolab - INFO - INFO: Quality profile for ts: Sonar way
2025-08-19 13:48:53,533 - innolab - INFO - INFO: Quality profile for web: Sonar way
2025-08-19 13:48:53,533 - innolab - INFO - INFO: Quality profile for yaml: Sonar way
2025-08-19 13:48:53,534 - innolab - INFO - INFO: ------------- Run sensors on module my-service
2025-08-19 13:48:53,626 - innolab - INFO - INFO: Load metrics repository
2025-08-19 13:48:53,644 - innolab - INFO - INFO: Load metrics repository (done) | time=17ms
2025-08-19 13:48:54,745 - innolab - INFO - INFO: Sensor Python Sensor [python]
2025-08-19 13:48:54,748 - innolab - INFO - WARN: Your code is analyzed as compatible with python 2 and 3 by default. This will prevent the detection of issues specific to python 2 or python 3. You can get a more precise analysis by setting a python version in your configuration via the parameter "sonar.python.version"
2025-08-19 13:48:54,801 - innolab - INFO - INFO: Starting global symbols computation
2025-08-19 13:48:54,806 - innolab - INFO - INFO: 4 source files to be analyzed
2025-08-19 13:48:55,461 - innolab - INFO - INFO: 4/4 source files have been analyzed
2025-08-19 13:48:55,560 - innolab - INFO - INFO: Starting rules execution
2025-08-19 13:48:55,560 - innolab - INFO - INFO: 4 source files to be analyzed
2025-08-19 13:48:56,611 - innolab - INFO - INFO: 4/4 source files have been analyzed
2025-08-19 13:48:56,611 - innolab - INFO - INFO: The Python analyzer was able to leverage cached data from previous analyses for 0 out of 4 files. These files were not parsed.
2025-08-19 13:48:56,612 - innolab - INFO - INFO: Sensor Python Sensor [python] (done) | time=1867ms
2025-08-19 13:48:56,612 - innolab - INFO - INFO: Sensor Cobertura Sensor for Python coverage [python]
2025-08-19 13:48:58,952 - innolab - INFO - INFO: Sensor Cobertura Sensor for Python coverage [python] (done) | time=2339ms
2025-08-19 13:48:58,953 - innolab - INFO - INFO: Sensor PythonXUnitSensor [python]
2025-08-19 13:49:00,574 - innolab - INFO - INFO: Sensor PythonXUnitSensor [python] (done) | time=1623ms
2025-08-19 13:49:00,574 - innolab - INFO - INFO: Sensor JaCoCo XML Report Importer [jacoco]
2025-08-19 13:49:00,575 - innolab - INFO - INFO: 'sonar.coverage.jacoco.xmlReportPaths' is not defined. Using default locations: target/site/jacoco/jacoco.xml,target/site/jacoco-it/jacoco.xml,build/reports/jacoco/test/jacocoTestReport.xml
2025-08-19 13:49:00,577 - innolab - INFO - INFO: No report imported, no coverage information will be imported by JaCoCo XML Report Importer
2025-08-19 13:49:00,577 - innolab - INFO - INFO: Sensor JaCoCo XML Report Importer [jacoco] (done) | time=3ms
2025-08-19 13:49:00,577 - innolab - INFO - INFO: Sensor IaC CloudFormation Sensor [iac]
2025-08-19 13:49:00,816 - innolab - INFO - INFO: 0 source files to be analyzed
2025-08-19 13:49:00,901 - innolab - INFO - INFO: 0/0 source files have been analyzed
2025-08-19 13:49:00,901 - innolab - INFO - INFO: Sensor IaC CloudFormation Sensor [iac] (done) | time=324ms
2025-08-19 13:49:00,901 - innolab - INFO - INFO: Sensor IaC Kubernetes Sensor [iac]
2025-08-19 13:49:01,001 - innolab - INFO - INFO: 0 source files to be analyzed
2025-08-19 13:49:01,102 - innolab - INFO - INFO: 0/0 source files have been analyzed
2025-08-19 13:49:01,102 - innolab - INFO - INFO: Sensor IaC Kubernetes Sensor [iac] (done) | time=200ms
2025-08-19 13:49:01,102 - innolab - INFO - INFO: Sensor JavaScript analysis [javascript]
2025-08-19 13:59:36,844 - innolab - INFO - INFO: 2 source files to be analyzed
2025-08-19 13:59:38,280 - innolab - INFO - INFO: 2/2 source files have been analyzed
2025-08-19 13:59:38,281 - innolab - INFO - INFO: Hit the cache for 0 out of 2
2025-08-19 13:59:38,283 - innolab - INFO - INFO: Miss the cache for 2 out of 2: ANALYSIS_MODE_INELIGIBLE [2/2]
2025-08-19 13:59:38,284 - innolab - INFO - INFO: Sensor JavaScript analysis [javascript] (done) | time=637181ms
2025-08-19 13:59:38,284 - innolab - INFO - INFO: Sensor TypeScript analysis [javascript]
2025-08-19 13:59:56,452 - innolab - INFO - INFO: Found 1 tsconfig.json file(s): [/usr/src/asset-management/frontend/tsconfig.json]
2025-08-19 13:59:56,453 - innolab - INFO - INFO: Creating TypeScript program
2025-08-19 13:59:56,453 - innolab - INFO - INFO: 64 source files to be analyzed
2025-08-19 13:59:56,453 - innolab - INFO - INFO: TypeScript configuration file /usr/src/asset-management/frontend/tsconfig.json
2025-08-19 13:59:57,599 - innolab - INFO - INFO: Creating TypeScript program (done) | time=1147ms
2025-08-19 13:59:57,600 - innolab - INFO - INFO: Starting analysis with current program
2025-08-19 13:59:58,152 - innolab - INFO - INFO: Analyzed 3 file(s) with current program
2025-08-19 13:59:58,155 - innolab - INFO - INFO: Creating TypeScript program
2025-08-19 13:59:58,155 - innolab - INFO - INFO: TypeScript configuration file /usr/src/asset-management/frontend/tsconfig.app.json
2025-08-19 13:59:58,256 - innolab - INFO - ERROR: Error: Argument for '--moduleResolution' option must be: 'node', 'classic', 'node16', 'nodenext'.; Unknown compiler option 'allowImportingTsExtensions'.
2025-08-19 13:59:58,257 - innolab - INFO - ERROR:     at createProgramOptions (/usr/src/.scannerwork/.sonartmp/eslint-bridge-bundle/package/lib/services/program/program.js:106:15)
2025-08-19 13:59:58,258 - innolab - INFO - ERROR:     at createProgram (/usr/src/.scannerwork/.sonartmp/eslint-bridge-bundle/package/lib/services/program/program.js:132:28)
2025-08-19 13:59:58,258 - innolab - INFO - ERROR:     at default_1 (/usr/src/.scannerwork/.sonartmp/eslint-bridge-bundle/package/lib/routing/on-create-program.js:10:57)
2025-08-19 13:59:58,259 - innolab - INFO - ERROR:     at Layer.handle [as handle_request] (/usr/src/.scannerwork/.sonartmp/eslint-bridge-bundle/package/node_modules/express/lib/router/layer.js:95:5)
2025-08-19 13:59:58,259 - innolab - INFO - ERROR:     at next (/usr/src/.scannerwork/.sonartmp/eslint-bridge-bundle/package/node_modules/express/lib/router/route.js:144:13)
2025-08-19 13:59:58,259 - innolab - INFO - ERROR:     at Route.dispatch (/usr/src/.scannerwork/.sonartmp/eslint-bridge-bundle/package/node_modules/express/lib/router/route.js:114:3)
2025-08-19 13:59:58,260 - innolab - INFO - ERROR:     at Layer.handle [as handle_request] (/usr/src/.scannerwork/.sonartmp/eslint-bridge-bundle/package/node_modules/express/lib/router/layer.js:95:5)
2025-08-19 13:59:58,260 - innolab - INFO - ERROR:     at /usr/src/.scannerwork/.sonartmp/eslint-bridge-bundle/package/node_modules/express/lib/router/index.js:284:15
2025-08-19 13:59:58,260 - innolab - INFO - ERROR:     at Function.process_params (/usr/src/.scannerwork/.sonartmp/eslint-bridge-bundle/package/node_modules/express/lib/router/index.js:346:12)
2025-08-19 13:59:58,261 - innolab - INFO - ERROR:     at next (/usr/src/.scannerwork/.sonartmp/eslint-bridge-bundle/package/node_modules/express/lib/router/index.js:280:10)
2025-08-19 13:59:58,261 - innolab - INFO - ERROR: Failed to create program: Argument for '--moduleResolution' option must be: 'node', 'classic', 'node16', 'nodenext'.; Unknown compiler option 'allowImportingTsExtensions'.
2025-08-19 13:59:58,261 - innolab - INFO - INFO: Creating TypeScript program (done) | time=101ms
2025-08-19 13:59:58,262 - innolab - INFO - INFO: Creating TypeScript program
2025-08-19 13:59:58,262 - innolab - INFO - INFO: TypeScript configuration file /usr/src/asset-management/frontend/tsconfig.node.json
2025-08-19 13:59:58,274 - innolab - INFO - ERROR: Error: Argument for '--lib' option must be: 'es5', 'es6', 'es2015', 'es7', 'es2016', 'es2017', 'es2018', 'es2019', 'es2020', 'es2021', 'es2022', 'esnext', 'dom', 'dom.iterable', 'webworker', 'webworker.importscripts', 'webworker.iterable', 'scripthost', 'es2015.core', 'es2015.collection', 'es2015.generator', 'es2015.iterable', 'es2015.promise', 'es2015.proxy', 'es2015.reflect', 'es2015.symbol', 'es2015.symbol.wellknown', 'es2016.array.include', 'es2017.object', 'es2017.sharedmemory', 'es2017.string', 'es2017.intl', 'es2017.typedarrays', 'es2018.asyncgenerator', 'es2018.asynciterable', 'es2018.intl', 'es2018.promise', 'es2018.regexp', 'es2019.array', 'es2019.object', 'es2019.string', 'es2019.symbol', 'es2019.intl', 'es2020.bigint', 'es2020.date', 'es2020.promise', 'es2020.sharedmemory', 'es2020.string', 'es2020.symbol.wellknown', 'es2020.intl', 'es2020.number', 'es2021.promise', 'es2021.string', 'es2021.weakref', 'es2021.intl', 'es2022.array', 'es2022.error', 'es2022.intl', 'es2022.object', 'es2022.sharedmemory', 'es2022.string', 'esnext.array', 'esnext.symbol', 'esnext.asynciterable', 'esnext.intl', 'esnext.bigint', 'esnext.string', 'esnext.promise', 'esnext.weakref'.; Argument for '--moduleResolution' option must be: 'node', 'classic', 'node16', 'nodenext'.; Unknown compiler option 'allowImportingTsExtensions'.
2025-08-19 13:59:58,275 - innolab - INFO - ERROR:     at createProgramOptions (/usr/src/.scannerwork/.sonartmp/eslint-bridge-bundle/package/lib/services/program/program.js:106:15)
2025-08-19 13:59:58,275 - innolab - INFO - ERROR:     at createProgram (/usr/src/.scannerwork/.sonartmp/eslint-bridge-bundle/package/lib/services/program/program.js:132:28)
2025-08-19 13:59:58,276 - innolab - INFO - ERROR:     at default_1 (/usr/src/.scannerwork/.sonartmp/eslint-bridge-bundle/package/lib/routing/on-create-program.js:10:57)
2025-08-19 13:59:58,276 - innolab - INFO - ERROR:     at Layer.handle [as handle_request] (/usr/src/.scannerwork/.sonartmp/eslint-bridge-bundle/package/node_modules/express/lib/router/layer.js:95:5)
2025-08-19 13:59:58,277 - innolab - INFO - ERROR:     at next (/usr/src/.scannerwork/.sonartmp/eslint-bridge-bundle/package/node_modules/express/lib/router/route.js:144:13)
2025-08-19 13:59:58,278 - innolab - INFO - ERROR:     at Route.dispatch (/usr/src/.scannerwork/.sonartmp/eslint-bridge-bundle/package/node_modules/express/lib/router/route.js:114:3)
2025-08-19 13:59:58,279 - innolab - INFO - ERROR:     at Layer.handle [as handle_request] (/usr/src/.scannerwork/.sonartmp/eslint-bridge-bundle/package/node_modules/express/lib/router/layer.js:95:5)
2025-08-19 13:59:58,279 - innolab - INFO - ERROR:     at /usr/src/.scannerwork/.sonartmp/eslint-bridge-bundle/package/node_modules/express/lib/router/index.js:284:15
2025-08-19 13:59:58,280 - innolab - INFO - ERROR:     at Function.process_params (/usr/src/.scannerwork/.sonartmp/eslint-bridge-bundle/package/node_modules/express/lib/router/index.js:346:12)
2025-08-19 13:59:58,280 - innolab - INFO - ERROR:     at next (/usr/src/.scannerwork/.sonartmp/eslint-bridge-bundle/package/node_modules/express/lib/router/index.js:280:10)
2025-08-19 13:59:58,281 - innolab - INFO - ERROR: Failed to create program: Argument for '--lib' option must be: 'es5', 'es6', 'es2015', 'es7', 'es2016', 'es2017', 'es2018', 'es2019', 'es2020', 'es2021', 'es2022', 'esnext', 'dom', 'dom.iterable', 'webworker', 'webworker.importscripts', 'webworker.iterable', 'scripthost', 'es2015.core', 'es2015.collection', 'es2015.generator', 'es2015.iterable', 'es2015.promise', 'es2015.proxy', 'es2015.reflect', 'es2015.symbol', 'es2015.symbol.wellknown', 'es2016.array.include', 'es2017.object', 'es2017.sharedmemory', 'es2017.string', 'es2017.intl', 'es2017.typedarrays', 'es2018.asyncgenerator', 'es2018.asynciterable', 'es2018.intl', 'es2018.promise', 'es2018.regexp', 'es2019.array', 'es2019.object', 'es2019.string', 'es2019.symbol', 'es2019.intl', 'es2020.bigint', 'es2020.date', 'es2020.promise', 'es2020.sharedmemory', 'es2020.string', 'es2020.symbol.wellknown', 'es2020.intl', 'es2020.number', 'es2021.promise', 'es2021.string', 'es2021.weakref', 'es2021.intl', 'es2022.array', 'es2022.error', 'es2022.intl', 'es2022.object', 'es2022.sharedmemory', 'es2022.string', 'esnext.array', 'esnext.symbol', 'esnext.asynciterable', 'esnext.intl', 'esnext.bigint', 'esnext.string', 'esnext.promise', 'esnext.weakref'.; Argument for '--moduleResolution' option must be: 'node', 'classic', 'node16', 'nodenext'.; Unknown compiler option 'allowImportingTsExtensions'.
2025-08-19 13:59:58,282 - innolab - INFO - INFO: Creating TypeScript program (done) | time=19ms
2025-08-19 13:59:58,282 - innolab - INFO - INFO: Skipped 61 file(s) because they were not part of any tsconfig.json (enable debug logs to see the full list)
2025-08-19 13:59:58,283 - innolab - INFO - INFO: 64/64 source files have been analyzed
2025-08-19 13:59:58,284 - innolab - INFO - INFO: Hit the cache for 0 out of 3
2025-08-19 13:59:58,284 - innolab - INFO - INFO: Miss the cache for 3 out of 3: ANALYSIS_MODE_INELIGIBLE [3/3]
2025-08-19 13:59:58,285 - innolab - INFO - INFO: Sensor TypeScript analysis [javascript] (done) | time=19995ms
2025-08-19 13:59:58,285 - innolab - INFO - INFO: Sensor JavaScript inside YAML analysis [javascript]
2025-08-19 13:59:58,293 - innolab - INFO - INFO: No input files found for analysis
2025-08-19 13:59:58,293 - innolab - INFO - INFO: Hit the cache for 0 out of 0
2025-08-19 13:59:58,294 - innolab - INFO - INFO: Miss the cache for 0 out of 0
2025-08-19 13:59:58,294 - innolab - INFO - INFO: Sensor JavaScript inside YAML analysis [javascript] (done) | time=14ms
2025-08-19 13:59:58,295 - innolab - INFO - INFO: Sensor CSS Rules [javascript]
2025-08-19 13:59:58,302 - innolab - INFO - INFO: 3 source files to be analyzed
2025-08-19 14:00:08,301 - innolab - INFO - INFO: 0/3 files analyzed, current file: /usr/src/asset-management/frontend/index.html
2025-08-19 14:00:13,168 - innolab - INFO - INFO: 3/3 source files have been analyzed
2025-08-19 14:00:13,168 - innolab - INFO - INFO: Hit the cache for 0 out of 0
2025-08-19 14:00:13,168 - innolab - INFO - INFO: Miss the cache for 0 out of 0
2025-08-19 14:00:13,169 - innolab - INFO - INFO: Sensor CSS Rules [javascript] (done) | time=14876ms
2025-08-19 14:00:13,169 - innolab - INFO - INFO: Sensor CSS Metrics [javascript]
2025-08-19 14:00:13,249 - innolab - INFO - INFO: Sensor CSS Metrics [javascript] (done) | time=81ms
2025-08-19 14:00:13,249 - innolab - INFO - INFO: Sensor C# Project Type Information [csharp]
2025-08-19 14:00:13,250 - innolab - INFO - INFO: Sensor C# Project Type Information [csharp] (done) | time=0ms
2025-08-19 14:00:13,250 - innolab - INFO - INFO: Sensor C# Analysis Log [csharp]
2025-08-19 14:00:13,268 - innolab - INFO - INFO: Sensor C# Analysis Log [csharp] (done) | time=17ms
2025-08-19 14:00:13,269 - innolab - INFO - INFO: Sensor C# Properties [csharp]
2025-08-19 14:00:13,269 - innolab - INFO - INFO: Sensor C# Properties [csharp] (done) | time=0ms
2025-08-19 14:00:13,270 - innolab - INFO - INFO: Sensor HTML [web]
2025-08-19 14:00:13,324 - innolab - INFO - INFO: Sensor HTML [web] (done) | time=57ms
2025-08-19 14:00:13,325 - innolab - INFO - INFO: Sensor TextAndSecretsSensor [text]
2025-08-19 14:00:13,332 - innolab - INFO - INFO: 81 source files to be analyzed
2025-08-19 14:00:14,370 - innolab - INFO - INFO: 81/81 source files have been analyzed
2025-08-19 14:00:14,371 - innolab - INFO - INFO: Sensor TextAndSecretsSensor [text] (done) | time=1046ms
2025-08-19 14:00:14,371 - innolab - INFO - INFO: Sensor VB.NET Project Type Information [vbnet]
2025-08-19 14:00:14,372 - innolab - INFO - INFO: Sensor VB.NET Project Type Information [vbnet] (done) | time=0ms
2025-08-19 14:00:14,372 - innolab - INFO - INFO: Sensor VB.NET Analysis Log [vbnet]
2025-08-19 14:00:14,382 - innolab - INFO - INFO: Sensor VB.NET Analysis Log [vbnet] (done) | time=10ms
2025-08-19 14:00:14,383 - innolab - INFO - INFO: Sensor VB.NET Properties [vbnet]
2025-08-19 14:00:14,383 - innolab - INFO - INFO: Sensor VB.NET Properties [vbnet] (done) | time=0ms
2025-08-19 14:00:14,383 - innolab - INFO - INFO: Sensor IaC Docker Sensor [iac]
2025-08-19 14:00:14,383 - innolab - INFO - INFO: 3 source files to be analyzed
2025-08-19 14:00:14,572 - innolab - INFO - INFO: 3/3 source files have been analyzed
2025-08-19 14:00:14,573 - innolab - INFO - INFO: Sensor IaC Docker Sensor [iac] (done) | time=189ms
2025-08-19 14:00:14,579 - innolab - INFO - INFO: ------------- Run sensors on project
2025-08-19 14:00:14,623 - innolab - INFO - INFO: Sensor Analysis Warnings import [csharp]
2025-08-19 14:00:14,623 - innolab - INFO - INFO: Sensor Analysis Warnings import [csharp] (done) | time=0ms
2025-08-19 14:00:14,623 - innolab - INFO - INFO: Sensor Zero Coverage Sensor
2025-08-19 14:00:14,688 - innolab - INFO - INFO: Sensor Zero Coverage Sensor (done) | time=65ms
2025-08-19 14:00:14,689 - innolab - INFO - INFO: SCM Publisher No SCM system was detected. You can use the 'sonar.scm.provider' property to explicitly specify it.
2025-08-19 14:00:14,694 - innolab - INFO - INFO: CPD Executor 5 files had no CPD blocks
2025-08-19 14:00:14,694 - innolab - INFO - INFO: CPD Executor Calculating CPD for 5 files
2025-08-19 14:00:14,715 - innolab - INFO - INFO: CPD Executor CPD calculation finished (done) | time=20ms
2025-08-19 14:00:18,116 - innolab - INFO - INFO: Analysis report generated in 1686ms, dir size=352.2 kB
2025-08-19 14:00:31,231 - innolab - INFO - INFO: Analysis report compressed in 13113ms, zip size=128.5 kB
2025-08-19 14:00:31,715 - innolab - INFO - INFO: Analysis report uploaded in 483ms
2025-08-19 14:00:31,722 - innolab - INFO - INFO: ANALYSIS SUCCESSFUL, you can find the results at: http://sonarqube:9000/dashboard?id=my-service
2025-08-19 14:00:31,722 - innolab - INFO - INFO: Note that you will be able to access the updated dashboard once the server has processed the submitted analysis report
2025-08-19 14:00:31,722 - innolab - INFO - INFO: More about the report processing at http://sonarqube:9000/api/ce/task?id=AZjBISVGU3IzlPp-RhbX
2025-08-19 14:01:58,914 - innolab - INFO - INFO: Analysis total time: 13:11.275 s
2025-08-19 14:01:58,915 - innolab - INFO - INFO: ------------------------------------------------------------------------
2025-08-19 14:01:58,915 - innolab - INFO - INFO: EXECUTION SUCCESS
2025-08-19 14:01:58,915 - innolab - INFO - INFO: ------------------------------------------------------------------------
2025-08-19 14:01:58,916 - innolab - INFO - INFO: Total time: 13:16.414s
2025-08-19 14:01:58,963 - innolab - INFO - INFO: Final Memory: 24M/87M
2025-08-19 14:01:58,964 - innolab - INFO - INFO: ------------------------------------------------------------------------
2025-08-19 14:01:59,323 - innolab - INFO - SonarQube scan completed successfully
2025-08-19 14:01:59,375 - innolab - INFO - Waiting for SonarQube to process results...
2025-08-19 14:02:02,376 - innolab - INFO - Step 2: Exporting issues...
2025-08-19 14:02:03,088 - innolab - INFO - Issues exported successfully to: d:\InnoLab\SonarQ\issues_my-service.json
Total issues found: 2

Issues by severity:
  CRITICAL: 1
  MAJOR: 1
2025-08-19 14:02:03,103 - innolab - INFO - Found 2 total bugs, 0 bugs in code.py
2025-08-19 14:02:03,104 - innolab - INFO - No bugs found - execution completed successfully
2025-08-19 14:02:03,104 - innolab - INFO - === EXECUTION RESULT ===
2025-08-19 14:02:03,104 - innolab - INFO - Mode: LOCAL
2025-08-19 14:02:03,105 - innolab - INFO - Project: my-service
2025-08-19 14:02:03,105 - innolab - INFO - Total bugs fixed: 0
2025-08-19 14:02:03,105 - innolab - INFO - Total iterations: 1
2025-08-19 14:02:03,106 - innolab - INFO - Start time: 2025-08-19T13:48:24.414769
2025-08-19 14:02:03,106 - innolab - INFO - End time: 2025-08-19T14:02:03.104471
2025-08-19 14:02:03,107 - innolab - INFO - Iteration 1: 0 bugs found, 0 fixed
