2025-08-20 16:22:45,199 - innolab - INFO - ExecutionServiceNoMongo initialized with:
2025-08-20 16:22:45,199 - innolab - INFO -   Max iterations: 5
2025-08-20 16:22:45,199 - innolab - INFO -   Project key: my-service
2025-08-20 16:22:45,199 - innolab - INFO -   Source code path: d:\InnoLab\SonarQ\source_bug
2025-08-20 16:22:45,199 - innolab - INFO -   Scan directory: source_bug
2025-08-20 16:22:45,199 - innolab - INFO -   RAG available: True
2025-08-20 16:22:45,200 - innolab - INFO - Starting execution without RAG (mode: DifyMode.LOCAL)
2025-08-20 16:22:45,200 - innolab - INFO - 
=== ITERATION 1/5 ===
2025-08-20 16:22:45,200 - innolab - INFO - Starting SonarQube scan for project: my-service
2025-08-20 16:22:45,202 - innolab - INFO - Step 1: Running SonarQube scan...
2025-08-20 16:22:45,202 - innolab - INFO - Ensuring sonar-scanner container is running...
2025-08-20 16:22:45,271 - innolab - INFO - sonar_scanner
2025-08-20 16:22:47,272 - innolab - INFO - Project directory: d:\InnoLab\SonarQ\source_bug
2025-08-20 16:22:47,273 - innolab - INFO - Created sonar-project.properties for project: my-service
2025-08-20 16:22:47,273 - innolab - INFO - Copying project files: docker cp "d:\InnoLab\SonarQ\source_bug" sonar_scanner:/usr/src/
2025-08-20 16:22:48,434 - innolab - INFO - Running containerized scan: docker exec -w /usr/src/source_bug -e SONAR_HOST_URL=http://sonarqube:9000 -e SONAR_TOKEN=sqa_c782f6c0370ccf6a0c0a65bc1234a09ab9db0add sonar_scanner sonar-scanner
2025-08-20 16:22:48,584 - innolab - INFO - INFO: Scanner configuration file: /opt/sonar-scanner/conf/sonar-scanner.properties
2025-08-20 16:22:48,587 - innolab - INFO - INFO: Project root configuration file: /usr/src/source_bug/sonar-project.properties
2025-08-20 16:22:48,616 - innolab - INFO - INFO: SonarScanner 5.0.1.3006
2025-08-20 16:22:48,617 - innolab - INFO - INFO: Java 17.0.10 Alpine (64-bit)
2025-08-20 16:22:48,617 - innolab - INFO - INFO: Linux 5.15.167.4-microsoft-standard-WSL2 amd64
2025-08-20 16:22:48,804 - innolab - INFO - INFO: User cache: /opt/sonar-scanner/.sonar/cache
2025-08-20 16:22:48,900 - innolab - INFO - INFO: Analyzing on SonarQube server 9.9.8.100196
2025-08-20 16:22:48,900 - innolab - INFO - INFO: Default locale: "en_US", source code encoding: "UTF-8" (analysis is platform dependent)
2025-08-20 16:22:49,497 - innolab - INFO - INFO: Load global settings
2025-08-20 16:22:49,584 - innolab - INFO - INFO: Load global settings (done) | time=88ms
2025-08-20 16:22:49,587 - innolab - INFO - INFO: Server id: 243B8A4D-AZjGf6QFdKL1mFXO_IvC
2025-08-20 16:22:49,590 - innolab - INFO - INFO: User cache: /opt/sonar-scanner/.sonar/cache
2025-08-20 16:22:49,592 - innolab - INFO - INFO: Load/download plugins
2025-08-20 16:22:49,592 - innolab - INFO - INFO: Load plugins index
2025-08-20 16:22:49,644 - innolab - INFO - INFO: Load plugins index (done) | time=51ms
2025-08-20 16:22:49,793 - innolab - INFO - INFO: Load/download plugins (done) | time=201ms
2025-08-20 16:22:50,290 - innolab - INFO - INFO: Process project properties
2025-08-20 16:22:50,304 - innolab - INFO - INFO: Process project properties (done) | time=14ms
2025-08-20 16:22:50,307 - innolab - INFO - INFO: Execute project builders
2025-08-20 16:22:50,309 - innolab - INFO - INFO: Execute project builders (done) | time=2ms
2025-08-20 16:22:50,332 - innolab - INFO - INFO: Project key: my-service
2025-08-20 16:22:50,333 - innolab - INFO - INFO: Base dir: /usr/src/source_bug
2025-08-20 16:22:50,333 - innolab - INFO - INFO: Working dir: /usr/src/source_bug/.scannerwork
2025-08-20 16:22:50,347 - innolab - INFO - INFO: Load project settings for component key: 'my-service'
2025-08-20 16:22:50,386 - innolab - INFO - INFO: Load project settings for component key: 'my-service' (done) | time=40ms
2025-08-20 16:22:50,555 - innolab - INFO - WARN: SCM provider autodetection failed. Please use "sonar.scm.provider" to define SCM of your project, or disable the SCM Sensor in the project settings.
2025-08-20 16:22:50,563 - innolab - INFO - INFO: Load quality profiles
2025-08-20 16:22:50,612 - innolab - INFO - INFO: Load quality profiles (done) | time=49ms
2025-08-20 16:22:50,617 - innolab - INFO - INFO: Load active rules
2025-08-20 16:22:51,684 - innolab - INFO - INFO: Load active rules (done) | time=1067ms
2025-08-20 16:22:51,687 - innolab - INFO - INFO: Load analysis cache
2025-08-20 16:22:51,694 - innolab - INFO - INFO: Load analysis cache (404) | time=6ms
2025-08-20 16:22:51,758 - innolab - INFO - INFO: Load project repositories
2025-08-20 16:22:51,779 - innolab - INFO - INFO: Load project repositories (done) | time=22ms
2025-08-20 16:22:51,804 - innolab - INFO - INFO: Indexing files...
2025-08-20 16:22:51,805 - innolab - INFO - INFO: Project configuration:
2025-08-20 16:22:51,805 - innolab - INFO - INFO:   Excluded sources: **/node_modules/**, **/dist/**, **/build/**, **/.git/**
2025-08-20 16:22:52,129 - innolab - INFO - INFO: 18 files indexed
2025-08-20 16:22:52,129 - innolab - INFO - INFO: 0 files ignored because of inclusion/exclusion patterns
2025-08-20 16:22:52,130 - innolab - INFO - INFO: Quality profile for css: Sonar way
2025-08-20 16:22:52,131 - innolab - INFO - INFO: Quality profile for py: Sonar way
2025-08-20 16:22:52,131 - innolab - INFO - INFO: Quality profile for web: Sonar way
2025-08-20 16:22:52,131 - innolab - INFO - INFO: ------------- Run sensors on module my-service
2025-08-20 16:22:52,205 - innolab - INFO - INFO: Load metrics repository
2025-08-20 16:22:52,217 - innolab - INFO - INFO: Load metrics repository (done) | time=13ms
2025-08-20 16:22:53,490 - innolab - INFO - INFO: Sensor Python Sensor [python]
2025-08-20 16:22:53,493 - innolab - INFO - WARN: Your code is analyzed as compatible with python 2 and 3 by default. This will prevent the detection of issues specific to python 2 or python 3. You can get a more precise analysis by setting a python version in your configuration via the parameter "sonar.python.version"
2025-08-20 16:22:53,508 - innolab - INFO - INFO: Starting global symbols computation
2025-08-20 16:22:53,512 - innolab - INFO - INFO: 1 source file to be analyzed
2025-08-20 16:22:53,775 - innolab - INFO - INFO: 1/1 source file has been analyzed
2025-08-20 16:22:53,811 - innolab - INFO - INFO: Starting rules execution
2025-08-20 16:22:53,813 - innolab - INFO - INFO: 1 source file to be analyzed
2025-08-20 16:22:54,219 - innolab - INFO - INFO: 1/1 source file has been analyzed
2025-08-20 16:22:54,219 - innolab - INFO - INFO: The Python analyzer was able to leverage cached data from previous analyses for 0 out of 1 files. These files were not parsed.
2025-08-20 16:22:54,220 - innolab - INFO - INFO: Sensor Python Sensor [python] (done) | time=729ms
2025-08-20 16:22:54,220 - innolab - INFO - INFO: Sensor Cobertura Sensor for Python coverage [python]
2025-08-20 16:22:54,383 - innolab - INFO - INFO: Sensor Cobertura Sensor for Python coverage [python] (done) | time=164ms
2025-08-20 16:22:54,383 - innolab - INFO - INFO: Sensor PythonXUnitSensor [python]
2025-08-20 16:22:54,550 - innolab - INFO - INFO: Sensor PythonXUnitSensor [python] (done) | time=167ms
2025-08-20 16:22:54,551 - innolab - INFO - INFO: Sensor JaCoCo XML Report Importer [jacoco]
2025-08-20 16:22:54,553 - innolab - INFO - INFO: 'sonar.coverage.jacoco.xmlReportPaths' is not defined. Using default locations: target/site/jacoco/jacoco.xml,target/site/jacoco-it/jacoco.xml,build/reports/jacoco/test/jacocoTestReport.xml
2025-08-20 16:22:54,556 - innolab - INFO - INFO: No report imported, no coverage information will be imported by JaCoCo XML Report Importer
2025-08-20 16:22:54,557 - innolab - INFO - INFO: Sensor JaCoCo XML Report Importer [jacoco] (done) | time=6ms
2025-08-20 16:22:54,558 - innolab - INFO - INFO: Sensor CSS Rules [javascript]
2025-08-20 16:33:26,049 - innolab - INFO - INFO: 11 source files to be analyzed
2025-08-20 16:33:36,050 - innolab - INFO - INFO: 0/11 files analyzed, current file: /usr/src/source_bug/Flask App/Templates/temp.html
2025-08-20 16:33:41,907 - innolab - INFO - INFO: 11/11 source files have been analyzed
2025-08-20 16:33:41,907 - innolab - INFO - INFO: Hit the cache for 0 out of 0
2025-08-20 16:33:41,909 - innolab - INFO - INFO: Miss the cache for 0 out of 0
2025-08-20 16:33:41,910 - innolab - INFO - INFO: Sensor CSS Rules [javascript] (done) | time=647355ms
2025-08-20 16:33:41,910 - innolab - INFO - INFO: Sensor CSS Metrics [javascript]
2025-08-20 16:33:41,973 - innolab - INFO - INFO: Sensor CSS Metrics [javascript] (done) | time=62ms
2025-08-20 16:33:41,973 - innolab - INFO - INFO: Sensor C# Project Type Information [csharp]
2025-08-20 16:33:41,976 - innolab - INFO - INFO: Sensor C# Project Type Information [csharp] (done) | time=3ms
2025-08-20 16:33:41,977 - innolab - INFO - INFO: Sensor C# Analysis Log [csharp]
2025-08-20 16:33:42,015 - innolab - INFO - INFO: Sensor C# Analysis Log [csharp] (done) | time=40ms
2025-08-20 16:33:42,016 - innolab - INFO - INFO: Sensor C# Properties [csharp]
2025-08-20 16:33:42,016 - innolab - INFO - INFO: Sensor C# Properties [csharp] (done) | time=0ms
2025-08-20 16:33:42,017 - innolab - INFO - INFO: Sensor HTML [web]
2025-08-20 16:33:42,516 - innolab - INFO - INFO: Sensor HTML [web] (done) | time=501ms
2025-08-20 16:33:42,517 - innolab - INFO - INFO: Sensor TextAndSecretsSensor [text]
2025-08-20 16:33:42,527 - innolab - INFO - INFO: 12 source files to be analyzed
2025-08-20 16:33:42,620 - innolab - INFO - INFO: 12/12 source files have been analyzed
2025-08-20 16:33:42,620 - innolab - INFO - INFO: Sensor TextAndSecretsSensor [text] (done) | time=104ms
2025-08-20 16:33:42,621 - innolab - INFO - INFO: Sensor VB.NET Project Type Information [vbnet]
2025-08-20 16:33:42,621 - innolab - INFO - INFO: Sensor VB.NET Project Type Information [vbnet] (done) | time=1ms
2025-08-20 16:33:42,621 - innolab - INFO - INFO: Sensor VB.NET Analysis Log [vbnet]
2025-08-20 16:33:42,631 - innolab - INFO - INFO: Sensor VB.NET Analysis Log [vbnet] (done) | time=10ms
2025-08-20 16:33:42,631 - innolab - INFO - INFO: Sensor VB.NET Properties [vbnet]
2025-08-20 16:33:42,632 - innolab - INFO - INFO: Sensor VB.NET Properties [vbnet] (done) | time=0ms
2025-08-20 16:33:42,632 - innolab - INFO - INFO: Sensor IaC Docker Sensor [iac]
2025-08-20 16:33:42,634 - innolab - INFO - INFO: 0 source files to be analyzed
2025-08-20 16:33:42,671 - innolab - INFO - INFO: 0/0 source files have been analyzed
2025-08-20 16:33:42,672 - innolab - INFO - INFO: Sensor IaC Docker Sensor [iac] (done) | time=40ms
2025-08-20 16:33:42,678 - innolab - INFO - INFO: ------------- Run sensors on project
2025-08-20 16:33:42,721 - innolab - INFO - INFO: Sensor Analysis Warnings import [csharp]
2025-08-20 16:33:42,722 - innolab - INFO - INFO: Sensor Analysis Warnings import [csharp] (done) | time=1ms
2025-08-20 16:33:42,722 - innolab - INFO - INFO: Sensor Zero Coverage Sensor
2025-08-20 16:33:42,741 - innolab - INFO - INFO: Sensor Zero Coverage Sensor (done) | time=19ms
2025-08-20 16:33:42,741 - innolab - INFO - INFO: SCM Publisher No SCM system was detected. You can use the 'sonar.scm.provider' property to explicitly specify it.
2025-08-20 16:33:42,745 - innolab - INFO - INFO: CPD Executor 1 file had no CPD blocks
2025-08-20 16:33:42,745 - innolab - INFO - INFO: CPD Executor Calculating CPD for 10 files
2025-08-20 16:33:42,800 - innolab - INFO - INFO: CPD Executor CPD calculation finished (done) | time=54ms
2025-08-20 16:33:43,759 - innolab - INFO - INFO: Analysis report generated in 320ms, dir size=151.5 kB
2025-08-20 16:33:47,903 - innolab - INFO - INFO: Analysis report compressed in 4130ms, zip size=36.3 kB
2025-08-20 16:33:47,967 - innolab - INFO - INFO: Analysis report uploaded in 64ms
2025-08-20 16:33:47,975 - innolab - INFO - INFO: ANALYSIS SUCCESSFUL, you can find the results at: http://sonarqube:9000/dashboard?id=my-service
2025-08-20 16:33:47,975 - innolab - INFO - INFO: Note that you will be able to access the updated dashboard once the server has processed the submitted analysis report
2025-08-20 16:33:47,975 - innolab - INFO - INFO: More about the report processing at http://sonarqube:9000/api/ce/task?id=AZjG09QpdKL1mFXO_Sod
2025-08-20 16:35:30,842 - innolab - INFO - INFO: Analysis total time: 12:40.891 s
2025-08-20 16:35:30,851 - innolab - INFO - INFO: ------------------------------------------------------------------------
2025-08-20 16:35:30,852 - innolab - INFO - INFO: EXECUTION SUCCESS
2025-08-20 16:35:30,852 - innolab - INFO - INFO: ------------------------------------------------------------------------
2025-08-20 16:35:30,853 - innolab - INFO - INFO: Total time: 12:42.269s
2025-08-20 16:35:30,945 - innolab - INFO - INFO: Final Memory: 21M/77M
2025-08-20 16:35:30,946 - innolab - INFO - INFO: ------------------------------------------------------------------------
2025-08-20 16:35:31,309 - innolab - INFO - SonarQube scan completed successfully
2025-08-20 16:35:31,309 - innolab - INFO - Waiting for SonarQube to process results...
2025-08-20 16:35:34,309 - innolab - INFO - Step 2: Exporting issues...
2025-08-20 16:35:34,898 - innolab - INFO - Issues exported successfully to: d:\InnoLab\SonarQ\issues_my-service.json
Total issues found: 6

Issues by severity:
  MAJOR: 6
2025-08-20 16:35:34,915 - innolab - INFO - Found 6 total bugs, 6 bugs
2025-08-20 16:35:34,915 - innolab - INFO - Fixing 6 bugs using Dify
2025-08-20 16:35:34,915 - innolab - INFO - Running workflow with Dify API: app-21rA0wUAaR7PKPdmCX2WJxMo
2025-08-20 16:35:34,915 - innolab - INFO - User: hieult
2025-08-20 16:35:34,916 - innolab - INFO - Mode: DifyMode.LOCAL
2025-08-20 16:35:34,916 - innolab - INFO - Base URL: http://localhost:5001/v1
2025-08-20 16:35:34,916 - innolab - INFO - Generating Dify headers for api_key: app-21...
2025-08-20 16:35:34,916 - innolab - INFO - POST http://localhost:5001/v1/workflows/run with payload: {'inputs': {'is_use_rag': 'False', 'report': '[{"bug_id": "AZjG093UVsqnQYobeaAD", "bug_name": "Unexpected missing generic font family", "rule_key": "css:S4649", "severity": "MAJOR", "type": "BUG", "file_path": "Flask App/Static/style.css", "line": 9, "message": "Unexpected missing generic font family", "status": "OPEN", "resolution": null, "created_at": "2025-08-20T09:22:50+0000", "updated_at": "2025-08-20T09:22:50+0000", "rule_description": "If none of the font names defined in a font or font-family declaration are available on the browser of the user, the\\nbrowser will display the text using its default font. It’s recommended to always define a generic font family for each declaration of\\nfont or font-family to get a less degraded situation than relying on the default browser font. All browsers should implement\\na list of generic font matching these families: Serif, Sans-serif, cursive, fantasy,\\nMonospace.\\nNoncompliant Code Example\\n\\na {\\n  font-family: Helvetica, Arial, Verdana, Tahoma; /* Noncompliant; there is no generic font family in the list */\\n}\\n\\nCompliant Solution\\n\\na {\\n  font-family: Helvetica, Arial, Verdana, Tahoma, sans-serif;\\n}\\n\\nSee\\n\\n   CSS Specification - Generic font families", "code_excerpt": null}, {"bug_id": "AZjG093IVsqnQYobeaAA", "bug_name": "Insert a <!DOCTYPE> declaration to before this <html> tag.", "rule_key": "Web:DoctypePresenceCheck", "severity": "MAJOR", "type": "BUG", "file_path": "Flask App/Templates/administration.html", "line": 1, "message": "Insert a <!DOCTYPE> declaration to before this <html> tag.", "status": "OPEN", "resolution": null, "created_at": "2025-08-20T09:22:50+0000", "updated_at": "2025-08-20T09:22:50+0000", "rule_description": "The &lt;!DOCTYPE&gt; declaration tells the web browser which (X)HTML version is being used on the page, and therefore how to interpret\\nthe various elements.\\nValidators also rely on it to know which rules to enforce.\\nIt should always preceed the &lt;html&gt; tag.\\nNoncompliant Code Example\\n\\n&lt;html&gt;  &lt;!-- Noncompliant --&gt;\\n...\\n&lt;/html&gt;\\n\\nCompliant Solution\\n\\n&lt;!DOCTYPE html&gt;\\n&lt;html&gt;  &lt;!-- Compliant --&gt;\\n...\\n&lt;/html&gt;", "code_excerpt": null}, {"bug_id": "AZjG093IVsqnQYobeaAB", "bug_name": "Add \\"lang\\" and/or \\"xml:lang\\" attributes to this \\"<html>\\" element", "rule_key": "Web:S5254", "severity": "MAJOR", "type": "BUG", "file_path": "Flask App/Templates/administration.html", "line": 1, "message": "Add \\"lang\\" and/or \\"xml:lang\\" attributes to this \\"<html>\\" element", "status": "OPEN", "resolution": null, "created_at": "2025-08-20T09:22:50+0000", "updated_at": "2025-08-20T09:22:50+0000", "rule_description": "The &lt;html&gt;&nbsp;element should provide the lang and/or xml:lang attribute in order to identify the\\ndefault language of a document.\\nIt enables assistive technologies, such as screen readers,&nbsp;to provide a comfortable reading experience by adapting the pronunciation and\\naccent to the language. It also helps braille translation software, telling it to switch the control codes for accented characters for instance.\\nOther benefits of marking the language include:\\n\\n   assisting user agents in providing dictionary definitions or helping users benefit from translation tools. \\n   improving search engine ranking.\\n  \\n\\nBoth the lang and the xml:lang attributes can take only one value.\\n&nbsp;\\nNoncompliant Code Example\\n\\n&lt;!DOCTYPE html&gt;\\n&lt;html&gt; &lt;!-- Noncompliant --&gt;\\n&nbsp;&nbsp;&nbsp; &lt;head&gt;\\n &nbsp;&nbsp;&nbsp;&nbsp; &nbsp;&nbsp;&nbsp; &lt;title&gt;A page written in english&lt;/title&gt;\\n &nbsp;&nbsp;&nbsp;&nbsp; &nbsp;&nbsp;&nbsp; &lt;meta content=\\"text/html; charset=utf-8\\" /&gt;\\n&nbsp;&nbsp;&nbsp; &lt;/head&gt; &nbsp;\\n\\n\\n&nbsp;&nbsp;&nbsp; &lt;body&gt; &nbsp;&nbsp;&nbsp;&nbsp;\\n&nbsp;&nbsp;&nbsp; ... &nbsp;&nbsp;\\n&nbsp;&nbsp;&nbsp; &lt;/body&gt;\\n&lt;/html&gt;\\n\\nCompliant Solution\\n\\n&lt;!DOCTYPE html&gt;\\n&lt;html lang=\\"en\\"&gt;\\n&nbsp;&nbsp;&nbsp; &lt;head&gt;\\n &nbsp;&nbsp;&nbsp;&nbsp; &nbsp;&nbsp;&nbsp; &lt;title&gt;A page written in english&lt;/title&gt;\\n &nbsp;&nbsp;&nbsp;&nbsp; &nbsp;&nbsp;&nbsp; &lt;meta content=\\"text/html; charset=utf-8\\" /&gt;\\n&nbsp;&nbsp;&nbsp; &lt;/head&gt; &nbsp;\\n\\n\\n&nbsp;&nbsp;&nbsp; &lt;body&gt; &nbsp;&nbsp;&nbsp;&nbsp;\\n&nbsp;&nbsp;&nbsp; ... &nbsp;&nbsp;\\n&nbsp;&nbsp;&nbsp; &lt;/body&gt;\\n&lt;/html&gt;\\n\\n\\n&lt;!DOCTYPE html&gt;\\n&lt;html lang=\\"en\\" xml:lang=\\"en\\"&gt;\\n&nbsp;&nbsp;&nbsp; &lt;head&gt;\\n &nbsp;&nbsp;&nbsp;&nbsp; &nbsp;&nbsp;&nbsp; &lt;title&gt;A page written in english&lt;/title&gt;\\n &nbsp;&nbsp;&nbsp;&nbsp; &nbsp;&nbsp;&nbsp; &lt;meta content=\\"text/html; charset=utf-8\\" /&gt;\\n&nbsp;&nbsp;&nbsp; &lt;/head&gt; &nbsp;\\n\\n\\n&nbsp;&nbsp;&nbsp; &lt;body&gt; &nbsp;&nbsp;&nbsp;&nbsp;\\n&nbsp;&nbsp;&nbsp; ... &nbsp;&nbsp;\\n&nbsp;&nbsp;&nbsp; &lt;/body&gt;\\n&lt;/html&gt;\\n\\nSee\\n\\n   WCAG2, H57 - Using language attributes on the html element \\n   WCAG2, 3.1.1 - Language of Page", "code_excerpt": null}, {"bug_id": "AZjG093IVsqnQYobeaAC", "bug_name": "Remove this deprecated \\"marquee\\" element.", "rule_key": "Web:UnsupportedTagsInHtml5Check", "severity": "MAJOR", "type": "BUG", "file_path": "Flask App/Templates/administration.html", "line": 10, "message": "Remove this deprecated \\"marquee\\" element.", "status": "OPEN", "resolution": null, "created_at": "2025-08-20T09:22:50+0000", "updated_at": "2025-08-20T09:22:50+0000", "rule_description": "With the advent of HTML5, many old elements were deprecated. To ensure the best user experience, deprecated elements should not be used. This rule\\nchecks for the following deprecated elements:\\n\\n  \\n    \\n    \\n  \\n  \\n    \\n      Element\\n      Remediation Action\\n    \\n  \\n  \\n    \\n      basefont, big, blink, center, font, marquee,\\n      multicol, nobr, spacer, tt\\n      use CSS\\n    \\n    \\n      acronym\\n      use abbr\\n    \\n    \\n      applet\\n      use embed or object\\n    \\n    \\n      bgsound\\n      use audio\\n    \\n    \\n      frame, frameset, noframes\\n      restructure the page to remove frames\\n    \\n    \\n      isindex\\n      use form controls\\n    \\n    \\n      dir\\n      use ul\\n    \\n    \\n      hgroup\\n      use header or div\\n    \\n    \\n      listing\\n      use pre and code\\n    \\n    \\n      nextid\\n      use GUIDS\\n    \\n    \\n      noembed\\n      use object instead of embed when fallback is necessary\\n    \\n    \\n      plaintext\\n      use the \\"text/plain\\" MIME type\\n    \\n    \\n      strike\\n      use del or s\\n    \\n    \\n      xmp\\n      use pre or code, and escape \\"&lt;\\" and \\"&amp;\\" characters\\n    \\n  \\n\\nSee\\n\\n   W3C, Obsolete Features \\n   WHATWG, Obsolete Features", "code_excerpt": null}, {"bug_id": "AZjG093AVsqnQYobeZ_-", "bug_name": "Insert a <!DOCTYPE> declaration to before this <html> tag.", "rule_key": "Web:DoctypePresenceCheck", "severity": "MAJOR", "type": "BUG", "file_path": "Flask App/Templates/readme.html", "line": 1, "message": "Insert a <!DOCTYPE> declaration to before this <html> tag.", "status": "OPEN", "resolution": null, "created_at": "2025-08-20T09:22:50+0000", "updated_at": "2025-08-20T09:22:50+0000", "rule_description": "The &lt;!DOCTYPE&gt; declaration tells the web browser which (X)HTML version is being used on the page, and therefore how to interpret\\nthe various elements.\\nValidators also rely on it to know which rules to enforce.\\nIt should always preceed the &lt;html&gt; tag.\\nNoncompliant Code Example\\n\\n&lt;html&gt;  &lt;!-- Noncompliant --&gt;\\n...\\n&lt;/html&gt;\\n\\nCompliant Solution\\n\\n&lt;!DOCTYPE html&gt;\\n&lt;html&gt;  &lt;!-- Compliant --&gt;\\n...\\n&lt;/html&gt;", "code_excerpt": null}, {"bug_id": "AZjG093BVsqnQYobeZ__", "bug_name": "Add \\"lang\\" and/or \\"xml:lang\\" attributes to this \\"<html>\\" element", "rule_key": "Web:S5254", "severity": "MAJOR", "type": "BUG", "file_path": "Flask App/Templates/readme.html", "line": 1, "message": "Add \\"lang\\" and/or \\"xml:lang\\" attributes to this \\"<html>\\" element", "status": "OPEN", "resolution": null, "created_at": "2025-08-20T09:22:50+0000", "updated_at": "2025-08-20T09:22:50+0000", "rule_description": "The &lt;html&gt;&nbsp;element should provide the lang and/or xml:lang attribute in order to identify the\\ndefault language of a document.\\nIt enables assistive technologies, such as screen readers,&nbsp;to provide a comfortable reading experience by adapting the pronunciation and\\naccent to the language. It also helps braille translation software, telling it to switch the control codes for accented characters for instance.\\nOther benefits of marking the language include:\\n\\n   assisting user agents in providing dictionary definitions or helping users benefit from translation tools. \\n   improving search engine ranking.\\n  \\n\\nBoth the lang and the xml:lang attributes can take only one value.\\n&nbsp;\\nNoncompliant Code Example\\n\\n&lt;!DOCTYPE html&gt;\\n&lt;html&gt; &lt;!-- Noncompliant --&gt;\\n&nbsp;&nbsp;&nbsp; &lt;head&gt;\\n &nbsp;&nbsp;&nbsp;&nbsp; &nbsp;&nbsp;&nbsp; &lt;title&gt;A page written in english&lt;/title&gt;\\n &nbsp;&nbsp;&nbsp;&nbsp; &nbsp;&nbsp;&nbsp; &lt;meta content=\\"text/html; charset=utf-8\\" /&gt;\\n&nbsp;&nbsp;&nbsp; &lt;/head&gt; &nbsp;\\n\\n\\n&nbsp;&nbsp;&nbsp; &lt;body&gt; &nbsp;&nbsp;&nbsp;&nbsp;\\n&nbsp;&nbsp;&nbsp; ... &nbsp;&nbsp;\\n&nbsp;&nbsp;&nbsp; &lt;/body&gt;\\n&lt;/html&gt;\\n\\nCompliant Solution\\n\\n&lt;!DOCTYPE html&gt;\\n&lt;html lang=\\"en\\"&gt;\\n&nbsp;&nbsp;&nbsp; &lt;head&gt;\\n &nbsp;&nbsp;&nbsp;&nbsp; &nbsp;&nbsp;&nbsp; &lt;title&gt;A page written in english&lt;/title&gt;\\n &nbsp;&nbsp;&nbsp;&nbsp; &nbsp;&nbsp;&nbsp; &lt;meta content=\\"text/html; charset=utf-8\\" /&gt;\\n&nbsp;&nbsp;&nbsp; &lt;/head&gt; &nbsp;\\n\\n\\n&nbsp;&nbsp;&nbsp; &lt;body&gt; &nbsp;&nbsp;&nbsp;&nbsp;\\n&nbsp;&nbsp;&nbsp; ... &nbsp;&nbsp;\\n&nbsp;&nbsp;&nbsp; &lt;/body&gt;\\n&lt;/html&gt;\\n\\n\\n&lt;!DOCTYPE html&gt;\\n&lt;html lang=\\"en\\" xml:lang=\\"en\\"&gt;\\n&nbsp;&nbsp;&nbsp; &lt;head&gt;\\n &nbsp;&nbsp;&nbsp;&nbsp; &nbsp;&nbsp;&nbsp; &lt;title&gt;A page written in english&lt;/title&gt;\\n &nbsp;&nbsp;&nbsp;&nbsp; &nbsp;&nbsp;&nbsp; &lt;meta content=\\"text/html; charset=utf-8\\" /&gt;\\n&nbsp;&nbsp;&nbsp; &lt;/head&gt; &nbsp;\\n\\n\\n&nbsp;&nbsp;&nbsp; &lt;body&gt; &nbsp;&nbsp;&nbsp;&nbsp;\\n&nbsp;&nbsp;&nbsp; ... &nbsp;&nbsp;\\n&nbsp;&nbsp;&nbsp; &lt;/body&gt;\\n&lt;/html&gt;\\n\\nSee\\n\\n   WCAG2, H57 - Using language attributes on the html element \\n   WCAG2, 3.1.1 - Language of Page", "code_excerpt": null}]'}, 'user': 'hieult', 'response_mode': 'blocking'}
2025-08-20 16:35:58,796 - innolab - INFO - Dify workflow run response status: 200
2025-08-20 16:35:58,796 - innolab - INFO - Dify workflow run response: {"task_id": "f0eec2c9-d099-434c-9c6a-6b5f039adac1", "workflow_run_id": "2d496f51-2b4b-47c6-bb70-4620a0da483a", "data": {"id": "2d496f51-2b4b-47c6-bb70-4620a0da483a", "workflow_id": "ff7d653c-1432-4e08-9ed3-6375971797e8", "status": "succeeded", "outputs": {"list_bugs": {"bugs": [{"action": "Fix", "bug_id": "AZjG093AVsqnQYobeZ_-", "classification": "True Positive", "reason": "The absence of a DOCTYPE declaration can lead to inconsistent rendering across different browsers. It's a valid bug.", "rule_description": "The &lt;!DOCTYPE&gt; declaration tells the web browser which (X)HTML version is being used on the page, and therefore how to interpret\nthe various elements.\nValidators also rely on it to know which rules to enforce.\nIt should always preceed the &lt;html&gt; tag.\nNoncompliant Code Example\n\n&lt;html&gt;  &lt;!-- Noncompliant --&gt;\n...\n&lt;/html&gt;\n\nCompliant Solution\n\n&lt;!DOCTYPE html&gt;\n&lt;html&gt;  &lt;!-- Compliant --&gt;\n...\n&lt;/html&gt;", "rule_key": "Web:DoctypePresenceCheck", "type": "bug"}, {"action": "Fix", "bug_id": "AZjG093BVsqnQYobeZ__", "classification": "True Positive", "reason": "Missing lang attributes hinder accessibility and SEO. It's a valid bug.", "rule_description": "The &lt;html&gt;&nbsp;element should provide the lang and/or xml:lang attribute in order to identify the\ndefault language of a document.\nIt enables assistive technologies, such as screen readers,&nbsp;to provide a comfortable reading experience by adapting the pronunciation and\naccent to the language. It also helps braille translation software, telling it to switch the control codes for accented characters for instance.\nOther benefits of marking the language include:\n\n   assisting user agents in providing dictionary definitions or helping users benefit from translation tools. \n   improving search engine ranking.\n  \n\nBoth the lang and the xml:lang attributes can take only one value.\n&nbsp;\nNoncompliant Code Example\n\n&lt;!DOCTYPE html&gt;\n&lt;html&gt; &lt;!-- Noncompliant --&gt;\n&nbsp;&nbsp;&nbsp; &lt;head&gt;\n &nbsp;&nbsp;&nbsp;&nbsp; &nbsp;&nbsp;&nbsp; &lt;title&gt;A page written in english&lt;/title&gt;\n &nbsp;&nbsp;&nbsp;&nbsp; &nbsp;&nbsp;&nbsp; &lt;meta content=\"text/html; charset=utf-8\" /&gt;\n&nbsp;&nbsp;&nbsp; &lt;/head&gt; &nbsp;\n\n\n&nbsp;&nbsp;&nbsp; &lt;body&gt; &nbsp;&nbsp;&nbsp;&nbsp;\n&nbsp;&nbsp;&nbsp; ... &nbsp;&nbsp;\n&nbsp;&nbsp;&nbsp; &lt;/body&gt;\n&lt;/html&gt;\n\nCompliant Solution\n\n&lt;!DOCTYPE html&gt;\n&lt;html lang=\"en\"&gt;\n&nbsp;&nbsp;&nbsp; &lt;head&gt;\n &nbsp;&nbsp;&nbsp;&nbsp; &nbsp;&nbsp;&nbsp; &lt;title&gt;A page written in english&lt;/title&gt;\n &nbsp;&nbsp;&nbsp;&nbsp; &nbsp;&nbsp;&nbsp; &lt;meta content=\"text/html; charset=utf-8\" /&gt;\n&nbsp;&nbsp;&nbsp; &lt;/head&gt; &nbsp;\n\n\n&nbsp;&nbsp;&nbsp; &lt;body&gt; &nbsp;&nbsp;&nbsp;&nbsp;\n&nbsp;&nbsp;&nbsp; ... &nbsp;&nbsp;\n&nbsp;&nbsp;&nbsp; &lt;/body&gt;\n&lt;/html&gt;\n\n\n&lt;!DOCTYPE html&gt;\n&lt;html lang=\"en\" xml:lang=\"en\"&gt;\n&nbsp;&nbsp;&nbsp; &lt;head&gt;\n &nbsp;&nbsp;&nbsp;&nbsp; &nbsp;&nbsp;&nbsp; &lt;title&gt;A page written in english&lt;/title&gt;\n &nbsp;&nbsp;&nbsp;&nbsp; &nbsp;&nbsp;&nbsp; &lt;meta content=\"text/html; charset=utf-8\" /&gt;\n&nbsp;&nbsp;&nbsp; &lt;/head&gt; &nbsp;\n\n\n&nbsp;&nbsp;&nbsp; &lt;body&gt; &nbsp;&nbsp;&nbsp;&nbsp;\n&nbsp;&nbsp;&nbsp; ... &nbsp;&nbsp;\n&nbsp;&nbsp;&nbsp; &lt;/body&gt;\n&lt;/html&gt;\n\nSee\n\n   WCAG2, H57 - Using language attributes on the html element \n   WCAG2, 3.1.1 - Language of Page", "rule_key": "Web:S5254", "type": "bug"}, {"action": "Fix", "bug_id": "AZjG093IVsqnQYobeaAA", "classification": "True Positive", "reason": "The absence of a DOCTYPE declaration can lead to inconsistent rendering across different browsers. It's a valid bug.", "rule_description": "The &lt;!DOCTYPE&gt; declaration tells the web browser which (X)HTML version is being used on the page, and therefore how to interpret\nthe various elements.\nValidators also rely on it to know which rules to enforce.\nIt should always preceed the &lt;html&gt; tag.\nNoncompliant Code Example\n\n&lt;html&gt;  &lt;!-- Noncompliant --&gt;\n...\n&lt;/html&gt;\n\nCompliant Solution\n\n&lt;!DOCTYPE html&gt;\n&lt;html&gt;  &lt;!-- Compliant --&gt;\n...\n&lt;/html&gt;", "rule_key": "Web:DoctypePresenceCheck", "type": "bug"}, {"action": "Fix", "bug_id": "AZjG093IVsqnQYobeaAB", "classification": "True Positive", "reason": "Missing lang attributes hinder accessibility and SEO. It's a valid bug.", "rule_description": "The &lt;html&gt;&nbsp;element should provide the lang and/or xml:lang attribute in order to identify the\ndefault language of a document.\nIt enables assistive technologies, such as screen readers,&nbsp;to provide a comfortable reading experience by adapting the pronunciation and\naccent to the language. It also helps braille translation software, telling it to switch the control codes for accented characters for instance.\nOther benefits of marking the language include:\n\n   assisting user agents in providing dictionary definitions or helping users benefit from translation tools. \n   improving search engine ranking.\n  \n\nBoth the lang and the xml:lang attributes can take only one value.\n&nbsp;\nNoncompliant Code Example\n\n&lt;!DOCTYPE html&gt;\n&lt;html&gt; &lt;!-- Noncompliant --&gt;\n&nbsp;&nbsp;&nbsp; &lt;head&gt;\n &nbsp;&nbsp;&nbsp;&nbsp; &nbsp;&nbsp;&nbsp; &lt;title&gt;A page written in english&lt;/title&gt;\n &nbsp;&nbsp;&nbsp;&nbsp; &nbsp;&nbsp;&nbsp; &lt;meta content=\"text/html; charset=utf-8\" /&gt;\n&nbsp;&nbsp;&nbsp; &lt;/head&gt; &nbsp;\n\n\n&nbsp;&nbsp;&nbsp; &lt;body&gt; &nbsp;&nbsp;&nbsp;&nbsp;\n&nbsp;&nbsp;&nbsp; ... &nbsp;&nbsp;\n&nbsp;&nbsp;&nbsp; &lt;/body&gt;\n&lt;/html&gt;\n\nCompliant Solution\n\n&lt;!DOCTYPE html&gt;\n&lt;html lang=\"en\"&gt;\n&nbsp;&nbsp;&nbsp; &lt;head&gt;\n &nbsp;&nbsp;&nbsp;&nbsp; &nbsp;&nbsp;&nbsp; &lt;title&gt;A page written in english&lt;/title&gt;\n &nbsp;&nbsp;&nbsp;&nbsp; &nbsp;&nbsp;&nbsp; &lt;meta content=\"text/html; charset=utf-8\" /&gt;\n&nbsp;&nbsp;&nbsp; &lt;/head&gt; &nbsp;\n\n\n&nbsp;&nbsp;&nbsp; &lt;body&gt; &nbsp;&nbsp;&nbsp;&nbsp;\n&nbsp;&nbsp;&nbsp; ... &nbsp;&nbsp;\n&nbsp;&nbsp;&nbsp; &lt;/body&gt;\n&lt;/html&gt;\n\n\n&lt;!DOCTYPE html&gt;\n&lt;html lang=\"en\" xml:lang=\"en\"&gt;\n&nbsp;&nbsp;&nbsp; &lt;head&gt;\n &nbsp;&nbsp;&nbsp;&nbsp; &nbsp;&nbsp;&nbsp; &lt;title&gt;A page written in english&lt;/title&gt;\n &nbsp;&nbsp;&nbsp;&nbsp; &nbsp;&nbsp;&nbsp; &lt;meta content=\"text/html; charset=utf-8\" /&gt;\n&nbsp;&nbsp;&nbsp; &lt;/head&gt; &nbsp;\n\n\n&nbsp;&nbsp;&nbsp; &lt;body&gt; &nbsp;&nbsp;&nbsp;&nbsp;\n&nbsp;&nbsp;&nbsp; ... &nbsp;&nbsp;\n&nbsp;&nbsp;&nbsp; &lt;/body&gt;\n&lt;/html&gt;\n\nSee\n\n   WCAG2, H57 - Using language attributes on the html element \n   WCAG2, 3.1.1 - Language of Page", "rule_key": "Web:S5254", "type": "bug"}, {"action": "Fix", "bug_id": "AZjG093IVsqnQYobeaAC", "classification": "True Positive", "reason": "The marquee element is deprecated and should be replaced with modern CSS animations or JavaScript alternatives. It's a valid bug.", "rule_description": "With the advent of HTML5, many old elements were deprecated. To ensure the best user experience, deprecated elements should not be used. This rule\nchecks for the following deprecated elements:\n\n  \n    \n    \n  \n  \n    \n      Element\n      Remediation Action\n    \n  \n  \n    \n      basefont, big, blink, center, font, marquee,\n      multicol, nobr, spacer, tt\n      use CSS\n    \n    \n      acronym\n      use abbr\n    \n    \n      applet\n      use embed or object\n    \n    \n      bgsound\n      use audio\n    \n    \n      frame, frameset, noframes\n      restructure the page to remove frames\n    \n    \n      isindex\n      use form controls\n    \n    \n      dir\n      use ul\n    \n    \n      hgroup\n      use header or div\n    \n    \n      listing\n      use pre and code\n    \n    \n      nextid\n      use GUIDS\n    \n    \n      noembed\n      use object instead of embed when fallback is necessary\n    \n    \n      plaintext\n      use the \"text/plain\" MIME type\n    \n    \n      strike\n      use del or s\n    \n    \n      xmp\n      use pre or code, and escape \"&lt;\" and \"&amp;\" characters\n    \n  \n\nSee\n\n   W3C, Obsolete Features \n   WHATWG, Obsolete Features", "rule_key": "Web:UnsupportedTagsInHtml5Check", "type": "bug"}, {"action": "Fix", "bug_id": "AZjG093UVsqnQYobeaAD", "classification": "True Positive", "reason": "Missing generic font families can lead to unexpected rendering. It's a valid bug.", "rule_description": "If none of the font names defined in a font or font-family declaration are available on the browser of the user, the\nbrowser will display the text using its default font. It\u2019s recommended to always define a generic font family for each declaration of\nfont or font-family to get a less degraded situation than relying on the default browser font. All browsers should implement\na list of generic font matching these families"}]}, "bugs_to_fix": "{\n  \"bugs\": [\n    {\n      \"action\": \"Fix\",\n      \"bug_id\": \"AZjG093AVsqnQYobeZ_-\",\n      \"classification\": \"True Positive\",\n      \"reason\": \"The absence of a DOCTYPE declaration can lead to inconsistent rendering across different browsers. It's a valid bug.\",\n      \"rule_description\": \"The &lt;!DOCTYPE&gt; declaration tells the web browser which (X)HTML version is being used on the page, and therefore how to interpret\\nthe various elements.\\nValidators also rely on it to know which rules to enforce.\\nIt should always preceed the &lt;html&gt; tag.\\nNoncompliant Code Example\\n\\n&lt;html&gt;  &lt;!-- Noncompliant --&gt;\\n...\\n&lt;/html&gt;\\n\\nCompliant Solution\\n\\n&lt;!DOCTYPE html&gt;\\n&lt;html&gt;  &lt;!-- Compliant --&gt;\\n...\\n&lt;/html&gt;\",\n      \"rule_key\": \"Web:DoctypePresenceCheck\",\n      \"type\": \"bug\"\n    },\n    {\n      \"action\": \"Fix\",\n      \"bug_id\": \"AZjG093BVsqnQYobeZ__\",\n      \"classification\": \"True Positive\",\n      \"reason\": \"Missing lang attributes hinder accessibility and SEO. It's a valid bug.\",\n      \"rule_description\": \"The &lt;html&gt;&nbsp;element should provide the lang and/or xml:lang attribute in order to identify the\\ndefault language of a document.\\nIt enables assistive technologies, such as screen readers,&nbsp;to provide a comfortable reading experience by adapting the pronunciation and\\naccent to the language. It also helps braille translation software, telling it to switch the control codes for accented characters for instance.\\nOther benefits of marking the language include:\\n\\n   assisting user agents in providing dictionary definitions or helping users benefit from translation tools. \\n   improving search engine ranking.\\n  \\n\\nBoth the lang and the xml:lang attributes can take only one value.\\n&nbsp;\\nNoncompliant Code Example\\n\\n&lt;!DOCTYPE html&gt;\\n&lt;html&gt; &lt;!-- Noncompliant --&gt;\\n&nbsp;&nbsp;&nbsp; &lt;head&gt;\\n &nbsp;&nbsp;&nbsp;&nbsp; &nbsp;&nbsp;&nbsp; &lt;title&gt;A page written in english&lt;/title&gt;\\n &nbsp;&nbsp;&nbsp;&nbsp; &nbsp;&nbsp;&nbsp; &lt;meta content=\\\"text/html; charset=utf-8\\\" /&gt;\\n&nbsp;&nbsp;&nbsp; &lt;/head&gt; &nbsp;\\n\\n\\n&nbsp;&nbsp;&nbsp; &lt;body&gt; &nbsp;&nbsp;&nbsp;&nbsp;\\n&nbsp;&nbsp;&nbsp; ... &nbsp;&nbsp;\\n&nbsp;&nbsp;&nbsp; &lt;/body&gt;\\n&lt;/html&gt;\\n\\nCompliant Solution\\n\\n&lt;!DOCTYPE html&gt;\\n&lt;html lang=\\\"en\\\"&gt;\\n&nbsp;&nbsp;&nbsp; &lt;head&gt;\\n &nbsp;&nbsp;&nbsp;&nbsp; &nbsp;&nbsp;&nbsp; &lt;title&gt;A page written in english&lt;/title&gt;\\n &nbsp;&nbsp;&nbsp;&nbsp; &nbsp;&nbsp;&nbsp; &lt;meta content=\\\"text/html; charset=utf-8\\\" /&gt;\\n&nbsp;&nbsp;&nbsp; &lt;/head&gt; &nbsp;\\n\\n\\n&nbsp;&nbsp;&nbsp; &lt;body&gt; &nbsp;&nbsp;&nbsp;&nbsp;\\n&nbsp;&nbsp;&nbsp; ... &nbsp;&nbsp;\\n&nbsp;&nbsp;&nbsp; &lt;/body&gt;\\n&lt;/html&gt;\\n\\n\\n&lt;!DOCTYPE html&gt;\\n&lt;html lang=\\\"en\\\" xml:lang=\\\"en\\\"&gt;\\n&nbsp;&nbsp;&nbsp; &lt;head&gt;\\n &nbsp;&nbsp;&nbsp;&nbsp; &nbsp;&nbsp;&nbsp; &lt;title&gt;A page written in english&lt;/title&gt;\\n &nbsp;&nbsp;&nbsp;&nbsp; &nbsp;&nbsp;&nbsp; &lt;meta content=\\\"text/html; charset=utf-8\\\" /&gt;\\n&nbsp;&nbsp;&nbsp; &lt;/head&gt; &nbsp;\\n\\n\\n&nbsp;&nbsp;&nbsp; &lt;body&gt; &nbsp;&nbsp;&nbsp;&nbsp;\\n&nbsp;&nbsp;&nbsp; ... &nbsp;&nbsp;\\n&nbsp;&nbsp;&nbsp; &lt;/body&gt;\\n&lt;/html&gt;\\n\\nSee\\n\\n   WCAG2, H57 - Using language attributes on the html element \\n   WCAG2, 3.1.1 - Language of Page\",\n      \"rule_key\": \"Web:S5254\",\n      \"type\": \"bug\"\n    },\n    {\n      \"action\": \"Fix\",\n      \"bug_id\": \"AZjG093IVsqnQYobeaAA\",\n      \"classification\": \"True Positive\",\n      \"reason\": \"The absence of a DOCTYPE declaration can lead to inconsistent rendering across different browsers. It's a valid bug.\",\n      \"rule_description\": \"The &lt;!DOCTYPE&gt; declaration tells the web browser which (X)HTML version is being used on the page, and therefore how to interpret\\nthe various elements.\\nValidators also rely on it to know which rules to enforce.\\nIt should always preceed the &lt;html&gt; tag.\\nNoncompliant Code Example\\n\\n&lt;html&gt;  &lt;!-- Noncompliant --&gt;\\n...\\n&lt;/html&gt;\\n\\nCompliant Solution\\n\\n&lt;!DOCTYPE html&gt;\\n&lt;html&gt;  &lt;!-- Compliant --&gt;\\n...\\n&lt;/html&gt;\",\n      \"rule_key\": \"Web:DoctypePresenceCheck\",\n      \"type\": \"bug\"\n    },\n    {\n      \"action\": \"Fix\",\n      \"bug_id\": \"AZjG093IVsqnQYobeaAB\",\n      \"classification\": \"True Positive\",\n      \"reason\": \"Missing lang attributes hinder accessibility and SEO. It's a valid bug.\",\n      \"rule_description\": \"The &lt;html&gt;&nbsp;element should provide the lang and/or xml:lang attribute in order to identify the\\ndefault language of a document.\\nIt enables assistive technologies, such as screen readers,&nbsp;to provide a comfortable reading experience by adapting the pronunciation and\\naccent to the language. It also helps braille translation software, telling it to switch the control codes for accented characters for instance.\\nOther benefits of marking the language include:\\n\\n   assisting user agents in providing dictionary definitions or helping users benefit from translation tools. \\n   improving search engine ranking.\\n  \\n\\nBoth the lang and the xml:lang attributes can take only one value.\\n&nbsp;\\nNoncompliant Code Example\\n\\n&lt;!DOCTYPE html&gt;\\n&lt;html&gt; &lt;!-- Noncompliant --&gt;\\n&nbsp;&nbsp;&nbsp; &lt;head&gt;\\n &nbsp;&nbsp;&nbsp;&nbsp; &nbsp;&nbsp;&nbsp; &lt;title&gt;A page written in english&lt;/title&gt;\\n &nbsp;&nbsp;&nbsp;&nbsp; &nbsp;&nbsp;&nbsp; &lt;meta content=\\\"text/html; charset=utf-8\\\" /&gt;\\n&nbsp;&nbsp;&nbsp; &lt;/head&gt; &nbsp;\\n\\n\\n&nbsp;&nbsp;&nbsp; &lt;body&gt; &nbsp;&nbsp;&nbsp;&nbsp;\\n&nbsp;&nbsp;&nbsp; ... &nbsp;&nbsp;\\n&nbsp;&nbsp;&nbsp; &lt;/body&gt;\\n&lt;/html&gt;\\n\\nCompliant Solution\\n\\n&lt;!DOCTYPE html&gt;\\n&lt;html lang=\\\"en\\\"&gt;\\n&nbsp;&nbsp;&nbsp; &lt;head&gt;\\n &nbsp;&nbsp;&nbsp;&nbsp; &nbsp;&nbsp;&nbsp; &lt;title&gt;A page written in english&lt;/title&gt;\\n &nbsp;&nbsp;&nbsp;&nbsp; &nbsp;&nbsp;&nbsp; &lt;meta content=\\\"text/html; charset=utf-8\\\" /&gt;\\n&nbsp;&nbsp;&nbsp; &lt;/head&gt; &nbsp;\\n\\n\\n&nbsp;&nbsp;&nbsp; &lt;body&gt; &nbsp;&nbsp;&nbsp;&nbsp;\\n&nbsp;&nbsp;&nbsp; ... &nbsp;&nbsp;\\n&nbsp;&nbsp;&nbsp; &lt;/body&gt;\\n&lt;/html&gt;\\n\\n\\n&lt;!DOCTYPE html&gt;\\n&lt;html lang=\\\"en\\\" xml:lang=\\\"en\\\"&gt;\\n&nbsp;&nbsp;&nbsp; &lt;head&gt;\\n &nbsp;&nbsp;&nbsp;&nbsp; &nbsp;&nbsp;&nbsp; &lt;title&gt;A page written in english&lt;/title&gt;\\n &nbsp;&nbsp;&nbsp;&nbsp; &nbsp;&nbsp;&nbsp; &lt;meta content=\\\"text/html; charset=utf-8\\\" /&gt;\\n&nbsp;&nbsp;&nbsp; &lt;/head&gt; &nbsp;\\n\\n\\n&nbsp;&nbsp;&nbsp; &lt;body&gt; &nbsp;&nbsp;&nbsp;&nbsp;\\n&nbsp;&nbsp;&nbsp; ... &nbsp;&nbsp;\\n&nbsp;&nbsp;&nbsp; &lt;/body&gt;\\n&lt;/html&gt;\\n\\nSee\\n\\n   WCAG2, H57 - Using language attributes on the html element \\n   WCAG2, 3.1.1 - Language of Page\",\n      \"rule_key\": \"Web:S5254\",\n      \"type\": \"bug\"\n    },\n    {\n      \"action\": \"Fix\",\n      \"bug_id\": \"AZjG093IVsqnQYobeaAC\",\n      \"classification\": \"True Positive\",\n      \"reason\": \"The marquee element is deprecated and should be replaced with modern CSS animations or JavaScript alternatives. It's a valid bug.\",\n      \"rule_description\": \"With the advent of HTML5, many old elements were deprecated. To ensure the best user experience, deprecated elements should not be used. This rule\\nchecks for the following deprecated elements:\\n\\n  \\n    \\n    \\n  \\n  \\n    \\n      Element\\n      Remediation Action\\n    \\n  \\n  \\n    \\n      basefont, big, blink, center, font, marquee,\\n      multicol, nobr, spacer, tt\\n      use CSS\\n    \\n    \\n      acronym\\n      use abbr\\n    \\n    \\n      applet\\n      use embed or object\\n    \\n    \\n      bgsound\\n      use audio\\n    \\n    \\n      frame, frameset, noframes\\n      restructure the page to remove frames\\n    \\n    \\n      isindex\\n      use form controls\\n    \\n    \\n      dir\\n      use ul\\n    \\n    \\n      hgroup\\n      use header or div\\n    \\n    \\n      listing\\n      use pre and code\\n    \\n    \\n      nextid\\n      use GUIDS\\n    \\n    \\n      noembed\\n      use object instead of embed when fallback is necessary\\n    \\n    \\n      plaintext\\n      use the \\\"text/plain\\\" MIME type\\n    \\n    \\n      strike\\n      use del or s\\n    \\n    \\n      xmp\\n      use pre or code, and escape \\\"&lt;\\\" and \\\"&amp;\\\" characters\\n    \\n  \\n\\nSee\\n\\n   W3C, Obsolete Features \\n   WHATWG, Obsolete Features\",\n      \"rule_key\": \"Web:UnsupportedTagsInHtml5Check\",\n      \"type\": \"bug\"\n    },\n    {\n      \"action\": \"Fix\",\n      \"bug_id\": \"AZjG093UVsqnQYobeaAD\",\n      \"classification\": \"True Positive\",\n      \"reason\": \"Missing generic font families can lead to unexpected rendering. It's a valid bug.\",\n      \"rule_description\": \"If none of the font names defined in a font or font-family declaration are available on the browser of the user, the\\nbrowser will display the text using its default font. It\u2019s recommended to always define a generic font family for each declaration of\\nfont or font-family to get a less degraded situation than relying on the default browser font. All browsers should implement\\na list of generic font matching these families"}, "error": "", "elapsed_time": 23.114003, "total_tokens": 11145, "total_steps": 4, "created_at": 1755682535, "finished_at": 1755682558}}
2025-08-20 16:35:58,798 - innolab - INFO - Dify analysis_bug: 
2025-08-20 16:35:58,798 - innolab - INFO - Dify usage: 
2025-08-20 16:35:58,799 - innolab - ERROR - Demo failed: ExecutionServiceNoMongo.fix_bugs_llm() got an unexpected keyword argument 'mode'
