2025-08-25 13:45:19,949 - innolab - INFO - ExecutionServiceNoMongo initialized with:
2025-08-25 13:45:19,949 - innolab - INFO -   Max iterations: 5
2025-08-25 13:45:19,950 - innolab - INFO -   Project key: my-service
2025-08-25 13:45:19,950 - innolab - INFO -   Source code path: d:\InnoLab\SonarQ\source_bug
2025-08-25 13:45:19,951 - innolab - INFO -   Scan directory: source_bug
2025-08-25 13:45:19,951 - innolab - INFO -   Scan mode: sonar
2025-08-25 13:45:19,951 - innolab - INFO -   RAG available: True
2025-08-25 13:45:19,952 - innolab - INFO - Starting execution without RAG (mode: DifyMode.CLOUD)
2025-08-25 13:45:19,952 - innolab - INFO - 
=== ITERATION 1/5 ===
2025-08-25 13:45:19,953 - innolab - INFO - Starting SonarQube scan for project: my-service
2025-08-25 13:45:19,954 - innolab - INFO - Step 1: Running SonarQube scan...
2025-08-25 13:45:19,954 - innolab - INFO - Ensuring sonar-scanner container is running...
2025-08-25 13:45:20,050 - innolab - INFO - sonar_scanner
2025-08-25 13:45:22,050 - innolab - INFO - Project directory: d:\InnoLab\SonarQ\source_bug
2025-08-25 13:45:22,052 - innolab - INFO - Created sonar-project.properties for project: my-service
2025-08-25 13:45:22,053 - innolab - INFO - Running containerized scan: docker exec -w /usr/src -e SONAR_HOST_URL=http://sonarqube:9000 -e SONAR_TOKEN=sqa_a175e30d38b432938451bc9a77fbe00b941d4d82 sonar_scanner sonar-scanner
2025-08-25 13:45:22,302 - innolab - INFO - INFO: Scanner configuration file: /opt/sonar-scanner/conf/sonar-scanner.properties
2025-08-25 13:45:22,305 - innolab - INFO - INFO: Project root configuration file: /usr/src/sonar-project.properties
2025-08-25 13:45:22,373 - innolab - INFO - INFO: SonarScanner 5.0.1.3006
2025-08-25 13:45:22,374 - innolab - INFO - INFO: Java 17.0.10 Alpine (64-bit)
2025-08-25 13:45:22,375 - innolab - INFO - INFO: Linux 5.15.167.4-microsoft-standard-WSL2 amd64
2025-08-25 13:45:22,658 - innolab - INFO - INFO: User cache: /opt/sonar-scanner/.sonar/cache
2025-08-25 13:45:22,747 - innolab - INFO - INFO: Analyzing on SonarQube server 9.9.8.100196
2025-08-25 13:45:22,747 - innolab - INFO - INFO: Default locale: "en_US", source code encoding: "UTF-8" (analysis is platform dependent)
2025-08-25 13:45:23,237 - innolab - INFO - INFO: Load global settings
2025-08-25 13:45:23,321 - innolab - INFO - INFO: Load global settings (done) | time=84ms
2025-08-25 13:45:23,324 - innolab - INFO - INFO: Server id: 243B8A4D-AZjK7rzghlLdJt_RRKZv
2025-08-25 13:45:23,329 - innolab - INFO - INFO: User cache: /opt/sonar-scanner/.sonar/cache
2025-08-25 13:45:23,333 - innolab - INFO - INFO: Load/download plugins
2025-08-25 13:45:23,333 - innolab - INFO - INFO: Load plugins index
2025-08-25 13:45:23,363 - innolab - INFO - INFO: Load plugins index (done) | time=30ms
2025-08-25 13:45:23,580 - innolab - INFO - INFO: Load/download plugins (done) | time=246ms
2025-08-25 13:45:24,011 - innolab - INFO - INFO: Process project properties
2025-08-25 13:45:24,019 - innolab - INFO - INFO: Process project properties (done) | time=9ms
2025-08-25 13:45:24,021 - innolab - INFO - INFO: Execute project builders
2025-08-25 13:45:24,022 - innolab - INFO - INFO: Execute project builders (done) | time=1ms
