2025-08-25 13:30:30,289 - innolab - INFO - ExecutionServiceNoMongo initialized with:
2025-08-25 13:30:30,289 - innolab - INFO -   Max iterations: 5
2025-08-25 13:30:30,289 - innolab - INFO -   Project key: my-service
2025-08-25 13:30:30,289 - innolab - INFO -   Source code path: d:\InnoLab\SonarQ\source_bug
2025-08-25 13:30:30,290 - innolab - INFO -   Scan directory: source_bug
2025-08-25 13:30:30,290 - innolab - INFO -   Scan mode: bearer
2025-08-25 13:30:30,290 - innolab - INFO -   RAG available: True
2025-08-25 13:30:30,290 - innolab - INFO - Starting execution without RAG (mode: DifyMode.LOCAL)
2025-08-25 13:30:30,290 - innolab - INFO - 
=== ITERATION 1/5 ===
2025-08-25 13:30:30,290 - innolab - INFO - Starting Bearer scan for project: my-service
2025-08-25 13:30:30,290 - innolab - INFO - Project directory: d:\InnoLab\SonarQ\source_bug
2025-08-25 13:30:30,290 - innolab - INFO - Running Bearer scan: docker run --rm -v d:\InnoLab\SonarQ\source_bug:/scan -v d:\InnoLab\SonarQ:/output bearer/bearer:latest-amd64 bearer scan /scan --format json --output /output/bearer_results_my-service.json
2025-08-25 13:30:30,370 - innolab - INFO - Unable to find image 'bearer/bearer:latest-amd64' locally
2025-08-25 13:30:33,989 - innolab - INFO - latest-amd64: Pulling from bearer/bearer
2025-08-25 13:30:35,532 - innolab - INFO - a359a127b94a: Pulling fs layer
2025-08-25 13:30:35,533 - innolab - INFO - b71466b94f26: Pulling fs layer
2025-08-25 13:30:35,534 - innolab - INFO - 3dfb1407774c: Pulling fs layer
2025-08-25 13:30:35,534 - innolab - INFO - 4b9ee71ced2b: Pulling fs layer
2025-08-25 13:30:35,999 - innolab - INFO - a359a127b94a: Download complete
2025-08-25 13:30:37,395 - innolab - INFO - 3dfb1407774c: Download complete
2025-08-25 13:30:39,195 - innolab - INFO - b71466b94f26: Download complete
2025-08-25 13:30:40,899 - innolab - INFO - 4b9ee71ced2b: Download complete
2025-08-25 13:30:41,100 - innolab - INFO - b71466b94f26: Pull complete
2025-08-25 13:30:43,409 - innolab - INFO - 4b9ee71ced2b: Pull complete
2025-08-25 13:30:44,397 - innolab - INFO - 3dfb1407774c: Pull complete
2025-08-25 13:30:44,455 - innolab - INFO - a359a127b94a: Pull complete
2025-08-25 13:30:44,455 - innolab - INFO - Digest: sha256:e6fba3cdae6a9a0f9591e6399e6f228bc7ad6e95f12640075c3f32b8233e36de
2025-08-25 13:30:44,456 - innolab - INFO - Status: Downloaded newer image for bearer/bearer:latest-amd64
2025-08-25 13:30:49,535 - innolab - INFO - Error: unknown flag: --format
2025-08-25 13:30:49,536 - innolab - INFO - 
2025-08-25 13:30:49,576 - innolab - INFO - 
2025-08-25 13:30:49,576 - innolab - INFO - Scan your source code to discover, filter and prioritize security and privacy risks.
2025-08-25 13:30:49,576 - innolab - INFO - 
2025-08-25 13:30:49,576 - innolab - INFO - Usage: bearer <command> [flags]
2025-08-25 13:30:49,576 - innolab - INFO - 
2025-08-25 13:30:49,576 - innolab - INFO - Available Commands:
2025-08-25 13:30:49,577 - innolab - INFO - completion        Generate the autocompletion script for your shell
2025-08-25 13:30:49,577 - innolab - INFO - scan              Scan a directory or file
2025-08-25 13:30:49,577 - innolab - INFO - init              Write the default config to bearer.yml
2025-08-25 13:30:49,577 - innolab - INFO - ignore            Manage ignored fingerprints
2025-08-25 13:30:49,577 - innolab - INFO - version           Print the version
2025-08-25 13:30:49,577 - innolab - INFO - 
2025-08-25 13:30:49,578 - innolab - INFO - Examples:
2025-08-25 13:30:49,578 - innolab - INFO - # Scan local directory or file and output security risks
2025-08-25 13:30:49,578 - innolab - INFO - $ bearer scan <path> --scanner=sast,secrets
2025-08-25 13:30:49,578 - innolab - INFO - 
2025-08-25 13:30:49,578 - innolab - INFO - # Scan current directory and output the privacy report to a file
2025-08-25 13:30:49,579 - innolab - INFO - $ bearer scan --report privacy --output <output-path> .
2025-08-25 13:30:49,579 - innolab - INFO - 
2025-08-25 13:30:49,579 - innolab - INFO - # Scan local directory and output details about the underlying
2025-08-25 13:30:49,579 - innolab - INFO - # detections and classifications
2025-08-25 13:30:49,579 - innolab - INFO - $ bearer scan . --report dataflow
2025-08-25 13:30:49,579 - innolab - INFO - 
2025-08-25 13:30:49,580 - innolab - INFO - Learn More:
2025-08-25 13:30:49,580 - innolab - INFO - Bearer is a code security tool that scans your source code to
2025-08-25 13:30:49,580 - innolab - INFO - identify OWASP/CWE top security risks, privacy impact, and sensitive dataflows
2025-08-25 13:30:49,580 - innolab - INFO - 
2025-08-25 13:30:49,580 - innolab - INFO - For more examples, tutorials, and to learn more about the project
2025-08-25 13:30:49,580 - innolab - INFO - visit https://docs.bearer.com
2025-08-25 13:30:49,580 - innolab - INFO - 
2025-08-25 13:30:49,953 - innolab - ERROR - Command failed with return code 1
2025-08-25 13:30:49,957 - innolab - INFO - Iteration 1: Found 0 open bugs (0 BUG, 0 CODE_SMELL) in BEARER scan
2025-08-25 13:30:49,957 - innolab - INFO - No bugs found - execution completed successfully
2025-08-25 13:30:49,957 - innolab - INFO - === EXECUTION RESULT ===
2025-08-25 13:30:49,957 - innolab - INFO - Mode: LOCAL
2025-08-25 13:30:49,958 - innolab - INFO - Project: my-service
2025-08-25 13:30:49,958 - innolab - INFO - Total bugs fixed: 0
2025-08-25 13:30:49,958 - innolab - INFO - Total iterations: 1
2025-08-25 13:30:49,958 - innolab - INFO - Start time: 2025-08-25T13:30:30.290353
2025-08-25 13:30:49,958 - innolab - INFO - End time: 2025-08-25T13:30:49.957598
2025-08-25 13:30:49,958 - innolab - INFO - Iteration 1: 0 bugs found, 0 fixed
