2025-08-25 11:38:52,271 - innolab - INFO - ExecutionServiceNoMongo initialized with:
2025-08-25 11:38:52,271 - innolab - INFO -   Max iterations: 5
2025-08-25 11:38:52,271 - innolab - INFO -   Project key: my-service
2025-08-25 11:38:52,271 - innolab - INFO -   Source code path: d:\InnoLab\SonarQ\source_bug
2025-08-25 11:38:52,271 - innolab - INFO -   Scan directory: source_bug
2025-08-25 11:38:52,271 - innolab - INFO -   RAG available: True
2025-08-25 11:38:52,272 - innolab - INFO - Starting execution without RAG (mode: DifyMode.LOCAL)
2025-08-25 11:38:52,272 - innolab - INFO - 
=== ITERATION 1/5 ===
2025-08-25 11:38:52,272 - innolab - INFO - Starting SonarQube scan for project: my-service
2025-08-25 11:38:52,272 - innolab - INFO - Step 1: Running SonarQube scan...
2025-08-25 11:38:52,272 - innolab - INFO - Ensuring sonar-scanner container is running...
2025-08-25 11:38:52,358 - innolab - INFO - sonar_scanner
2025-08-25 11:38:54,359 - innolab - INFO - Project directory: d:\InnoLab\SonarQ\source_bug
2025-08-25 11:38:54,360 - innolab - INFO - Created sonar-project.properties for project: my-service
2025-08-25 11:38:54,360 - innolab - INFO - Running containerized scan: docker exec -w /usr/src -e SONAR_HOST_URL=http://sonarqube:9000 -e SONAR_TOKEN=sqa_a175e30d38b432938451bc9a77fbe00b941d4d82 sonar_scanner sonar-scanner
2025-08-25 11:38:54,651 - innolab - INFO - INFO: Scanner configuration file: /opt/sonar-scanner/conf/sonar-scanner.properties
2025-08-25 11:38:54,653 - innolab - INFO - INFO: Project root configuration file: /usr/src/sonar-project.properties
2025-08-25 11:38:54,702 - innolab - INFO - INFO: SonarScanner 5.0.1.3006
2025-08-25 11:38:54,703 - innolab - INFO - INFO: Java 17.0.10 Alpine (64-bit)
2025-08-25 11:38:54,703 - innolab - INFO - INFO: Linux 5.15.167.4-microsoft-standard-WSL2 amd64
2025-08-25 11:38:54,896 - innolab - INFO - INFO: User cache: /opt/sonar-scanner/.sonar/cache
2025-08-25 11:38:54,988 - innolab - INFO - INFO: Analyzing on SonarQube server 9.9.8.100196
2025-08-25 11:38:54,989 - innolab - INFO - INFO: Default locale: "en_US", source code encoding: "UTF-8" (analysis is platform dependent)
2025-08-25 11:38:55,452 - innolab - INFO - INFO: Load global settings
2025-08-25 11:38:55,541 - innolab - INFO - INFO: Load global settings (done) | time=90ms
2025-08-25 11:38:55,542 - innolab - INFO - INFO: Server id: 243B8A4D-AZjK7rzghlLdJt_RRKZv
2025-08-25 11:38:55,545 - innolab - INFO - INFO: User cache: /opt/sonar-scanner/.sonar/cache
2025-08-25 11:38:55,548 - innolab - INFO - INFO: Load/download plugins
2025-08-25 11:38:55,548 - innolab - INFO - INFO: Load plugins index
2025-08-25 11:38:55,600 - innolab - INFO - INFO: Load plugins index (done) | time=52ms
2025-08-25 11:38:55,779 - innolab - INFO - INFO: Load/download plugins (done) | time=230ms
2025-08-25 11:38:56,460 - innolab - INFO - INFO: Process project properties
2025-08-25 11:38:56,466 - innolab - INFO - INFO: Process project properties (done) | time=7ms
2025-08-25 11:38:56,468 - innolab - INFO - INFO: Execute project builders
2025-08-25 11:38:56,470 - innolab - INFO - INFO: Execute project builders (done) | time=2ms
2025-08-25 11:38:56,485 - innolab - INFO - INFO: Project key: my-service
2025-08-25 11:38:56,485 - innolab - INFO - INFO: Base dir: /usr/src
2025-08-25 11:38:56,485 - innolab - INFO - INFO: Working dir: /usr/src/.scannerwork
2025-08-25 11:38:56,494 - innolab - INFO - INFO: Load project settings for component key: 'my-service'
2025-08-25 11:38:56,523 - innolab - INFO - INFO: Load project settings for component key: 'my-service' (done) | time=29ms
2025-08-25 11:38:56,705 - innolab - INFO - WARN: SCM provider autodetection failed. Please use "sonar.scm.provider" to define SCM of your project, or disable the SCM Sensor in the project settings.
2025-08-25 11:38:56,710 - innolab - INFO - INFO: Load quality profiles
2025-08-25 11:38:56,785 - innolab - INFO - INFO: Load quality profiles (done) | time=74ms
2025-08-25 11:38:56,788 - innolab - INFO - INFO: Load active rules
2025-08-25 11:38:58,271 - innolab - INFO - INFO: Load active rules (done) | time=1483ms
2025-08-25 11:38:58,275 - innolab - INFO - INFO: Load analysis cache
2025-08-25 11:38:58,289 - innolab - INFO - INFO: Load analysis cache (961 bytes) | time=14ms
2025-08-25 11:38:58,373 - innolab - INFO - INFO: Load project repositories
2025-08-25 11:38:58,391 - innolab - INFO - INFO: Load project repositories (done) | time=18ms
2025-08-25 11:38:58,414 - innolab - INFO - INFO: Indexing files...
2025-08-25 11:38:58,414 - innolab - INFO - INFO: Project configuration:
2025-08-25 11:38:58,415 - innolab - INFO - INFO:   Excluded sources: **/node_modules/**, **/dist/**, **/build/**, **/.git/**
2025-08-25 11:38:58,674 - innolab - INFO - INFO: 11 files indexed
2025-08-25 11:38:58,674 - innolab - INFO - INFO: 0 files ignored because of inclusion/exclusion patterns
2025-08-25 11:38:58,675 - innolab - INFO - INFO: Quality profile for css: Sonar way
2025-08-25 11:38:58,675 - innolab - INFO - INFO: Quality profile for py: Sonar way
2025-08-25 11:38:58,676 - innolab - INFO - INFO: Quality profile for web: Sonar way
2025-08-25 11:38:58,676 - innolab - INFO - INFO: ------------- Run sensors on module my-service
2025-08-25 11:38:58,751 - innolab - INFO - INFO: Load metrics repository
2025-08-25 11:38:58,777 - innolab - INFO - INFO: Load metrics repository (done) | time=25ms
2025-08-25 11:39:00,178 - innolab - INFO - INFO: Sensor Python Sensor [python]
2025-08-25 11:39:00,181 - innolab - INFO - WARN: Your code is analyzed as compatible with python 2 and 3 by default. This will prevent the detection of issues specific to python 2 or python 3. You can get a more precise analysis by setting a python version in your configuration via the parameter "sonar.python.version"
2025-08-25 11:39:00,196 - innolab - INFO - INFO: Starting global symbols computation
2025-08-25 11:39:00,201 - innolab - INFO - INFO: 1 source file to be analyzed
2025-08-25 11:39:00,508 - innolab - INFO - INFO: 1/1 source file has been analyzed
2025-08-25 11:39:00,539 - innolab - INFO - INFO: Starting rules execution
2025-08-25 11:39:00,540 - innolab - INFO - INFO: 1 source file to be analyzed
2025-08-25 11:39:00,777 - innolab - INFO - INFO: 1/1 source file has been analyzed
2025-08-25 11:39:00,777 - innolab - INFO - INFO: The Python analyzer was able to leverage cached data from previous analyses for 0 out of 1 files. These files were not parsed.
2025-08-25 11:39:00,778 - innolab - INFO - INFO: Sensor Python Sensor [python] (done) | time=601ms
2025-08-25 11:39:00,778 - innolab - INFO - INFO: Sensor Cobertura Sensor for Python coverage [python]
2025-08-25 11:39:00,864 - innolab - INFO - INFO: Sensor Cobertura Sensor for Python coverage [python] (done) | time=86ms
2025-08-25 11:39:00,864 - innolab - INFO - INFO: Sensor PythonXUnitSensor [python]
2025-08-25 11:39:00,933 - innolab - INFO - INFO: Sensor PythonXUnitSensor [python] (done) | time=70ms
2025-08-25 11:39:00,934 - innolab - INFO - INFO: Sensor JaCoCo XML Report Importer [jacoco]
2025-08-25 11:39:00,935 - innolab - INFO - INFO: 'sonar.coverage.jacoco.xmlReportPaths' is not defined. Using default locations: target/site/jacoco/jacoco.xml,target/site/jacoco-it/jacoco.xml,build/reports/jacoco/test/jacocoTestReport.xml
2025-08-25 11:39:00,937 - innolab - INFO - INFO: No report imported, no coverage information will be imported by JaCoCo XML Report Importer
2025-08-25 11:39:00,937 - innolab - INFO - INFO: Sensor JaCoCo XML Report Importer [jacoco] (done) | time=3ms
2025-08-25 11:39:00,937 - innolab - INFO - INFO: Sensor CSS Rules [javascript]
2025-08-25 11:47:23,600 - innolab - INFO - INFO: 8 source files to be analyzed
2025-08-25 11:47:31,531 - innolab - INFO - INFO: 8/8 source files have been analyzed
2025-08-25 11:47:31,532 - innolab - INFO - INFO: Hit the cache for 0 out of 0
2025-08-25 11:47:31,533 - innolab - INFO - INFO: Miss the cache for 0 out of 0
2025-08-25 11:47:31,534 - innolab - INFO - INFO: Sensor CSS Rules [javascript] (done) | time=510597ms
2025-08-25 11:47:31,534 - innolab - INFO - INFO: Sensor CSS Metrics [javascript]
2025-08-25 11:47:31,571 - innolab - INFO - INFO: Sensor CSS Metrics [javascript] (done) | time=38ms
2025-08-25 11:47:31,572 - innolab - INFO - INFO: Sensor C# Project Type Information [csharp]
2025-08-25 11:47:31,572 - innolab - INFO - INFO: Sensor C# Project Type Information [csharp] (done) | time=1ms
2025-08-25 11:47:31,573 - innolab - INFO - INFO: Sensor C# Analysis Log [csharp]
2025-08-25 11:47:31,590 - innolab - INFO - INFO: Sensor C# Analysis Log [csharp] (done) | time=17ms
2025-08-25 11:47:31,590 - innolab - INFO - INFO: Sensor C# Properties [csharp]
2025-08-25 11:47:31,590 - innolab - INFO - INFO: Sensor C# Properties [csharp] (done) | time=0ms
2025-08-25 11:47:31,590 - innolab - INFO - INFO: Sensor HTML [web]
2025-08-25 11:47:32,002 - innolab - INFO - INFO: Sensor HTML [web] (done) | time=411ms
2025-08-25 11:47:32,003 - innolab - INFO - INFO: Sensor TextAndSecretsSensor [text]
2025-08-25 11:47:32,013 - innolab - INFO - INFO: 9 source files to be analyzed
2025-08-25 11:47:32,090 - innolab - INFO - INFO: 9/9 source files have been analyzed
2025-08-25 11:47:32,090 - innolab - INFO - INFO: Sensor TextAndSecretsSensor [text] (done) | time=87ms
2025-08-25 11:47:32,091 - innolab - INFO - INFO: Sensor VB.NET Project Type Information [vbnet]
2025-08-25 11:47:32,091 - innolab - INFO - INFO: Sensor VB.NET Project Type Information [vbnet] (done) | time=1ms
2025-08-25 11:47:32,091 - innolab - INFO - INFO: Sensor VB.NET Analysis Log [vbnet]
2025-08-25 11:47:32,106 - innolab - INFO - INFO: Sensor VB.NET Analysis Log [vbnet] (done) | time=15ms
2025-08-25 11:47:32,106 - innolab - INFO - INFO: Sensor VB.NET Properties [vbnet]
2025-08-25 11:47:32,106 - innolab - INFO - INFO: Sensor VB.NET Properties [vbnet] (done) | time=0ms
2025-08-25 11:47:32,106 - innolab - INFO - INFO: Sensor IaC Docker Sensor [iac]
2025-08-25 11:47:32,109 - innolab - INFO - INFO: 0 source files to be analyzed
2025-08-25 11:47:32,157 - innolab - INFO - INFO: 0/0 source files have been analyzed
2025-08-25 11:47:32,158 - innolab - INFO - INFO: Sensor IaC Docker Sensor [iac] (done) | time=52ms
2025-08-25 11:47:32,163 - innolab - INFO - INFO: ------------- Run sensors on project
2025-08-25 11:47:32,209 - innolab - INFO - INFO: Sensor Analysis Warnings import [csharp]
2025-08-25 11:47:32,209 - innolab - INFO - INFO: Sensor Analysis Warnings import [csharp] (done) | time=0ms
2025-08-25 11:47:32,210 - innolab - INFO - INFO: Sensor Zero Coverage Sensor
2025-08-25 11:47:32,226 - innolab - INFO - INFO: Sensor Zero Coverage Sensor (done) | time=17ms
2025-08-25 11:47:32,228 - innolab - INFO - INFO: SCM Publisher No SCM system was detected. You can use the 'sonar.scm.provider' property to explicitly specify it.
2025-08-25 11:47:32,230 - innolab - INFO - INFO: CPD Executor 1 file had no CPD blocks
2025-08-25 11:47:32,230 - innolab - INFO - INFO: CPD Executor Calculating CPD for 7 files
2025-08-25 11:47:32,262 - innolab - INFO - INFO: CPD Executor CPD calculation finished (done) | time=31ms
2025-08-25 11:47:33,215 - innolab - INFO - INFO: Analysis report generated in 324ms, dir size=136.8 kB
2025-08-25 11:47:36,878 - innolab - INFO - INFO: Analysis report compressed in 3650ms, zip size=28.9 kB
2025-08-25 11:47:36,934 - innolab - INFO - INFO: Analysis report uploaded in 57ms
2025-08-25 11:47:36,939 - innolab - INFO - INFO: ANALYSIS SUCCESSFUL, you can find the results at: http://sonarqube:9000/dashboard?id=my-service
2025-08-25 11:47:36,939 - innolab - INFO - INFO: Note that you will be able to access the updated dashboard once the server has processed the submitted analysis report
2025-08-25 11:47:36,939 - innolab - INFO - INFO: More about the report processing at http://sonarqube:9000/api/ce/task?id=AZjfjZ3TYjTubaDqS4hH
2025-08-25 11:49:26,847 - innolab - INFO - INFO: Analysis total time: 10:30.820 s
2025-08-25 11:49:26,856 - innolab - INFO - INFO: ------------------------------------------------------------------------
2025-08-25 11:49:26,857 - innolab - INFO - INFO: EXECUTION SUCCESS
2025-08-25 11:49:26,858 - innolab - INFO - INFO: ------------------------------------------------------------------------
2025-08-25 11:49:26,859 - innolab - INFO - INFO: Total time: 10:32.207s
2025-08-25 11:49:26,952 - innolab - INFO - INFO: Final Memory: 21M/77M
2025-08-25 11:49:26,952 - innolab - INFO - INFO: ------------------------------------------------------------------------
2025-08-25 11:49:27,334 - innolab - INFO - SonarQube scan completed successfully
2025-08-25 11:49:27,334 - innolab - INFO - Waiting for SonarQube to process results...
2025-08-25 11:49:30,335 - innolab - INFO - Step 2: Exporting issues...
2025-08-25 11:49:30,974 - innolab - INFO - Removed existing file: d:\InnoLab\SonarQ\issues_my-service.json
Issues exported successfully to: d:\InnoLab\SonarQ\issues_my-service.json
Total issues found: 6

Issues by severity:
  MAJOR: 6
2025-08-25 11:49:30,999 - innolab - INFO - Found 6 total bugs: 6 open, 0 closed/resolved
2025-08-25 11:49:31,000 - innolab - INFO - Returning 6 open bugs for processing
2025-08-25 11:49:31,000 - innolab - INFO - Iteration 1: Found 6 open bugs (6 BUG, 0 CODE_SMELL) in SonarQube
2025-08-25 11:49:31,000 - innolab - INFO - Need to fix 6 bugs using Dify
2025-08-25 11:49:31,000 - innolab - INFO - Running workflow with Dify API: app-21rA0wUAaR7PKPdmCX2WJxMo
2025-08-25 11:49:31,000 - innolab - INFO - User: hieult
2025-08-25 11:49:31,001 - innolab - INFO - Mode: DifyMode.LOCAL
2025-08-25 11:49:31,001 - innolab - INFO - Base URL: http://localhost:5001/v1
2025-08-25 11:49:31,001 - innolab - INFO - Generating Dify headers for api_key: app-21...
2025-08-25 11:49:31,002 - innolab - INFO - POST http://localhost:5001/v1/workflows/run with payload: {'inputs': {'is_use_rag': 'False', 'report': '[{"bug_id": "AZjfIYa6mb7LHSQcJUG6", "bug_name": "Unexpected missing generic font family", "rule_key": "css:S4649", "severity": "MAJOR", "type": "BUG", "file_path": "Flask App/Static/style.css", "line": 9, "message": "Unexpected missing generic font family", "status": "OPEN", "resolution": null, "created_at": "2025-08-25T02:38:33+0000", "updated_at": "2025-08-25T02:38:33+0000", "rule_description": "If none of the font names defined in a font or font-family declaration are available on the browser of the user, the\\nbrowser will display the text using its default font. It’s recommended to always define a generic font family for each declaration of\\nfont or font-family to get a less degraded situation than relying on the default browser font. All browsers should implement\\na list of generic font matching these families: Serif, Sans-serif, cursive, fantasy,\\nMonospace.\\nNoncompliant Code Example\\n\\na {\\n  font-family: Helvetica, Arial, Verdana, Tahoma; /* Noncompliant; there is no generic font family in the list */\\n}\\n\\nCompliant Solution\\n\\na {\\n  font-family: Helvetica, Arial, Verdana, Tahoma, sans-serif;\\n}\\n\\nSee\\n\\n   CSS Specification - Generic font families", "code_excerpt": null}, {"bug_id": "AZjfIYaqmb7LHSQcJUG1", "bug_name": "Insert a <!DOCTYPE> declaration to before this <html> tag.", "rule_key": "Web:DoctypePresenceCheck", "severity": "MAJOR", "type": "BUG", "file_path": "Flask App/Templates/administration.html", "line": 1, "message": "Insert a <!DOCTYPE> declaration to before this <html> tag.", "status": "OPEN", "resolution": null, "created_at": "2025-08-25T02:38:33+0000", "updated_at": "2025-08-25T02:38:33+0000", "rule_description": "The &lt;!DOCTYPE&gt; declaration tells the web browser which (X)HTML version is being used on the page, and therefore how to interpret\\nthe various elements.\\nValidators also rely on it to know which rules to enforce.\\nIt should always preceed the &lt;html&gt; tag.\\nNoncompliant Code Example\\n\\n&lt;html&gt;  &lt;!-- Noncompliant --&gt;\\n...\\n&lt;/html&gt;\\n\\nCompliant Solution\\n\\n&lt;!DOCTYPE html&gt;\\n&lt;html&gt;  &lt;!-- Compliant --&gt;\\n...\\n&lt;/html&gt;", "code_excerpt": null}, {"bug_id": "AZjfIYaqmb7LHSQcJUG2", "bug_name": "Add \\"lang\\" and/or \\"xml:lang\\" attributes to this \\"<html>\\" element", "rule_key": "Web:S5254", "severity": "MAJOR", "type": "BUG", "file_path": "Flask App/Templates/administration.html", "line": 1, "message": "Add \\"lang\\" and/or \\"xml:lang\\" attributes to this \\"<html>\\" element", "status": "OPEN", "resolution": null, "created_at": "2025-08-25T02:38:33+0000", "updated_at": "2025-08-25T02:38:33+0000", "rule_description": "The &lt;html&gt;&nbsp;element should provide the lang and/or xml:lang attribute in order to identify the\\ndefault language of a document.\\nIt enables assistive technologies, such as screen readers,&nbsp;to provide a comfortable reading experience by adapting the pronunciation and\\naccent to the language. It also helps braille translation software, telling it to switch the control codes for accented characters for instance.\\nOther benefits of marking the language include:\\n\\n   assisting user agents in providing dictionary definitions or helping users benefit from translation tools. \\n   improving search engine ranking.\\n  \\n\\nBoth the lang and the xml:lang attributes can take only one value.\\n&nbsp;\\nNoncompliant Code Example\\n\\n&lt;!DOCTYPE html&gt;\\n&lt;html&gt; &lt;!-- Noncompliant --&gt;\\n&nbsp;&nbsp;&nbsp; &lt;head&gt;\\n &nbsp;&nbsp;&nbsp;&nbsp; &nbsp;&nbsp;&nbsp; &lt;title&gt;A page written in english&lt;/title&gt;\\n &nbsp;&nbsp;&nbsp;&nbsp; &nbsp;&nbsp;&nbsp; &lt;meta content=\\"text/html; charset=utf-8\\" /&gt;\\n&nbsp;&nbsp;&nbsp; &lt;/head&gt; &nbsp;\\n\\n\\n&nbsp;&nbsp;&nbsp; &lt;body&gt; &nbsp;&nbsp;&nbsp;&nbsp;\\n&nbsp;&nbsp;&nbsp; ... &nbsp;&nbsp;\\n&nbsp;&nbsp;&nbsp; &lt;/body&gt;\\n&lt;/html&gt;\\n\\nCompliant Solution\\n\\n&lt;!DOCTYPE html&gt;\\n&lt;html lang=\\"en\\"&gt;\\n&nbsp;&nbsp;&nbsp; &lt;head&gt;\\n &nbsp;&nbsp;&nbsp;&nbsp; &nbsp;&nbsp;&nbsp; &lt;title&gt;A page written in english&lt;/title&gt;\\n &nbsp;&nbsp;&nbsp;&nbsp; &nbsp;&nbsp;&nbsp; &lt;meta content=\\"text/html; charset=utf-8\\" /&gt;\\n&nbsp;&nbsp;&nbsp; &lt;/head&gt; &nbsp;\\n\\n\\n&nbsp;&nbsp;&nbsp; &lt;body&gt; &nbsp;&nbsp;&nbsp;&nbsp;\\n&nbsp;&nbsp;&nbsp; ... &nbsp;&nbsp;\\n&nbsp;&nbsp;&nbsp; &lt;/body&gt;\\n&lt;/html&gt;\\n\\n\\n&lt;!DOCTYPE html&gt;\\n&lt;html lang=\\"en\\" xml:lang=\\"en\\"&gt;\\n&nbsp;&nbsp;&nbsp; &lt;head&gt;\\n &nbsp;&nbsp;&nbsp;&nbsp; &nbsp;&nbsp;&nbsp; &lt;title&gt;A page written in english&lt;/title&gt;\\n &nbsp;&nbsp;&nbsp;&nbsp; &nbsp;&nbsp;&nbsp; &lt;meta content=\\"text/html; charset=utf-8\\" /&gt;\\n&nbsp;&nbsp;&nbsp; &lt;/head&gt; &nbsp;\\n\\n\\n&nbsp;&nbsp;&nbsp; &lt;body&gt; &nbsp;&nbsp;&nbsp;&nbsp;\\n&nbsp;&nbsp;&nbsp; ... &nbsp;&nbsp;\\n&nbsp;&nbsp;&nbsp; &lt;/body&gt;\\n&lt;/html&gt;\\n\\nSee\\n\\n   WCAG2, H57 - Using language attributes on the html element \\n   WCAG2, 3.1.1 - Language of Page", "code_excerpt": null}, {"bug_id": "AZjfIYaqmb7LHSQcJUG3", "bug_name": "Remove this deprecated \\"marquee\\" element.", "rule_key": "Web:UnsupportedTagsInHtml5Check", "severity": "MAJOR", "type": "BUG", "file_path": "Flask App/Templates/administration.html", "line": 10, "message": "Remove this deprecated \\"marquee\\" element.", "status": "OPEN", "resolution": null, "created_at": "2025-08-25T02:38:33+0000", "updated_at": "2025-08-25T02:38:33+0000", "rule_description": "With the advent of HTML5, many old elements were deprecated. To ensure the best user experience, deprecated elements should not be used. This rule\\nchecks for the following deprecated elements:\\n\\n  \\n    \\n    \\n  \\n  \\n    \\n      Element\\n      Remediation Action\\n    \\n  \\n  \\n    \\n      basefont, big, blink, center, font, marquee,\\n      multicol, nobr, spacer, tt\\n      use CSS\\n    \\n    \\n      acronym\\n      use abbr\\n    \\n    \\n      applet\\n      use embed or object\\n    \\n    \\n      bgsound\\n      use audio\\n    \\n    \\n      frame, frameset, noframes\\n      restructure the page to remove frames\\n    \\n    \\n      isindex\\n      use form controls\\n    \\n    \\n      dir\\n      use ul\\n    \\n    \\n      hgroup\\n      use header or div\\n    \\n    \\n      listing\\n      use pre and code\\n    \\n    \\n      nextid\\n      use GUIDS\\n    \\n    \\n      noembed\\n      use object instead of embed when fallback is necessary\\n    \\n    \\n      plaintext\\n      use the \\"text/plain\\" MIME type\\n    \\n    \\n      strike\\n      use del or s\\n    \\n    \\n      xmp\\n      use pre or code, and escape \\"&lt;\\" and \\"&amp;\\" characters\\n    \\n  \\n\\nSee\\n\\n   W3C, Obsolete Features \\n   WHATWG, Obsolete Features", "code_excerpt": null}, {"bug_id": "AZjfIYa1mb7LHSQcJUG4", "bug_name": "Insert a <!DOCTYPE> declaration to before this <html> tag.", "rule_key": "Web:DoctypePresenceCheck", "severity": "MAJOR", "type": "BUG", "file_path": "Flask App/Templates/readme.html", "line": 1, "message": "Insert a <!DOCTYPE> declaration to before this <html> tag.", "status": "OPEN", "resolution": null, "created_at": "2025-08-25T02:38:33+0000", "updated_at": "2025-08-25T02:38:33+0000", "rule_description": "The &lt;!DOCTYPE&gt; declaration tells the web browser which (X)HTML version is being used on the page, and therefore how to interpret\\nthe various elements.\\nValidators also rely on it to know which rules to enforce.\\nIt should always preceed the &lt;html&gt; tag.\\nNoncompliant Code Example\\n\\n&lt;html&gt;  &lt;!-- Noncompliant --&gt;\\n...\\n&lt;/html&gt;\\n\\nCompliant Solution\\n\\n&lt;!DOCTYPE html&gt;\\n&lt;html&gt;  &lt;!-- Compliant --&gt;\\n...\\n&lt;/html&gt;", "code_excerpt": null}, {"bug_id": "AZjfIYa1mb7LHSQcJUG5", "bug_name": "Add \\"lang\\" and/or \\"xml:lang\\" attributes to this \\"<html>\\" element", "rule_key": "Web:S5254", "severity": "MAJOR", "type": "BUG", "file_path": "Flask App/Templates/readme.html", "line": 1, "message": "Add \\"lang\\" and/or \\"xml:lang\\" attributes to this \\"<html>\\" element", "status": "OPEN", "resolution": null, "created_at": "2025-08-25T02:38:33+0000", "updated_at": "2025-08-25T02:38:33+0000", "rule_description": "The &lt;html&gt;&nbsp;element should provide the lang and/or xml:lang attribute in order to identify the\\ndefault language of a document.\\nIt enables assistive technologies, such as screen readers,&nbsp;to provide a comfortable reading experience by adapting the pronunciation and\\naccent to the language. It also helps braille translation software, telling it to switch the control codes for accented characters for instance.\\nOther benefits of marking the language include:\\n\\n   assisting user agents in providing dictionary definitions or helping users benefit from translation tools. \\n   improving search engine ranking.\\n  \\n\\nBoth the lang and the xml:lang attributes can take only one value.\\n&nbsp;\\nNoncompliant Code Example\\n\\n&lt;!DOCTYPE html&gt;\\n&lt;html&gt; &lt;!-- Noncompliant --&gt;\\n&nbsp;&nbsp;&nbsp; &lt;head&gt;\\n &nbsp;&nbsp;&nbsp;&nbsp; &nbsp;&nbsp;&nbsp; &lt;title&gt;A page written in english&lt;/title&gt;\\n &nbsp;&nbsp;&nbsp;&nbsp; &nbsp;&nbsp;&nbsp; &lt;meta content=\\"text/html; charset=utf-8\\" /&gt;\\n&nbsp;&nbsp;&nbsp; &lt;/head&gt; &nbsp;\\n\\n\\n&nbsp;&nbsp;&nbsp; &lt;body&gt; &nbsp;&nbsp;&nbsp;&nbsp;\\n&nbsp;&nbsp;&nbsp; ... &nbsp;&nbsp;\\n&nbsp;&nbsp;&nbsp; &lt;/body&gt;\\n&lt;/html&gt;\\n\\nCompliant Solution\\n\\n&lt;!DOCTYPE html&gt;\\n&lt;html lang=\\"en\\"&gt;\\n&nbsp;&nbsp;&nbsp; &lt;head&gt;\\n &nbsp;&nbsp;&nbsp;&nbsp; &nbsp;&nbsp;&nbsp; &lt;title&gt;A page written in english&lt;/title&gt;\\n &nbsp;&nbsp;&nbsp;&nbsp; &nbsp;&nbsp;&nbsp; &lt;meta content=\\"text/html; charset=utf-8\\" /&gt;\\n&nbsp;&nbsp;&nbsp; &lt;/head&gt; &nbsp;\\n\\n\\n&nbsp;&nbsp;&nbsp; &lt;body&gt; &nbsp;&nbsp;&nbsp;&nbsp;\\n&nbsp;&nbsp;&nbsp; ... &nbsp;&nbsp;\\n&nbsp;&nbsp;&nbsp; &lt;/body&gt;\\n&lt;/html&gt;\\n\\n\\n&lt;!DOCTYPE html&gt;\\n&lt;html lang=\\"en\\" xml:lang=\\"en\\"&gt;\\n&nbsp;&nbsp;&nbsp; &lt;head&gt;\\n &nbsp;&nbsp;&nbsp;&nbsp; &nbsp;&nbsp;&nbsp; &lt;title&gt;A page written in english&lt;/title&gt;\\n &nbsp;&nbsp;&nbsp;&nbsp; &nbsp;&nbsp;&nbsp; &lt;meta content=\\"text/html; charset=utf-8\\" /&gt;\\n&nbsp;&nbsp;&nbsp; &lt;/head&gt; &nbsp;\\n\\n\\n&nbsp;&nbsp;&nbsp; &lt;body&gt; &nbsp;&nbsp;&nbsp;&nbsp;\\n&nbsp;&nbsp;&nbsp; ... &nbsp;&nbsp;\\n&nbsp;&nbsp;&nbsp; &lt;/body&gt;\\n&lt;/html&gt;\\n\\nSee\\n\\n   WCAG2, H57 - Using language attributes on the html element \\n   WCAG2, 3.1.1 - Language of Page", "code_excerpt": null}]'}, 'user': 'hieult', 'response_mode': 'blocking'}
2025-08-25 11:49:56,254 - innolab - INFO - Dify workflow run response status: 200
2025-08-25 11:49:56,254 - innolab - INFO - Dify workflow run response: {"task_id": "d1f80f69-cdbc-464d-8d8b-39395a137d55", "workflow_run_id": "ab18261a-bba9-4752-af41-ddcb74974797", "data": {"id": "ab18261a-bba9-4752-af41-ddcb74974797", "workflow_id": "1ab32356-d6d5-4b3b-924e-5a66bb39ab5b", "status": "succeeded", "outputs": {"list_bugs": {"bugs": [{"action": "Fix", "bug_id": "AZjfIYa1mb7LHSQcJUG4", "classification": "True Positive", "reason": "The HTML file is missing a DOCTYPE declaration, which is necessary for the browser to render the page correctly.", "rule_description": "The &lt;!DOCTYPE&gt; declaration tells the web browser which (X)HTML version is being used on the page, and therefore how to interpret\nthe various elements.\nValidators also rely on it to know which rules to enforce.\nIt should always preceed the &lt;html&gt; tag.\nNoncompliant Code Example\n\n&lt;html&gt;  &lt;!-- Noncompliant --&gt;\n...\n&lt;/html&gt;\n\nCompliant Solution\n\n&lt;!DOCTYPE html&gt;\n&lt;html&gt;  &lt;!-- Compliant --&gt;\n...\n&lt;/html&gt;", "rule_key": "Web:DoctypePresenceCheck", "type": "bug"}, {"action": "Fix", "bug_id": "AZjfIYa1mb7LHSQcJUG5", "classification": "True Positive", "reason": "The HTML element is missing the 'lang' or 'xml:lang' attribute, which is important for accessibility and SEO.", "rule_description": "The &lt;html&gt;&nbsp;element should provide the lang and/or xml:lang attribute in order to identify the\ndefault language of a document.\nIt enables assistive technologies", "bugs": [{"action": "Fix", "bug_id": "AZjfIYa1mb7LHSQcJUG4", "classification": "True Positive", "reason": "The HTML file is missing a DOCTYPE declaration, which is necessary for the browser to render the page correctly.", "rule_description": "The &lt;!DOCTYPE&gt; declaration tells the web browser which (X)HTML version is being used on the page, and therefore how to interpret\nthe various elements.\nValidators also rely on it to know which rules to enforce.\nIt should always preceed the &lt;html&gt; tag.\nNoncompliant Code Example\n\n&lt;html&gt;  &lt;!-- Noncompliant --&gt;\n...\n&lt;/html&gt;\n\nCompliant Solution\n\n&lt;!DOCTYPE html&gt;\n&lt;html&gt;  &lt;!-- Compliant --&gt;\n...\n&lt;/html&gt;", "rule_key": "Web:DoctypePresenceCheck", "type": "bug"}, {"action": "Fix", "bug_id": "AZjfIYa1mb7LHSQcJUG5", "classification": "True Positive", "reason": "The HTML element is missing the 'lang' or 'xml:lang' attribute, which is important for accessibility and SEO.", "rule_description": "The &lt;html&gt;&nbsp;element should provide the lang and/or xml:lang attribute in order to identify the\ndefault language of a document.\nIt enables assistive technologies, such as screen readers,&nbsp;to provide a comfortable reading experience by adapting the pronunciation and\naccent to the language. It also helps braille translation software, telling it to switch the control codes for accented characters for instance.\nOther benefits of marking the language include:\n\n   assisting user agents in providing dictionary definitions or helping users benefit from translation tools. \n   improving search engine ranking.\n  \n\nBoth the lang and the xml:lang attributes can take only one value.\n&nbsp;\nNoncompliant Code Example\n\n&lt;!DOCTYPE html&gt;\n&lt;html&gt; &lt;!-- Noncompliant --&gt;\n&nbsp;&nbsp;&nbsp; &lt;head&gt;\n &nbsp;&nbsp;&nbsp;&nbsp; &nbsp;&nbsp;&nbsp; &lt;title&gt;A page written in english&lt;/title&gt;\n &nbsp;&nbsp;&nbsp;&nbsp; &nbsp;&nbsp;&nbsp; &lt;meta content=\"text/html; charset=utf-8\" /&gt;\n&nbsp;&nbsp;&nbsp; &lt;/head&gt; &nbsp;\n\n\n&nbsp;&nbsp;&nbsp; &lt;body&gt; &nbsp;&nbsp;&nbsp;&nbsp;\n&nbsp;&nbsp;&nbsp; ... &nbsp;&nbsp;\n&nbsp;&nbsp;&nbsp; &lt;/body&gt;\n&lt;/html&gt;\n\nCompliant Solution\n\n&lt;!DOCTYPE html&gt;\n&lt;html lang=\"en\"&gt;\n&nbsp;&nbsp;&nbsp; &lt;head&gt;\n &nbsp;&nbsp;&nbsp;&nbsp; &nbsp;&nbsp;&nbsp; &lt;title&gt;A page written in english&lt;/title&gt;\n &nbsp;&nbsp;&nbsp;&nbsp; &nbsp;&nbsp;&nbsp; &lt;meta content=\"text/html; charset=utf-8\" /&gt;\n&nbsp;&nbsp;&nbsp; &lt;/head&gt; &nbsp;\n\n\n&nbsp;&nbsp;&nbsp; &lt;body&gt; &nbsp;&nbsp;&nbsp;&nbsp;\n&nbsp;&nbsp;&nbsp; ... &nbsp;&nbsp;\n&nbsp;&nbsp;&nbsp; &lt;/body&gt;\n&lt;/html&gt;\n\n\n&lt;!DOCTYPE html&gt;\n&lt;html lang=\"en\" xml:lang=\"en\"&gt;\n&nbsp;&nbsp;&nbsp; &lt;head&gt;\n &nbsp;&nbsp;&nbsp;&nbsp; &nbsp;&nbsp;&nbsp; &lt;title&gt;A page written in english&lt;/title&gt;\n &nbsp;&nbsp;&nbsp;&nbsp; &nbsp;&nbsp;&nbsp; &lt;meta content=\"text/html; charset=utf-8\" /&gt;\n&nbsp;&nbsp;&nbsp; &lt;/head&gt; &nbsp;\n\n\n&nbsp;&nbsp;&nbsp; &lt;body&gt; &nbsp;&nbsp;&nbsp;&nbsp;\n&nbsp;&nbsp;&nbsp; ... &nbsp;&nbsp;\n&nbsp;&nbsp;&nbsp; &lt;/body&gt;\n&lt;/html&gt;\n\nSee\n\n   WCAG2, H57 - Using language attributes on the html element \n   WCAG2, 3.1.1 - Language of Page", "rule_key": "Web:S5254", "type": "bug"}, {"action": "Fix", "bug_id": "AZjfIYa6mb7LHSQcJUG6", "classification": "True Positive", "reason": "The CSS rule is missing a generic font family, which can lead to unexpected rendering if the specified fonts are not available.", "rule_description": "If none of the font names defined in a font or font-family declaration are available on the browser of the user, the\nbrowser will display the text using its default font. It\u2019s recommended to always define a generic font family for each declaration of\nfont or font-family to get a less degraded situation than relying on the default browser font. All browsers should implement\na list of generic font matching these families: Serif, Sans-serif, cursive, fantasy,\nMonospace.\nNoncompliant Code Example\n\na {\n  font-family: Helvetica, Arial, Verdana, Tahoma; /* Noncompliant; there is no generic font family in the list */\n}\n\nCompliant Solution\n\na {\n  font-family: Helvetica, Arial, Verdana, Tahoma, sans-serif;\n}\n\nSee\n\n   CSS Specification - Generic font families", "rule_key": "css:S4649", "type": "bug"}, {"action": "Fix", "bug_id": "AZjfIYaqmb7LHSQcJUG1", "classification": "True Positive", "reason": "The HTML file is missing a DOCTYPE declaration, which is necessary for the browser to render the page correctly.", "rule_description": "The &lt;!DOCTYPE&gt; declaration tells the web browser which (X)HTML version is being used on the page, and therefore how to interpret\nthe various elements.\nValidators also rely on it to know which rules to enforce.\nIt should always preceed the &lt;html&gt; tag.\nNoncompliant Code Example\n\n&lt;html&gt;  &lt;!-- Noncompliant --&gt;\n...\n&lt;/html&gt;\n\nCompliant Solution\n\n&lt;!DOCTYPE html&gt;\n&lt;html&gt;  &lt;!-- Compliant --&gt;\n...\n&lt;/html&gt;", "rule_key": "Web:DoctypePresenceCheck", "type": "bug"}, {"action": "Fix", "bug_id": "AZjfIYaqmb7LHSQcJUG2", "classification": "True Positive", "reason": "The HTML element is missing the 'lang' or 'xml:lang' attribute, which is important for accessibility and SEO.", "rule_description": "The &lt;html&gt;&nbsp;element should provide the lang and/or xml:lang attribute in order to identify the\ndefault language of a document.\nIt enables assistive technologies, such as screen readers,&nbsp;to provide a comfortable reading experience by adapting the pronunciation and\naccent to the language. It also helps braille translation software, telling it to switch the control codes for accented characters for instance.\nOther benefits of marking the language include:\n\n   assisting user agents in providing dictionary definitions or helping users benefit from translation tools. \n   improving search engine ranking.\n  \n\nBoth the lang and the xml:lang attributes can take only one value.\n&nbsp;\nNoncompliant Code Example\n\n&lt;!DOCTYPE html&gt;\n&lt;html&gt; &lt;!-- Noncompliant --&gt;\n&nbsp;&nbsp;&nbsp; &lt;head&gt;\n &nbsp;&nbsp;&nbsp;&nbsp; &nbsp;&nbsp;&nbsp; &lt;title&gt;A page written in english&lt;/title&gt;\n &nbsp;&nbsp;&nbsp;&nbsp; &nbsp;&nbsp;&nbsp; &lt;meta content=\"text/html; charset=utf-8\" /&gt;\n&nbsp;&nbsp;&nbsp; &lt;/head&gt; &nbsp;\n\n\n&nbsp;&nbsp;&nbsp; &lt;body&gt; &nbsp;&nbsp;&nbsp;&nbsp;\n&nbsp;&nbsp;&nbsp; ... &nbsp;&nbsp;\n&nbsp;&nbsp;&nbsp; &lt;/body&gt;\n&lt;/html&gt;\n\nCompliant Solution\n\n&lt;!DOCTYPE html&gt;\n&lt;html lang=\"en\"&gt;\n&nbsp;&nbsp;&nbsp; &lt;head&gt;\n &nbsp;&nbsp;&nbsp;&nbsp; &nbsp;&nbsp;&nbsp; &lt;title&gt;A page written in english&lt;/title&gt;\n &nbsp;&nbsp;&nbsp;&nbsp; &nbsp;&nbsp;&nbsp; &lt;meta content=\"text/html; charset=utf-8\" /&gt;\n&nbsp;&nbsp;&nbsp; &lt;/head&gt; &nbsp;\n\n\n&nbsp;&nbsp;&nbsp; &lt;body&gt; &nbsp;&nbsp;&nbsp;&nbsp;\n&nbsp;&nbsp;&nbsp; ... &nbsp;&nbsp;\n&nbsp;&nbsp;&nbsp; &lt;/body&gt;\n&lt;/html&gt;\n\n\n&lt;!DOCTYPE html&gt;\n&lt;html lang=\"en\" xml:lang=\"en\"&gt;\n&nbsp;&nbsp;&nbsp; &lt;head&gt;\n &nbsp;&nbsp;&nbsp;&nbsp; &nbsp;&nbsp;&nbsp; &lt;title&gt;A page written in english&lt;/title&gt;\n &nbsp;&nbsp;&nbsp;&nbsp; &nbsp;&nbsp;&nbsp; &lt;meta content=\"text/html; charset=utf-8\" /&gt;\n&nbsp;&nbsp;&nbsp; &lt;/head&gt; &nbsp;\n\n\n&nbsp;&nbsp;&nbsp; &lt;body&gt; &nbsp;&nbsp;&nbsp;&nbsp;\n&nbsp;&nbsp;&nbsp; ... &nbsp;&nbsp;\n&nbsp;&nbsp;&nbsp; &lt;/body&gt;\n&lt;/html&gt;\n\nSee\\"}]}]}, "bugs_to_fix": "{\n  \"bugs\": [\n    {\n      \"action\": \"Fix\",\n      \"bug_id\": \"AZjfIYa1mb7LHSQcJUG4\",\n      \"classification\": \"True Positive\",\n      \"reason\": \"The HTML file is missing a DOCTYPE declaration, which is necessary for the browser to render the page correctly.\",\n      \"rule_description\": \"The &lt;!DOCTYPE&gt; declaration tells the web browser which (X)HTML version is being used on the page, and therefore how to interpret\\nthe various elements.\\nValidators also rely on it to know which rules to enforce.\\nIt should always preceed the &lt;html&gt; tag.\\nNoncompliant Code Example\\n\\n&lt;html&gt;  &lt;!-- Noncompliant --&gt;\\n...\\n&lt;/html&gt;\\n\\nCompliant Solution\\n\\n&lt;!DOCTYPE html&gt;\\n&lt;html&gt;  &lt;!-- Compliant --&gt;\\n...\\n&lt;/html&gt;\",\n      \"rule_key\": \"Web:DoctypePresenceCheck\",\n      \"type\": \"bug\"\n    },\n    {\n      \"action\": \"Fix\",\n      \"bug_id\": \"AZjfIYa1mb7LHSQcJUG5\",\n      \"classification\": \"True Positive\",\n      \"reason\": \"The HTML element is missing the 'lang' or 'xml:lang' attribute, which is important for accessibility and SEO.\",\n      \"rule_description\": \"The &lt;html&gt;&nbsp;element should provide the lang and/or xml:lang attribute in order to identify the\\ndefault language of a document.\\nIt enables assistive technologies, such as screen readers,&nbsp;to provide a comfortable reading experience by {\n    \"bugs\": [\n        {\n            \"action\": \"Fix\",\n            \"bug_id\": \"AZjfIYa1mb7LHSQcJUG4\",\n            \"classification\": \"True Positive\",\n            \"reason\": \"The HTML file is missing a DOCTYPE declaration, which is necessary for the browser to render the page correctly.\",\n            \"rule_description\": \"The &lt;!DOCTYPE&gt; declaration tells the web browser which (X)HTML version is being used on the page, and therefore how to interpret\\nthe various elements.\\nValidators also rely on it to know which rules to enforce.\\nIt should always preceed the &lt;html&gt; tag.\\nNoncompliant Code Example\\n\\n&lt;html&gt;  &lt;!-- Noncompliant --&gt;\\n...\\n&lt;/html&gt;\\n\\nCompliant Solution\\n\\n&lt;!DOCTYPE html&gt;\\n&lt;html&gt;  &lt;!-- Compliant --&gt;\\n...\\n&lt;/html&gt;\",\n            \"rule_key\": \"Web:DoctypePresenceCheck\",\n            \"type\": \"bug\"\n        },\n        {\n            \"action\": \"Fix\",\n            \"bug_id\": \"AZjfIYa1mb7LHSQcJUG5\",\n            \"classification\": \"True Positive\",\n            \"reason\": \"The HTML element is missing the 'lang' or 'xml:lang' attribute, which is important for accessibility and SEO.\",\n            \"rule_description\": \"The &lt;html&gt;&nbsp;element should provide the lang and/or xml:lang attribute in order to identify the\\ndefault language of a document.\\nIt enables assistive technologies, such as screen readers,&nbsp;to provide a comfortable reading experience by adapting the pronunciation and\\naccent to the language. It also helps braille translation software, telling it to switch the control codes for accented characters for instance.\\nOther benefits of marking the language include:\\n\\n   assisting user agents in providing dictionary definitions or helping users benefit from translation tools. \\n   improving search engine ranking.\\n  \\n\\nBoth the lang and the xml:lang attributes can take only one value.\\n&nbsp;\\nNoncompliant Code Example\\n\\n&lt;!DOCTYPE html&gt;\\n&lt;html&gt; &lt;!-- Noncompliant --&gt;\\n&nbsp;&nbsp;&nbsp; &lt;head&gt;\\n &nbsp;&nbsp;&nbsp;&nbsp; &nbsp;&nbsp;&nbsp; &lt;title&gt;A page written in english&lt;/title&gt;\\n &nbsp;&nbsp;&nbsp;&nbsp; &nbsp;&nbsp;&nbsp; &lt;meta content=\\\"text/html; charset=utf-8\\\" /&gt;\\n&nbsp;&nbsp;&nbsp; &lt;/head&gt; &nbsp;\\n\\n\\n&nbsp;&nbsp;&nbsp; &lt;body&gt; &nbsp;&nbsp;&nbsp;&nbsp;\\n&nbsp;&nbsp;&nbsp; ... &nbsp;&nbsp;\\n&nbsp;&nbsp;&nbsp; &lt;/body&gt;\\n&lt;/html&gt;\\n\\nCompliant Solution\\n\\n&lt;!DOCTYPE html&gt;\\n&lt;html lang=\\\"en\\\"&gt;\\n&nbsp;&nbsp;&nbsp; &lt;head&gt;\\n &nbsp;&nbsp;&nbsp;&nbsp; &nbsp;&nbsp;&nbsp; &lt;title&gt;A page written in english&lt;/title&gt;\\n &nbsp;&nbsp;&nbsp;&nbsp; &nbsp;&nbsp;&nbsp; &lt;meta content=\\\"text/html; charset=utf-8\\\" /&gt;\\n&nbsp;&nbsp;&nbsp; &lt;/head&gt; &nbsp;\\n\\n\\n&nbsp;&nbsp;&nbsp; &lt;body&gt; &nbsp;&nbsp;&nbsp;&nbsp;\\n&nbsp;&nbsp;&nbsp; ... &nbsp;&nbsp;\\n&nbsp;&nbsp;&nbsp; &lt;/body&gt;\\n&lt;/html&gt;\\n\\n\\n&lt;!DOCTYPE html&gt;\\n&lt;html lang=\\\"en\\\" xml:lang=\\\"en\\\"&gt;\\n&nbsp;&nbsp;&nbsp; &lt;head&gt;\\n &nbsp;&nbsp;&nbsp;&nbsp; &nbsp;&nbsp;&nbsp; &lt;title&gt;A page written in english&lt;/title&gt;\\n &nbsp;&nbsp;&nbsp;&nbsp; &nbsp;&nbsp;&nbsp; &lt;meta content=\\\"text/html; charset=utf-8\\\" /&gt;\\n&nbsp;&nbsp;&nbsp; &lt;/head&gt; &nbsp;\\n\\n\\n&nbsp;&nbsp;&nbsp; &lt;body&gt; &nbsp;&nbsp;&nbsp;&nbsp;\\n&nbsp;&nbsp;&nbsp; ... &nbsp;&nbsp;\\n&nbsp;&nbsp;&nbsp; &lt;/body&gt;\\n&lt;/html&gt;\\n\\nSee\\n\\n   WCAG2, H57 - Using language attributes on the html element \\n   WCAG2, 3.1.1 - Language of Page\",\n            \"rule_key\": \"Web:S5254\",\n            \"type\": \"bug\"\n        },\n        {\n            \"action\": \"Fix\",\n            \"bug_id\": \"AZjfIYa6mb7LHSQcJUG6\",\n            \"classification\": \"True Positive\",\n            \"reason\": \"The CSS rule is missing a generic font family, which can lead to unexpected rendering if the specified fonts are not available.\",\n            \"rule_description\": \"If none of the font names defined in a font or font-family declaration are available on the browser of the user, the\\nbrowser will display the text using its default font. It\u2019s recommended to always define a generic font family for each declaration of\\nfont or font-family to get a less degraded situation than relying on the default browser font. All browsers should implement\\na list of generic font matching these families: Serif, Sans-serif, cursive, fantasy,\\nMonospace.\\nNoncompliant Code Example\\n\\na {\\n  font-family: Helvetica, Arial, Verdana, Tahoma; /* Noncompliant; there is no generic font family in the list */\\n}\\n\\nCompliant Solution\\n\\na {\\n  font-family: Helvetica, Arial, Verdana, Tahoma, sans-serif;\\n}\\n\\nSee\\n\\n   CSS Specification - Generic font families\",\n            \"rule_key\": \"css:S4649\",\n            \"type\": \"bug\"\n        },\n        {\n            \"action\": \"Fix\",\n            \"bug_id\": \"AZjfIYaqmb7LHSQcJUG1\",\n            \"classification\": \"True Positive\",\n            \"reason\": \"The HTML file is missing a DOCTYPE declaration, which is necessary for the browser to render the page correctly.\",\n            \"rule_description\": \"The &lt;!DOCTYPE&gt; declaration tells the web browser which (X)HTML version is being used on the page, and therefore how to interpret\\nthe various elements.\\nValidators also rely on it to know which rules to enforce.\\nIt should always preceed the &lt;html&gt; tag.\\nNoncompliant Code Example\\n\\n&lt;html&gt;  &lt;!-- Noncompliant --&gt;\\n...\\n&lt;/html&gt;\\n\\nCompliant Solution\\n\\n&lt;!DOCTYPE html&gt;\\n&lt;html&gt;  &lt;!-- Compliant --&gt;\\n...\\n&lt;/html&gt;\",\n            \"rule_key\": \"Web:DoctypePresenceCheck\",\n            \"type\": \"bug\"\n        },\n        {\n            \"action\": \"Fix\",\n            \"bug_id\": \"AZjfIYaqmb7LHSQcJUG2\",\n            \"classification\": \"True Positive\",\n            \"reason\": \"The HTML element is missing the 'lang' or 'xml:lang' attribute, which is important for accessibility and SEO.\",\n            \"rule_description\": \"The &lt;html&gt;&nbsp;element should provide the lang and/or xml:lang attribute in order to identify the\\ndefault language of a document.\\nIt enables assistive technologies, such as screen readers,&nbsp;to provide a comfortable reading experience by adapting the pronunciation and\\naccent to the language. It also helps braille translation software, telling it to switch the control codes for accented characters for instance.\\nOther benefits of marking the language include:\\n\\n   assisting user agents in providing dictionary definitions or helping users benefit from translation tools. \\n   improving search engine ranking.\\n  \\n\\nBoth the lang and the xml:lang attributes can take only one value.\\n&nbsp;\\nNoncompliant Code Example\\n\\n&lt;!DOCTYPE html&gt;\\n&lt;html&gt; &lt;!-- Noncompliant --&gt;\\n&nbsp;&nbsp;&nbsp; &lt;head&gt;\\n &nbsp;&nbsp;&nbsp;&nbsp; &nbsp;&nbsp;&nbsp; &lt;title&gt;A page written in english&lt;/title&gt;\\n &nbsp;&nbsp;&nbsp;&nbsp; &nbsp;&nbsp;&nbsp; &lt;meta content=\\\"text/html; charset=utf-8\\\" /&gt;\\n&nbsp;&nbsp;&nbsp; &lt;/head&gt; &nbsp;\\n\\n\\n&nbsp;&nbsp;&nbsp; &lt;body&gt; &nbsp;&nbsp;&nbsp;&nbsp;\\n&nbsp;&nbsp;&nbsp; ... &nbsp;&nbsp;\\n&nbsp;&nbsp;&nbsp; &lt;/body&gt;\\n&lt;/html&gt;\\n\\nCompliant Solution\\n\\n&lt;!DOCTYPE html&gt;\\n&lt;html lang=\\\"en\\\"&gt;\\n&nbsp;&nbsp;&nbsp; &lt;head&gt;\\n &nbsp;&nbsp;&nbsp;&nbsp; &nbsp;&nbsp;&nbsp; &lt;title&gt;A page written in english&lt;/title&gt;\\n &nbsp;&nbsp;&nbsp;&nbsp; &nbsp;&nbsp;&nbsp; &lt;meta content=\\\"text/html; charset=utf-8\\\" /&gt;\\n&nbsp;&nbsp;&nbsp; &lt;/head&gt; &nbsp;\\n\\n\\n&nbsp;&nbsp;&nbsp; &lt;body&gt; &nbsp;&nbsp;&nbsp;&nbsp;\\n&nbsp;&nbsp;&nbsp; ... &nbsp;&nbsp;\\n&nbsp;&nbsp;&nbsp; &lt;/body&gt;\\n&lt;/html&gt;\\n\\n\\n&lt;!DOCTYPE html&gt;\\n&lt;html lang=\\\"en\\\" xml:lang=\\\"en\\\"&gt;\\n&nbsp;&nbsp;&nbsp; &lt;head&gt;\\n &nbsp;&nbsp;&nbsp;&nbsp; &nbsp;&nbsp;&nbsp; &lt;title&gt;A page written in english&lt;/title&gt;\\n &nbsp;&nbsp;&nbsp;&nbsp; &nbsp;&nbsp;&nbsp; &lt;meta content=\\\"text/html; charset=utf-8\\\" /&gt;\\n&nbsp;&nbsp;&nbsp; &lt;/head&gt; &nbsp;\\n\\n\\n&nbsp;&nbsp;&nbsp; &lt;body&gt; &nbsp;&nbsp;&nbsp;&nbsp;\\n&nbsp;&nbsp;&nbsp; ... &nbsp;&nbsp;\\n&nbsp;&nbsp;&nbsp; &lt;/body&gt;\\n&lt;/html&gt;\\n\\nSee\\"}, "error": "", "elapsed_time": 24.582479, "total_tokens": 0, "total_steps": 4, "created_at": 1756097371, "finished_at": 1756097396}}
2025-08-25 11:49:56,255 - innolab - INFO - No bugs to fix according to Dify
2025-08-25 11:49:56,255 - innolab - INFO - === EXECUTION RESULT ===
2025-08-25 11:49:56,255 - innolab - INFO - Mode: LOCAL
2025-08-25 11:49:56,256 - innolab - INFO - Project: my-service
2025-08-25 11:49:56,256 - innolab - INFO - Total bugs fixed: 0
2025-08-25 11:49:56,256 - innolab - INFO - Total iterations: 1
2025-08-25 11:49:56,256 - innolab - INFO - Start time: 2025-08-25T11:38:52.272069
2025-08-25 11:49:56,257 - innolab - INFO - End time: 2025-08-25T11:49:56.255777
2025-08-25 11:49:56,257 - innolab - INFO - Iteration 1: 6 bugs found, 0 fixed
