2025-08-25 13:54:25,315 - innolab - INFO - ExecutionServiceNoMongo initialized with:
2025-08-25 13:54:25,316 - innolab - INFO -   Max iterations: 5
2025-08-25 13:54:25,316 - innolab - INFO -   Project key: my-service
2025-08-25 13:54:25,316 - innolab - INFO -   Source code path: d:\InnoLab\SonarQ\source_bug
2025-08-25 13:54:25,317 - innolab - INFO -   Scan directory: source_bug
2025-08-25 13:54:25,317 - innolab - INFO -   Scan mode: bearer
2025-08-25 13:54:25,317 - innolab - INFO -   RAG available: True
2025-08-25 13:54:25,317 - innolab - INFO - Starting execution without RAG (mode: DifyMode.LOCAL)
2025-08-25 13:54:25,317 - innolab - INFO - 
=== ITERATION 1/5 ===
2025-08-25 13:54:25,318 - innolab - INFO - Starting Bearer scan for project: my-service
2025-08-25 13:54:25,318 - innolab - INFO - Project directory: d:\InnoLab\SonarQ\source_bug
2025-08-25 13:54:25,318 - innolab - INFO - Running Bearer scan: docker run --rm -v d:\InnoLab\SonarQ\source_bug:/scan -v d:\InnoLab\SonarQ\bearer_results:/output bearer/bearer:latest scan /scan --format json --output /output/bearer_results_my-service.json
2025-08-25 13:54:26,351 - innolab - INFO - Analyzing codebase
2025-08-25 13:54:26,505 - innolab - INFO -   (1/-) [0s]
2025-08-25 13:54:26,505 - innolab - INFO -   (250/-) [0s]
2025-08-25 13:54:27,629 - innolab - INFO - Loading rules
2025-08-25 13:54:28,310 - innolab - INFO - Scanning target /scan
2025-08-25 13:54:29,941 - innolab - INFO -    9% [>              ] (1/11) [0s:0s]
2025-08-25 13:54:29,941 - innolab - INFO -   18% [=>             ] (2/11) [0s:0s]
2025-08-25 13:54:29,992 - innolab - INFO -   27% [===>           ] (3/11) [0s:0s]
2025-08-25 13:54:29,992 - innolab - INFO -   36% [====>          ] (4/11) [0s:0s]
2025-08-25 13:54:30,029 - innolab - INFO -   45% [=====>         ] (5/11) [0s:0s]
2025-08-25 13:54:30,032 - innolab - INFO -   54% [=======>       ] (6/11) [0s:0s]
2025-08-25 13:54:30,061 - innolab - INFO -   63% [========>      ] (7/11) [0s:0s]
2025-08-25 13:54:30,061 - innolab - INFO -   72% [=========>     ] (8/11) [0s:0s]
2025-08-25 13:54:30,096 - innolab - INFO -   81% [===========>   ] (9/11) [0s:0s]
2025-08-25 13:54:30,098 - innolab - INFO -   90% [============>  ] (10/11) [0s:0s]
2025-08-25 13:54:30,098 - innolab - INFO -  100% [===============] (11/11) [0s]
2025-08-25 13:54:30,100 - innolab - INFO - Running Detectors
2025-08-25 13:54:30,101 - innolab - INFO - Generating dataflow
2025-08-25 13:54:30,101 - innolab - INFO - Evaluating rules
2025-08-25 13:54:30,127 - innolab - INFO -    0% [               ] (1/234) [0s:0s]
2025-08-25 13:54:30,128 - innolab - INFO -    0% [               ] (2/234) [0s:1s]
2025-08-25 13:54:30,128 - innolab - INFO -    1% [               ] (3/234) [0s:0s]
2025-08-25 13:54:30,128 - innolab - INFO -    1% [               ] (4/234) [0s:0s]
2025-08-25 13:54:30,142 - innolab - INFO -    2% [               ] (5/234) [0s:0s]
2025-08-25 13:54:30,142 - innolab - INFO -    2% [               ] (6/234) [0s:1s]
2025-08-25 13:54:30,143 - innolab - INFO -    2% [               ] (7/234) [0s:0s]
2025-08-25 13:54:30,143 - innolab - INFO -    3% [               ] (8/234) [0s:0s]
2025-08-25 13:54:30,158 - innolab - INFO -    3% [               ] (9/234) [0s:0s]
2025-08-25 13:54:30,169 - innolab - INFO -    4% [               ] (10/234) [0s:0s]
2025-08-25 13:54:30,169 - innolab - INFO -    4% [               ] (11/234) [0s:1s]
2025-08-25 13:54:30,169 - innolab - INFO -    5% [               ] (12/234) [0s:1s]
2025-08-25 13:54:30,180 - innolab - INFO -    5% [               ] (13/234) [0s:0s]
2025-08-25 13:54:30,192 - innolab - INFO -    5% [               ] (14/234) [0s:1s]
2025-08-25 13:54:30,193 - innolab - INFO -    6% [               ] (15/234) [0s:1s]
2025-08-25 13:54:30,204 - innolab - INFO -    6% [>              ] (16/234) [0s:1s]
2025-08-25 13:54:30,204 - innolab - INFO -    7% [>              ] (17/234) [0s:1s]
2025-08-25 13:54:30,216 - innolab - INFO -    7% [>              ] (18/234) [0s:1s]
2025-08-25 13:54:30,227 - innolab - INFO -    8% [>              ] (19/234) [0s:1s]
2025-08-25 13:54:30,227 - innolab - INFO -    8% [>              ] (20/234) [0s:1s]
2025-08-25 13:54:30,238 - innolab - INFO -    8% [>              ] (21/234) [0s:1s]
2025-08-25 13:54:30,238 - innolab - INFO -    9% [>              ] (22/234) [0s:1s]
2025-08-25 13:54:30,250 - innolab - INFO -    9% [>              ] (23/234) [0s:1s]
2025-08-25 13:54:30,251 - innolab - INFO -   10% [>              ] (24/234) [0s:1s]
2025-08-25 13:54:30,260 - innolab - INFO -   10% [>              ] (25/234) [0s:1s]
2025-08-25 13:54:30,261 - innolab - INFO -   11% [>              ] (26/234) [0s:1s]
2025-08-25 13:54:30,272 - innolab - INFO -   11% [>              ] (27/234) [0s:1s]
2025-08-25 13:54:30,272 - innolab - INFO -   11% [>              ] (28/234) [0s:1s]
2025-08-25 13:54:30,282 - innolab - INFO -   12% [>              ] (29/234) [0s:1s]
2025-08-25 13:54:30,282 - innolab - INFO -   12% [>              ] (30/234) [0s:1s]
2025-08-25 13:54:30,292 - innolab - INFO -   13% [>              ] (31/234) [0s:1s]
2025-08-25 13:54:30,304 - innolab - INFO -   13% [=>             ] (32/234) [0s:1s]
2025-08-25 13:54:30,304 - innolab - INFO -   14% [=>             ] (33/234) [0s:1s]
2025-08-25 13:54:30,304 - innolab - INFO -   14% [=>             ] (34/234) [0s:1s]
2025-08-25 13:54:30,314 - innolab - INFO -   14% [=>             ] (35/234) [0s:1s]
2025-08-25 13:54:30,326 - innolab - INFO -   15% [=>             ] (36/234) [0s:1s]
2025-08-25 13:54:30,327 - innolab - INFO -   15% [=>             ] (37/234) [0s:1s]
2025-08-25 13:54:30,353 - innolab - INFO -   16% [=>             ] (38/234) [0s:1s]
2025-08-25 13:54:30,372 - innolab - INFO -   16% [=>             ] (39/234) [0s:1s]
2025-08-25 13:54:30,386 - innolab - INFO -   17% [=>             ] (40/234) [0s:1s]
2025-08-25 13:54:30,396 - innolab - INFO -   17% [=>             ] (41/234) [0s:1s]
2025-08-25 13:54:30,407 - innolab - INFO -   17% [=>             ] (42/234) [0s:1s]
2025-08-25 13:54:30,407 - innolab - INFO -   18% [=>             ] (43/234) [0s:1s]
2025-08-25 13:54:30,417 - innolab - INFO -   18% [=>             ] (44/234) [0s:1s]
2025-08-25 13:54:30,418 - innolab - INFO -   19% [=>             ] (45/234) [0s:1s]
2025-08-25 13:54:30,429 - innolab - INFO -   19% [=>             ] (46/234) [0s:1s]
2025-08-25 13:54:30,441 - innolab - INFO -   20% [==>            ] (47/234) [0s:1s]
2025-08-25 13:54:30,441 - innolab - INFO -   20% [==>            ] (48/234) [0s:1s]
2025-08-25 13:54:30,441 - innolab - INFO -   20% [==>            ] (49/234) [0s:1s]
2025-08-25 13:54:30,450 - innolab - INFO -   21% [==>            ] (50/234) [0s:1s]
2025-08-25 13:54:30,451 - innolab - INFO -   21% [==>            ] (51/234) [0s:1s]
2025-08-25 13:54:30,451 - innolab - INFO -   22% [==>            ] (52/234) [0s:1s]
2025-08-25 13:54:30,467 - innolab - INFO -   22% [==>            ] (53/234) [0s:1s]
2025-08-25 13:54:30,482 - innolab - INFO -   23% [==>            ] (54/234) [0s:1s]
2025-08-25 13:54:30,492 - innolab - INFO -   23% [==>            ] (55/234) [0s:1s]
2025-08-25 13:54:30,492 - innolab - INFO -   23% [==>            ] (56/234) [0s:1s]
2025-08-25 13:54:30,492 - innolab - INFO -   24% [==>            ] (57/234) [0s:1s]
2025-08-25 13:54:30,492 - innolab - INFO -   24% [==>            ] (58/234) [0s:1s]
2025-08-25 13:54:30,503 - innolab - INFO -   25% [==>            ] (59/234) [0s:1s]
2025-08-25 13:54:30,503 - innolab - INFO -   25% [==>            ] (60/234) [0s:1s]
2025-08-25 13:54:30,503 - innolab - INFO -   26% [==>            ] (61/234) [0s:1s]
2025-08-25 13:54:30,513 - innolab - INFO -   26% [==>            ] (62/234) [0s:1s]
2025-08-25 13:54:30,523 - innolab - INFO -   26% [===>           ] (63/234) [0s:1s]
2025-08-25 13:54:30,523 - innolab - INFO -   27% [===>           ] (64/234) [0s:1s]
2025-08-25 13:54:30,535 - innolab - INFO -   27% [===>           ] (65/234) [0s:1s]
2025-08-25 13:54:30,535 - innolab - INFO -   28% [===>           ] (66/234) [0s:1s]
2025-08-25 13:54:30,535 - innolab - INFO -   28% [===>           ] (67/234) [0s:1s]
2025-08-25 13:54:30,536 - innolab - INFO -   29% [===>           ] (68/234) [0s:1s]
2025-08-25 13:54:30,536 - innolab - INFO -   29% [===>           ] (69/234) [0s:1s]
2025-08-25 13:54:30,545 - innolab - INFO -   29% [===>           ] (70/234) [0s:0s]
2025-08-25 13:54:30,545 - innolab - INFO -   30% [===>           ] (71/234) [0s:0s]
2025-08-25 13:54:30,545 - innolab - INFO -   30% [===>           ] (72/234) [0s:0s]
2025-08-25 13:54:30,546 - innolab - INFO -   31% [===>           ] (73/234) [0s:0s]
2025-08-25 13:54:30,546 - innolab - INFO -   31% [===>           ] (74/234) [0s:0s]
2025-08-25 13:54:30,556 - innolab - INFO -   32% [===>           ] (75/234) [0s:0s]
2025-08-25 13:54:30,567 - innolab - INFO -   32% [===>           ] (76/234) [0s:0s]
2025-08-25 13:54:30,577 - innolab - INFO -   32% [===>           ] (77/234) [0s:0s]
2025-08-25 13:54:30,589 - innolab - INFO -   33% [====>          ] (78/234) [0s:0s]
2025-08-25 13:54:30,589 - innolab - INFO -   33% [====>          ] (79/234) [0s:0s]
2025-08-25 13:54:30,589 - innolab - INFO -   34% [====>          ] (80/234) [0s:0s]
2025-08-25 13:54:30,599 - innolab - INFO -   34% [====>          ] (81/234) [0s:0s]
2025-08-25 13:54:30,599 - innolab - INFO -   35% [====>          ] (82/234) [0s:0s]
2025-08-25 13:54:30,612 - innolab - INFO -   35% [====>          ] (83/234) [0s:0s]
2025-08-25 13:54:30,612 - innolab - INFO -   35% [====>          ] (84/234) [0s:0s]
2025-08-25 13:54:30,623 - innolab - INFO -   36% [====>          ] (85/234) [0s:0s]
2025-08-25 13:54:30,634 - innolab - INFO -   36% [====>          ] (86/234) [0s:0s]
2025-08-25 13:54:30,634 - innolab - INFO -   37% [====>          ] (87/234) [0s:0s]
2025-08-25 13:54:30,634 - innolab - INFO -   37% [====>          ] (88/234) [0s:0s]
2025-08-25 13:54:30,634 - innolab - INFO -   38% [====>          ] (89/234) [0s:0s]
2025-08-25 13:54:30,635 - innolab - INFO -   38% [====>          ] (90/234) [0s:0s]
2025-08-25 13:54:30,635 - innolab - INFO -   38% [====>          ] (91/234) [0s:0s]
2025-08-25 13:54:30,659 - innolab - INFO -   39% [====>          ] (92/234) [0s:0s]
2025-08-25 13:54:30,660 - innolab - INFO -   39% [====>          ] (93/234) [0s:0s]
2025-08-25 13:54:30,676 - innolab - INFO -   40% [=====>         ] (94/234) [0s:0s]
2025-08-25 13:54:30,677 - innolab - INFO -   40% [=====>         ] (95/234) [0s:0s]
2025-08-25 13:54:30,678 - innolab - INFO -   41% [=====>         ] (96/234) [0s:0s]
2025-08-25 13:54:30,679 - innolab - INFO -   41% [=====>         ] (97/234) [0s:0s]
2025-08-25 13:54:30,679 - innolab - INFO -   41% [=====>         ] (98/234) [0s:0s]
2025-08-25 13:54:30,680 - innolab - INFO -   42% [=====>         ] (99/234) [0s:0s]
2025-08-25 13:54:30,680 - innolab - INFO -   42% [=====>         ] (100/234) [0s:0s]
2025-08-25 13:54:30,695 - innolab - INFO -   43% [=====>         ] (101/234) [0s:0s]
2025-08-25 13:54:30,695 - innolab - INFO -   43% [=====>         ] (102/234) [0s:0s]
2025-08-25 13:54:30,696 - innolab - INFO -   44% [=====>         ] (103/234) [0s:0s]
2025-08-25 13:54:30,697 - innolab - INFO -   44% [=====>         ] (104/234) [0s:0s]
2025-08-25 13:54:30,716 - innolab - INFO -   44% [=====>         ] (105/234) [0s:0s]
2025-08-25 13:54:30,716 - innolab - INFO -   45% [=====>         ] (106/234) [0s:0s]
2025-08-25 13:54:30,732 - innolab - INFO -   45% [=====>         ] (107/234) [0s:0s]
2025-08-25 13:54:30,747 - innolab - INFO -   46% [=====>         ] (108/234) [0s:0s]
2025-08-25 13:54:30,748 - innolab - INFO -   46% [=====>         ] (109/234) [0s:0s]
2025-08-25 13:54:30,759 - innolab - INFO -   47% [======>        ] (110/234) [0s:0s]
2025-08-25 13:54:30,759 - innolab - INFO -   47% [======>        ] (111/234) [0s:0s]
2025-08-25 13:54:30,759 - innolab - INFO -   47% [======>        ] (112/234) [0s:0s]
2025-08-25 13:54:30,772 - innolab - INFO -   48% [======>        ] (113/234) [0s:0s]
2025-08-25 13:54:30,772 - innolab - INFO -   48% [======>        ] (114/234) [0s:0s]
2025-08-25 13:54:30,773 - innolab - INFO -   49% [======>        ] (115/234) [0s:0s]
2025-08-25 13:54:30,773 - innolab - INFO -   49% [======>        ] (116/234) [0s:0s]
2025-08-25 13:54:30,793 - innolab - INFO -   50% [======>        ] (117/234) [0s:0s]
2025-08-25 13:54:30,794 - innolab - INFO -   50% [======>        ] (118/234) [0s:0s]
2025-08-25 13:54:30,794 - innolab - INFO -   50% [======>        ] (119/234) [0s:0s]
2025-08-25 13:54:30,795 - innolab - INFO -   51% [======>        ] (120/234) [0s:0s]
2025-08-25 13:54:30,795 - innolab - INFO -   51% [======>        ] (121/234) [0s:0s]
2025-08-25 13:54:30,795 - innolab - INFO -   52% [======>        ] (122/234) [0s:0s]
2025-08-25 13:54:30,807 - innolab - INFO -   52% [======>        ] (123/234) [0s:0s]
2025-08-25 13:54:30,807 - innolab - INFO -   52% [======>        ] (124/234) [0s:0s]
2025-08-25 13:54:30,821 - innolab - INFO -   53% [=======>       ] (125/234) [0s:0s]
2025-08-25 13:54:30,821 - innolab - INFO -   53% [=======>       ] (126/234) [0s:0s]
2025-08-25 13:54:30,834 - innolab - INFO -   54% [=======>       ] (127/234) [0s:0s]
2025-08-25 13:54:30,844 - innolab - INFO -   54% [=======>       ] (128/234) [0s:0s]
2025-08-25 13:54:30,844 - innolab - INFO -   55% [=======>       ] (129/234) [0s:0s]
2025-08-25 13:54:30,855 - innolab - INFO -   55% [=======>       ] (130/234) [0s:0s]
2025-08-25 13:54:30,856 - innolab - INFO -   55% [=======>       ] (131/234) [0s:0s]
2025-08-25 13:54:30,856 - innolab - INFO -   56% [=======>       ] (132/234) [0s:0s]
2025-08-25 13:54:30,866 - innolab - INFO -   56% [=======>       ] (133/234) [0s:0s]
2025-08-25 13:54:30,877 - innolab - INFO -   57% [=======>       ] (134/234) [0s:0s]
2025-08-25 13:54:30,887 - innolab - INFO -   57% [=======>       ] (135/234) [0s:0s]
2025-08-25 13:54:30,888 - innolab - INFO -   58% [=======>       ] (136/234) [0s:0s]
2025-08-25 13:54:30,898 - innolab - INFO -   58% [=======>       ] (137/234) [0s:0s]
2025-08-25 13:54:30,898 - innolab - INFO -   58% [=======>       ] (138/234) [0s:0s]
2025-08-25 13:54:30,910 - innolab - INFO -   59% [=======>       ] (139/234) [0s:0s]
2025-08-25 13:54:30,911 - innolab - INFO -   59% [=======>       ] (140/234) [0s:0s]
2025-08-25 13:54:30,920 - innolab - INFO -   60% [========>      ] (141/234) [0s:0s]
2025-08-25 13:54:30,930 - innolab - INFO -   60% [========>      ] (142/234) [0s:0s]
2025-08-25 13:54:30,943 - innolab - INFO -   61% [========>      ] (143/234) [0s:0s]
2025-08-25 13:54:30,953 - innolab - INFO -   61% [========>      ] (144/234) [0s:0s]
2025-08-25 13:54:30,953 - innolab - INFO -   61% [========>      ] (145/234) [0s:0s]
2025-08-25 13:54:30,968 - innolab - INFO -   62% [========>      ] (146/234) [0s:0s]
2025-08-25 13:54:30,981 - innolab - INFO -   62% [========>      ] (147/234) [0s:0s]
2025-08-25 13:54:30,982 - innolab - INFO -   63% [========>      ] (148/234) [0s:0s]
2025-08-25 13:54:30,996 - innolab - INFO -   63% [========>      ] (149/234) [0s:0s]
2025-08-25 13:54:31,012 - innolab - INFO -   64% [========>      ] (150/234) [0s:0s]
2025-08-25 13:54:31,022 - innolab - INFO -   64% [========>      ] (151/234) [0s:0s]
2025-08-25 13:54:31,038 - innolab - INFO -   64% [========>      ] (152/234) [0s:0s]
2025-08-25 13:54:31,038 - innolab - INFO -   65% [========>      ] (153/234) [0s:0s]
2025-08-25 13:54:31,038 - innolab - INFO -   65% [========>      ] (154/234) [0s:0s]
2025-08-25 13:54:31,039 - innolab - INFO -   66% [========>      ] (155/234) [0s:0s]
2025-08-25 13:54:31,040 - innolab - INFO -   66% [=========>     ] (156/234) [0s:0s]
2025-08-25 13:54:31,040 - innolab - INFO -   67% [=========>     ] (157/234) [0s:0s]
2025-08-25 13:54:31,041 - innolab - INFO -   67% [=========>     ] (158/234) [0s:0s]
2025-08-25 13:54:31,041 - innolab - INFO -   67% [=========>     ] (159/234) [0s:0s]
2025-08-25 13:54:31,042 - innolab - INFO -   68% [=========>     ] (160/234) [0s:0s]
2025-08-25 13:54:31,043 - innolab - INFO -   68% [=========>     ] (161/234) [0s:0s]
2025-08-25 13:54:31,043 - innolab - INFO -   69% [=========>     ] (162/234) [0s:0s]
2025-08-25 13:54:31,044 - innolab - INFO -   69% [=========>     ] (163/234) [0s:0s]
2025-08-25 13:54:31,045 - innolab - INFO -   70% [=========>     ] (164/234) [0s:0s]
2025-08-25 13:54:31,046 - innolab - INFO -   70% [=========>     ] (165/234) [0s:0s]
2025-08-25 13:54:31,046 - innolab - INFO -   70% [=========>     ] (166/234) [0s:0s]
2025-08-25 13:54:31,047 - innolab - INFO -   71% [=========>     ] (167/234) [0s:0s]
2025-08-25 13:54:31,047 - innolab - INFO -   71% [=========>     ] (168/234) [0s:0s]
2025-08-25 13:54:31,048 - innolab - INFO -   72% [=========>     ] (169/234) [0s:0s]
2025-08-25 13:54:31,049 - innolab - INFO -   72% [=========>     ] (170/234) [0s:0s]
2025-08-25 13:54:31,049 - innolab - INFO -   73% [=========>     ] (171/234) [0s:0s]
2025-08-25 13:54:31,050 - innolab - INFO -   73% [==========>    ] (172/234) [0s:0s]
2025-08-25 13:54:31,050 - innolab - INFO -   73% [==========>    ] (173/234) [0s:0s]
2025-08-25 13:54:31,051 - innolab - INFO -   74% [==========>    ] (174/234) [0s:0s]
2025-08-25 13:54:31,051 - innolab - INFO -   74% [==========>    ] (175/234) [0s:0s]
2025-08-25 13:54:31,052 - innolab - INFO -   75% [==========>    ] (176/234) [0s:0s]
2025-08-25 13:54:31,052 - innolab - INFO -   75% [==========>    ] (177/234) [0s:0s]
2025-08-25 13:54:31,053 - innolab - INFO -   76% [==========>    ] (178/234) [0s:0s]
2025-08-25 13:54:31,053 - innolab - INFO -   76% [==========>    ] (179/234) [0s:0s]
2025-08-25 13:54:31,054 - innolab - INFO -   76% [==========>    ] (180/234) [0s:0s]
2025-08-25 13:54:31,054 - innolab - INFO -   77% [==========>    ] (181/234) [0s:0s]
2025-08-25 13:54:31,055 - innolab - INFO -   77% [==========>    ] (182/234) [0s:0s]
2025-08-25 13:54:31,056 - innolab - INFO -   78% [==========>    ] (183/234) [0s:0s]
2025-08-25 13:54:31,056 - innolab - INFO -   78% [==========>    ] (184/234) [0s:0s]
2025-08-25 13:54:31,057 - innolab - INFO -   79% [==========>    ] (185/234) [0s:0s]
2025-08-25 13:54:31,057 - innolab - INFO -   79% [==========>    ] (186/234) [0s:0s]
2025-08-25 13:54:31,057 - innolab - INFO -   79% [==========>    ] (187/234) [0s:0s]
2025-08-25 13:54:31,058 - innolab - INFO -   80% [===========>   ] (188/234) [0s:0s]
2025-08-25 13:54:31,059 - innolab - INFO -   80% [===========>   ] (189/234) [0s:0s]
2025-08-25 13:54:31,060 - innolab - INFO -   81% [===========>   ] (190/234) [0s:0s]
2025-08-25 13:54:31,060 - innolab - INFO -   81% [===========>   ] (191/234) [0s:0s]
2025-08-25 13:54:31,061 - innolab - INFO -   82% [===========>   ] (192/234) [0s:0s]
2025-08-25 13:54:31,061 - innolab - INFO -   82% [===========>   ] (193/234) [0s:0s]
2025-08-25 13:54:31,062 - innolab - INFO -   82% [===========>   ] (194/234) [0s:0s]
2025-08-25 13:54:31,062 - innolab - INFO -   83% [===========>   ] (195/234) [0s:0s]
2025-08-25 13:54:31,062 - innolab - INFO -   83% [===========>   ] (196/234) [0s:0s]
2025-08-25 13:54:31,063 - innolab - INFO -   84% [===========>   ] (197/234) [0s:0s]
2025-08-25 13:54:31,063 - innolab - INFO -   84% [===========>   ] (198/234) [0s:0s]
2025-08-25 13:54:31,063 - innolab - INFO -   85% [===========>   ] (199/234) [0s:0s]
2025-08-25 13:54:31,064 - innolab - INFO -   85% [===========>   ] (200/234) [0s:0s]
2025-08-25 13:54:31,064 - innolab - INFO -   85% [===========>   ] (201/234) [0s:0s]
2025-08-25 13:54:31,064 - innolab - INFO -   86% [===========>   ] (202/234) [0s:0s]
2025-08-25 13:54:31,068 - innolab - INFO -   86% [============>  ] (203/234) [0s:0s]
2025-08-25 13:54:31,068 - innolab - INFO -   87% [============>  ] (204/234) [0s:0s]
2025-08-25 13:54:31,068 - innolab - INFO -   87% [============>  ] (205/234) [0s:0s]
2025-08-25 13:54:31,082 - innolab - INFO -   88% [============>  ] (206/234) [0s:0s]
2025-08-25 13:54:31,083 - innolab - INFO -   88% [============>  ] (207/234) [0s:0s]
2025-08-25 13:54:31,084 - innolab - INFO -   88% [============>  ] (208/234) [0s:0s]
2025-08-25 13:54:31,104 - innolab - INFO -   89% [============>  ] (209/234) [0s:0s]
2025-08-25 13:54:31,104 - innolab - INFO -   89% [============>  ] (210/234) [0s:0s]
2025-08-25 13:54:31,104 - innolab - INFO -   90% [============>  ] (211/234) [0s:0s]
2025-08-25 13:54:31,104 - innolab - INFO -   90% [============>  ] (212/234) [0s:0s]
2025-08-25 13:54:31,105 - innolab - INFO -   91% [============>  ] (213/234) [0s:0s]
2025-08-25 13:54:31,105 - innolab - INFO -   91% [============>  ] (214/234) [0s:0s]
2025-08-25 13:54:31,113 - innolab - INFO -   91% [============>  ] (215/234) [0s:0s]
2025-08-25 13:54:31,114 - innolab - INFO -   92% [============>  ] (216/234) [0s:0s]
2025-08-25 13:54:31,126 - innolab - INFO -   92% [============>  ] (217/234) [0s:0s]
2025-08-25 13:54:31,135 - innolab - INFO -   93% [============>  ] (218/234) [1s:0s]
2025-08-25 13:54:31,145 - innolab - INFO -   93% [=============> ] (219/234) [1s:0s]
2025-08-25 13:54:31,145 - innolab - INFO -   94% [=============> ] (220/234) [1s:0s]
2025-08-25 13:54:31,158 - innolab - INFO -   94% [=============> ] (221/234) [1s:0s]
2025-08-25 13:54:31,168 - innolab - INFO -   94% [=============> ] (222/234) [1s:0s]
2025-08-25 13:54:31,188 - innolab - INFO -   95% [=============> ] (223/234) [1s:0s]
2025-08-25 13:54:31,204 - innolab - INFO -   95% [=============> ] (224/234) [1s:0s]
2025-08-25 13:54:31,221 - innolab - INFO -   96% [=============> ] (225/234) [1s:0s]
2025-08-25 13:54:31,221 - innolab - INFO -   96% [=============> ] (226/234) [1s:0s]
2025-08-25 13:54:31,221 - innolab - INFO -   97% [=============> ] (227/234) [1s:0s]
2025-08-25 13:54:31,234 - innolab - INFO -   97% [=============> ] (228/234) [1s:0s]
2025-08-25 13:54:31,245 - innolab - INFO -   97% [=============> ] (229/234) [1s:0s]
2025-08-25 13:54:31,257 - innolab - INFO -   98% [=============> ] (230/234) [1s:0s]
2025-08-25 13:54:31,258 - innolab - INFO -   98% [=============> ] (231/234) [1s:0s]
2025-08-25 13:54:31,268 - innolab - INFO -   99% [=============> ] (232/234) [1s:0s]
2025-08-25 13:54:31,268 - innolab - INFO -   99% [=============> ] (233/234) [1s:0s]
2025-08-25 13:54:31,268 - innolab - INFO -  100% [===============] (234/234) [1s]
2025-08-25 13:54:31,667 - innolab - INFO - Bearer scan completed successfully
2025-08-25 13:54:31,668 - innolab - INFO - Successfully loaded Bearer results from file: d:\InnoLab\SonarQ\bearer_results\bearer_results_my-service.json
2025-08-25 13:54:31,668 - innolab - WARNING - No findings found in Bearer data
2025-08-25 13:54:31,668 - innolab - INFO - Iteration 1: Found 0 open bugs (0 BUG, 0 CODE_SMELL) in BEARER scan
2025-08-25 13:54:31,669 - innolab - INFO - No bugs found - execution completed successfully
2025-08-25 13:54:31,669 - innolab - INFO - === EXECUTION RESULT ===
2025-08-25 13:54:31,669 - innolab - INFO - Mode: LOCAL
2025-08-25 13:54:31,669 - innolab - INFO - Project: my-service
2025-08-25 13:54:31,669 - innolab - INFO - Total bugs fixed: 0
2025-08-25 13:54:31,669 - innolab - INFO - Total iterations: 1
2025-08-25 13:54:31,669 - innolab - INFO - Start time: 2025-08-25T13:54:25.317822
2025-08-25 13:54:31,670 - innolab - INFO - End time: 2025-08-25T13:54:31.669295
2025-08-25 13:54:31,670 - innolab - INFO - Iteration 1: 0 bugs found, 0 fixed
