2025-08-25 13:38:12,614 - innolab - INFO - ExecutionServiceNoMongo initialized with:
2025-08-25 13:38:12,614 - innolab - INFO -   Max iterations: 5
2025-08-25 13:38:12,614 - innolab - INFO -   Project key: my-service
2025-08-25 13:38:12,614 - innolab - INFO -   Source code path: d:\InnoLab\SonarQ\source_bug
2025-08-25 13:38:12,614 - innolab - INFO -   Scan directory: source_bug
2025-08-25 13:38:12,615 - innolab - INFO -   Scan mode: bearer
2025-08-25 13:38:12,615 - innolab - INFO -   RAG available: True
2025-08-25 13:38:12,615 - innolab - INFO - Starting execution without RAG (mode: DifyMode.LOCAL)
2025-08-25 13:38:12,615 - innolab - INFO - 
=== ITERATION 1/5 ===
2025-08-25 13:38:12,615 - innolab - INFO - Starting Bearer scan for project: my-service
2025-08-25 13:38:12,617 - innolab - INFO - Project directory: d:\InnoLab\SonarQ\source_bug
2025-08-25 13:38:12,618 - innolab - INFO - Running Bearer scan: docker run --rm -v d:\InnoLab\SonarQ\source_bug:/scan bearer/bearer:latest bearer scan /scan
2025-08-25 13:38:13,672 - innolab - INFO - 
2025-08-25 13:38:13,710 - innolab - INFO - 
2025-08-25 13:38:13,711 - innolab - INFO - Scan your source code to discover, filter and prioritize security and privacy risks.
2025-08-25 13:38:13,712 - innolab - INFO - 
2025-08-25 13:38:13,712 - innolab - INFO - Usage: bearer <command> [flags]
2025-08-25 13:38:13,713 - innolab - INFO - 
2025-08-25 13:38:13,713 - innolab - INFO - Available Commands:
2025-08-25 13:38:13,714 - innolab - INFO - completion        Generate the autocompletion script for your shell
2025-08-25 13:38:13,714 - innolab - INFO - scan              Scan a directory or file
2025-08-25 13:38:13,715 - innolab - INFO - init              Write the default config to bearer.yml
2025-08-25 13:38:13,715 - innolab - INFO - ignore            Manage ignored fingerprints
2025-08-25 13:38:13,715 - innolab - INFO - version           Print the version
2025-08-25 13:38:13,716 - innolab - INFO - 
2025-08-25 13:38:13,716 - innolab - INFO - Examples:
2025-08-25 13:38:13,717 - innolab - INFO - # Scan local directory or file and output security risks
2025-08-25 13:38:13,717 - innolab - INFO - $ bearer scan <path> --scanner=sast,secrets
2025-08-25 13:38:13,718 - innolab - INFO - 
2025-08-25 13:38:13,718 - innolab - INFO - # Scan current directory and output the privacy report to a file
2025-08-25 13:38:13,719 - innolab - INFO - $ bearer scan --report privacy --output <output-path> .
2025-08-25 13:38:13,719 - innolab - INFO - 
2025-08-25 13:38:13,719 - innolab - INFO - # Scan local directory and output details about the underlying
2025-08-25 13:38:13,720 - innolab - INFO - # detections and classifications
2025-08-25 13:38:13,720 - innolab - INFO - $ bearer scan . --report dataflow
2025-08-25 13:38:13,720 - innolab - INFO - 
2025-08-25 13:38:13,721 - innolab - INFO - Learn More:
2025-08-25 13:38:13,721 - innolab - INFO - Bearer is a code security tool that scans your source code to
2025-08-25 13:38:13,722 - innolab - INFO - identify OWASP/CWE top security risks, privacy impact, and sensitive dataflows
2025-08-25 13:38:13,722 - innolab - INFO - 
2025-08-25 13:38:13,722 - innolab - INFO - For more examples, tutorials, and to learn more about the project
2025-08-25 13:38:13,722 - innolab - INFO - visit https://docs.bearer.com
2025-08-25 13:38:14,073 - innolab - INFO - Bearer scan completed successfully
2025-08-25 13:38:14,073 - innolab - INFO - Bearer scan output: 

                       
                     
                  
              

Scan your source code to discover, filter and prioritize security and privacy risks.

Usage: bearer <command> [flags]

Available Commands:
	completion        Generate the autocompletion script for your shell
	scan              Scan a directory or file
	init              Write the default config to bearer.yml
	ignore            Manage ignored fingerprints
	version           Print the version

Examples:
	# Scan loca...
2025-08-25 13:38:14,074 - innolab - WARNING - Bearer CLI Docker image is not functioning properly - shows help instead of scanning
2025-08-25 13:38:14,074 - innolab - INFO - Bearer integration framework is ready for when CLI is fixed
2025-08-25 13:38:14,075 - innolab - INFO - Iteration 1: Found 0 open bugs (0 BUG, 0 CODE_SMELL) in BEARER scan
2025-08-25 13:38:14,075 - innolab - INFO - No bugs found - execution completed successfully
2025-08-25 13:38:14,076 - innolab - INFO - === EXECUTION RESULT ===
2025-08-25 13:38:14,076 - innolab - INFO - Mode: LOCAL
2025-08-25 13:38:14,076 - innolab - INFO - Project: my-service
2025-08-25 13:38:14,077 - innolab - INFO - Total bugs fixed: 0
2025-08-25 13:38:14,077 - innolab - INFO - Total iterations: 1
2025-08-25 13:38:14,077 - innolab - INFO - Start time: 2025-08-25T13:38:12.615228
2025-08-25 13:38:14,078 - innolab - INFO - End time: 2025-08-25T13:38:14.075907
2025-08-25 13:38:14,078 - innolab - INFO - Iteration 1: 0 bugs found, 0 fixed
