2025-08-21 15:41:33,307 - innolab - INFO - ExecutionServiceNoMongo initialized with:
2025-08-21 15:41:33,307 - innolab - INFO -   Max iterations: 5
2025-08-21 15:41:33,307 - innolab - INFO -   Project key: my-service
2025-08-21 15:41:33,307 - innolab - INFO -   Source code path: d:\InnoLab\SonarQ\source_bug
2025-08-21 15:41:33,307 - innolab - INFO -   Scan directory: source_bug
2025-08-21 15:41:33,307 - innolab - INFO -   RAG available: True
2025-08-21 15:41:33,307 - innolab - INFO - Starting execution without RAG (mode: DifyMode.LOCAL)
2025-08-21 15:41:33,307 - innolab - INFO - 
=== ITERATION 1/5 ===
2025-08-21 15:41:33,308 - innolab - INFO - Starting SonarQube scan for project: my-service
2025-08-21 15:41:33,308 - innolab - INFO - Step 1: Running SonarQube scan...
2025-08-21 15:41:33,308 - innolab - INFO - Ensuring sonar-scanner container is running...
2025-08-21 15:41:33,406 - innolab - INFO - sonar_scanner
2025-08-21 15:41:35,407 - innolab - INFO - Project directory: d:\InnoLab\SonarQ\source_bug
2025-08-21 15:41:35,408 - innolab - INFO - Created sonar-project.properties for project: my-service
2025-08-21 15:41:35,409 - innolab - INFO - Running containerized scan: docker exec -w /usr/src -e SONAR_HOST_URL=http://sonarqube:9000 -e SONAR_TOKEN=sqa_a175e30d38b432938451bc9a77fbe00b941d4d82 sonar_scanner sonar-scanner
2025-08-21 15:41:35,679 - innolab - INFO - INFO: Scanner configuration file: /opt/sonar-scanner/conf/sonar-scanner.properties
2025-08-21 15:41:35,681 - innolab - INFO - INFO: Project root configuration file: /usr/src/sonar-project.properties
2025-08-21 15:41:35,710 - innolab - INFO - INFO: SonarScanner 5.0.1.3006
2025-08-21 15:41:35,710 - innolab - INFO - INFO: Java 17.0.10 Alpine (64-bit)
2025-08-21 15:41:35,710 - innolab - INFO - INFO: Linux 5.15.167.4-microsoft-standard-WSL2 amd64
2025-08-21 15:41:35,924 - innolab - INFO - INFO: User cache: /opt/sonar-scanner/.sonar/cache
2025-08-21 15:41:36,001 - innolab - INFO - INFO: Analyzing on SonarQube server 9.9.8.100196
2025-08-21 15:41:36,001 - innolab - INFO - INFO: Default locale: "en_US", source code encoding: "UTF-8" (analysis is platform dependent)
2025-08-21 15:41:36,498 - innolab - INFO - INFO: Load global settings
2025-08-21 15:41:36,569 - innolab - INFO - INFO: Load global settings (done) | time=72ms
2025-08-21 15:41:36,570 - innolab - INFO - INFO: Server id: 243B8A4D-AZjK7rzghlLdJt_RRKZv
2025-08-21 15:41:36,576 - innolab - INFO - INFO: User cache: /opt/sonar-scanner/.sonar/cache
2025-08-21 15:41:36,579 - innolab - INFO - INFO: Load/download plugins
2025-08-21 15:41:36,580 - innolab - INFO - INFO: Load plugins index
2025-08-21 15:41:36,631 - innolab - INFO - INFO: Load plugins index (done) | time=50ms
2025-08-21 15:41:36,728 - innolab - INFO - INFO: Load/download plugins (done) | time=148ms
2025-08-21 15:41:37,206 - innolab - INFO - INFO: Process project properties
2025-08-21 15:41:37,214 - innolab - INFO - INFO: Process project properties (done) | time=8ms
2025-08-21 15:41:37,216 - innolab - INFO - INFO: Execute project builders
2025-08-21 15:41:37,219 - innolab - INFO - INFO: Execute project builders (done) | time=3ms
2025-08-21 15:41:37,238 - innolab - INFO - INFO: Project key: my-service
2025-08-21 15:41:37,238 - innolab - INFO - INFO: Base dir: /usr/src
2025-08-21 15:41:37,238 - innolab - INFO - INFO: Working dir: /usr/src/.scannerwork
2025-08-21 15:41:37,249 - innolab - INFO - INFO: Load project settings for component key: 'my-service'
2025-08-21 15:41:37,398 - innolab - INFO - WARN: SCM provider autodetection failed. Please use "sonar.scm.provider" to define SCM of your project, or disable the SCM Sensor in the project settings.
2025-08-21 15:41:37,406 - innolab - INFO - INFO: Load quality profiles
2025-08-21 15:41:37,468 - innolab - INFO - INFO: Load quality profiles (done) | time=62ms
2025-08-21 15:41:37,472 - innolab - INFO - INFO: Load active rules
2025-08-21 15:41:38,897 - innolab - INFO - INFO: Load active rules (done) | time=1425ms
2025-08-21 15:41:38,901 - innolab - INFO - INFO: Load analysis cache
2025-08-21 15:41:38,905 - innolab - INFO - INFO: Load analysis cache (404) | time=5ms
2025-08-21 15:41:38,963 - innolab - INFO - INFO: Load project repositories
2025-08-21 15:41:38,967 - innolab - INFO - INFO: Load project repositories (done) | time=4ms
2025-08-21 15:41:38,990 - innolab - INFO - INFO: Indexing files...
2025-08-21 15:41:38,990 - innolab - INFO - INFO: Project configuration:
2025-08-21 15:41:38,990 - innolab - INFO - INFO:   Excluded sources: **/node_modules/**, **/dist/**, **/build/**, **/.git/**
2025-08-21 15:41:39,184 - innolab - INFO - INFO: 11 files indexed
2025-08-21 15:41:39,185 - innolab - INFO - INFO: 0 files ignored because of inclusion/exclusion patterns
2025-08-21 15:41:39,185 - innolab - INFO - INFO: Quality profile for css: Sonar way
2025-08-21 15:41:39,185 - innolab - INFO - INFO: Quality profile for py: Sonar way
2025-08-21 15:41:39,185 - innolab - INFO - INFO: Quality profile for web: Sonar way
2025-08-21 15:41:39,185 - innolab - INFO - INFO: ------------- Run sensors on module my-service
2025-08-21 15:41:39,268 - innolab - INFO - INFO: Load metrics repository
2025-08-21 15:41:39,286 - innolab - INFO - INFO: Load metrics repository (done) | time=19ms
2025-08-21 15:41:40,444 - innolab - INFO - INFO: Sensor Python Sensor [python]
2025-08-21 15:41:40,447 - innolab - INFO - WARN: Your code is analyzed as compatible with python 2 and 3 by default. This will prevent the detection of issues specific to python 2 or python 3. You can get a more precise analysis by setting a python version in your configuration via the parameter "sonar.python.version"
2025-08-21 15:41:40,460 - innolab - INFO - INFO: Starting global symbols computation
2025-08-21 15:41:40,465 - innolab - INFO - INFO: 1 source file to be analyzed
2025-08-21 15:41:40,682 - innolab - INFO - INFO: 1/1 source file has been analyzed
2025-08-21 15:41:40,723 - innolab - INFO - INFO: Starting rules execution
2025-08-21 15:41:40,723 - innolab - INFO - INFO: 1 source file to be analyzed
2025-08-21 15:41:40,935 - innolab - INFO - INFO: 1/1 source file has been analyzed
2025-08-21 15:41:40,935 - innolab - INFO - INFO: The Python analyzer was able to leverage cached data from previous analyses for 0 out of 1 files. These files were not parsed.
2025-08-21 15:41:40,935 - innolab - INFO - INFO: Sensor Python Sensor [python] (done) | time=492ms
2025-08-21 15:41:40,935 - innolab - INFO - INFO: Sensor Cobertura Sensor for Python coverage [python]
2025-08-21 15:41:41,008 - innolab - INFO - INFO: Sensor Cobertura Sensor for Python coverage [python] (done) | time=72ms
2025-08-21 15:41:41,008 - innolab - INFO - INFO: Sensor PythonXUnitSensor [python]
2025-08-21 15:41:41,080 - innolab - INFO - INFO: Sensor PythonXUnitSensor [python] (done) | time=73ms
2025-08-21 15:41:41,080 - innolab - INFO - INFO: Sensor JaCoCo XML Report Importer [jacoco]
2025-08-21 15:41:41,082 - innolab - INFO - INFO: 'sonar.coverage.jacoco.xmlReportPaths' is not defined. Using default locations: target/site/jacoco/jacoco.xml,target/site/jacoco-it/jacoco.xml,build/reports/jacoco/test/jacocoTestReport.xml
2025-08-21 15:41:41,083 - innolab - INFO - INFO: No report imported, no coverage information will be imported by JaCoCo XML Report Importer
2025-08-21 15:41:41,084 - innolab - INFO - INFO: Sensor JaCoCo XML Report Importer [jacoco] (done) | time=4ms
2025-08-21 15:41:41,084 - innolab - INFO - INFO: Sensor CSS Rules [javascript]
