2025-08-20 17:30:20,646 - innolab - INFO - ExecutionServiceNoMongo initialized with:
2025-08-20 17:30:20,646 - innolab - INFO -   Max iterations: 5
2025-08-20 17:30:20,647 - innolab - INFO -   Project key: my-service
2025-08-20 17:30:20,647 - innolab - INFO -   Source code path: d:\InnoLab\SonarQ\source_bug
2025-08-20 17:30:20,648 - innolab - INFO -   Scan directory: source_bug
2025-08-20 17:30:20,648 - innolab - INFO -   RAG available: True
2025-08-20 17:30:20,649 - innolab - INFO - Starting execution without RAG (mode: DifyMode.LOCAL)
2025-08-20 17:30:20,650 - innolab - INFO - 
=== ITERATION 1/5 ===
2025-08-20 17:30:20,651 - innolab - INFO - Starting SonarQube scan for project: my-service
2025-08-20 17:30:20,651 - innolab - INFO - Step 1: Running SonarQube scan...
2025-08-20 17:30:20,651 - innolab - INFO - Ensuring sonar-scanner container is running...
2025-08-20 17:30:20,750 - innolab - INFO - sonar_scanner
2025-08-20 17:30:22,751 - innolab - INFO - Project directory: d:\InnoLab\SonarQ\source_bug
2025-08-20 17:30:22,753 - innolab - INFO - Created sonar-project.properties for project: my-service
2025-08-20 17:30:22,754 - innolab - INFO - Copying project files: docker cp "d:\InnoLab\SonarQ\source_bug" sonar_scanner:/usr/src/
2025-08-20 17:30:22,998 - innolab - INFO - Running containerized scan: docker exec -w /usr/src/source_bug -e SONAR_HOST_URL=http://sonarqube:9000 -e SONAR_TOKEN=sqa_c782f6c0370ccf6a0c0a65bc1234a09ab9db0add sonar_scanner sonar-scanner
2025-08-20 17:30:23,184 - innolab - INFO - INFO: Scanner configuration file: /opt/sonar-scanner/conf/sonar-scanner.properties
2025-08-20 17:30:23,186 - innolab - INFO - INFO: Project root configuration file: /usr/src/source_bug/sonar-project.properties
2025-08-20 17:30:23,214 - innolab - INFO - INFO: SonarScanner 5.0.1.3006
2025-08-20 17:30:23,215 - innolab - INFO - INFO: Java 17.0.10 Alpine (64-bit)
2025-08-20 17:30:23,215 - innolab - INFO - INFO: Linux 5.15.167.4-microsoft-standard-WSL2 amd64
2025-08-20 17:30:23,402 - innolab - INFO - INFO: User cache: /opt/sonar-scanner/.sonar/cache
2025-08-20 17:30:23,471 - innolab - INFO - INFO: Analyzing on SonarQube server 9.9.8.100196
2025-08-20 17:30:23,471 - innolab - INFO - INFO: Default locale: "en_US", source code encoding: "UTF-8" (analysis is platform dependent)
2025-08-20 17:30:23,899 - innolab - INFO - INFO: Load global settings
2025-08-20 17:30:23,955 - innolab - INFO - INFO: Load global settings (done) | time=57ms
2025-08-20 17:30:23,957 - innolab - INFO - INFO: Server id: 243B8A4D-AZjGf6QFdKL1mFXO_IvC
2025-08-20 17:30:23,962 - innolab - INFO - INFO: User cache: /opt/sonar-scanner/.sonar/cache
2025-08-20 17:30:23,965 - innolab - INFO - INFO: Load/download plugins
2025-08-20 17:30:23,966 - innolab - INFO - INFO: Load plugins index
2025-08-20 17:30:24,001 - innolab - INFO - INFO: Load plugins index (done) | time=35ms
2025-08-20 17:30:24,066 - innolab - INFO - INFO: Load/download plugins (done) | time=100ms
2025-08-20 17:30:24,506 - innolab - INFO - INFO: Process project properties
2025-08-20 17:30:24,513 - innolab - INFO - INFO: Process project properties (done) | time=7ms
2025-08-20 17:30:24,514 - innolab - INFO - INFO: Execute project builders
2025-08-20 17:30:24,516 - innolab - INFO - INFO: Execute project builders (done) | time=1ms
2025-08-20 17:30:24,526 - innolab - INFO - INFO: Project key: my-service
2025-08-20 17:30:24,527 - innolab - INFO - INFO: Base dir: /usr/src/source_bug
2025-08-20 17:30:24,527 - innolab - INFO - INFO: Working dir: /usr/src/source_bug/.scannerwork
2025-08-20 17:30:24,537 - innolab - INFO - INFO: Load project settings for component key: 'my-service'
2025-08-20 17:30:24,677 - innolab - INFO - WARN: SCM provider autodetection failed. Please use "sonar.scm.provider" to define SCM of your project, or disable the SCM Sensor in the project settings.
2025-08-20 17:30:24,685 - innolab - INFO - INFO: Load quality profiles
2025-08-20 17:30:24,732 - innolab - INFO - INFO: Load quality profiles (done) | time=46ms
2025-08-20 17:30:24,736 - innolab - INFO - INFO: Load active rules
2025-08-20 17:30:25,767 - innolab - INFO - INFO: Load active rules (done) | time=1030ms
2025-08-20 17:30:25,779 - innolab - INFO - INFO: Load analysis cache
2025-08-20 17:30:25,785 - innolab - INFO - INFO: Load analysis cache (404) | time=7ms
2025-08-20 17:30:25,849 - innolab - INFO - INFO: Load project repositories
2025-08-20 17:30:25,853 - innolab - INFO - INFO: Load project repositories (done) | time=4ms
2025-08-20 17:30:25,879 - innolab - INFO - INFO: Indexing files...
2025-08-20 17:30:25,880 - innolab - INFO - INFO: Project configuration:
2025-08-20 17:30:25,880 - innolab - INFO - INFO:   Excluded sources: **/node_modules/**, **/dist/**, **/build/**, **/.git/**
2025-08-20 17:30:25,928 - innolab - INFO - INFO: 2 files indexed
2025-08-20 17:30:25,928 - innolab - INFO - INFO: 0 files ignored because of inclusion/exclusion patterns
2025-08-20 17:30:25,929 - innolab - INFO - INFO: Quality profile for py: Sonar way
2025-08-20 17:30:25,929 - innolab - INFO - INFO: ------------- Run sensors on module my-service
2025-08-20 17:30:26,008 - innolab - INFO - INFO: Load metrics repository
2025-08-20 17:30:26,023 - innolab - INFO - INFO: Load metrics repository (done) | time=15ms
2025-08-20 17:30:27,131 - innolab - INFO - INFO: Sensor Python Sensor [python]
2025-08-20 17:30:27,133 - innolab - INFO - WARN: Your code is analyzed as compatible with python 2 and 3 by default. This will prevent the detection of issues specific to python 2 or python 3. You can get a more precise analysis by setting a python version in your configuration via the parameter "sonar.python.version"
2025-08-20 17:30:27,145 - innolab - INFO - INFO: Starting global symbols computation
2025-08-20 17:30:27,149 - innolab - INFO - INFO: 1 source file to be analyzed
2025-08-20 17:30:27,374 - innolab - INFO - INFO: 1/1 source file has been analyzed
2025-08-20 17:30:27,408 - innolab - INFO - INFO: Starting rules execution
2025-08-20 17:30:27,408 - innolab - INFO - INFO: 1 source file to be analyzed
2025-08-20 17:30:27,631 - innolab - INFO - INFO: 1/1 source file has been analyzed
2025-08-20 17:30:27,632 - innolab - INFO - INFO: The Python analyzer was able to leverage cached data from previous analyses for 0 out of 1 files. These files were not parsed.
2025-08-20 17:30:27,632 - innolab - INFO - INFO: Sensor Python Sensor [python] (done) | time=501ms
2025-08-20 17:30:27,633 - innolab - INFO - INFO: Sensor Cobertura Sensor for Python coverage [python]
2025-08-20 17:30:27,692 - innolab - INFO - INFO: Sensor Cobertura Sensor for Python coverage [python] (done) | time=61ms
2025-08-20 17:30:27,692 - innolab - INFO - INFO: Sensor PythonXUnitSensor [python]
2025-08-20 17:30:27,746 - innolab - INFO - INFO: Sensor PythonXUnitSensor [python] (done) | time=53ms
2025-08-20 17:30:27,746 - innolab - INFO - INFO: Sensor JaCoCo XML Report Importer [jacoco]
2025-08-20 17:30:27,747 - innolab - INFO - INFO: 'sonar.coverage.jacoco.xmlReportPaths' is not defined. Using default locations: target/site/jacoco/jacoco.xml,target/site/jacoco-it/jacoco.xml,build/reports/jacoco/test/jacocoTestReport.xml
2025-08-20 17:30:27,748 - innolab - INFO - INFO: No report imported, no coverage information will be imported by JaCoCo XML Report Importer
2025-08-20 17:30:27,749 - innolab - INFO - INFO: Sensor JaCoCo XML Report Importer [jacoco] (done) | time=3ms
2025-08-20 17:30:27,749 - innolab - INFO - INFO: Sensor CSS Rules [javascript]
2025-08-20 17:30:27,749 - innolab - INFO - INFO: No CSS, PHP, HTML or VueJS files are found in the project. CSS analysis is skipped.
2025-08-20 17:30:27,750 - innolab - INFO - INFO: Sensor CSS Rules [javascript] (done) | time=1ms
2025-08-20 17:30:27,750 - innolab - INFO - INFO: Sensor C# Project Type Information [csharp]
2025-08-20 17:30:27,750 - innolab - INFO - INFO: Sensor C# Project Type Information [csharp] (done) | time=1ms
2025-08-20 17:30:27,750 - innolab - INFO - INFO: Sensor C# Analysis Log [csharp]
2025-08-20 17:30:27,760 - innolab - INFO - INFO: Sensor C# Analysis Log [csharp] (done) | time=10ms
2025-08-20 17:30:27,760 - innolab - INFO - INFO: Sensor C# Properties [csharp]
2025-08-20 17:30:27,761 - innolab - INFO - INFO: Sensor C# Properties [csharp] (done) | time=0ms
2025-08-20 17:30:27,761 - innolab - INFO - INFO: Sensor HTML [web]
2025-08-20 17:30:27,762 - innolab - INFO - INFO: Sensor HTML [web] (done) | time=2ms
2025-08-20 17:30:27,762 - innolab - INFO - INFO: Sensor TextAndSecretsSensor [text]
2025-08-20 17:30:27,769 - innolab - INFO - INFO: 1 source file to be analyzed
2025-08-20 17:30:27,785 - innolab - INFO - INFO: 1/1 source file has been analyzed
2025-08-20 17:30:27,786 - innolab - INFO - INFO: Sensor TextAndSecretsSensor [text] (done) | time=22ms
2025-08-20 17:30:27,786 - innolab - INFO - INFO: Sensor VB.NET Project Type Information [vbnet]
2025-08-20 17:30:27,786 - innolab - INFO - INFO: Sensor VB.NET Project Type Information [vbnet] (done) | time=1ms
2025-08-20 17:30:27,787 - innolab - INFO - INFO: Sensor VB.NET Analysis Log [vbnet]
2025-08-20 17:30:27,798 - innolab - INFO - INFO: Sensor VB.NET Analysis Log [vbnet] (done) | time=13ms
2025-08-20 17:30:27,799 - innolab - INFO - INFO: Sensor VB.NET Properties [vbnet]
2025-08-20 17:30:27,799 - innolab - INFO - INFO: Sensor VB.NET Properties [vbnet] (done) | time=0ms
2025-08-20 17:30:27,799 - innolab - INFO - INFO: Sensor IaC Docker Sensor [iac]
2025-08-20 17:30:27,800 - innolab - INFO - INFO: 0 source files to be analyzed
2025-08-20 17:30:27,843 - innolab - INFO - INFO: 0/0 source files have been analyzed
2025-08-20 17:30:27,843 - innolab - INFO - INFO: Sensor IaC Docker Sensor [iac] (done) | time=44ms
2025-08-20 17:30:27,846 - innolab - INFO - INFO: ------------- Run sensors on project
2025-08-20 17:30:27,889 - innolab - INFO - INFO: Sensor Analysis Warnings import [csharp]
2025-08-20 17:30:27,890 - innolab - INFO - INFO: Sensor Analysis Warnings import [csharp] (done) | time=1ms
2025-08-20 17:30:27,890 - innolab - INFO - INFO: Sensor Zero Coverage Sensor
2025-08-20 17:30:27,902 - innolab - INFO - INFO: Sensor Zero Coverage Sensor (done) | time=12ms
2025-08-20 17:30:27,903 - innolab - INFO - INFO: SCM Publisher No SCM system was detected. You can use the 'sonar.scm.provider' property to explicitly specify it.
2025-08-20 17:30:27,905 - innolab - INFO - INFO: CPD Executor Calculating CPD for 1 file
2025-08-20 17:30:27,914 - innolab - INFO - INFO: CPD Executor CPD calculation finished (done) | time=9ms
2025-08-20 17:30:28,130 - innolab - INFO - INFO: Analysis report generated in 92ms, dir size=124.9 kB
2025-08-20 17:30:29,164 - innolab - INFO - INFO: Analysis report compressed in 1027ms, zip size=18.0 kB
2025-08-20 17:30:29,420 - innolab - INFO - INFO: Analysis report uploaded in 256ms
2025-08-20 17:30:29,428 - innolab - INFO - INFO: ANALYSIS SUCCESSFUL, you can find the results at: http://sonarqube:9000/dashboard?id=my-service
2025-08-20 17:30:29,429 - innolab - INFO - INFO: Note that you will be able to access the updated dashboard once the server has processed the submitted analysis report
2025-08-20 17:30:29,430 - innolab - INFO - INFO: More about the report processing at http://sonarqube:9000/api/ce/task?id=AZjHB7sedKL1mFXO_SpA
2025-08-20 17:30:29,571 - innolab - INFO - INFO: Analysis total time: 5.404 s
2025-08-20 17:30:29,574 - innolab - INFO - INFO: ------------------------------------------------------------------------
2025-08-20 17:30:29,575 - innolab - INFO - INFO: EXECUTION SUCCESS
2025-08-20 17:30:29,575 - innolab - INFO - INFO: ------------------------------------------------------------------------
2025-08-20 17:30:29,575 - innolab - INFO - INFO: Total time: 6.395s
2025-08-20 17:30:29,613 - innolab - INFO - INFO: Final Memory: 20M/77M
2025-08-20 17:30:29,613 - innolab - INFO - INFO: ------------------------------------------------------------------------
2025-08-20 17:30:29,958 - innolab - INFO - SonarQube scan completed successfully
2025-08-20 17:30:29,958 - innolab - INFO - Waiting for SonarQube to process results...
2025-08-20 17:30:32,959 - innolab - INFO - Step 2: Exporting issues...
2025-08-20 17:30:33,420 - innolab - INFO - Issues exported successfully to: d:\InnoLab\SonarQ\issues_my-service.json
Total issues found: 0
2025-08-20 17:30:33,422 - innolab - INFO - Found 0 total bugs, 0 bugs
2025-08-20 17:30:33,422 - innolab - INFO - No bugs found - execution completed successfully
2025-08-20 17:30:33,422 - innolab - INFO - === EXECUTION RESULT ===
2025-08-20 17:30:33,422 - innolab - INFO - Mode: LOCAL
2025-08-20 17:30:33,422 - innolab - INFO - Project: my-service
2025-08-20 17:30:33,422 - innolab - INFO - Total bugs fixed: 0
2025-08-20 17:30:33,423 - innolab - INFO - Total iterations: 1
2025-08-20 17:30:33,423 - innolab - INFO - Start time: 2025-08-20T17:30:20.649966
2025-08-20 17:30:33,423 - innolab - INFO - End time: 2025-08-20T17:30:33.422560
2025-08-20 17:30:33,423 - innolab - INFO - Iteration 1: 0 bugs found, 0 fixed
