2025-08-25 16:24:27,693 - innolab - INFO - ============================================================
2025-08-25 16:24:27,693 - innolab - INFO - Bearer Scanner Test Suite
2025-08-25 16:24:27,693 - innolab - INFO - ============================================================
2025-08-25 16:24:27,694 - innolab - INFO - 
1. Testing Bearer JSON parsing...
2025-08-25 16:24:27,694 - innolab - INFO - Testing Bearer JSON parsing...
2025-08-25 16:24:27,694 - innolab - INFO - Parsed 2 findings from sample data
2025-08-25 16:24:27,694 - innolab - INFO -   - javascript_lang_hardcoded_secret (CRITICAL) in app.js:15
2025-08-25 16:24:27,694 - innolab - INFO -     Tags: security, bearer, high, security, high, cwe-798
2025-08-25 16:24:27,695 - innolab - INFO -   - javascript_lang_sql_injection (BLOCKER) in database.js:42
2025-08-25 16:24:27,695 - innolab - INFO -     Tags: security, bearer, critical, security, high, cwe-89
2025-08-25 16:24:27,695 - innolab - INFO - 
2. Testing Bearer scanner...
2025-08-25 16:24:27,695 - innolab - INFO - Starting Bearer Scanner test...
2025-08-25 16:24:27,696 - innolab - INFO - Running Bearer scan for project: test-project
2025-08-25 16:24:27,696 - innolab - INFO - Starting Bearer scan for project: test-project
2025-08-25 16:24:27,696 - innolab - INFO - Scanning directory: d:\InnoLab\projects\demo_project
2025-08-25 16:24:27,697 - innolab - ERROR - Command not found: bearer
2025-08-25 16:24:27,697 - innolab - INFO - Using Bearer Docker image
2025-08-25 16:24:27,697 - innolab - INFO - Running Bearer Docker scan: docker run --rm -v d:\InnoLab\projects\demo_project:/scan -v d:\InnoLab\SonarQ\bearer_results:/output bearer/bearer:latest scan /scan --format json --output /output/bearer_results_test-project.json --quiet
2025-08-25 16:24:28,741 - innolab - INFO - Analyzing codebase
2025-08-25 16:24:34,272 - innolab - INFO - Bearer Docker scan completed successfully
2025-08-25 16:24:34,273 - innolab - INFO - Reading Bearer scan results from: d:\InnoLab\SonarQ\bearer_results\bearer_results_test-project.json
2025-08-25 16:24:34,274 - innolab - INFO - Bearer scan results loaded successfully
2025-08-25 16:24:34,274 - innolab - INFO - Found 0 Bearer security issues
2025-08-25 16:24:34,275 - innolab - INFO - Bearer scan completed. Found 0 security issues.
2025-08-25 16:24:34,276 - innolab - INFO - Results saved to: bearer_test_results_test-project.json
2025-08-25 16:24:34,277 - innolab - INFO - 
============================================================
2025-08-25 16:24:34,277 - innolab - INFO - Test Results Summary:
2025-08-25 16:24:34,278 - innolab - INFO -   JSON Parsing Test: PASSED
2025-08-25 16:24:34,279 - innolab - INFO -   Scanner Test: PASSED
2025-08-25 16:24:34,279 - innolab - INFO - ============================================================
2025-08-25 16:24:34,280 - innolab - INFO - All tests PASSED! Bearer scanner is ready to use.
