2025-08-19 15:45:07,323 - innolab - INFO - ExecutionServiceNoMongo initialized with:
2025-08-19 15:45:07,324 - innolab - INFO -   Max iterations: 5
2025-08-19 15:45:07,324 - innolab - INFO -   Project key: my-service
2025-08-19 15:45:07,324 - innolab - INFO -   Source code path: d:\InnoLab\SonarQ\source_bug
2025-08-19 15:45:07,324 - innolab - INFO -   Scan directory: source_bug/fixed
2025-08-19 15:45:07,324 - innolab - INFO -   RAG available: True
2025-08-19 15:45:07,324 - innolab - INFO - Starting execution without RAG (mode: DifyMode.LOCAL)
2025-08-19 15:45:07,325 - innolab - INFO - 
=== ITERATION 1/5 ===
2025-08-19 15:45:07,325 - innolab - INFO - Starting SonarQube scan for project: my-service
2025-08-19 15:45:07,327 - innolab - INFO - Step 1: Running SonarQube scan...
2025-08-19 15:45:07,327 - innolab - INFO - Ensuring sonar-scanner container is running...
2025-08-19 15:45:07,393 - innolab - INFO - sonar_scanner
2025-08-19 15:45:09,394 - innolab - INFO - Project directory: d:\InnoLab\SonarQ\source_bug\fixed
2025-08-19 15:45:09,395 - innolab - INFO - Created sonar-project.properties for project: my-service
2025-08-19 15:45:09,396 - innolab - INFO - Copying project files: docker cp "d:\InnoLab\SonarQ\source_bug\fixed" sonar_scanner:/usr/src/
2025-08-19 15:45:09,921 - innolab - INFO - Running containerized scan: docker exec -w /usr/src/fixed -e SONAR_HOST_URL=http://sonarqube:9000 -e SONAR_TOKEN=sqa_4192a18c96af8a90d3fb300bcd538be788a23d00 sonar_scanner sonar-scanner
2025-08-19 15:45:10,126 - innolab - INFO - INFO: Scanner configuration file: /opt/sonar-scanner/conf/sonar-scanner.properties
2025-08-19 15:45:10,128 - innolab - INFO - INFO: Project root configuration file: /usr/src/fixed/sonar-project.properties
2025-08-19 15:45:10,192 - innolab - INFO - INFO: SonarScanner 5.0.1.3006
2025-08-19 15:45:10,192 - innolab - INFO - INFO: Java 17.0.10 Alpine (64-bit)
2025-08-19 15:45:10,193 - innolab - INFO - INFO: Linux 5.15.167.4-microsoft-standard-WSL2 amd64
2025-08-19 15:45:10,394 - innolab - INFO - INFO: User cache: /opt/sonar-scanner/.sonar/cache
2025-08-19 15:45:10,456 - innolab - INFO - INFO: Analyzing on SonarQube server 9.9.8.100196
2025-08-19 15:45:10,456 - innolab - INFO - INFO: Default locale: "en_US", source code encoding: "UTF-8" (analysis is platform dependent)
2025-08-19 15:45:10,805 - innolab - INFO - INFO: Load global settings
2025-08-19 15:45:10,873 - innolab - INFO - INFO: Load global settings (done) | time=69ms
2025-08-19 15:45:10,874 - innolab - INFO - INFO: Server id: 243B8A4D-AZicab4HpgA6QkPiXxB5
2025-08-19 15:45:10,878 - innolab - INFO - INFO: User cache: /opt/sonar-scanner/.sonar/cache
2025-08-19 15:45:10,881 - innolab - INFO - INFO: Load/download plugins
2025-08-19 15:45:10,881 - innolab - INFO - INFO: Load plugins index
2025-08-19 15:45:10,923 - innolab - INFO - INFO: Load plugins index (done) | time=41ms
2025-08-19 15:45:10,985 - innolab - INFO - INFO: Load/download plugins (done) | time=104ms
2025-08-19 15:45:11,341 - innolab - INFO - INFO: Process project properties
2025-08-19 15:45:11,348 - innolab - INFO - INFO: Process project properties (done) | time=7ms
2025-08-19 15:45:11,349 - innolab - INFO - INFO: Execute project builders
2025-08-19 15:45:11,350 - innolab - INFO - INFO: Execute project builders (done) | time=1ms
2025-08-19 15:45:11,355 - innolab - INFO - INFO: Project key: my-service
2025-08-19 15:45:11,356 - innolab - INFO - INFO: Base dir: /usr/src/fixed
2025-08-19 15:45:11,356 - innolab - INFO - INFO: Working dir: /usr/src/fixed/.scannerwork
2025-08-19 15:45:11,366 - innolab - INFO - INFO: Load project settings for component key: 'my-service'
2025-08-19 15:45:11,500 - innolab - INFO - WARN: SCM provider autodetection failed. Please use "sonar.scm.provider" to define SCM of your project, or disable the SCM Sensor in the project settings.
2025-08-19 15:45:11,508 - innolab - INFO - INFO: Load quality profiles
2025-08-19 15:45:11,555 - innolab - INFO - INFO: Load quality profiles (done) | time=47ms
2025-08-19 15:45:11,560 - innolab - INFO - INFO: Load active rules
2025-08-19 15:45:12,384 - innolab - INFO - INFO: Load active rules (done) | time=824ms
2025-08-19 15:45:12,389 - innolab - INFO - INFO: Load analysis cache
2025-08-19 15:45:12,394 - innolab - INFO - INFO: Load analysis cache (404) | time=6ms
2025-08-19 15:45:12,450 - innolab - INFO - INFO: Load project repositories
2025-08-19 15:45:12,453 - innolab - INFO - INFO: Load project repositories (done) | time=4ms
2025-08-19 15:45:12,476 - innolab - INFO - INFO: Indexing files...
2025-08-19 15:45:12,477 - innolab - INFO - INFO: Project configuration:
2025-08-19 15:45:12,477 - innolab - INFO - INFO:   Excluded sources: **/node_modules/**, **/dist/**, **/build/**, **/.git/**
2025-08-19 15:45:12,630 - innolab - INFO - INFO: 10 files indexed
2025-08-19 15:45:12,631 - innolab - INFO - INFO: 0 files ignored because of inclusion/exclusion patterns
2025-08-19 15:45:12,631 - innolab - INFO - INFO: Quality profile for css: Sonar way
2025-08-19 15:45:12,631 - innolab - INFO - INFO: Quality profile for py: Sonar way
2025-08-19 15:45:12,631 - innolab - INFO - INFO: Quality profile for web: Sonar way
2025-08-19 15:45:12,632 - innolab - INFO - INFO: ------------- Run sensors on module my-service
2025-08-19 15:45:12,703 - innolab - INFO - INFO: Load metrics repository
2025-08-19 15:45:12,724 - innolab - INFO - INFO: Load metrics repository (done) | time=20ms
2025-08-19 15:45:13,713 - innolab - INFO - INFO: Sensor Python Sensor [python]
2025-08-19 15:45:13,716 - innolab - INFO - WARN: Your code is analyzed as compatible with python 2 and 3 by default. This will prevent the detection of issues specific to python 2 or python 3. You can get a more precise analysis by setting a python version in your configuration via the parameter "sonar.python.version"
2025-08-19 15:45:13,728 - innolab - INFO - INFO: Starting global symbols computation
2025-08-19 15:45:13,732 - innolab - INFO - INFO: 1 source file to be analyzed
2025-08-19 15:45:13,922 - innolab - INFO - INFO: 1/1 source file has been analyzed
2025-08-19 15:45:13,954 - innolab - INFO - INFO: Starting rules execution
2025-08-19 15:45:13,954 - innolab - INFO - INFO: 1 source file to be analyzed
2025-08-19 15:45:14,164 - innolab - INFO - INFO: 1/1 source file has been analyzed
2025-08-19 15:45:14,164 - innolab - INFO - INFO: The Python analyzer was able to leverage cached data from previous analyses for 0 out of 1 files. These files were not parsed.
2025-08-19 15:45:14,164 - innolab - INFO - INFO: Sensor Python Sensor [python] (done) | time=452ms
2025-08-19 15:45:14,164 - innolab - INFO - INFO: Sensor Cobertura Sensor for Python coverage [python]
2025-08-19 15:45:14,243 - innolab - INFO - INFO: Sensor Cobertura Sensor for Python coverage [python] (done) | time=78ms
2025-08-19 15:45:14,243 - innolab - INFO - INFO: Sensor PythonXUnitSensor [python]
2025-08-19 15:45:14,338 - innolab - INFO - INFO: Sensor PythonXUnitSensor [python] (done) | time=93ms
2025-08-19 15:45:14,338 - innolab - INFO - INFO: Sensor JaCoCo XML Report Importer [jacoco]
2025-08-19 15:45:14,339 - innolab - INFO - INFO: 'sonar.coverage.jacoco.xmlReportPaths' is not defined. Using default locations: target/site/jacoco/jacoco.xml,target/site/jacoco-it/jacoco.xml,build/reports/jacoco/test/jacocoTestReport.xml
2025-08-19 15:45:14,343 - innolab - INFO - INFO: No report imported, no coverage information will be imported by JaCoCo XML Report Importer
2025-08-19 15:45:14,344 - innolab - INFO - INFO: Sensor JaCoCo XML Report Importer [jacoco] (done) | time=6ms
2025-08-19 15:45:14,345 - innolab - INFO - INFO: Sensor CSS Rules [javascript]
2025-08-19 15:54:11,363 - innolab - INFO - INFO: 8 source files to be analyzed
2025-08-19 15:54:20,062 - innolab - INFO - INFO: 8/8 source files have been analyzed
2025-08-19 15:54:20,062 - innolab - INFO - INFO: Hit the cache for 0 out of 0
2025-08-19 15:54:20,064 - innolab - INFO - INFO: Miss the cache for 0 out of 0
2025-08-19 15:54:20,064 - innolab - INFO - INFO: Sensor CSS Rules [javascript] (done) | time=545721ms
2025-08-19 15:54:20,064 - innolab - INFO - INFO: Sensor CSS Metrics [javascript]
2025-08-19 15:54:20,109 - innolab - INFO - INFO: Sensor CSS Metrics [javascript] (done) | time=44ms
2025-08-19 15:54:20,109 - innolab - INFO - INFO: Sensor C# Project Type Information [csharp]
2025-08-19 15:54:20,110 - innolab - INFO - INFO: Sensor C# Project Type Information [csharp] (done) | time=2ms
2025-08-19 15:54:20,111 - innolab - INFO - INFO: Sensor C# Analysis Log [csharp]
2025-08-19 15:54:20,123 - innolab - INFO - INFO: Sensor C# Analysis Log [csharp] (done) | time=12ms
2025-08-19 15:54:20,123 - innolab - INFO - INFO: Sensor C# Properties [csharp]
2025-08-19 15:54:20,123 - innolab - INFO - INFO: Sensor C# Properties [csharp] (done) | time=0ms
2025-08-19 15:54:20,124 - innolab - INFO - INFO: Sensor HTML [web]
2025-08-19 15:54:20,357 - innolab - INFO - INFO: Sensor HTML [web] (done) | time=233ms
2025-08-19 15:54:20,357 - innolab - INFO - INFO: Sensor TextAndSecretsSensor [text]
2025-08-19 15:54:20,364 - innolab - INFO - INFO: 9 source files to be analyzed
2025-08-19 15:54:20,414 - innolab - INFO - INFO: 9/9 source files have been analyzed
2025-08-19 15:54:20,415 - innolab - INFO - INFO: Sensor TextAndSecretsSensor [text] (done) | time=58ms
2025-08-19 15:54:20,415 - innolab - INFO - INFO: Sensor VB.NET Project Type Information [vbnet]
2025-08-19 15:54:20,415 - innolab - INFO - INFO: Sensor VB.NET Project Type Information [vbnet] (done) | time=1ms
2025-08-19 15:54:20,415 - innolab - INFO - INFO: Sensor VB.NET Analysis Log [vbnet]
2025-08-19 15:54:20,429 - innolab - INFO - INFO: Sensor VB.NET Analysis Log [vbnet] (done) | time=13ms
2025-08-19 15:54:20,429 - innolab - INFO - INFO: Sensor VB.NET Properties [vbnet]
2025-08-19 15:54:20,430 - innolab - INFO - INFO: Sensor VB.NET Properties [vbnet] (done) | time=0ms
2025-08-19 15:54:20,430 - innolab - INFO - INFO: Sensor IaC Docker Sensor [iac]
2025-08-19 15:54:20,431 - innolab - INFO - INFO: 0 source files to be analyzed
2025-08-19 15:54:20,472 - innolab - INFO - INFO: 0/0 source files have been analyzed
2025-08-19 15:54:20,472 - innolab - INFO - INFO: Sensor IaC Docker Sensor [iac] (done) | time=43ms
2025-08-19 15:54:20,477 - innolab - INFO - INFO: ------------- Run sensors on project
2025-08-19 15:54:20,521 - innolab - INFO - INFO: Sensor Analysis Warnings import [csharp]
2025-08-19 15:54:20,521 - innolab - INFO - INFO: Sensor Analysis Warnings import [csharp] (done) | time=1ms
2025-08-19 15:54:20,522 - innolab - INFO - INFO: Sensor Zero Coverage Sensor
2025-08-19 15:54:20,533 - innolab - INFO - INFO: Sensor Zero Coverage Sensor (done) | time=11ms
2025-08-19 15:54:20,534 - innolab - INFO - INFO: SCM Publisher No SCM system was detected. You can use the 'sonar.scm.provider' property to explicitly specify it.
2025-08-19 15:54:20,537 - innolab - INFO - INFO: CPD Executor Calculating CPD for 8 files
2025-08-19 15:54:20,569 - innolab - INFO - INFO: CPD Executor CPD calculation finished (done) | time=31ms
2025-08-19 15:54:21,079 - innolab - INFO - INFO: Analysis report generated in 243ms, dir size=142.1 kB
2025-08-19 15:54:22,813 - innolab - INFO - INFO: Analysis report compressed in 1732ms, zip size=30.7 kB
2025-08-19 15:54:23,030 - innolab - INFO - INFO: Analysis report uploaded in 215ms
2025-08-19 15:54:23,039 - innolab - INFO - INFO: ANALYSIS SUCCESSFUL, you can find the results at: http://sonarqube:9000/dashboard?id=my-service
2025-08-19 15:54:23,040 - innolab - INFO - INFO: Note that you will be able to access the updated dashboard once the server has processed the submitted analysis report
2025-08-19 15:54:23,040 - innolab - INFO - INFO: More about the report processing at http://sonarqube:9000/api/ce/task?id=AZjBiWIjU3IzlPp-Rhco
2025-08-19 15:55:57,529 - innolab - INFO - INFO: Analysis total time: 10:46.466 s
2025-08-19 15:55:57,532 - innolab - INFO - INFO: ------------------------------------------------------------------------
2025-08-19 15:55:57,532 - innolab - INFO - INFO: EXECUTION SUCCESS
2025-08-19 15:55:57,533 - innolab - INFO - INFO: ------------------------------------------------------------------------
2025-08-19 15:55:57,533 - innolab - INFO - INFO: Total time: 10:47.409s
2025-08-19 15:55:57,582 - innolab - INFO - INFO: Final Memory: 21M/77M
2025-08-19 15:55:57,583 - innolab - INFO - INFO: ------------------------------------------------------------------------
2025-08-19 15:55:57,958 - innolab - INFO - SonarQube scan completed successfully
2025-08-19 15:55:57,959 - innolab - INFO - Waiting for SonarQube to process results...
2025-08-19 15:56:00,960 - innolab - INFO - Step 2: Exporting issues...
2025-08-19 15:56:01,401 - innolab - INFO - Issues exported successfully to: d:\InnoLab\SonarQ\issues_my-service.json
Total issues found: 0
2025-08-19 15:56:01,418 - innolab - INFO - Found 0 total bugs, 0 bugs
2025-08-19 15:56:01,419 - innolab - INFO - No bugs found - execution completed successfully
2025-08-19 15:56:01,419 - innolab - INFO - === EXECUTION RESULT ===
2025-08-19 15:56:01,419 - innolab - INFO - Mode: LOCAL
2025-08-19 15:56:01,419 - innolab - INFO - Project: my-service
2025-08-19 15:56:01,419 - innolab - INFO - Total bugs fixed: 0
2025-08-19 15:56:01,419 - innolab - INFO - Total iterations: 1
2025-08-19 15:56:01,419 - innolab - INFO - Start time: 2025-08-19T15:45:07.324873
2025-08-19 15:56:01,419 - innolab - INFO - End time: 2025-08-19T15:56:01.419344
2025-08-19 15:56:01,419 - innolab - INFO - Iteration 1: 0 bugs found, 0 fixed
