2025-08-25 16:08:29,890 - innolab - INFO - ============================================================
2025-08-25 16:08:29,890 - innolab - INFO - Bearer Scanner Test Suite
2025-08-25 16:08:29,891 - innolab - INFO - ============================================================
2025-08-25 16:08:29,891 - innolab - INFO - 
1. Testing Bearer JSON parsing...
2025-08-25 16:08:29,891 - innolab - INFO - Testing Bearer JSON parsing...
2025-08-25 16:08:29,891 - innolab - INFO - Parsed 2 findings from sample data
2025-08-25 16:08:29,891 - innolab - INFO -   - javascript_lang_hardcoded_secret (CRITICAL) in app.js:15
2025-08-25 16:08:29,892 - innolab - INFO -     Tags: security, bearer, high, security, high, cwe-798
2025-08-25 16:08:29,894 - innolab - INFO -   - javascript_lang_sql_injection (BLOCKER) in database.js:42
2025-08-25 16:08:29,894 - innolab - INFO -     Tags: security, bearer, critical, security, high, cwe-89
2025-08-25 16:08:29,894 - innolab - INFO - 
2. Testing Bearer scanner...
2025-08-25 16:08:29,894 - innolab - INFO - Starting Bearer Scanner test...
2025-08-25 16:08:29,894 - innolab - INFO - Running Bearer scan for project: test-project
2025-08-25 16:08:29,895 - innolab - INFO - Starting Bearer scan for project: test-project
2025-08-25 16:08:29,895 - innolab - INFO - Scanning directory: d:\InnoLab\SonarQ\source_bug
2025-08-25 16:08:29,897 - innolab - ERROR - Command not found: bearer
2025-08-25 16:08:29,897 - innolab - INFO - Using Bearer Docker image
2025-08-25 16:08:29,897 - innolab - INFO - Running Bearer Docker scan: docker run --rm -v d:\InnoLab\SonarQ\source_bug:/scan -v d:\InnoLab\SonarQ\bearer_results:/output bearer/bearer:latest scan /scan --format json --output /output/bearer_results_test-project.json --quiet
2025-08-25 16:08:31,516 - innolab - INFO - Analyzing codebase
2025-08-25 16:08:39,058 - innolab - INFO - Bearer Docker scan completed successfully
2025-08-25 16:08:39,059 - innolab - INFO - Reading Bearer scan results from: d:\InnoLab\SonarQ\bearer_results\bearer_results_test-project.json
2025-08-25 16:08:39,059 - innolab - INFO - Bearer scan results loaded successfully
2025-08-25 16:08:39,059 - innolab - INFO - Found 0 Bearer security issues
2025-08-25 16:08:39,060 - innolab - INFO - Bearer scan completed. Found 0 security issues.
2025-08-25 16:08:39,060 - innolab - INFO - Results saved to: bearer_test_results_test-project.json
2025-08-25 16:08:39,061 - innolab - INFO - 
============================================================
2025-08-25 16:08:39,061 - innolab - INFO - Test Results Summary:
2025-08-25 16:08:39,061 - innolab - INFO -   JSON Parsing Test: PASSED
2025-08-25 16:08:39,061 - innolab - INFO -   Scanner Test: PASSED
2025-08-25 16:08:39,061 - innolab - INFO - ============================================================
2025-08-25 16:08:39,062 - innolab - INFO - All tests PASSED! Bearer scanner is ready to use.
