2025-08-19 15:29:23,426 - innolab - INFO - ExecutionServiceNoMongo initialized with:
2025-08-19 15:29:23,426 - innolab - INFO -   Max iterations: 5
2025-08-19 15:29:23,426 - innolab - INFO -   Project key: my-service
2025-08-19 15:29:23,426 - innolab - INFO -   Source code path: d:\InnoLab\SonarQ\source_bug
2025-08-19 15:29:23,426 - innolab - INFO -   Scan directory: SonarQ/source_bug/fixed
2025-08-19 15:29:23,427 - innolab - INFO -   RAG available: True
2025-08-19 15:29:23,427 - innolab - INFO - Starting execution without RAG (mode: DifyMode.LOCAL)
2025-08-19 15:29:23,427 - innolab - INFO - 
=== ITERATION 1/5 ===
2025-08-19 15:29:23,427 - innolab - INFO - Starting SonarQube scan for project: my-service
2025-08-19 15:29:23,429 - innolab - INFO - Step 1: Running SonarQube scan...
2025-08-19 15:29:23,429 - innolab - INFO - Ensuring sonar-scanner container is running...
2025-08-19 15:29:23,507 - innolab - INFO - sonar_scanner
2025-08-19 15:29:25,508 - innolab - INFO - Created sonar-project.properties for project: my-service
2025-08-19 15:29:25,509 - innolab - INFO - Running containerized scan: docker exec -w /usr/src -e SONAR_HOST_URL=http://sonarqube:9000 -e SONAR_TOKEN=sqa_4192a18c96af8a90d3fb300bcd538be788a23d00 sonar_scanner sonar-scanner
2025-08-19 15:29:25,652 - innolab - INFO - INFO: Scanner configuration file: /opt/sonar-scanner/conf/sonar-scanner.properties
2025-08-19 15:29:25,653 - innolab - INFO - INFO: Project root configuration file: /usr/src/sonar-project.properties
2025-08-19 15:29:25,674 - innolab - INFO - INFO: SonarScanner 5.0.1.3006
2025-08-19 15:29:25,674 - innolab - INFO - INFO: Java 17.0.10 Alpine (64-bit)
2025-08-19 15:29:25,674 - innolab - INFO - INFO: Linux 5.15.167.4-microsoft-standard-WSL2 amd64
2025-08-19 15:29:25,841 - innolab - INFO - INFO: User cache: /opt/sonar-scanner/.sonar/cache
2025-08-19 15:29:25,901 - innolab - INFO - INFO: Analyzing on SonarQube server 9.9.8.100196
2025-08-19 15:29:25,902 - innolab - INFO - INFO: Default locale: "en_US", source code encoding: "UTF-8" (analysis is platform dependent)
2025-08-19 15:29:26,265 - innolab - INFO - INFO: Load global settings
2025-08-19 15:29:26,318 - innolab - INFO - INFO: Load global settings (done) | time=54ms
2025-08-19 15:29:26,319 - innolab - INFO - INFO: Server id: 243B8A4D-AZicab4HpgA6QkPiXxB5
2025-08-19 15:29:26,323 - innolab - INFO - INFO: User cache: /opt/sonar-scanner/.sonar/cache
2025-08-19 15:29:26,326 - innolab - INFO - INFO: Load/download plugins
2025-08-19 15:29:26,326 - innolab - INFO - INFO: Load plugins index
2025-08-19 15:29:26,355 - innolab - INFO - INFO: Load plugins index (done) | time=29ms
2025-08-19 15:29:26,410 - innolab - INFO - INFO: Load/download plugins (done) | time=84ms
2025-08-19 15:29:26,818 - innolab - INFO - INFO: Process project properties
2025-08-19 15:29:26,827 - innolab - INFO - INFO: Process project properties (done) | time=9ms
2025-08-19 15:29:26,830 - innolab - INFO - INFO: Execute project builders
2025-08-19 15:29:26,831 - innolab - INFO - INFO: Execute project builders (done) | time=1ms
2025-08-19 15:29:26,844 - innolab - INFO - INFO: Project key: my-service
2025-08-19 15:29:26,844 - innolab - INFO - INFO: Base dir: /usr/src
2025-08-19 15:29:26,844 - innolab - INFO - INFO: Working dir: /usr/src/.scannerwork
2025-08-19 15:29:26,855 - innolab - INFO - INFO: Load project settings for component key: 'my-service'
2025-08-19 15:29:27,020 - innolab - INFO - WARN: SCM provider autodetection failed. Please use "sonar.scm.provider" to define SCM of your project, or disable the SCM Sensor in the project settings.
2025-08-19 15:29:27,030 - innolab - INFO - INFO: Load quality profiles
2025-08-19 15:29:27,082 - innolab - INFO - INFO: Load quality profiles (done) | time=52ms
2025-08-19 15:29:27,089 - innolab - INFO - INFO: Load active rules
2025-08-19 15:29:28,006 - innolab - INFO - INFO: Load active rules (done) | time=917ms
2025-08-19 15:29:28,012 - innolab - INFO - INFO: Load analysis cache
2025-08-19 15:29:28,016 - innolab - INFO - INFO: Load analysis cache (404) | time=4ms
2025-08-19 15:29:28,081 - innolab - INFO - INFO: Load project repositories
2025-08-19 15:29:28,086 - innolab - INFO - INFO: Load project repositories (done) | time=5ms
2025-08-19 15:29:28,107 - innolab - INFO - INFO: Indexing files...
2025-08-19 15:29:28,107 - innolab - INFO - INFO: Project configuration:
2025-08-19 15:29:28,108 - innolab - INFO - INFO:   Excluded sources: **/node_modules/**, **/dist/**, **/build/**, **/.git/**
2025-08-19 15:29:28,387 - innolab - INFO - INFO: 20 files indexed
2025-08-19 15:29:28,388 - innolab - INFO - INFO: 0 files ignored because of inclusion/exclusion patterns
2025-08-19 15:29:28,389 - innolab - INFO - INFO: Quality profile for css: Sonar way
2025-08-19 15:29:28,389 - innolab - INFO - INFO: Quality profile for py: Sonar way
2025-08-19 15:29:28,389 - innolab - INFO - INFO: Quality profile for web: Sonar way
2025-08-19 15:29:28,390 - innolab - INFO - INFO: ------------- Run sensors on module my-service
2025-08-19 15:29:28,463 - innolab - INFO - INFO: Load metrics repository
2025-08-19 15:29:28,478 - innolab - INFO - INFO: Load metrics repository (done) | time=15ms
2025-08-19 15:29:29,574 - innolab - INFO - INFO: Sensor Python Sensor [python]
2025-08-19 15:29:29,577 - innolab - INFO - WARN: Your code is analyzed as compatible with python 2 and 3 by default. This will prevent the detection of issues specific to python 2 or python 3. You can get a more precise analysis by setting a python version in your configuration via the parameter "sonar.python.version"
2025-08-19 15:29:29,594 - innolab - INFO - INFO: Starting global symbols computation
2025-08-19 15:29:29,598 - innolab - INFO - INFO: 2 source files to be analyzed
2025-08-19 15:29:29,849 - innolab - INFO - INFO: 2/2 source files have been analyzed
2025-08-19 15:29:29,887 - innolab - INFO - INFO: Starting rules execution
2025-08-19 15:29:29,889 - innolab - INFO - INFO: 2 source files to be analyzed
2025-08-19 15:29:30,186 - innolab - INFO - INFO: 2/2 source files have been analyzed
2025-08-19 15:29:30,186 - innolab - INFO - INFO: The Python analyzer was able to leverage cached data from previous analyses for 0 out of 2 files. These files were not parsed.
2025-08-19 15:29:30,186 - innolab - INFO - INFO: Sensor Python Sensor [python] (done) | time=613ms
2025-08-19 15:29:30,187 - innolab - INFO - INFO: Sensor Cobertura Sensor for Python coverage [python]
2025-08-19 15:29:30,361 - innolab - INFO - INFO: Sensor Cobertura Sensor for Python coverage [python] (done) | time=174ms
2025-08-19 15:29:30,362 - innolab - INFO - INFO: Sensor PythonXUnitSensor [python]
2025-08-19 15:29:30,596 - innolab - INFO - INFO: Sensor PythonXUnitSensor [python] (done) | time=234ms
2025-08-19 15:29:30,596 - innolab - INFO - INFO: Sensor JaCoCo XML Report Importer [jacoco]
2025-08-19 15:29:30,598 - innolab - INFO - INFO: 'sonar.coverage.jacoco.xmlReportPaths' is not defined. Using default locations: target/site/jacoco/jacoco.xml,target/site/jacoco-it/jacoco.xml,build/reports/jacoco/test/jacocoTestReport.xml
2025-08-19 15:29:30,602 - innolab - INFO - INFO: No report imported, no coverage information will be imported by JaCoCo XML Report Importer
2025-08-19 15:29:30,603 - innolab - INFO - INFO: Sensor JaCoCo XML Report Importer [jacoco] (done) | time=5ms
2025-08-19 15:29:30,604 - innolab - INFO - INFO: Sensor CSS Rules [javascript]
2025-08-19 15:39:24,025 - innolab - INFO - INFO: 16 source files to be analyzed
2025-08-19 15:39:34,024 - innolab - INFO - INFO: 0/16 files analyzed, current file: /usr/src/fixed/Flask App/Static/style.css
2025-08-19 15:39:39,663 - innolab - INFO - INFO: 16/16 source files have been analyzed
2025-08-19 15:39:39,663 - innolab - INFO - INFO: Hit the cache for 0 out of 0
2025-08-19 15:39:39,664 - innolab - INFO - INFO: Miss the cache for 0 out of 0
2025-08-19 15:39:39,664 - innolab - INFO - INFO: Sensor CSS Rules [javascript] (done) | time=609065ms
2025-08-19 15:39:39,665 - innolab - INFO - INFO: Sensor CSS Metrics [javascript]
2025-08-19 15:39:39,745 - innolab - INFO - INFO: Sensor CSS Metrics [javascript] (done) | time=80ms
2025-08-19 15:39:39,745 - innolab - INFO - INFO: Sensor C# Project Type Information [csharp]
2025-08-19 15:39:39,745 - innolab - INFO - INFO: Sensor C# Project Type Information [csharp] (done) | time=1ms
2025-08-19 15:39:39,745 - innolab - INFO - INFO: Sensor C# Analysis Log [csharp]
2025-08-19 15:39:39,764 - innolab - INFO - INFO: Sensor C# Analysis Log [csharp] (done) | time=19ms
2025-08-19 15:39:39,765 - innolab - INFO - INFO: Sensor C# Properties [csharp]
2025-08-19 15:39:39,765 - innolab - INFO - INFO: Sensor C# Properties [csharp] (done) | time=0ms
2025-08-19 15:39:39,765 - innolab - INFO - INFO: Sensor HTML [web]
2025-08-19 15:39:40,367 - innolab - INFO - INFO: Sensor HTML [web] (done) | time=602ms
2025-08-19 15:39:40,368 - innolab - INFO - INFO: Sensor TextAndSecretsSensor [text]
2025-08-19 15:39:40,373 - innolab - INFO - INFO: 18 source files to be analyzed
2025-08-19 15:39:40,569 - innolab - INFO - INFO: 18/18 source files have been analyzed
2025-08-19 15:39:40,569 - innolab - INFO - INFO: Sensor TextAndSecretsSensor [text] (done) | time=202ms
2025-08-19 15:39:40,569 - innolab - INFO - INFO: Sensor VB.NET Project Type Information [vbnet]
2025-08-19 15:39:40,570 - innolab - INFO - INFO: Sensor VB.NET Project Type Information [vbnet] (done) | time=0ms
2025-08-19 15:39:40,570 - innolab - INFO - INFO: Sensor VB.NET Analysis Log [vbnet]
2025-08-19 15:39:40,580 - innolab - INFO - INFO: Sensor VB.NET Analysis Log [vbnet] (done) | time=10ms
2025-08-19 15:39:40,580 - innolab - INFO - INFO: Sensor VB.NET Properties [vbnet]
2025-08-19 15:39:40,580 - innolab - INFO - INFO: Sensor VB.NET Properties [vbnet] (done) | time=0ms
2025-08-19 15:39:40,580 - innolab - INFO - INFO: Sensor IaC Docker Sensor [iac]
2025-08-19 15:39:40,582 - innolab - INFO - INFO: 0 source files to be analyzed
2025-08-19 15:39:40,618 - innolab - INFO - INFO: 0/0 source files have been analyzed
2025-08-19 15:39:40,618 - innolab - INFO - INFO: Sensor IaC Docker Sensor [iac] (done) | time=38ms
2025-08-19 15:39:40,622 - innolab - INFO - INFO: ------------- Run sensors on project
2025-08-19 15:39:40,658 - innolab - INFO - INFO: Sensor Analysis Warnings import [csharp]
2025-08-19 15:39:40,658 - innolab - INFO - INFO: Sensor Analysis Warnings import [csharp] (done) | time=0ms
2025-08-19 15:39:40,658 - innolab - INFO - INFO: Sensor Zero Coverage Sensor
2025-08-19 15:39:40,685 - innolab - INFO - INFO: Sensor Zero Coverage Sensor (done) | time=27ms
2025-08-19 15:39:40,686 - innolab - INFO - INFO: SCM Publisher No SCM system was detected. You can use the 'sonar.scm.provider' property to explicitly specify it.
2025-08-19 15:39:40,689 - innolab - INFO - INFO: CPD Executor 1 file had no CPD blocks
2025-08-19 15:39:40,690 - innolab - INFO - INFO: CPD Executor Calculating CPD for 15 files
2025-08-19 15:39:40,754 - innolab - INFO - INFO: CPD Executor CPD calculation finished (done) | time=64ms
2025-08-19 15:39:42,320 - innolab - INFO - INFO: Analysis report generated in 487ms, dir size=156.3 kB
2025-08-19 15:39:49,290 - innolab - INFO - INFO: Analysis report compressed in 6961ms, zip size=44.0 kB
2025-08-19 15:39:49,523 - innolab - INFO - INFO: Analysis report uploaded in 233ms
2025-08-19 15:39:49,528 - innolab - INFO - INFO: ANALYSIS SUCCESSFUL, you can find the results at: http://sonarqube:9000/dashboard?id=my-service
2025-08-19 15:39:49,528 - innolab - INFO - INFO: Note that you will be able to access the updated dashboard once the server has processed the submitted analysis report
2025-08-19 15:39:49,528 - innolab - INFO - INFO: More about the report processing at http://sonarqube:9000/api/ce/task?id=AZjBfA4JU3IzlPp-RhcY
