2025-08-19 15:41:11,981 - innolab - INFO - ExecutionServiceNoMongo initialized with:
2025-08-19 15:41:11,982 - innolab - INFO -   Max iterations: 5
2025-08-19 15:41:11,982 - innolab - INFO -   Project key: my-service
2025-08-19 15:41:11,982 - innolab - INFO -   Source code path: d:\InnoLab\SonarQ\source_bug
2025-08-19 15:41:11,982 - innolab - INFO -   Scan directory: source_bug/fixed
2025-08-19 15:41:11,982 - innolab - INFO -   RAG available: True
2025-08-19 15:41:11,982 - innolab - INFO - Starting execution without RAG (mode: DifyMode.LOCAL)
2025-08-19 15:41:11,983 - innolab - INFO - 
=== ITERATION 1/5 ===
2025-08-19 15:41:11,983 - innolab - INFO - Starting SonarQube scan for project: my-service
2025-08-19 15:41:11,983 - innolab - INFO - Step 1: Running SonarQube scan...
2025-08-19 15:41:11,983 - innolab - INFO - Ensuring sonar-scanner container is running...
2025-08-19 15:41:12,054 - innolab - INFO - sonar_scanner
2025-08-19 15:41:14,055 - innolab - INFO - Created sonar-project.properties for project: my-service
2025-08-19 15:41:14,056 - innolab - INFO - Running containerized scan: docker exec -w /usr/src -e SONAR_HOST_URL=http://sonarqube:9000 -e SONAR_TOKEN=sqa_4192a18c96af8a90d3fb300bcd538be788a23d00 sonar_scanner sonar-scanner
2025-08-19 15:41:14,232 - innolab - INFO - INFO: Scanner configuration file: /opt/sonar-scanner/conf/sonar-scanner.properties
2025-08-19 15:41:14,234 - innolab - INFO - INFO: Project root configuration file: /usr/src/sonar-project.properties
2025-08-19 15:41:14,259 - innolab - INFO - INFO: SonarScanner 5.0.1.3006
2025-08-19 15:41:14,259 - innolab - INFO - INFO: Java 17.0.10 Alpine (64-bit)
2025-08-19 15:41:14,259 - innolab - INFO - INFO: Linux 5.15.167.4-microsoft-standard-WSL2 amd64
2025-08-19 15:41:14,421 - innolab - INFO - INFO: User cache: /opt/sonar-scanner/.sonar/cache
2025-08-19 15:41:14,479 - innolab - INFO - INFO: Analyzing on SonarQube server 9.9.8.100196
2025-08-19 15:41:14,479 - innolab - INFO - INFO: Default locale: "en_US", source code encoding: "UTF-8" (analysis is platform dependent)
2025-08-19 15:41:14,818 - innolab - INFO - INFO: Load global settings
2025-08-19 15:41:14,885 - innolab - INFO - INFO: Load global settings (done) | time=67ms
2025-08-19 15:41:14,889 - innolab - INFO - INFO: Server id: 243B8A4D-AZicab4HpgA6QkPiXxB5
2025-08-19 15:41:14,901 - innolab - INFO - INFO: User cache: /opt/sonar-scanner/.sonar/cache
2025-08-19 15:41:14,911 - innolab - INFO - INFO: Load/download plugins
2025-08-19 15:41:14,912 - innolab - INFO - INFO: Load plugins index
2025-08-19 15:41:14,959 - innolab - INFO - INFO: Load plugins index (done) | time=49ms
2025-08-19 15:41:15,022 - innolab - INFO - INFO: Load/download plugins (done) | time=112ms
2025-08-19 15:41:15,377 - innolab - INFO - INFO: Process project properties
2025-08-19 15:41:15,384 - innolab - INFO - INFO: Process project properties (done) | time=7ms
2025-08-19 15:41:15,386 - innolab - INFO - INFO: Execute project builders
2025-08-19 15:41:15,387 - innolab - INFO - INFO: Execute project builders (done) | time=1ms
2025-08-19 15:41:15,424 - innolab - INFO - INFO: Project key: my-service
2025-08-19 15:41:15,424 - innolab - INFO - INFO: Base dir: /usr/src
2025-08-19 15:41:15,425 - innolab - INFO - INFO: Working dir: /usr/src/.scannerwork
2025-08-19 15:41:15,432 - innolab - INFO - INFO: ------------------------------------------------------------------------
2025-08-19 15:41:15,432 - innolab - INFO - INFO: EXECUTION FAILURE
2025-08-19 15:41:15,432 - innolab - INFO - INFO: ------------------------------------------------------------------------
2025-08-19 15:41:15,433 - innolab - INFO - INFO: Total time: 1.203s
2025-08-19 15:41:15,449 - innolab - INFO - INFO: Final Memory: 8M/34M
2025-08-19 15:41:15,450 - innolab - INFO - INFO: ------------------------------------------------------------------------
2025-08-19 15:41:15,450 - innolab - INFO - ERROR: Error during SonarScanner execution
2025-08-19 15:41:15,450 - innolab - INFO - org.springframework.beans.factory.UnsatisfiedDependencyException: Error creating bean with name 'ClassRealm{javascript}-org.sonar.plugins.javascript.eslint.EslintBridgeServerImpl': Unsatisfied dependency expressed through constructor parameter 4; nested exception is org.springframework.beans.factory.BeanCreationException: Error creating bean with name 'AnalysisTempFolder' defined in org.sonar.scanner.analysis.AnalysisTempFolderProvider: Bean instantiation via factory method failed; nested exception is org.springframework.beans.BeanInstantiationException: Failed to instantiate [org.sonar.api.utils.TempFolder]: Factory method 'provide' threw exception; nested exception is java.lang.IllegalStateException: Unable to create root temp directory /usr/src/.scannerwork/.sonartmp
2025-08-19 15:41:15,451 - innolab - INFO - at org.springframework.beans.factory.support.ConstructorResolver.createArgumentArray(ConstructorResolver.java:800)
2025-08-19 15:41:15,451 - innolab - INFO - at org.springframework.beans.factory.support.ConstructorResolver.autowireConstructor(ConstructorResolver.java:229)
2025-08-19 15:41:15,452 - innolab - INFO - at org.springframework.beans.factory.support.AbstractAutowireCapableBeanFactory.autowireConstructor(AbstractAutowireCapableBeanFactory.java:1372)
2025-08-19 15:41:15,452 - innolab - INFO - at org.springframework.beans.factory.support.AbstractAutowireCapableBeanFactory.createBeanInstance(AbstractAutowireCapableBeanFactory.java:1228)
2025-08-19 15:41:15,452 - innolab - INFO - at org.springframework.beans.factory.support.AbstractAutowireCapableBeanFactory.doCreateBean(AbstractAutowireCapableBeanFactory.java:582)
2025-08-19 15:41:15,452 - innolab - INFO - at org.springframework.beans.factory.support.AbstractAutowireCapableBeanFactory.createBean(AbstractAutowireCapableBeanFactory.java:542)
2025-08-19 15:41:15,452 - innolab - INFO - at org.springframework.beans.factory.support.AbstractBeanFactory.lambda$doGetBean$0(AbstractBeanFactory.java:335)
2025-08-19 15:41:15,452 - innolab - INFO - at org.springframework.beans.factory.support.DefaultSingletonBeanRegistry.getSingleton(DefaultSingletonBeanRegistry.java:234)
2025-08-19 15:41:15,453 - innolab - INFO - at org.springframework.beans.factory.support.AbstractBeanFactory.doGetBean(AbstractBeanFactory.java:333)
2025-08-19 15:41:15,453 - innolab - INFO - at org.springframework.beans.factory.support.AbstractBeanFactory.getBean(AbstractBeanFactory.java:208)
2025-08-19 15:41:15,453 - innolab - INFO - at org.springframework.beans.factory.support.DefaultListableBeanFactory.preInstantiateSingletons(DefaultListableBeanFactory.java:955)
2025-08-19 15:41:15,453 - innolab - INFO - at org.springframework.context.support.AbstractApplicationContext.finishBeanFactoryInitialization(AbstractApplicationContext.java:920)
2025-08-19 15:41:15,453 - innolab - INFO - at org.springframework.context.support.AbstractApplicationContext.refresh(AbstractApplicationContext.java:583)
2025-08-19 15:41:15,454 - innolab - INFO - at org.sonar.core.platform.SpringComponentContainer.startComponents(SpringComponentContainer.java:187)
2025-08-19 15:41:15,454 - innolab - INFO - at org.sonar.core.platform.SpringComponentContainer.execute(SpringComponentContainer.java:167)
2025-08-19 15:41:15,454 - innolab - INFO - at org.sonar.scanner.bootstrap.SpringGlobalContainer.doAfterStart(SpringGlobalContainer.java:137)
2025-08-19 15:41:15,454 - innolab - INFO - at org.sonar.core.platform.SpringComponentContainer.startComponents(SpringComponentContainer.java:188)
2025-08-19 15:41:15,454 - innolab - INFO - at org.sonar.core.platform.SpringComponentContainer.execute(SpringComponentContainer.java:167)
2025-08-19 15:41:15,454 - innolab - INFO - at org.sonar.batch.bootstrapper.Batch.doExecute(Batch.java:72)
2025-08-19 15:41:15,455 - innolab - INFO - at org.sonar.batch.bootstrapper.Batch.execute(Batch.java:66)
2025-08-19 15:41:15,455 - innolab - INFO - at org.sonarsource.scanner.api.internal.batch.BatchIsolatedLauncher.execute(BatchIsolatedLauncher.java:46)
2025-08-19 15:41:15,455 - innolab - INFO - at java.base/jdk.internal.reflect.NativeMethodAccessorImpl.invoke0(Native Method)
2025-08-19 15:41:15,455 - innolab - INFO - at java.base/jdk.internal.reflect.NativeMethodAccessorImpl.invoke(NativeMethodAccessorImpl.java:77)
2025-08-19 15:41:15,455 - innolab - INFO - at java.base/jdk.internal.reflect.DelegatingMethodAccessorImpl.invoke(DelegatingMethodAccessorImpl.java:43)
2025-08-19 15:41:15,455 - innolab - INFO - at java.base/java.lang.reflect.Method.invoke(Method.java:568)
2025-08-19 15:41:15,456 - innolab - INFO - at org.sonarsource.scanner.api.internal.IsolatedLauncherProxy.invoke(IsolatedLauncherProxy.java:60)
2025-08-19 15:41:15,456 - innolab - INFO - at jdk.proxy1/jdk.proxy1.$Proxy0.execute(Unknown Source)
2025-08-19 15:41:15,456 - innolab - INFO - at org.sonarsource.scanner.api.EmbeddedScanner.doExecute(EmbeddedScanner.java:189)
2025-08-19 15:41:15,456 - innolab - INFO - at org.sonarsource.scanner.api.EmbeddedScanner.execute(EmbeddedScanner.java:138)
2025-08-19 15:41:15,456 - innolab - INFO - at org.sonarsource.scanner.cli.Main.execute(Main.java:126)
2025-08-19 15:41:15,456 - innolab - INFO - at org.sonarsource.scanner.cli.Main.execute(Main.java:81)
2025-08-19 15:41:15,456 - innolab - INFO - at org.sonarsource.scanner.cli.Main.main(Main.java:62)
2025-08-19 15:41:15,457 - innolab - INFO - Caused by: org.springframework.beans.factory.BeanCreationException: Error creating bean with name 'AnalysisTempFolder' defined in org.sonar.scanner.analysis.AnalysisTempFolderProvider: Bean instantiation via factory method failed; nested exception is org.springframework.beans.BeanInstantiationException: Failed to instantiate [org.sonar.api.utils.TempFolder]: Factory method 'provide' threw exception; nested exception is java.lang.IllegalStateException: Unable to create root temp directory /usr/src/.scannerwork/.sonartmp
2025-08-19 15:41:15,457 - innolab - INFO - at org.springframework.beans.factory.support.ConstructorResolver.instantiate(ConstructorResolver.java:658)
2025-08-19 15:41:15,457 - innolab - INFO - at org.springframework.beans.factory.support.ConstructorResolver.instantiateUsingFactoryMethod(ConstructorResolver.java:638)
2025-08-19 15:41:15,457 - innolab - INFO - at org.springframework.beans.factory.support.AbstractAutowireCapableBeanFactory.instantiateUsingFactoryMethod(AbstractAutowireCapableBeanFactory.java:1352)
2025-08-19 15:41:15,457 - innolab - INFO - at org.springframework.beans.factory.support.AbstractAutowireCapableBeanFactory.createBeanInstance(AbstractAutowireCapableBeanFactory.java:1195)
2025-08-19 15:41:15,457 - innolab - INFO - at org.springframework.beans.factory.support.AbstractAutowireCapableBeanFactory.doCreateBean(AbstractAutowireCapableBeanFactory.java:582)
2025-08-19 15:41:15,458 - innolab - INFO - at org.springframework.beans.factory.support.AbstractAutowireCapableBeanFactory.createBean(AbstractAutowireCapableBeanFactory.java:542)
2025-08-19 15:41:15,458 - innolab - INFO - at org.springframework.beans.factory.support.AbstractBeanFactory.lambda$doGetBean$0(AbstractBeanFactory.java:335)
2025-08-19 15:41:15,458 - innolab - INFO - at org.springframework.beans.factory.support.DefaultSingletonBeanRegistry.getSingleton(DefaultSingletonBeanRegistry.java:234)
2025-08-19 15:41:15,458 - innolab - INFO - at org.springframework.beans.factory.support.AbstractBeanFactory.doGetBean(AbstractBeanFactory.java:333)
2025-08-19 15:41:15,458 - innolab - INFO - at org.springframework.beans.factory.support.AbstractBeanFactory.getBean(AbstractBeanFactory.java:208)
2025-08-19 15:41:15,458 - innolab - INFO - at org.springframework.beans.factory.config.DependencyDescriptor.resolveCandidate(DependencyDescriptor.java:276)
2025-08-19 15:41:15,458 - innolab - INFO - at org.springframework.beans.factory.support.DefaultListableBeanFactory.doResolveDependency(DefaultListableBeanFactory.java:1391)
2025-08-19 15:41:15,459 - innolab - INFO - at org.springframework.beans.factory.support.DefaultListableBeanFactory.resolveDependency(DefaultListableBeanFactory.java:1311)
2025-08-19 15:41:15,459 - innolab - INFO - at org.springframework.beans.factory.support.ConstructorResolver.resolveAutowiredArgument(ConstructorResolver.java:887)
2025-08-19 15:41:15,459 - innolab - INFO - at org.springframework.beans.factory.support.ConstructorResolver.createArgumentArray(ConstructorResolver.java:791)
2025-08-19 15:41:15,459 - innolab - INFO - ... 31 more
2025-08-19 15:41:15,459 - innolab - INFO - Caused by: org.springframework.beans.BeanInstantiationException: Failed to instantiate [org.sonar.api.utils.TempFolder]: Factory method 'provide' threw exception; nested exception is java.lang.IllegalStateException: Unable to create root temp directory /usr/src/.scannerwork/.sonartmp
2025-08-19 15:41:15,459 - innolab - INFO - at org.springframework.beans.factory.support.SimpleInstantiationStrategy.instantiate(SimpleInstantiationStrategy.java:185)
2025-08-19 15:41:15,460 - innolab - INFO - at org.springframework.beans.factory.support.ConstructorResolver.instantiate(ConstructorResolver.java:653)
2025-08-19 15:41:15,460 - innolab - INFO - ... 45 more
2025-08-19 15:41:15,460 - innolab - INFO - Caused by: java.lang.IllegalStateException: Unable to create root temp directory /usr/src/.scannerwork/.sonartmp
2025-08-19 15:41:15,460 - innolab - INFO - at org.sonar.scanner.analysis.AnalysisTempFolderProvider.provide(AnalysisTempFolderProvider.java:41)
2025-08-19 15:41:15,460 - innolab - INFO - at java.base/jdk.internal.reflect.NativeMethodAccessorImpl.invoke0(Native Method)
2025-08-19 15:41:15,460 - innolab - INFO - at java.base/jdk.internal.reflect.NativeMethodAccessorImpl.invoke(NativeMethodAccessorImpl.java:77)
2025-08-19 15:41:15,460 - innolab - INFO - at java.base/jdk.internal.reflect.DelegatingMethodAccessorImpl.invoke(DelegatingMethodAccessorImpl.java:43)
2025-08-19 15:41:15,460 - innolab - INFO - at java.base/java.lang.reflect.Method.invoke(Method.java:568)
2025-08-19 15:41:15,460 - innolab - INFO - at org.springframework.beans.factory.support.SimpleInstantiationStrategy.instantiate(SimpleInstantiationStrategy.java:154)
2025-08-19 15:41:15,461 - innolab - INFO - ... 46 more
2025-08-19 15:41:15,461 - innolab - INFO - Caused by: java.nio.file.DirectoryNotEmptyException: /usr/src/.scannerwork/.sonartmp
2025-08-19 15:41:15,461 - innolab - INFO - at java.base/sun.nio.fs.UnixFileSystemProvider.implDelete(UnixFileSystemProvider.java:246)
2025-08-19 15:41:15,461 - innolab - INFO - at java.base/sun.nio.fs.AbstractFileSystemProvider.deleteIfExists(AbstractFileSystemProvider.java:110)
2025-08-19 15:41:15,461 - innolab - INFO - at java.base/java.nio.file.Files.deleteIfExists(Files.java:1191)
2025-08-19 15:41:15,461 - innolab - INFO - at org.sonar.scanner.analysis.AnalysisTempFolderProvider.provide(AnalysisTempFolderProvider.java:38)
2025-08-19 15:41:15,461 - innolab - INFO - ... 51 more
2025-08-19 15:41:15,461 - innolab - INFO - ERROR:
2025-08-19 15:41:15,461 - innolab - INFO - ERROR: Re-run SonarScanner using the -X switch to enable full debug logging.
2025-08-19 15:41:15,487 - innolab - ERROR - Command failed with return code 1
2025-08-19 15:41:15,487 - innolab - ERROR - SonarQube scan failed. Output: INFO: Scanner configuration file: /opt/sonar-scanner/conf/sonar-scanner.properties
INFO: Project root configuration file: /usr/src/sonar-project.properties
INFO: SonarScanner 5.0.1.3006
INFO: Java 17.0.10 Alpine (64-bit)
INFO: Linux 5.15.167.4-microsoft-standard-WSL2 amd64
INFO: User cache: /opt/sonar-scanner/.sonar/cache
INFO: Analyzing on SonarQube server 9.9.8.100196
INFO: Default locale: "en_US", source code encoding: "UTF-8" (analysis is platform dependent)
INFO: Load global settings
INFO: Load global settings (done) | time=67ms
INFO: Server id: 243B8A4D-AZicab4HpgA6QkPiXxB5
INFO: User cache: /opt/sonar-scanner/.sonar/cache
INFO: Load/download plugins
INFO: Load plugins index
INFO: Load plugins index (done) | time=49ms
INFO: Load/download plugins (done) | time=112ms
INFO: Process project properties
INFO: Process project properties (done) | time=7ms
INFO: Execute project builders
INFO: Execute project builders (done) | time=1ms
INFO: Project key: my-service
INFO: Base dir: /usr/src
INFO: Working dir: /usr/src/.scannerwork
INFO: ------------------------------------------------------------------------
INFO: EXECUTION FAILURE
INFO: ------------------------------------------------------------------------
INFO: Total time: 1.203s
INFO: Final Memory: 8M/34M
INFO: ------------------------------------------------------------------------
ERROR: Error during SonarScanner execution
org.springframework.beans.factory.UnsatisfiedDependencyException: Error creating bean with name 'ClassRealm{javascript}-org.sonar.plugins.javascript.eslint.EslintBridgeServerImpl': Unsatisfied dependency expressed through constructor parameter 4; nested exception is org.springframework.beans.factory.BeanCreationException: Error creating bean with name 'AnalysisTempFolder' defined in org.sonar.scanner.analysis.AnalysisTempFolderProvider: Bean instantiation via factory method failed; nested exception is org.springframework.beans.BeanInstantiationException: Failed to instantiate [org.sonar.api.utils.TempFolder]: Factory method 'provide' threw exception; nested exception is java.lang.IllegalStateException: Unable to create root temp directory /usr/src/.scannerwork/.sonartmp
	at org.springframework.beans.factory.support.ConstructorResolver.createArgumentArray(ConstructorResolver.java:800)
	at org.springframework.beans.factory.support.ConstructorResolver.autowireConstructor(ConstructorResolver.java:229)
	at org.springframework.beans.factory.support.AbstractAutowireCapableBeanFactory.autowireConstructor(AbstractAutowireCapableBeanFactory.java:1372)
	at org.springframework.beans.factory.support.AbstractAutowireCapableBeanFactory.createBeanInstance(AbstractAutowireCapableBeanFactory.java:1228)
	at org.springframework.beans.factory.support.AbstractAutowireCapableBeanFactory.doCreateBean(AbstractAutowireCapableBeanFactory.java:582)
	at org.springframework.beans.factory.support.AbstractAutowireCapableBeanFactory.createBean(AbstractAutowireCapableBeanFactory.java:542)
	at org.springframework.beans.factory.support.AbstractBeanFactory.lambda$doGetBean$0(AbstractBeanFactory.java:335)
	at org.springframework.beans.factory.support.DefaultSingletonBeanRegistry.getSingleton(DefaultSingletonBeanRegistry.java:234)
	at org.springframework.beans.factory.support.AbstractBeanFactory.doGetBean(AbstractBeanFactory.java:333)
	at org.springframework.beans.factory.support.AbstractBeanFactory.getBean(AbstractBeanFactory.java:208)
	at org.springframework.beans.factory.support.DefaultListableBeanFactory.preInstantiateSingletons(DefaultListableBeanFactory.java:955)
	at org.springframework.context.support.AbstractApplicationContext.finishBeanFactoryInitialization(AbstractApplicationContext.java:920)
	at org.springframework.context.support.AbstractApplicationContext.refresh(AbstractApplicationContext.java:583)
	at org.sonar.core.platform.SpringComponentContainer.startComponents(SpringComponentContainer.java:187)
	at org.sonar.core.platform.SpringComponentContainer.execute(SpringComponentContainer.java:167)
	at org.sonar.scanner.bootstrap.SpringGlobalContainer.doAfterStart(SpringGlobalContainer.java:137)
	at org.sonar.core.platform.SpringComponentContainer.startComponents(SpringComponentContainer.java:188)
	at org.sonar.core.platform.SpringComponentContainer.execute(SpringComponentContainer.java:167)
	at org.sonar.batch.bootstrapper.Batch.doExecute(Batch.java:72)
	at org.sonar.batch.bootstrapper.Batch.execute(Batch.java:66)
	at org.sonarsource.scanner.api.internal.batch.BatchIsolatedLauncher.execute(BatchIsolatedLauncher.java:46)
	at java.base/jdk.internal.reflect.NativeMethodAccessorImpl.invoke0(Native Method)
	at java.base/jdk.internal.reflect.NativeMethodAccessorImpl.invoke(NativeMethodAccessorImpl.java:77)
	at java.base/jdk.internal.reflect.DelegatingMethodAccessorImpl.invoke(DelegatingMethodAccessorImpl.java:43)
	at java.base/java.lang.reflect.Method.invoke(Method.java:568)
	at org.sonarsource.scanner.api.internal.IsolatedLauncherProxy.invoke(IsolatedLauncherProxy.java:60)
	at jdk.proxy1/jdk.proxy1.$Proxy0.execute(Unknown Source)
	at org.sonarsource.scanner.api.EmbeddedScanner.doExecute(EmbeddedScanner.java:189)
	at org.sonarsource.scanner.api.EmbeddedScanner.execute(EmbeddedScanner.java:138)
	at org.sonarsource.scanner.cli.Main.execute(Main.java:126)
	at org.sonarsource.scanner.cli.Main.execute(Main.java:81)
	at org.sonarsource.scanner.cli.Main.main(Main.java:62)
Caused by: org.springframework.beans.factory.BeanCreationException: Error creating bean with name 'AnalysisTempFolder' defined in org.sonar.scanner.analysis.AnalysisTempFolderProvider: Bean instantiation via factory method failed; nested exception is org.springframework.beans.BeanInstantiationException: Failed to instantiate [org.sonar.api.utils.TempFolder]: Factory method 'provide' threw exception; nested exception is java.lang.IllegalStateException: Unable to create root temp directory /usr/src/.scannerwork/.sonartmp
	at org.springframework.beans.factory.support.ConstructorResolver.instantiate(ConstructorResolver.java:658)
	at org.springframework.beans.factory.support.ConstructorResolver.instantiateUsingFactoryMethod(ConstructorResolver.java:638)
	at org.springframework.beans.factory.support.AbstractAutowireCapableBeanFactory.instantiateUsingFactoryMethod(AbstractAutowireCapableBeanFactory.java:1352)
	at org.springframework.beans.factory.support.AbstractAutowireCapableBeanFactory.createBeanInstance(AbstractAutowireCapableBeanFactory.java:1195)
	at org.springframework.beans.factory.support.AbstractAutowireCapableBeanFactory.doCreateBean(AbstractAutowireCapableBeanFactory.java:582)
	at org.springframework.beans.factory.support.AbstractAutowireCapableBeanFactory.createBean(AbstractAutowireCapableBeanFactory.java:542)
	at org.springframework.beans.factory.support.AbstractBeanFactory.lambda$doGetBean$0(AbstractBeanFactory.java:335)
	at org.springframework.beans.factory.support.DefaultSingletonBeanRegistry.getSingleton(DefaultSingletonBeanRegistry.java:234)
	at org.springframework.beans.factory.support.AbstractBeanFactory.doGetBean(AbstractBeanFactory.java:333)
	at org.springframework.beans.factory.support.AbstractBeanFactory.getBean(AbstractBeanFactory.java:208)
	at org.springframework.beans.factory.config.DependencyDescriptor.resolveCandidate(DependencyDescriptor.java:276)
	at org.springframework.beans.factory.support.DefaultListableBeanFactory.doResolveDependency(DefaultListableBeanFactory.java:1391)
	at org.springframework.beans.factory.support.DefaultListableBeanFactory.resolveDependency(DefaultListableBeanFactory.java:1311)
	at org.springframework.beans.factory.support.ConstructorResolver.resolveAutowiredArgument(ConstructorResolver.java:887)
	at org.springframework.beans.factory.support.ConstructorResolver.createArgumentArray(ConstructorResolver.java:791)
	... 31 more
Caused by: org.springframework.beans.BeanInstantiationException: Failed to instantiate [org.sonar.api.utils.TempFolder]: Factory method 'provide' threw exception; nested exception is java.lang.IllegalStateException: Unable to create root temp directory /usr/src/.scannerwork/.sonartmp
	at org.springframework.beans.factory.support.SimpleInstantiationStrategy.instantiate(SimpleInstantiationStrategy.java:185)
	at org.springframework.beans.factory.support.ConstructorResolver.instantiate(ConstructorResolver.java:653)
	... 45 more
Caused by: java.lang.IllegalStateException: Unable to create root temp directory /usr/src/.scannerwork/.sonartmp
	at org.sonar.scanner.analysis.AnalysisTempFolderProvider.provide(AnalysisTempFolderProvider.java:41)
	at java.base/jdk.internal.reflect.NativeMethodAccessorImpl.invoke0(Native Method)
	at java.base/jdk.internal.reflect.NativeMethodAccessorImpl.invoke(NativeMethodAccessorImpl.java:77)
	at java.base/jdk.internal.reflect.DelegatingMethodAccessorImpl.invoke(DelegatingMethodAccessorImpl.java:43)
	at java.base/java.lang.reflect.Method.invoke(Method.java:568)
	at org.springframework.beans.factory.support.SimpleInstantiationStrategy.instantiate(SimpleInstantiationStrategy.java:154)
	... 46 more
Caused by: java.nio.file.DirectoryNotEmptyException: /usr/src/.scannerwork/.sonartmp
	at java.base/sun.nio.fs.UnixFileSystemProvider.implDelete(UnixFileSystemProvider.java:246)
	at java.base/sun.nio.fs.AbstractFileSystemProvider.deleteIfExists(AbstractFileSystemProvider.java:110)
	at java.base/java.nio.file.Files.deleteIfExists(Files.java:1191)
	at org.sonar.scanner.analysis.AnalysisTempFolderProvider.provide(AnalysisTempFolderProvider.java:38)
	... 51 more
ERROR: 
ERROR: Re-run SonarScanner using the -X switch to enable full debug logging.

2025-08-19 15:41:15,488 - innolab - INFO - No bugs found - execution completed successfully
2025-08-19 15:41:15,488 - innolab - INFO - === EXECUTION RESULT ===
2025-08-19 15:41:15,488 - innolab - INFO - Mode: LOCAL
2025-08-19 15:41:15,488 - innolab - INFO - Project: my-service
2025-08-19 15:41:15,488 - innolab - INFO - Total bugs fixed: 0
2025-08-19 15:41:15,489 - innolab - INFO - Total iterations: 1
2025-08-19 15:41:15,489 - innolab - INFO - Start time: 2025-08-19T15:41:11.982914
2025-08-19 15:41:15,489 - innolab - INFO - End time: 2025-08-19T15:41:15.488601
2025-08-19 15:41:15,489 - innolab - INFO - Iteration 1: 0 bugs found, 0 fixed
