2025-08-21 09:46:03,200 - innolab - INFO - ExecutionServiceNoMongo initialized with:
2025-08-21 09:46:03,200 - innolab - INFO -   Max iterations: 5
2025-08-21 09:46:03,200 - innolab - INFO -   Project key: my-service
2025-08-21 09:46:03,200 - innolab - INFO -   Source code path: d:\InnoLab\SonarQ\source_bug
2025-08-21 09:46:03,200 - innolab - INFO -   Scan directory: source_bug
2025-08-21 09:46:03,201 - innolab - INFO -   RAG available: True
2025-08-21 09:46:03,201 - innolab - INFO - Starting execution without RAG (mode: DifyMode.LOCAL)
2025-08-21 09:46:03,201 - innolab - INFO - 
=== ITERATION 1/5 ===
2025-08-21 09:46:03,201 - innolab - INFO - Starting SonarQube scan for project: my-service
2025-08-21 09:46:03,202 - innolab - INFO - Step 1: Running SonarQube scan...
2025-08-21 09:46:03,203 - innolab - INFO - Ensuring sonar-scanner container is running...
2025-08-21 09:46:03,267 - innolab - INFO - sonar_scanner
2025-08-21 09:46:05,267 - innolab - INFO - Project directory: d:\InnoLab\SonarQ\source_bug
2025-08-21 09:46:05,270 - innolab - INFO - Created sonar-project.properties for project: my-service
2025-08-21 09:46:05,407 - innolab - INFO - Copying project contents: docker cp "d:\InnoLab\SonarQ\source_bug/." sonar_scanner:/usr/src/project
2025-08-21 09:46:05,600 - innolab - INFO - Running containerized scan: docker exec -w /usr/src/project -e SONAR_HOST_URL=http://sonarqube:9000 -e SONAR_TOKEN=sqa_c782f6c0370ccf6a0c0a65bc1234a09ab9db0add sonar_scanner sonar-scanner
2025-08-21 09:46:05,760 - innolab - INFO - INFO: Scanner configuration file: /opt/sonar-scanner/conf/sonar-scanner.properties
2025-08-21 09:46:05,762 - innolab - INFO - INFO: Project root configuration file: /usr/src/project/sonar-project.properties
2025-08-21 09:46:05,785 - innolab - INFO - INFO: SonarScanner 5.0.1.3006
2025-08-21 09:46:05,785 - innolab - INFO - INFO: Java 17.0.10 Alpine (64-bit)
2025-08-21 09:46:05,786 - innolab - INFO - INFO: Linux 5.15.167.4-microsoft-standard-WSL2 amd64
2025-08-21 09:46:05,951 - innolab - INFO - INFO: User cache: /opt/sonar-scanner/.sonar/cache
2025-08-21 09:46:06,022 - innolab - INFO - INFO: Analyzing on SonarQube server 9.9.8.100196
2025-08-21 09:46:06,022 - innolab - INFO - INFO: Default locale: "en_US", source code encoding: "UTF-8" (analysis is platform dependent)
2025-08-21 09:46:06,415 - innolab - INFO - INFO: Load global settings
2025-08-21 09:46:06,480 - innolab - INFO - INFO: Load global settings (done) | time=64ms
2025-08-21 09:46:06,480 - innolab - INFO - INFO: Server id: 243B8A4D-AZjGf6QFdKL1mFXO_IvC
2025-08-21 09:46:06,485 - innolab - INFO - INFO: User cache: /opt/sonar-scanner/.sonar/cache
2025-08-21 09:46:06,488 - innolab - INFO - INFO: Load/download plugins
2025-08-21 09:46:06,488 - innolab - INFO - INFO: Load plugins index
2025-08-21 09:46:06,518 - innolab - INFO - INFO: Load plugins index (done) | time=29ms
2025-08-21 09:46:06,573 - innolab - INFO - INFO: Load/download plugins (done) | time=85ms
2025-08-21 09:46:06,968 - innolab - INFO - INFO: Process project properties
2025-08-21 09:46:06,974 - innolab - INFO - INFO: Process project properties (done) | time=7ms
2025-08-21 09:46:06,976 - innolab - INFO - INFO: Execute project builders
2025-08-21 09:46:06,977 - innolab - INFO - INFO: Execute project builders (done) | time=1ms
2025-08-21 09:46:06,987 - innolab - INFO - INFO: Project key: my-service
2025-08-21 09:46:06,988 - innolab - INFO - INFO: Base dir: /usr/src/project
2025-08-21 09:46:06,988 - innolab - INFO - INFO: Working dir: /usr/src/project/.scannerwork
2025-08-21 09:46:06,998 - innolab - INFO - INFO: Load project settings for component key: 'my-service'
2025-08-21 09:46:07,009 - innolab - INFO - INFO: Load project settings for component key: 'my-service' (done) | time=11ms
2025-08-21 09:46:07,134 - innolab - INFO - WARN: SCM provider autodetection failed. Please use "sonar.scm.provider" to define SCM of your project, or disable the SCM Sensor in the project settings.
2025-08-21 09:46:07,143 - innolab - INFO - INFO: Load quality profiles
2025-08-21 09:46:07,182 - innolab - INFO - INFO: Load quality profiles (done) | time=40ms
2025-08-21 09:46:07,186 - innolab - INFO - INFO: Load active rules
2025-08-21 09:46:07,801 - innolab - INFO - INFO: Load active rules (done) | time=615ms
2025-08-21 09:46:07,805 - innolab - INFO - INFO: Load analysis cache
2025-08-21 09:46:07,816 - innolab - INFO - INFO: Load analysis cache (1.6 kB) | time=10ms
2025-08-21 09:46:07,870 - innolab - INFO - INFO: Load project repositories
2025-08-21 09:46:07,882 - innolab - INFO - INFO: Load project repositories (done) | time=12ms
2025-08-21 09:46:07,905 - innolab - INFO - INFO: Indexing files...
2025-08-21 09:46:07,905 - innolab - INFO - INFO: Project configuration:
2025-08-21 09:46:07,905 - innolab - INFO - INFO:   Excluded sources: **/node_modules/**, **/dist/**, **/build/**, **/.git/**
2025-08-21 09:46:07,947 - innolab - INFO - INFO: 2 files indexed
2025-08-21 09:46:07,947 - innolab - INFO - INFO: 0 files ignored because of inclusion/exclusion patterns
2025-08-21 09:46:07,947 - innolab - INFO - INFO: Quality profile for py: Sonar way
2025-08-21 09:46:07,947 - innolab - INFO - INFO: ------------- Run sensors on module my-service
2025-08-21 09:46:08,010 - innolab - INFO - INFO: Load metrics repository
2025-08-21 09:46:08,023 - innolab - INFO - INFO: Load metrics repository (done) | time=12ms
2025-08-21 09:46:08,995 - innolab - INFO - INFO: Sensor Python Sensor [python]
2025-08-21 09:46:08,998 - innolab - INFO - WARN: Your code is analyzed as compatible with python 2 and 3 by default. This will prevent the detection of issues specific to python 2 or python 3. You can get a more precise analysis by setting a python version in your configuration via the parameter "sonar.python.version"
2025-08-21 09:46:09,008 - innolab - INFO - INFO: Starting global symbols computation
2025-08-21 09:46:09,013 - innolab - INFO - INFO: 1 source file to be analyzed
2025-08-21 09:46:09,225 - innolab - INFO - INFO: 1/1 source file has been analyzed
2025-08-21 09:46:09,251 - innolab - INFO - INFO: Starting rules execution
2025-08-21 09:46:09,251 - innolab - INFO - INFO: 1 source file to be analyzed
2025-08-21 09:46:09,567 - innolab - INFO - INFO: 1/1 source file has been analyzed
2025-08-21 09:46:09,567 - innolab - INFO - INFO: The Python analyzer was able to leverage cached data from previous analyses for 0 out of 1 files. These files were not parsed.
2025-08-21 09:46:09,567 - innolab - INFO - INFO: Sensor Python Sensor [python] (done) | time=573ms
2025-08-21 09:46:09,567 - innolab - INFO - INFO: Sensor Cobertura Sensor for Python coverage [python]
2025-08-21 09:46:09,616 - innolab - INFO - INFO: Sensor Cobertura Sensor for Python coverage [python] (done) | time=49ms
2025-08-21 09:46:09,617 - innolab - INFO - INFO: Sensor PythonXUnitSensor [python]
2025-08-21 09:46:09,680 - innolab - INFO - INFO: Sensor PythonXUnitSensor [python] (done) | time=63ms
2025-08-21 09:46:09,680 - innolab - INFO - INFO: Sensor JaCoCo XML Report Importer [jacoco]
2025-08-21 09:46:09,681 - innolab - INFO - INFO: 'sonar.coverage.jacoco.xmlReportPaths' is not defined. Using default locations: target/site/jacoco/jacoco.xml,target/site/jacoco-it/jacoco.xml,build/reports/jacoco/test/jacocoTestReport.xml
2025-08-21 09:46:09,682 - innolab - INFO - INFO: No report imported, no coverage information will be imported by JaCoCo XML Report Importer
2025-08-21 09:46:09,683 - innolab - INFO - INFO: Sensor JaCoCo XML Report Importer [jacoco] (done) | time=3ms
2025-08-21 09:46:09,683 - innolab - INFO - INFO: Sensor CSS Rules [javascript]
2025-08-21 09:46:09,683 - innolab - INFO - INFO: No CSS, PHP, HTML or VueJS files are found in the project. CSS analysis is skipped.
2025-08-21 09:46:09,683 - innolab - INFO - INFO: Sensor CSS Rules [javascript] (done) | time=1ms
2025-08-21 09:46:09,683 - innolab - INFO - INFO: Sensor C# Project Type Information [csharp]
2025-08-21 09:46:09,684 - innolab - INFO - INFO: Sensor C# Project Type Information [csharp] (done) | time=1ms
2025-08-21 09:46:09,684 - innolab - INFO - INFO: Sensor C# Analysis Log [csharp]
2025-08-21 09:46:09,693 - innolab - INFO - INFO: Sensor C# Analysis Log [csharp] (done) | time=8ms
2025-08-21 09:46:09,693 - innolab - INFO - INFO: Sensor C# Properties [csharp]
2025-08-21 09:46:09,693 - innolab - INFO - INFO: Sensor C# Properties [csharp] (done) | time=0ms
2025-08-21 09:46:09,693 - innolab - INFO - INFO: Sensor HTML [web]
2025-08-21 09:46:09,695 - innolab - INFO - INFO: Sensor HTML [web] (done) | time=3ms
2025-08-21 09:46:09,695 - innolab - INFO - INFO: Sensor TextAndSecretsSensor [text]
2025-08-21 09:46:09,701 - innolab - INFO - INFO: 1 source file to be analyzed
2025-08-21 09:46:09,714 - innolab - INFO - INFO: 1/1 source file has been analyzed
2025-08-21 09:46:09,714 - innolab - INFO - INFO: Sensor TextAndSecretsSensor [text] (done) | time=16ms
2025-08-21 09:46:09,714 - innolab - INFO - INFO: Sensor VB.NET Project Type Information [vbnet]
2025-08-21 09:46:09,714 - innolab - INFO - INFO: Sensor VB.NET Project Type Information [vbnet] (done) | time=1ms
2025-08-21 09:46:09,714 - innolab - INFO - INFO: Sensor VB.NET Analysis Log [vbnet]
2025-08-21 09:46:09,721 - innolab - INFO - INFO: Sensor VB.NET Analysis Log [vbnet] (done) | time=9ms
2025-08-21 09:46:09,722 - innolab - INFO - INFO: Sensor VB.NET Properties [vbnet]
2025-08-21 09:46:09,722 - innolab - INFO - INFO: Sensor VB.NET Properties [vbnet] (done) | time=0ms
2025-08-21 09:46:09,722 - innolab - INFO - INFO: Sensor IaC Docker Sensor [iac]
2025-08-21 09:46:09,724 - innolab - INFO - INFO: 0 source files to be analyzed
2025-08-21 09:46:09,761 - innolab - INFO - INFO: 0/0 source files have been analyzed
2025-08-21 09:46:09,762 - innolab - INFO - INFO: Sensor IaC Docker Sensor [iac] (done) | time=40ms
2025-08-21 09:46:09,765 - innolab - INFO - INFO: ------------- Run sensors on project
2025-08-21 09:46:09,794 - innolab - INFO - INFO: Sensor Analysis Warnings import [csharp]
2025-08-21 09:46:09,794 - innolab - INFO - INFO: Sensor Analysis Warnings import [csharp] (done) | time=0ms
2025-08-21 09:46:09,794 - innolab - INFO - INFO: Sensor Zero Coverage Sensor
2025-08-21 09:46:09,804 - innolab - INFO - INFO: Sensor Zero Coverage Sensor (done) | time=10ms
2025-08-21 09:46:09,805 - innolab - INFO - INFO: SCM Publisher No SCM system was detected. You can use the 'sonar.scm.provider' property to explicitly specify it.
2025-08-21 09:46:09,807 - innolab - INFO - INFO: CPD Executor Calculating CPD for 1 file
2025-08-21 09:46:09,815 - innolab - INFO - INFO: CPD Executor CPD calculation finished (done) | time=7ms
2025-08-21 09:46:10,072 - innolab - INFO - INFO: Analysis report generated in 99ms, dir size=127.1 kB
2025-08-21 09:46:11,035 - innolab - INFO - INFO: Analysis report compressed in 943ms, zip size=19.3 kB
2025-08-21 09:46:11,071 - innolab - INFO - INFO: Analysis report uploaded in 36ms
2025-08-21 09:46:11,077 - innolab - INFO - INFO: ANALYSIS SUCCESSFUL, you can find the results at: http://sonarqube:9000/dashboard?id=my-service
2025-08-21 09:46:11,078 - innolab - INFO - INFO: Note that you will be able to access the updated dashboard once the server has processed the submitted analysis report
2025-08-21 09:46:11,078 - innolab - INFO - INFO: More about the report processing at http://sonarqube:9000/api/ce/task?id=AZjKhQF1oFwV3wjNEJQF
2025-08-21 09:46:11,202 - innolab - INFO - INFO: Analysis total time: 4.538 s
2025-08-21 09:46:11,204 - innolab - INFO - INFO: ------------------------------------------------------------------------
2025-08-21 09:46:11,204 - innolab - INFO - INFO: EXECUTION SUCCESS
2025-08-21 09:46:11,204 - innolab - INFO - INFO: ------------------------------------------------------------------------
2025-08-21 09:46:11,205 - innolab - INFO - INFO: Total time: 5.448s
2025-08-21 09:46:11,245 - innolab - INFO - INFO: Final Memory: 20M/74M
2025-08-21 09:46:11,246 - innolab - INFO - INFO: ------------------------------------------------------------------------
2025-08-21 09:46:11,604 - innolab - INFO - SonarQube scan completed successfully
2025-08-21 09:46:11,605 - innolab - INFO - Waiting for SonarQube to process results...
2025-08-21 09:46:14,606 - innolab - INFO - Step 2: Exporting issues...
2025-08-21 09:46:15,059 - innolab - INFO - Issues exported successfully to: d:\InnoLab\SonarQ\issues_my-service.json
Total issues found: 27

Issues by severity:
  MINOR: 6
  MAJOR: 21
2025-08-21 09:46:15,081 - innolab - INFO - Found 27 total bugs, 27 bugs
2025-08-21 09:46:15,083 - innolab - INFO - Fixing 27 bugs using Dify
2025-08-21 09:46:15,083 - innolab - INFO - Running workflow with Dify API: app-21rA0wUAaR7PKPdmCX2WJxMo
2025-08-21 09:46:15,084 - innolab - INFO - User: hieult
2025-08-21 09:46:15,084 - innolab - INFO - Mode: DifyMode.LOCAL
2025-08-21 09:46:15,085 - innolab - INFO - Base URL: http://localhost:5001/v1
2025-08-21 09:46:15,085 - innolab - INFO - Generating Dify headers for api_key: app-21...
2025-08-21 09:46:15,086 - innolab - INFO - POST http://localhost:5001/v1/workflows/run with payload: {'inputs': {'is_use_rag': 'False', 'report': '[{"bug_id": "AZjKgHlYKXLFlZyGvuKI", "bug_name": "Add logic to this except clause or eliminate it and rethrow the exception automatically.", "rule_key": "python:S2737", "severity": "MINOR", "type": "CODE_SMELL", "file_path": "project/code.py", "line": null, "message": "Add logic to this except clause or eliminate it and rethrow the exception automatically.", "status": "CLOSED", "resolution": "FIXED", "created_at": "2025-08-21T02:41:08+0000", "updated_at": "2025-08-21T02:46:07+0000", "rule_description": "An except clause that only rethrows the caught exception has the same effect as omitting the except altogether and\\nletting it bubble up automatically, but with more code and the additional detriment of leaving maintainers scratching their heads.\\nSuch clauses should either be eliminated or populated with the appropriate logic.\\nNoncompliant Code Example\\n\\na = {}\\ntry:\\n    a[5]\\nexcept KeyError:\\n    raise  # Noncompliant\\n\\nCompliant Solution\\n\\na = {}\\ntry:\\n    a[5]\\nexcept KeyError as e:\\n    logging.exception(\'error while accessing the dict\')\\n    raise e", "code_excerpt": null}, {"bug_id": "AZjKgHlYKXLFlZyGvuKJ", "bug_name": "Remove or correct this useless self-assignment.", "rule_key": "python:S1656", "severity": "MAJOR", "type": "BUG", "file_path": "project/code.py", "line": null, "message": "Remove or correct this useless self-assignment.", "status": "CLOSED", "resolution": "FIXED", "created_at": "2025-08-21T02:41:08+0000", "updated_at": "2025-08-21T02:46:07+0000", "rule_description": "There is no reason to re-assign a variable to itself. Either this statement is redundant and should be removed, or the re-assignment is a mistake\\nand some other value or variable was intended for the assignment instead.\\nNoncompliant Code Example\\n\\nname = name\\n\\nCompliant Solution\\n\\nname = other.name", "code_excerpt": null}, {"bug_id": "AZjKgHlYKXLFlZyGvuKK", "bug_name": "Remove or correct this useless self-assignment.", "rule_key": "python:S1656", "severity": "MAJOR", "type": "BUG", "file_path": "project/code.py", "line": null, "message": "Remove or correct this useless self-assignment.", "status": "CLOSED", "resolution": "FIXED", "created_at": "2025-08-21T02:41:08+0000", "updated_at": "2025-08-21T02:46:07+0000", "rule_description": "There is no reason to re-assign a variable to itself. Either this statement is redundant and should be removed, or the re-assignment is a mistake\\nand some other value or variable was intended for the assignment instead.\\nNoncompliant Code Example\\n\\nname = name\\n\\nCompliant Solution\\n\\nname = other.name", "code_excerpt": null}, {"bug_id": "AZjKgHlYKXLFlZyGvuKL", "bug_name": "Was += meant instead?", "rule_key": "python:S2757", "severity": "MAJOR", "type": "BUG", "file_path": "project/code.py", "line": null, "message": "Was += meant instead?", "status": "CLOSED", "resolution": "FIXED", "created_at": "2025-08-21T02:41:08+0000", "updated_at": "2025-08-21T02:46:07+0000", "rule_description": "The use of operators pairs ( =+ or =-) where the reversed, single operator was meant (+= or -=)\\nwill run fine, but not produce the expected results.\\nThis rule raises an issue when =+ or =- is used without any spacing between the two operators and when there is at least\\none whitespace character after.\\nNoncompliant Code Example\\n\\ntarget = -5\\nnum = 3\\n\\ntarget =- num  # Noncompliant; target = -3. Is that really what\'s meant?\\ntarget =+ num # Noncompliant; target = 3\\n\\nCompliant Solution\\n\\ntarget = -5\\nnum = 3\\n\\ntarget = -num  # Compliant; intent to assign inverse value of num is clear\\ntarget += num", "code_excerpt": null}, {"bug_id": "AZjKgHlYKXLFlZyGvuKM", "bug_name": "Introduce a new variable or use its initial value before reassigning \'n\'.", "rule_key": "python:S1226", "severity": "MINOR", "type": "BUG", "file_path": "project/code.py", "line": null, "message": "Introduce a new variable or use its initial value before reassigning \'n\'.", "status": "CLOSED", "resolution": "FIXED", "created_at": "2025-08-21T02:41:08+0000", "updated_at": "2025-08-21T02:46:07+0000", "rule_description": "While it is technically correct to assign to parameters from within function bodies, doing so before the parameter value is read is likely a bug.\\nInstead, initial values of parameters should be, if not treated as read-only, then at least read before reassignment.\\nNoncompliant Code Example\\n\\ndef foo(strings, param):\\n    param = 1  # NonCompliant", "code_excerpt": null}, {"bug_id": "AZjKgHlYKXLFlZyGvuKN", "bug_name": "Remove or rework this redundant alternative.", "rule_key": "python:S5855", "severity": "MAJOR", "type": "BUG", "file_path": "project/code.py", "line": null, "message": "Remove or rework this redundant alternative.", "status": "CLOSED", "resolution": "FIXED", "created_at": "2025-08-21T02:41:08+0000", "updated_at": "2025-08-21T02:46:07+0000", "rule_description": "If an alternative in a regular expression only matches things that are already matched by another alternative, that alternative is redundant and\\nserves no purpose.\\nIn the best case this means that the offending subpattern is merely redundant and should be removed. In the worst case it’s a sign that this regex\\ndoes not match what it was intended to match and should be reworked.\\nNoncompliant Code Example\\n\\nr\\"[ab]|a\\"   # The \\"|a\\" is redundant because \\"[ab]\\" already matches \\"a\\"\\nr\\".*|a\\"     # .* matches everything, so any other alternative is redundant\\n\\nCompliant Solution\\n\\nr\\"[ab]\\"\\nr\\".*\\"", "code_excerpt": null}, {"bug_id": "AZjKgHlYKXLFlZyGvuKO", "bug_name": "Was += meant instead?", "rule_key": "python:S2757", "severity": "MAJOR", "type": "BUG", "file_path": "project/code.py", "line": null, "message": "Was += meant instead?", "status": "CLOSED", "resolution": "FIXED", "created_at": "2025-08-21T02:41:08+0000", "updated_at": "2025-08-21T02:46:07+0000", "rule_description": "The use of operators pairs ( =+ or =-) where the reversed, single operator was meant (+= or -=)\\nwill run fine, but not produce the expected results.\\nThis rule raises an issue when =+ or =- is used without any spacing between the two operators and when there is at least\\none whitespace character after.\\nNoncompliant Code Example\\n\\ntarget = -5\\nnum = 3\\n\\ntarget =- num  # Noncompliant; target = -3. Is that really what\'s meant?\\ntarget =+ num # Noncompliant; target = 3\\n\\nCompliant Solution\\n\\ntarget = -5\\nnum = 3\\n\\ntarget = -num  # Compliant; intent to assign inverse value of num is clear\\ntarget += num", "code_excerpt": null}, {"bug_id": "AZjKgHlYKXLFlZyGvuKP", "bug_name": "Correct one of the identical sub-expressions on both sides of operator \\"==\\".", "rule_key": "python:S1764", "severity": "MAJOR", "type": "BUG", "file_path": "project/code.py", "line": null, "message": "Correct one of the identical sub-expressions on both sides of operator \\"==\\".", "status": "CLOSED", "resolution": "FIXED", "created_at": "2025-08-21T02:41:08+0000", "updated_at": "2025-08-21T02:46:07+0000", "rule_description": "Using the same value on either side of a binary operator is almost always a mistake. In the case of logical operators, it is either a copy/paste\\nerror and therefore a bug, or it is simply wasted code, and should be simplified. In the case of bitwise operators and most binary mathematical\\noperators, having the same value on both sides of an operator yields predictable results, and should be simplified.\\nNote that this rule will raise issues on a == a and a != a expressions which are sometime used to detect NaN\\nvalues. It is recommended to use instead math.isnan or an equivalent\\nfunction. This will improve code readability.\\nNoncompliant Code Example\\n\\nif a == a: # Noncompliant\\n    work()\\n\\nif  a != a: # Noncompliant\\n    work()\\n\\nif  a == b and a == b: # Noncompliant\\n    work()\\n\\nif a == b or a == b: # Noncompliant\\n    work()\\n\\nj = 5 / 5 # Noncompliant\\nk = 5 - 5 # Noncompliant\\n\\nExceptions\\nThe following are ignored:\\n\\n   The expression 1 &lt;&lt; 1 \\n\\nSee\\n\\n   S1656 - Implements a check on =.", "code_excerpt": null}, {"bug_id": "AZjKgHlYKXLFlZyGvuKQ", "bug_name": "Either remove or fill this block of code.", "rule_key": "python:S108", "severity": "MAJOR", "type": "CODE_SMELL", "file_path": "project/code.py", "line": null, "message": "Either remove or fill this block of code.", "status": "CLOSED", "resolution": "FIXED", "created_at": "2025-08-21T02:41:08+0000", "updated_at": "2025-08-21T02:46:07+0000", "rule_description": "Most of the time a block of code is empty when a piece of code is really missing. So such empty block must be either filled or removed.\\nNoncompliant Code Example\\n\\nfor i in range(3):\\n    pass\\n\\nExceptions\\nWhen a block contains a comment, this block is not considered to be empty.", "code_excerpt": null}, {"bug_id": "AZjKbPN_KXLFlZyGvtyT", "bug_name": "Add logic to this except clause or eliminate it and rethrow the exception automatically.", "rule_key": "python:S2737", "severity": "MINOR", "type": "CODE_SMELL", "file_path": "source_bug/code.py", "line": null, "message": "Add logic to this except clause or eliminate it and rethrow the exception automatically.", "status": "CLOSED", "resolution": "FIXED", "created_at": "2025-08-21T02:19:48+0000", "updated_at": "2025-08-21T02:21:14+0000", "rule_description": "An except clause that only rethrows the caught exception has the same effect as omitting the except altogether and\\nletting it bubble up automatically, but with more code and the additional detriment of leaving maintainers scratching their heads.\\nSuch clauses should either be eliminated or populated with the appropriate logic.\\nNoncompliant Code Example\\n\\na = {}\\ntry:\\n    a[5]\\nexcept KeyError:\\n    raise  # Noncompliant\\n\\nCompliant Solution\\n\\na = {}\\ntry:\\n    a[5]\\nexcept KeyError as e:\\n    logging.exception(\'error while accessing the dict\')\\n    raise e", "code_excerpt": null}, {"bug_id": "AZjKbPN_KXLFlZyGvtyU", "bug_name": "Remove or correct this useless self-assignment.", "rule_key": "python:S1656", "severity": "MAJOR", "type": "BUG", "file_path": "source_bug/code.py", "line": null, "message": "Remove or correct this useless self-assignment.", "status": "CLOSED", "resolution": "FIXED", "created_at": "2025-08-21T02:19:48+0000", "updated_at": "2025-08-21T02:21:14+0000", "rule_description": "There is no reason to re-assign a variable to itself. Either this statement is redundant and should be removed, or the re-assignment is a mistake\\nand some other value or variable was intended for the assignment instead.\\nNoncompliant Code Example\\n\\nname = name\\n\\nCompliant Solution\\n\\nname = other.name", "code_excerpt": null}, {"bug_id": "AZjKbPN_KXLFlZyGvtyV", "bug_name": "Remove or correct this useless self-assignment.", "rule_key": "python:S1656", "severity": "MAJOR", "type": "BUG", "file_path": "source_bug/code.py", "line": null, "message": "Remove or correct this useless self-assignment.", "status": "CLOSED", "resolution": "FIXED", "created_at": "2025-08-21T02:19:48+0000", "updated_at": "2025-08-21T02:21:14+0000", "rule_description": "There is no reason to re-assign a variable to itself. Either this statement is redundant and should be removed, or the re-assignment is a mistake\\nand some other value or variable was intended for the assignment instead.\\nNoncompliant Code Example\\n\\nname = name\\n\\nCompliant Solution\\n\\nname = other.name", "code_excerpt": null}, {"bug_id": "AZjKbPN_KXLFlZyGvtyW", "bug_name": "Was += meant instead?", "rule_key": "python:S2757", "severity": "MAJOR", "type": "BUG", "file_path": "source_bug/code.py", "line": null, "message": "Was += meant instead?", "status": "CLOSED", "resolution": "FIXED", "created_at": "2025-08-21T02:19:48+0000", "updated_at": "2025-08-21T02:21:14+0000", "rule_description": "The use of operators pairs ( =+ or =-) where the reversed, single operator was meant (+= or -=)\\nwill run fine, but not produce the expected results.\\nThis rule raises an issue when =+ or =- is used without any spacing between the two operators and when there is at least\\none whitespace character after.\\nNoncompliant Code Example\\n\\ntarget = -5\\nnum = 3\\n\\ntarget =- num  # Noncompliant; target = -3. Is that really what\'s meant?\\ntarget =+ num # Noncompliant; target = 3\\n\\nCompliant Solution\\n\\ntarget = -5\\nnum = 3\\n\\ntarget = -num  # Compliant; intent to assign inverse value of num is clear\\ntarget += num", "code_excerpt": null}, {"bug_id": "AZjKbPN_KXLFlZyGvtyX", "bug_name": "Introduce a new variable or use its initial value before reassigning \'n\'.", "rule_key": "python:S1226", "severity": "MINOR", "type": "BUG", "file_path": "source_bug/code.py", "line": null, "message": "Introduce a new variable or use its initial value before reassigning \'n\'.", "status": "CLOSED", "resolution": "FIXED", "created_at": "2025-08-21T02:19:48+0000", "updated_at": "2025-08-21T02:21:14+0000", "rule_description": "While it is technically correct to assign to parameters from within function bodies, doing so before the parameter value is read is likely a bug.\\nInstead, initial values of parameters should be, if not treated as read-only, then at least read before reassignment.\\nNoncompliant Code Example\\n\\ndef foo(strings, param):\\n    param = 1  # NonCompliant", "code_excerpt": null}, {"bug_id": "AZjKbPN_KXLFlZyGvtyY", "bug_name": "Remove or rework this redundant alternative.", "rule_key": "python:S5855", "severity": "MAJOR", "type": "BUG", "file_path": "source_bug/code.py", "line": null, "message": "Remove or rework this redundant alternative.", "status": "CLOSED", "resolution": "FIXED", "created_at": "2025-08-21T02:19:48+0000", "updated_at": "2025-08-21T02:21:14+0000", "rule_description": "If an alternative in a regular expression only matches things that are already matched by another alternative, that alternative is redundant and\\nserves no purpose.\\nIn the best case this means that the offending subpattern is merely redundant and should be removed. In the worst case it’s a sign that this regex\\ndoes not match what it was intended to match and should be reworked.\\nNoncompliant Code Example\\n\\nr\\"[ab]|a\\"   # The \\"|a\\" is redundant because \\"[ab]\\" already matches \\"a\\"\\nr\\".*|a\\"     # .* matches everything, so any other alternative is redundant\\n\\nCompliant Solution\\n\\nr\\"[ab]\\"\\nr\\".*\\"", "code_excerpt": null}, {"bug_id": "AZjKbPN_KXLFlZyGvtyZ", "bug_name": "Was += meant instead?", "rule_key": "python:S2757", "severity": "MAJOR", "type": "BUG", "file_path": "source_bug/code.py", "line": null, "message": "Was += meant instead?", "status": "CLOSED", "resolution": "FIXED", "created_at": "2025-08-21T02:19:48+0000", "updated_at": "2025-08-21T02:21:14+0000", "rule_description": "The use of operators pairs ( =+ or =-) where the reversed, single operator was meant (+= or -=)\\nwill run fine, but not produce the expected results.\\nThis rule raises an issue when =+ or =- is used without any spacing between the two operators and when there is at least\\none whitespace character after.\\nNoncompliant Code Example\\n\\ntarget = -5\\nnum = 3\\n\\ntarget =- num  # Noncompliant; target = -3. Is that really what\'s meant?\\ntarget =+ num # Noncompliant; target = 3\\n\\nCompliant Solution\\n\\ntarget = -5\\nnum = 3\\n\\ntarget = -num  # Compliant; intent to assign inverse value of num is clear\\ntarget += num", "code_excerpt": null}, {"bug_id": "AZjKbPN_KXLFlZyGvtya", "bug_name": "Correct one of the identical sub-expressions on both sides of operator \\"==\\".", "rule_key": "python:S1764", "severity": "MAJOR", "type": "BUG", "file_path": "source_bug/code.py", "line": null, "message": "Correct one of the identical sub-expressions on both sides of operator \\"==\\".", "status": "CLOSED", "resolution": "FIXED", "created_at": "2025-08-21T02:19:48+0000", "updated_at": "2025-08-21T02:21:14+0000", "rule_description": "Using the same value on either side of a binary operator is almost always a mistake. In the case of logical operators, it is either a copy/paste\\nerror and therefore a bug, or it is simply wasted code, and should be simplified. In the case of bitwise operators and most binary mathematical\\noperators, having the same value on both sides of an operator yields predictable results, and should be simplified.\\nNote that this rule will raise issues on a == a and a != a expressions which are sometime used to detect NaN\\nvalues. It is recommended to use instead math.isnan or an equivalent\\nfunction. This will improve code readability.\\nNoncompliant Code Example\\n\\nif a == a: # Noncompliant\\n    work()\\n\\nif  a != a: # Noncompliant\\n    work()\\n\\nif  a == b and a == b: # Noncompliant\\n    work()\\n\\nif a == b or a == b: # Noncompliant\\n    work()\\n\\nj = 5 / 5 # Noncompliant\\nk = 5 - 5 # Noncompliant\\n\\nExceptions\\nThe following are ignored:\\n\\n   The expression 1 &lt;&lt; 1 \\n\\nSee\\n\\n   S1656 - Implements a check on =.", "code_excerpt": null}, {"bug_id": "AZjKbPN_KXLFlZyGvtyb", "bug_name": "Either remove or fill this block of code.", "rule_key": "python:S108", "severity": "MAJOR", "type": "CODE_SMELL", "file_path": "source_bug/code.py", "line": null, "message": "Either remove or fill this block of code.", "status": "CLOSED", "resolution": "FIXED", "created_at": "2025-08-21T02:19:48+0000", "updated_at": "2025-08-21T02:21:14+0000", "rule_description": "Most of the time a block of code is empty when a piece of code is really missing. So such empty block must be either filled or removed.\\nNoncompliant Code Example\\n\\nfor i in range(3):\\n    pass\\n\\nExceptions\\nWhen a block contains a comment, this block is not considered to be empty.", "code_excerpt": null}, {"bug_id": "AZjKa7BBKXLFlZyGvtv1", "bug_name": "Add logic to this except clause or eliminate it and rethrow the exception automatically.", "rule_key": "python:S2737", "severity": "MINOR", "type": "CODE_SMELL", "file_path": "code.py", "line": 8, "message": "Add logic to this except clause or eliminate it and rethrow the exception automatically.", "status": "OPEN", "resolution": null, "created_at": "2025-08-21T02:18:26+0000", "updated_at": "2025-08-21T02:32:55+0000", "rule_description": "An except clause that only rethrows the caught exception has the same effect as omitting the except altogether and\\nletting it bubble up automatically, but with more code and the additional detriment of leaving maintainers scratching their heads.\\nSuch clauses should either be eliminated or populated with the appropriate logic.\\nNoncompliant Code Example\\n\\na = {}\\ntry:\\n    a[5]\\nexcept KeyError:\\n    raise  # Noncompliant\\n\\nCompliant Solution\\n\\na = {}\\ntry:\\n    a[5]\\nexcept KeyError as e:\\n    logging.exception(\'error while accessing the dict\')\\n    raise e", "code_excerpt": null}, {"bug_id": "AZjKa7BBKXLFlZyGvtv2", "bug_name": "Remove or correct this useless self-assignment.", "rule_key": "python:S1656", "severity": "MAJOR", "type": "BUG", "file_path": "code.py", "line": 17, "message": "Remove or correct this useless self-assignment.", "status": "OPEN", "resolution": null, "created_at": "2025-08-21T02:18:26+0000", "updated_at": "2025-08-21T02:32:55+0000", "rule_description": "There is no reason to re-assign a variable to itself. Either this statement is redundant and should be removed, or the re-assignment is a mistake\\nand some other value or variable was intended for the assignment instead.\\nNoncompliant Code Example\\n\\nname = name\\n\\nCompliant Solution\\n\\nname = other.name", "code_excerpt": null}, {"bug_id": "AZjKa7BBKXLFlZyGvtv3", "bug_name": "Remove or correct this useless self-assignment.", "rule_key": "python:S1656", "severity": "MAJOR", "type": "BUG", "file_path": "code.py", "line": 24, "message": "Remove or correct this useless self-assignment.", "status": "OPEN", "resolution": null, "created_at": "2025-08-21T02:18:26+0000", "updated_at": "2025-08-21T02:32:55+0000", "rule_description": "There is no reason to re-assign a variable to itself. Either this statement is redundant and should be removed, or the re-assignment is a mistake\\nand some other value or variable was intended for the assignment instead.\\nNoncompliant Code Example\\n\\nname = name\\n\\nCompliant Solution\\n\\nname = other.name", "code_excerpt": null}, {"bug_id": "AZjKa7BBKXLFlZyGvtv4", "bug_name": "Was += meant instead?", "rule_key": "python:S2757", "severity": "MAJOR", "type": "BUG", "file_path": "code.py", "line": 25, "message": "Was += meant instead?", "status": "OPEN", "resolution": null, "created_at": "2025-08-21T02:18:26+0000", "updated_at": "2025-08-21T02:32:55+0000", "rule_description": "The use of operators pairs ( =+ or =-) where the reversed, single operator was meant (+= or -=)\\nwill run fine, but not produce the expected results.\\nThis rule raises an issue when =+ or =- is used without any spacing between the two operators and when there is at least\\none whitespace character after.\\nNoncompliant Code Example\\n\\ntarget = -5\\nnum = 3\\n\\ntarget =- num  # Noncompliant; target = -3. Is that really what\'s meant?\\ntarget =+ num # Noncompliant; target = 3\\n\\nCompliant Solution\\n\\ntarget = -5\\nnum = 3\\n\\ntarget = -num  # Compliant; intent to assign inverse value of num is clear\\ntarget += num", "code_excerpt": null}, {"bug_id": "AZjKa7BBKXLFlZyGvtv5", "bug_name": "Introduce a new variable or use its initial value before reassigning \'n\'.", "rule_key": "python:S1226", "severity": "MINOR", "type": "BUG", "file_path": "code.py", "line": 29, "message": "Introduce a new variable or use its initial value before reassigning \'n\'.", "status": "OPEN", "resolution": null, "created_at": "2025-08-21T02:18:26+0000", "updated_at": "2025-08-21T02:32:55+0000", "rule_description": "While it is technically correct to assign to parameters from within function bodies, doing so before the parameter value is read is likely a bug.\\nInstead, initial values of parameters should be, if not treated as read-only, then at least read before reassignment.\\nNoncompliant Code Example\\n\\ndef foo(strings, param):\\n    param = 1  # NonCompliant", "code_excerpt": null}, {"bug_id": "AZjKa7BBKXLFlZyGvtv6", "bug_name": "Remove or rework this redundant alternative.", "rule_key": "python:S5855", "severity": "MAJOR", "type": "BUG", "file_path": "code.py", "line": 35, "message": "Remove or rework this redundant alternative.", "status": "OPEN", "resolution": null, "created_at": "2025-08-21T02:18:26+0000", "updated_at": "2025-08-21T02:32:55+0000", "rule_description": "If an alternative in a regular expression only matches things that are already matched by another alternative, that alternative is redundant and\\nserves no purpose.\\nIn the best case this means that the offending subpattern is merely redundant and should be removed. In the worst case it’s a sign that this regex\\ndoes not match what it was intended to match and should be reworked.\\nNoncompliant Code Example\\n\\nr\\"[ab]|a\\"   # The \\"|a\\" is redundant because \\"[ab]\\" already matches \\"a\\"\\nr\\".*|a\\"     # .* matches everything, so any other alternative is redundant\\n\\nCompliant Solution\\n\\nr\\"[ab]\\"\\nr\\".*\\"", "code_excerpt": null}, {"bug_id": "AZjKa7BBKXLFlZyGvtv7", "bug_name": "Was += meant instead?", "rule_key": "python:S2757", "severity": "MAJOR", "type": "BUG", "file_path": "code.py", "line": 41, "message": "Was += meant instead?", "status": "OPEN", "resolution": null, "created_at": "2025-08-21T02:18:26+0000", "updated_at": "2025-08-21T02:32:55+0000", "rule_description": "The use of operators pairs ( =+ or =-) where the reversed, single operator was meant (+= or -=)\\nwill run fine, but not produce the expected results.\\nThis rule raises an issue when =+ or =- is used without any spacing between the two operators and when there is at least\\none whitespace character after.\\nNoncompliant Code Example\\n\\ntarget = -5\\nnum = 3\\n\\ntarget =- num  # Noncompliant; target = -3. Is that really what\'s meant?\\ntarget =+ num # Noncompliant; target = 3\\n\\nCompliant Solution\\n\\ntarget = -5\\nnum = 3\\n\\ntarget = -num  # Compliant; intent to assign inverse value of num is clear\\ntarget += num", "code_excerpt": null}, {"bug_id": "AZjKa7BBKXLFlZyGvtv8", "bug_name": "Correct one of the identical sub-expressions on both sides of operator \\"==\\".", "rule_key": "python:S1764", "severity": "MAJOR", "type": "BUG", "file_path": "code.py", "line": 54, "message": "Correct one of the identical sub-expressions on both sides of operator \\"==\\".", "status": "OPEN", "resolution": null, "created_at": "2025-08-21T02:18:26+0000", "updated_at": "2025-08-21T02:32:55+0000", "rule_description": "Using the same value on either side of a binary operator is almost always a mistake. In the case of logical operators, it is either a copy/paste\\nerror and therefore a bug, or it is simply wasted code, and should be simplified. In the case of bitwise operators and most binary mathematical\\noperators, having the same value on both sides of an operator yields predictable results, and should be simplified.\\nNote that this rule will raise issues on a == a and a != a expressions which are sometime used to detect NaN\\nvalues. It is recommended to use instead math.isnan or an equivalent\\nfunction. This will improve code readability.\\nNoncompliant Code Example\\n\\nif a == a: # Noncompliant\\n    work()\\n\\nif  a != a: # Noncompliant\\n    work()\\n\\nif  a == b and a == b: # Noncompliant\\n    work()\\n\\nif a == b or a == b: # Noncompliant\\n    work()\\n\\nj = 5 / 5 # Noncompliant\\nk = 5 - 5 # Noncompliant\\n\\nExceptions\\nThe following are ignored:\\n\\n   The expression 1 &lt;&lt; 1 \\n\\nSee\\n\\n   S1656 - Implements a check on =.", "code_excerpt": null}, {"bug_id": "AZjKa7BBKXLFlZyGvtv9", "bug_name": "Either remove or fill this block of code.", "rule_key": "python:S108", "severity": "MAJOR", "type": "CODE_SMELL", "file_path": "code.py", "line": 59, "message": "Either remove or fill this block of code.", "status": "OPEN", "resolution": null, "created_at": "2025-08-21T02:18:26+0000", "updated_at": "2025-08-21T02:32:55+0000", "rule_description": "Most of the time a block of code is empty when a piece of code is really missing. So such empty block must be either filled or removed.\\nNoncompliant Code Example\\n\\nfor i in range(3):\\n    pass\\n\\nExceptions\\nWhen a block contains a comment, this block is not considered to be empty.", "code_excerpt": null}]'}, 'user': 'hieult', 'response_mode': 'blocking'}
